
3506189 : 0x26d278eb65435c : 1 : spill_jit_data :  Jit agent is not initialized
3506160 : 0x26d278eb657b37 : 2 : ittapi_config_mask_get :  --itt-config mask to be applied: 55
3506160 : 0x26d278eb659905 : 2 : ittapi_config_apply_per_lib :  ITTAPI function instrumented: __itt_domain_create
3506160 : 0x26d278eb65a3f3 : 2 : ittapi_config_apply_per_lib :  ITTAPI function instrumented: __itt_module_load_with_sections
3506160 : 0x26d278eb65affc : 2 : ittapi_config_apply_per_lib :  ITTAPI function not implemented: __itt_module_unload_with_sections
3506160 : 0x26d278eb65b9f6 : 2 : ittapi_config_apply_per_lib :  ITTAPI function instrumented: __itt_string_handle_create
3506160 : 0x26d278eb65c24c : 2 : ittapi_config_apply_per_lib :  ITTAPI function instrumented: __itt_counter_create
3506160 : 0x26d278eb65c9ee : 2 : ittapi_config_apply_per_lib :  ITTAPI function instrumented: __itt_counter_create_typed
3506160 : 0x26d278eb65d15c : 2 : ittapi_config_apply_per_lib :  ITTAPI function instrumented: __itt_pause
3506160 : 0x26d278eb65d8b4 : 2 : ittapi_config_apply_per_lib :  ITTAPI function instrumented: __itt_resume
3506160 : 0x26d278eb66377d : 2 : ittapi_config_apply_per_lib :  ITTAPI function not implemented: __itt_pause_scoped
3506160 : 0x26d278eb6640db : 2 : ittapi_config_apply_per_lib :  ITTAPI function not implemented: __itt_resume_scoped
3506160 : 0x26d278eb6648c9 : 2 : ittapi_config_apply_per_lib :  ITTAPI function instrumented: __itt_thread_set_name
3506160 : 0x26d278eb6650bb : 2 : ittapi_config_apply_per_lib :  ITTAPI function instrumented: __itt_thread_ignore
3506160 : 0x26d278eb665805 : 2 : ittapi_config_apply_per_lib :  ITTAPI function instrumented: __itt_thr_name_set
3506160 : 0x26d278eb665f6d : 2 : ittapi_config_apply_per_lib :  ITTAPI function instrumented: __itt_thr_ignore
3506160 : 0x26d278eb668a8d : 2 : ittapi_config_apply_per_lib :  ITTAPI function instrumented: __itt_histogram_create
3506160 : 0x26d278eb66925b : 2 : ittapi_config_apply_per_lib :  ITTAPI function instrumented: __itt_counter_create_v3
3506160 : 0x26d278eb669a5e : 2 : ittapi_config_apply_per_lib :  ITTAPI function instrumented: __itt_bind_context_metadata_to_counter
3506160 : 0x26d278eb66a24f : 2 : ittapi_config_apply_per_lib :  ITTAPI function not implemented: __itt_enable_attach
3506160 : 0x26d278eb66b944 : 2 : ittapi_config_apply_per_lib :  ITTAPI function instrumented: __itt_detach
3506160 : 0x26d278eb66bd73 : 2 : ittapi_config_apply_per_lib :  ITTAPI function NOT instrumented (not matched by --itt-config option): __itt_sync_create

3506160 : 0x26d278eb66c14d : 2 : ittapi_config_apply_per_lib :  ITTAPI function NOT instrumented (not matched by --itt-config option): __itt_sync_rename

3506160 : 0x26d278eb66c4d6 : 2 : ittapi_config_apply_per_lib :  ITTAPI function NOT instrumented (not matched by --itt-config option): __itt_sync_destroy

3506160 : 0x26d278eb66c8af : 2 : ittapi_config_apply_per_lib :  ITTAPI function NOT instrumented (not matched by --itt-config option): __itt_sync_prepare

3506160 : 0x26d278eb66cc4a : 2 : ittapi_config_apply_per_lib :  ITTAPI function NOT instrumented (not matched by --itt-config option): __itt_sync_cancel

3506160 : 0x26d278eb66cfc9 : 2 : ittapi_config_apply_per_lib :  ITTAPI function NOT instrumented (not matched by --itt-config option): __itt_sync_acquired

3506160 : 0x26d278eb66d35c : 2 : ittapi_config_apply_per_lib :  ITTAPI function NOT instrumented (not matched by --itt-config option): __itt_sync_releasing

3506160 : 0x26d278eb66dbc6 : 2 : ittapi_config_apply_per_lib :  ITTAPI function not implemented: __itt_suppress_push
3506160 : 0x26d278eb66e479 : 2 : ittapi_config_apply_per_lib :  ITTAPI function not implemented: __itt_suppress_pop
3506160 : 0x26d278eb66f991 : 2 : ittapi_config_apply_per_lib :  ITTAPI function not implemented: __itt_suppress_mark_range
3506160 : 0x26d278eb6702df : 2 : ittapi_config_apply_per_lib :  ITTAPI function not implemented: __itt_suppress_clear_range
3506160 : 0x26d278eb67067f : 2 : ittapi_config_apply_per_lib :  ITTAPI function NOT instrumented (not matched by --itt-config option): __itt_sync_prepare

3506160 : 0x26d278eb670a0f : 2 : ittapi_config_apply_per_lib :  ITTAPI function NOT instrumented (not matched by --itt-config option): __itt_sync_cancel

3506160 : 0x26d278eb670db6 : 2 : ittapi_config_apply_per_lib :  ITTAPI function NOT instrumented (not matched by --itt-config option): __itt_sync_acquired

3506160 : 0x26d278eb67111b : 2 : ittapi_config_apply_per_lib :  ITTAPI function NOT instrumented (not matched by --itt-config option): __itt_sync_releasing

3506160 : 0x26d278eb6714c1 : 2 : ittapi_config_apply_per_lib :  ITTAPI function NOT instrumented (not matched by --itt-config option): __itt_model_site_begin

3506160 : 0x26d278eb67184b : 2 : ittapi_config_apply_per_lib :  ITTAPI function NOT instrumented (not matched by --itt-config option): __itt_model_site_end

3506160 : 0x26d278eb671c09 : 2 : ittapi_config_apply_per_lib :  ITTAPI function NOT instrumented (not matched by --itt-config option): __itt_model_task_begin

3506160 : 0x26d278eb671fbc : 2 : ittapi_config_apply_per_lib :  ITTAPI function NOT instrumented (not matched by --itt-config option): __itt_model_task_end

3506160 : 0x26d278eb673b96 : 2 : ittapi_config_apply_per_lib :  ITTAPI function NOT instrumented (not matched by --itt-config option): __itt_model_lock_acquire

3506160 : 0x26d278eb673f7a : 2 : ittapi_config_apply_per_lib :  ITTAPI function NOT instrumented (not matched by --itt-config option): __itt_model_lock_release

3506160 : 0x26d278eb6742de : 2 : ittapi_config_apply_per_lib :  ITTAPI function NOT instrumented (not matched by --itt-config option): __itt_model_record_allocation

3506160 : 0x26d278eb6746bd : 2 : ittapi_config_apply_per_lib :  ITTAPI function NOT instrumented (not matched by --itt-config option): __itt_model_record_deallocation

3506160 : 0x26d278eb674ad2 : 2 : ittapi_config_apply_per_lib :  ITTAPI function NOT instrumented (not matched by --itt-config option): __itt_model_induction_uses

3506160 : 0x26d278eb674eac : 2 : ittapi_config_apply_per_lib :  ITTAPI function NOT instrumented (not matched by --itt-config option): __itt_model_reduction_uses

3506160 : 0x26d278eb675271 : 2 : ittapi_config_apply_per_lib :  ITTAPI function NOT instrumented (not matched by --itt-config option): __itt_model_observe_uses

3506160 : 0x26d278eb67561b : 2 : ittapi_config_apply_per_lib :  ITTAPI function NOT instrumented (not matched by --itt-config option): __itt_model_clear_uses

3506160 : 0x26d278eb675a3c : 2 : ittapi_config_apply_per_lib :  ITTAPI function NOT instrumented (not matched by --itt-config option): __itt_model_site_beginA

3506160 : 0x26d278eb675de9 : 2 : ittapi_config_apply_per_lib :  ITTAPI function NOT instrumented (not matched by --itt-config option): __itt_model_site_beginAL

3506160 : 0x26d278eb676d93 : 2 : ittapi_config_apply_per_lib :  ITTAPI function NOT instrumented (not matched by --itt-config option): __itt_model_task_beginA

3506160 : 0x26d278eb677195 : 2 : ittapi_config_apply_per_lib :  ITTAPI function NOT instrumented (not matched by --itt-config option): __itt_model_task_beginAL

3506160 : 0x26d278eb677554 : 2 : ittapi_config_apply_per_lib :  ITTAPI function NOT instrumented (not matched by --itt-config option): __itt_model_iteration_taskA

3506160 : 0x26d278eb6778d6 : 2 : ittapi_config_apply_per_lib :  ITTAPI function NOT instrumented (not matched by --itt-config option): __itt_model_iteration_taskAL

3506160 : 0x26d278eb677cc5 : 2 : ittapi_config_apply_per_lib :  ITTAPI function NOT instrumented (not matched by --itt-config option): __itt_model_site_end_2

3506160 : 0x26d278eb6780a5 : 2 : ittapi_config_apply_per_lib :  ITTAPI function NOT instrumented (not matched by --itt-config option): __itt_model_task_end_2

3506160 : 0x26d278eb678453 : 2 : ittapi_config_apply_per_lib :  ITTAPI function NOT instrumented (not matched by --itt-config option): __itt_model_lock_acquire_2

3506160 : 0x26d278eb678812 : 2 : ittapi_config_apply_per_lib :  ITTAPI function NOT instrumented (not matched by --itt-config option): __itt_model_lock_release_2

3506160 : 0x26d278eb678beb : 2 : ittapi_config_apply_per_lib :  ITTAPI function NOT instrumented (not matched by --itt-config option): __itt_model_aggregate_task

3506160 : 0x26d278eb678fac : 2 : ittapi_config_apply_per_lib :  ITTAPI function NOT instrumented (not matched by --itt-config option): __itt_model_disable_push

3506160 : 0x26d278eb67a50a : 2 : ittapi_config_apply_per_lib :  ITTAPI function NOT instrumented (not matched by --itt-config option): __itt_model_disable_pop

3506160 : 0x26d278eb67ada3 : 2 : ittapi_config_apply_per_lib :  ITTAPI function instrumented: __itt_heap_function_create
3506160 : 0x26d278eb67b5f4 : 2 : ittapi_config_apply_per_lib :  ITTAPI function instrumented: __itt_heap_allocate_begin
3506160 : 0x26d278eb67bd8f : 2 : ittapi_config_apply_per_lib :  ITTAPI function instrumented: __itt_heap_allocate_end
3506160 : 0x26d278eb67c59b : 2 : ittapi_config_apply_per_lib :  ITTAPI function instrumented: __itt_heap_free_begin
3506160 : 0x26d278eb67cd18 : 2 : ittapi_config_apply_per_lib :  ITTAPI function instrumented: __itt_heap_free_end
3506160 : 0x26d278eb67d4d6 : 2 : ittapi_config_apply_per_lib :  ITTAPI function instrumented: __itt_heap_reallocate_begin
3506160 : 0x26d278eb67dc60 : 2 : ittapi_config_apply_per_lib :  ITTAPI function instrumented: __itt_heap_reallocate_end
3506160 : 0x26d278eb67e56a : 2 : ittapi_config_apply_per_lib :  ITTAPI function not implemented: __itt_heap_internal_access_begin
3506160 : 0x26d278eb67edd9 : 2 : ittapi_config_apply_per_lib :  ITTAPI function not implemented: __itt_heap_internal_access_end
3506160 : 0x26d278eb6804c9 : 2 : ittapi_config_apply_per_lib :  ITTAPI function not implemented: __itt_heap_record_memory_growth_begin
3506160 : 0x26d278eb680d77 : 2 : ittapi_config_apply_per_lib :  ITTAPI function not implemented: __itt_heap_record_memory_growth_end
3506160 : 0x26d278eb6815d6 : 2 : ittapi_config_apply_per_lib :  ITTAPI function not implemented: __itt_heap_reset_detection
3506160 : 0x26d278eb681f30 : 2 : ittapi_config_apply_per_lib :  ITTAPI function not implemented: __itt_heap_record
3506160 : 0x26d278eb68278a : 2 : ittapi_config_apply_per_lib :  ITTAPI function not implemented: __itt_id_create
3506160 : 0x26d278eb682fb8 : 2 : ittapi_config_apply_per_lib :  ITTAPI function not implemented: __itt_id_destroy
3506160 : 0x26d278eb68377e : 2 : ittapi_config_apply_per_lib :  ITTAPI function instrumented: __itt_get_timestamp
3506160 : 0x26d278eb683ff2 : 2 : ittapi_config_apply_per_lib :  ITTAPI function not implemented: __itt_region_begin
3506160 : 0x26d278eb68480e : 2 : ittapi_config_apply_per_lib :  ITTAPI function not implemented: __itt_region_end
3506160 : 0x26d278eb684fdf : 2 : ittapi_config_apply_per_lib :  ITTAPI function instrumented: __itt_frame_begin_v3
3506160 : 0x26d278eb686483 : 2 : ittapi_config_apply_per_lib :  ITTAPI function instrumented: __itt_frame_end_v3
3506160 : 0x26d278eb686cd8 : 2 : ittapi_config_apply_per_lib :  ITTAPI function instrumented: __itt_frame_submit_v3
3506160 : 0x26d278eb6875f9 : 2 : ittapi_config_apply_per_lib :  ITTAPI function not implemented: __itt_task_group
3506160 : 0x26d278eb687e2e : 2 : ittapi_config_apply_per_lib :  ITTAPI function instrumented: __itt_task_begin
3506160 : 0x26d278eb68862f : 2 : ittapi_config_apply_per_lib :  ITTAPI function instrumented: __itt_task_begin_fn
3506160 : 0x26d278eb688d8d : 2 : ittapi_config_apply_per_lib :  ITTAPI function instrumented: __itt_task_end
3506160 : 0x26d278eb689623 : 2 : ittapi_config_apply_per_lib :  ITTAPI function not implemented: __itt_counter_inc_v3
3506160 : 0x26d278eb689e75 : 2 : ittapi_config_apply_per_lib :  ITTAPI function not implemented: __itt_counter_inc_delta_v3
3506160 : 0x26d278eb68a69f : 2 : ittapi_config_apply_per_lib :  ITTAPI function not implemented: __itt_counter_dec_v3
3506160 : 0x26d278eb68ae75 : 2 : ittapi_config_apply_per_lib :  ITTAPI function not implemented: __itt_counter_dec_delta_v3
3506160 : 0x26d278eb68c361 : 2 : ittapi_config_apply_per_lib :  ITTAPI function not implemented: __itt_marker
3506160 : 0x26d278eb68cb7d : 2 : ittapi_config_apply_per_lib :  ITTAPI function instrumented: __itt_metadata_add
3506160 : 0x26d278eb68d3a2 : 2 : ittapi_config_apply_per_lib :  ITTAPI function not implemented: __itt_metadata_str_add
3506160 : 0x26d278eb68dbaf : 2 : ittapi_config_apply_per_lib :  ITTAPI function not implemented: __itt_relation_add_to_current
3506160 : 0x26d278eb68e397 : 2 : ittapi_config_apply_per_lib :  ITTAPI function not implemented: __itt_relation_add
3506160 : 0x26d278eb68eb62 : 2 : ittapi_config_apply_per_lib :  ITTAPI function instrumented: __itt_event_create
3506160 : 0x26d278eb68f31f : 2 : ittapi_config_apply_per_lib :  ITTAPI function instrumented: __itt_event_start
3506160 : 0x26d278eb68fadd : 2 : ittapi_config_apply_per_lib :  ITTAPI function instrumented: __itt_event_end
3506160 : 0x26d278eb68fe98 : 2 : ittapi_config_apply_per_lib :  ITTAPI function NOT instrumented (not matched by --itt-config option): __itt_sync_set_name

3506160 : 0x26d278eb690299 : 2 : ittapi_config_apply_per_lib :  ITTAPI function NOT instrumented (not matched by --itt-config option): __itt_notify_sync_name

3506160 : 0x26d278eb691852 : 2 : ittapi_config_apply_per_lib :  ITTAPI function NOT instrumented (not matched by --itt-config option): __itt_notify_sync_prepare

3506160 : 0x26d278eb691c15 : 2 : ittapi_config_apply_per_lib :  ITTAPI function NOT instrumented (not matched by --itt-config option): __itt_notify_sync_cancel

3506160 : 0x26d278eb691f8f : 2 : ittapi_config_apply_per_lib :  ITTAPI function NOT instrumented (not matched by --itt-config option): __itt_notify_sync_acquired

3506160 : 0x26d278eb6923f2 : 2 : ittapi_config_apply_per_lib :  ITTAPI function NOT instrumented (not matched by --itt-config option): __itt_notify_sync_releasing

3506160 : 0x26d278eb692cd0 : 2 : ittapi_config_apply_per_lib :  ITTAPI function not implemented: __itt_memory_read
3506160 : 0x26d278eb693508 : 2 : ittapi_config_apply_per_lib :  ITTAPI function not implemented: __itt_memory_write
3506160 : 0x26d278eb693cd4 : 2 : ittapi_config_apply_per_lib :  ITTAPI function not implemented: __itt_memory_update
3506160 : 0x26d278eb6944ee : 2 : ittapi_config_apply_per_lib :  ITTAPI function not implemented: __itt_state_get
3506160 : 0x26d278eb694cc3 : 2 : ittapi_config_apply_per_lib :  ITTAPI function not implemented: __itt_state_set
3506160 : 0x26d278eb6954f2 : 2 : ittapi_config_apply_per_lib :  ITTAPI function not implemented: __itt_obj_mode_set
3506160 : 0x26d278eb6969e3 : 2 : ittapi_config_apply_per_lib :  ITTAPI function not implemented: __itt_thr_mode_set
3506160 : 0x26d278eb6971aa : 2 : ittapi_config_apply_per_lib :  ITTAPI function instrumented: __itt_frame_create
3506160 : 0x26d278eb697932 : 2 : ittapi_config_apply_per_lib :  ITTAPI function instrumented: __itt_pt_region_create
3506160 : 0x26d278eb6980bf : 2 : ittapi_config_apply_per_lib :  ITTAPI function instrumented: __itt_frame_begin
3506160 : 0x26d278eb698883 : 2 : ittapi_config_apply_per_lib :  ITTAPI function instrumented: __itt_frame_end
3506160 : 0x26d278eb699101 : 2 : ittapi_config_apply_per_lib :  ITTAPI function not implemented: __itt_counter_destroy
3506160 : 0x26d278eb69988b : 2 : ittapi_config_apply_per_lib :  ITTAPI function instrumented: __itt_counter_inc
3506160 : 0x26d278eb699fea : 2 : ittapi_config_apply_per_lib :  ITTAPI function instrumented: __itt_counter_inc_delta
3506160 : 0x26d278eb69a789 : 2 : ittapi_config_apply_per_lib :  ITTAPI function instrumented: __itt_counter_dec
3506160 : 0x26d278eb69aedf : 2 : ittapi_config_apply_per_lib :  ITTAPI function instrumented: __itt_counter_dec_delta
3506160 : 0x26d278eb69c314 : 2 : ittapi_config_apply_per_lib :  ITTAPI function instrumented: __itt_counter_set_value
3506160 : 0x26d278eb69cb47 : 2 : ittapi_config_apply_per_lib :  ITTAPI function not implemented: __itt_counter_set_value_ex
3506160 : 0x26d278eb69d31a : 2 : ittapi_config_apply_per_lib :  ITTAPI function not implemented: __itt_mark_create
3506160 : 0x26d278eb69db3e : 2 : ittapi_config_apply_per_lib :  ITTAPI function not implemented: __itt_mark
3506160 : 0x26d278eb69e35f : 2 : ittapi_config_apply_per_lib :  ITTAPI function not implemented: __itt_mark_off
3506160 : 0x26d278eb69eb58 : 2 : ittapi_config_apply_per_lib :  ITTAPI function not implemented: __itt_mark_global
3506160 : 0x26d278eb69f33e : 2 : ittapi_config_apply_per_lib :  ITTAPI function not implemented: __itt_mark_global_off
3506160 : 0x26d278eb69fb73 : 2 : ittapi_config_apply_per_lib :  ITTAPI function instrumented: __itt_stack_caller_create
3506160 : 0x26d278eb6a02e3 : 2 : ittapi_config_apply_per_lib :  ITTAPI function instrumented: __itt_stack_caller_destroy
3506160 : 0x26d278eb6a0ad6 : 2 : ittapi_config_apply_per_lib :  ITTAPI function instrumented: __itt_stack_callee_enter
3506160 : 0x26d278eb6a252b : 2 : ittapi_config_apply_per_lib :  ITTAPI function instrumented: __itt_stack_callee_leave
3506160 : 0x26d278eb6a2dcb : 2 : ittapi_config_apply_per_lib :  ITTAPI function not implemented: __itt_clock_domain_create
3506160 : 0x26d278eb6a363e : 2 : ittapi_config_apply_per_lib :  ITTAPI function not implemented: __itt_clock_domain_reset
3506160 : 0x26d278eb6a3e35 : 2 : ittapi_config_apply_per_lib :  ITTAPI function not implemented: __itt_id_create_ex
3506160 : 0x26d278eb6a46a5 : 2 : ittapi_config_apply_per_lib :  ITTAPI function not implemented: __itt_id_destroy_ex
3506160 : 0x26d278eb6a4ebf : 2 : ittapi_config_apply_per_lib :  ITTAPI function not implemented: __itt_task_begin_ex
3506160 : 0x26d278eb6a56c6 : 2 : ittapi_config_apply_per_lib :  ITTAPI function not implemented: __itt_task_begin_fn_ex
3506160 : 0x26d278eb6a5ecf : 2 : ittapi_config_apply_per_lib :  ITTAPI function not implemented: __itt_task_end_ex
3506160 : 0x26d278eb6a66d6 : 2 : ittapi_config_apply_per_lib :  ITTAPI function instrumented: __itt_task_begin_overlapped
3506160 : 0x26d278eb6a6eb9 : 2 : ittapi_config_apply_per_lib :  ITTAPI function not implemented: __itt_task_begin_overlapped_ex
3506160 : 0x26d278eb6a82fa : 2 : ittapi_config_apply_per_lib :  ITTAPI function instrumented: __itt_task_end_overlapped
3506160 : 0x26d278eb6a8b34 : 2 : ittapi_config_apply_per_lib :  ITTAPI function not implemented: __itt_task_end_overlapped_ex
3506160 : 0x26d278eb6a9307 : 2 : ittapi_config_apply_per_lib :  ITTAPI function not implemented: __itt_marker_ex
3506160 : 0x26d278eb6a9c7f : 2 : ittapi_config_apply_per_lib :  ITTAPI function not implemented: __itt_metadata_add_with_scope
3506160 : 0x26d278eb6aa51c : 2 : ittapi_config_apply_per_lib :  ITTAPI function not implemented: __itt_metadata_str_add_with_scope
3506160 : 0x26d278eb6aad76 : 2 : ittapi_config_apply_per_lib :  ITTAPI function not implemented: __itt_relation_add_to_current_ex
3506160 : 0x26d278eb6ab563 : 2 : ittapi_config_apply_per_lib :  ITTAPI function not implemented: __itt_relation_add_ex
3506160 : 0x26d278eb6abd89 : 2 : ittapi_config_apply_per_lib :  ITTAPI function not implemented: __itt_track_group_create
3506160 : 0x26d278eb6ac52a : 2 : ittapi_config_apply_per_lib :  ITTAPI function not implemented: __itt_track_create
3506160 : 0x26d278eb6acd42 : 2 : ittapi_config_apply_per_lib :  ITTAPI function not implemented: __itt_set_track
3506160 : 0x26d278eb6ae196 : 2 : ittapi_config_apply_per_lib :  ITTAPI function instrumented: __itt_api_version
3506160 : 0x26d278eb6aea09 : 2 : ittapi_config_apply_per_lib :  ITTAPI function not implemented: __itt_av_save
3506160 : 0x26d278eb6af1d3 : 2 : ittapi_config_apply_per_lib :  ITTAPI function instrumented: __itt_module_load
3506160 : 0x26d278eb6af9f7 : 2 : ittapi_config_apply_per_lib :  ITTAPI function not implemented: __itt_module_unload
3506160 : 0x26d278eb6afdf2 : 2 : ittapi_config_apply_per_lib :  ITTAPI function NOT instrumented (not matched by --itt-config option): __itt_histogram_submit

3506160 : 0x26d278eb6b05f2 : 2 : ittapi_config_apply_per_lib :  ITTAPI function instrumented: __itt_counter_set_value_v3
3506160 : 0x26d278eb6d85bb : 2 : ittapi_config_mask_get :  --itt-config mask to be applied: 55
3506160 : 0x26d278eb6d907b : 2 : ittapi_config_apply_per_lib :  ITTAPI function instrumented: __itt_domain_create
3506160 : 0x26d278eb6d98fe : 2 : ittapi_config_apply_per_lib :  ITTAPI function instrumented: __itt_module_load_with_sections
3506160 : 0x26d278eb6da2e2 : 2 : ittapi_config_apply_per_lib :  ITTAPI function not implemented: __itt_module_unload_with_sections
3506160 : 0x26d278eb6dcebb : 2 : ittapi_config_apply_per_lib :  ITTAPI function instrumented: __itt_string_handle_create
3506160 : 0x26d278eb6dd72b : 2 : ittapi_config_apply_per_lib :  ITTAPI function instrumented: __itt_counter_create
3506160 : 0x26d278eb6ddf17 : 2 : ittapi_config_apply_per_lib :  ITTAPI function instrumented: __itt_counter_create_typed
3506160 : 0x26d278eb6e0f3f : 2 : ittapi_config_apply_per_lib :  ITTAPI function instrumented: __itt_pause
3506160 : 0x26d278eb6e1735 : 2 : ittapi_config_apply_per_lib :  ITTAPI function instrumented: __itt_resume
3506160 : 0x26d278eb6e2014 : 2 : ittapi_config_apply_per_lib :  ITTAPI function not implemented: __itt_pause_scoped
3506160 : 0x26d278eb6e28ad : 2 : ittapi_config_apply_per_lib :  ITTAPI function not implemented: __itt_resume_scoped
3506160 : 0x26d278eb6e30cc : 2 : ittapi_config_apply_per_lib :  ITTAPI function instrumented: __itt_thread_set_name
3506160 : 0x26d278eb6e38ee : 2 : ittapi_config_apply_per_lib :  ITTAPI function instrumented: __itt_thread_ignore
3506160 : 0x26d278eb6e4074 : 2 : ittapi_config_apply_per_lib :  ITTAPI function instrumented: __itt_thr_name_set
3506160 : 0x26d278eb6e556e : 2 : ittapi_config_apply_per_lib :  ITTAPI function instrumented: __itt_thr_ignore
3506160 : 0x26d278eb6e5d69 : 2 : ittapi_config_apply_per_lib :  ITTAPI function instrumented: __itt_histogram_create
3506160 : 0x26d278eb6e64c7 : 2 : ittapi_config_apply_per_lib :  ITTAPI function instrumented: __itt_counter_create_v3
3506160 : 0x26d278eb6e6d7d : 2 : ittapi_config_apply_per_lib :  ITTAPI function instrumented: __itt_bind_context_metadata_to_counter
3506160 : 0x26d278eb6e7602 : 2 : ittapi_config_apply_per_lib :  ITTAPI function not implemented: __itt_enable_attach
3506160 : 0x26d278eb6e7e3c : 2 : ittapi_config_apply_per_lib :  ITTAPI function instrumented: __itt_detach
3506160 : 0x26d278eb6e823f : 2 : ittapi_config_apply_per_lib :  ITTAPI function NOT instrumented (not matched by --itt-config option): __itt_sync_create

3506160 : 0x26d278eb6e8646 : 2 : ittapi_config_apply_per_lib :  ITTAPI function NOT instrumented (not matched by --itt-config option): __itt_sync_rename

3506160 : 0x26d278eb6e8a1f : 2 : ittapi_config_apply_per_lib :  ITTAPI function NOT instrumented (not matched by --itt-config option): __itt_sync_destroy

3506160 : 0x26d278eb6e8e17 : 2 : ittapi_config_apply_per_lib :  ITTAPI function NOT instrumented (not matched by --itt-config option): __itt_sync_prepare

3506160 : 0x26d278eb6e9d84 : 2 : ittapi_config_apply_per_lib :  ITTAPI function NOT instrumented (not matched by --itt-config option): __itt_sync_cancel

3506160 : 0x26d278eb6ea1e9 : 2 : ittapi_config_apply_per_lib :  ITTAPI function NOT instrumented (not matched by --itt-config option): __itt_sync_acquired

3506160 : 0x26d278eb6ea597 : 2 : ittapi_config_apply_per_lib :  ITTAPI function NOT instrumented (not matched by --itt-config option): __itt_sync_releasing

3506160 : 0x26d278eb6eae20 : 2 : ittapi_config_apply_per_lib :  ITTAPI function not implemented: __itt_suppress_push
3506160 : 0x26d278eb6eb715 : 2 : ittapi_config_apply_per_lib :  ITTAPI function not implemented: __itt_suppress_pop
3506160 : 0x26d278eb6ebf21 : 2 : ittapi_config_apply_per_lib :  ITTAPI function not implemented: __itt_suppress_mark_range
3506160 : 0x26d278eb6ec7d3 : 2 : ittapi_config_apply_per_lib :  ITTAPI function not implemented: __itt_suppress_clear_range
3506160 : 0x26d278eb6ecba9 : 2 : ittapi_config_apply_per_lib :  ITTAPI function NOT instrumented (not matched by --itt-config option): __itt_sync_prepare

3506160 : 0x26d278eb6ecf63 : 2 : ittapi_config_apply_per_lib :  ITTAPI function NOT instrumented (not matched by --itt-config option): __itt_sync_cancel

3506160 : 0x26d278eb6ed35d : 2 : ittapi_config_apply_per_lib :  ITTAPI function NOT instrumented (not matched by --itt-config option): __itt_sync_acquired

3506160 : 0x26d278eb6ee226 : 2 : ittapi_config_apply_per_lib :  ITTAPI function NOT instrumented (not matched by --itt-config option): __itt_sync_releasing

3506160 : 0x26d278eb6ee69e : 2 : ittapi_config_apply_per_lib :  ITTAPI function NOT instrumented (not matched by --itt-config option): __itt_model_site_begin

3506160 : 0x26d278eb6eea60 : 2 : ittapi_config_apply_per_lib :  ITTAPI function NOT instrumented (not matched by --itt-config option): __itt_model_site_end

3506160 : 0x26d278eb6eee1d : 2 : ittapi_config_apply_per_lib :  ITTAPI function NOT instrumented (not matched by --itt-config option): __itt_model_task_begin

3506160 : 0x26d278eb6ef210 : 2 : ittapi_config_apply_per_lib :  ITTAPI function NOT instrumented (not matched by --itt-config option): __itt_model_task_end

3506160 : 0x26d278eb6efbd8 : 2 : ittapi_config_apply_per_lib :  ITTAPI function NOT instrumented (not matched by --itt-config option): __itt_model_lock_acquire

3506160 : 0x26d278eb6effb5 : 2 : ittapi_config_apply_per_lib :  ITTAPI function NOT instrumented (not matched by --itt-config option): __itt_model_lock_release

3506160 : 0x26d278eb6f035a : 2 : ittapi_config_apply_per_lib :  ITTAPI function NOT instrumented (not matched by --itt-config option): __itt_model_record_allocation

3506160 : 0x26d278eb6f0716 : 2 : ittapi_config_apply_per_lib :  ITTAPI function NOT instrumented (not matched by --itt-config option): __itt_model_record_deallocation

3506160 : 0x26d278eb6f0ad7 : 2 : ittapi_config_apply_per_lib :  ITTAPI function NOT instrumented (not matched by --itt-config option): __itt_model_induction_uses

3506160 : 0x26d278eb6f20e5 : 2 : ittapi_config_apply_per_lib :  ITTAPI function NOT instrumented (not matched by --itt-config option): __itt_model_reduction_uses

3506160 : 0x26d278eb6f24f9 : 2 : ittapi_config_apply_per_lib :  ITTAPI function NOT instrumented (not matched by --itt-config option): __itt_model_observe_uses

3506160 : 0x26d278eb6f28a7 : 2 : ittapi_config_apply_per_lib :  ITTAPI function NOT instrumented (not matched by --itt-config option): __itt_model_clear_uses

3506160 : 0x26d278eb6f2c0f : 2 : ittapi_config_apply_per_lib :  ITTAPI function NOT instrumented (not matched by --itt-config option): __itt_model_site_beginA

3506160 : 0x26d278eb6f2fa4 : 2 : ittapi_config_apply_per_lib :  ITTAPI function NOT instrumented (not matched by --itt-config option): __itt_model_site_beginAL

3506160 : 0x26d278eb6f3374 : 2 : ittapi_config_apply_per_lib :  ITTAPI function NOT instrumented (not matched by --itt-config option): __itt_model_task_beginA

3506160 : 0x26d278eb6f373f : 2 : ittapi_config_apply_per_lib :  ITTAPI function NOT instrumented (not matched by --itt-config option): __itt_model_task_beginAL

3506160 : 0x26d278eb6f3ab3 : 2 : ittapi_config_apply_per_lib :  ITTAPI function NOT instrumented (not matched by --itt-config option): __itt_model_iteration_taskA

3506160 : 0x26d278eb6f3e2c : 2 : ittapi_config_apply_per_lib :  ITTAPI function NOT instrumented (not matched by --itt-config option): __itt_model_iteration_taskAL

3506160 : 0x26d278eb6f41dc : 2 : ittapi_config_apply_per_lib :  ITTAPI function NOT instrumented (not matched by --itt-config option): __itt_model_site_end_2

3506160 : 0x26d278eb6f509e : 2 : ittapi_config_apply_per_lib :  ITTAPI function NOT instrumented (not matched by --itt-config option): __itt_model_task_end_2

3506160 : 0x26d278eb6f54aa : 2 : ittapi_config_apply_per_lib :  ITTAPI function NOT instrumented (not matched by --itt-config option): __itt_model_lock_acquire_2

3506160 : 0x26d278eb6f5823 : 2 : ittapi_config_apply_per_lib :  ITTAPI function NOT instrumented (not matched by --itt-config option): __itt_model_lock_release_2

3506160 : 0x26d278eb6f5b93 : 2 : ittapi_config_apply_per_lib :  ITTAPI function NOT instrumented (not matched by --itt-config option): __itt_model_aggregate_task

3506160 : 0x26d278eb6f5f90 : 2 : ittapi_config_apply_per_lib :  ITTAPI function NOT instrumented (not matched by --itt-config option): __itt_model_disable_push

3506160 : 0x26d278eb6f635f : 2 : ittapi_config_apply_per_lib :  ITTAPI function NOT instrumented (not matched by --itt-config option): __itt_model_disable_pop

3506160 : 0x26d278eb6f6c06 : 2 : ittapi_config_apply_per_lib :  ITTAPI function instrumented: __itt_heap_function_create
3506160 : 0x26d278eb6f73da : 2 : ittapi_config_apply_per_lib :  ITTAPI function instrumented: __itt_heap_allocate_begin
3506160 : 0x26d278eb6f7b3d : 2 : ittapi_config_apply_per_lib :  ITTAPI function instrumented: __itt_heap_allocate_end
3506160 : 0x26d278eb6f82f4 : 2 : ittapi_config_apply_per_lib :  ITTAPI function instrumented: __itt_heap_free_begin
3506160 : 0x26d278eb6f9d37 : 2 : ittapi_config_apply_per_lib :  ITTAPI function instrumented: __itt_heap_free_end
3506160 : 0x26d278eb6fa564 : 2 : ittapi_config_apply_per_lib :  ITTAPI function instrumented: __itt_heap_reallocate_begin
3506160 : 0x26d278eb6facce : 2 : ittapi_config_apply_per_lib :  ITTAPI function instrumented: __itt_heap_reallocate_end
3506160 : 0x26d278eb6fb596 : 2 : ittapi_config_apply_per_lib :  ITTAPI function not implemented: __itt_heap_internal_access_begin
3506160 : 0x26d278eb6fbe41 : 2 : ittapi_config_apply_per_lib :  ITTAPI function not implemented: __itt_heap_internal_access_end
3506160 : 0x26d278eb6fc651 : 2 : ittapi_config_apply_per_lib :  ITTAPI function not implemented: __itt_heap_record_memory_growth_begin
3506160 : 0x26d278eb6fcfaa : 2 : ittapi_config_apply_per_lib :  ITTAPI function not implemented: __itt_heap_record_memory_growth_end
3506160 : 0x26d278eb6fd822 : 2 : ittapi_config_apply_per_lib :  ITTAPI function not implemented: __itt_heap_reset_detection
3506160 : 0x26d278eb6fe084 : 2 : ittapi_config_apply_per_lib :  ITTAPI function not implemented: __itt_heap_record
3506160 : 0x26d278eb6fe88e : 2 : ittapi_config_apply_per_lib :  ITTAPI function not implemented: __itt_id_create
3506160 : 0x26d278eb6ffd79 : 2 : ittapi_config_apply_per_lib :  ITTAPI function not implemented: __itt_id_destroy
3506160 : 0x26d278eb7005a3 : 2 : ittapi_config_apply_per_lib :  ITTAPI function instrumented: __itt_get_timestamp
3506160 : 0x26d278eb700d57 : 2 : ittapi_config_apply_per_lib :  ITTAPI function not implemented: __itt_region_begin
3506160 : 0x26d278eb70158c : 2 : ittapi_config_apply_per_lib :  ITTAPI function not implemented: __itt_region_end
3506160 : 0x26d278eb701da7 : 2 : ittapi_config_apply_per_lib :  ITTAPI function instrumented: __itt_frame_begin_v3
3506160 : 0x26d278eb7025de : 2 : ittapi_config_apply_per_lib :  ITTAPI function instrumented: __itt_frame_end_v3
3506160 : 0x26d278eb702d8a : 2 : ittapi_config_apply_per_lib :  ITTAPI function instrumented: __itt_frame_submit_v3
3506160 : 0x26d278eb703673 : 2 : ittapi_config_apply_per_lib :  ITTAPI function not implemented: __itt_task_group
3506160 : 0x26d278eb703e2d : 2 : ittapi_config_apply_per_lib :  ITTAPI function instrumented: __itt_task_begin
3506160 : 0x26d278eb7045ea : 2 : ittapi_config_apply_per_lib :  ITTAPI function instrumented: __itt_task_begin_fn
3506160 : 0x26d278eb705b00 : 2 : ittapi_config_apply_per_lib :  ITTAPI function instrumented: __itt_task_end
3506160 : 0x26d278eb7063b4 : 2 : ittapi_config_apply_per_lib :  ITTAPI function not implemented: __itt_counter_inc_v3
3506160 : 0x26d278eb706c34 : 2 : ittapi_config_apply_per_lib :  ITTAPI function not implemented: __itt_counter_inc_delta_v3
3506160 : 0x26d278eb707498 : 2 : ittapi_config_apply_per_lib :  ITTAPI function not implemented: __itt_counter_dec_v3
3506160 : 0x26d278eb707cb3 : 2 : ittapi_config_apply_per_lib :  ITTAPI function not implemented: __itt_counter_dec_delta_v3
3506160 : 0x26d278eb708525 : 2 : ittapi_config_apply_per_lib :  ITTAPI function not implemented: __itt_marker
3506160 : 0x26d278eb708d5d : 2 : ittapi_config_apply_per_lib :  ITTAPI function instrumented: __itt_metadata_add
3506160 : 0x26d278eb709599 : 2 : ittapi_config_apply_per_lib :  ITTAPI function not implemented: __itt_metadata_str_add
3506160 : 0x26d278eb709dc7 : 2 : ittapi_config_apply_per_lib :  ITTAPI function not implemented: __itt_relation_add_to_current
3506160 : 0x26d278eb70a5a3 : 2 : ittapi_config_apply_per_lib :  ITTAPI function not implemented: __itt_relation_add
3506160 : 0x26d278eb70b9a2 : 2 : ittapi_config_apply_per_lib :  ITTAPI function instrumented: __itt_event_create
3506160 : 0x26d278eb70c1ff : 2 : ittapi_config_apply_per_lib :  ITTAPI function instrumented: __itt_event_start
3506160 : 0x26d278eb70c99e : 2 : ittapi_config_apply_per_lib :  ITTAPI function instrumented: __itt_event_end
3506160 : 0x26d278eb70cdaf : 2 : ittapi_config_apply_per_lib :  ITTAPI function NOT instrumented (not matched by --itt-config option): __itt_sync_set_name

3506160 : 0x26d278eb70d1ed : 2 : ittapi_config_apply_per_lib :  ITTAPI function NOT instrumented (not matched by --itt-config option): __itt_notify_sync_name

3506160 : 0x26d278eb70d5b5 : 2 : ittapi_config_apply_per_lib :  ITTAPI function NOT instrumented (not matched by --itt-config option): __itt_notify_sync_prepare

3506160 : 0x26d278eb70d985 : 2 : ittapi_config_apply_per_lib :  ITTAPI function NOT instrumented (not matched by --itt-config option): __itt_notify_sync_cancel

3506160 : 0x26d278eb70dd77 : 2 : ittapi_config_apply_per_lib :  ITTAPI function NOT instrumented (not matched by --itt-config option): __itt_notify_sync_acquired

3506160 : 0x26d278eb70e183 : 2 : ittapi_config_apply_per_lib :  ITTAPI function NOT instrumented (not matched by --itt-config option): __itt_notify_sync_releasing

3506160 : 0x26d278eb70e9b6 : 2 : ittapi_config_apply_per_lib :  ITTAPI function not implemented: __itt_memory_read
3506160 : 0x26d278eb710527 : 2 : ittapi_config_apply_per_lib :  ITTAPI function not implemented: __itt_memory_write
3506160 : 0x26d278eb710dcd : 2 : ittapi_config_apply_per_lib :  ITTAPI function not implemented: __itt_memory_update
3506160 : 0x26d278eb7115c8 : 2 : ittapi_config_apply_per_lib :  ITTAPI function not implemented: __itt_state_get
3506160 : 0x26d278eb711db1 : 2 : ittapi_config_apply_per_lib :  ITTAPI function not implemented: __itt_state_set
3506160 : 0x26d278eb7125a9 : 2 : ittapi_config_apply_per_lib :  ITTAPI function not implemented: __itt_obj_mode_set
3506160 : 0x26d278eb712dc1 : 2 : ittapi_config_apply_per_lib :  ITTAPI function not implemented: __itt_thr_mode_set
3506160 : 0x26d278eb7135c2 : 2 : ittapi_config_apply_per_lib :  ITTAPI function instrumented: __itt_frame_create
3506160 : 0x26d278eb713d73 : 2 : ittapi_config_apply_per_lib :  ITTAPI function instrumented: __itt_pt_region_create
3506160 : 0x26d278eb7144ff : 2 : ittapi_config_apply_per_lib :  ITTAPI function instrumented: __itt_frame_begin
3506160 : 0x26d278eb714d78 : 2 : ittapi_config_apply_per_lib :  ITTAPI function instrumented: __itt_frame_end
3506160 : 0x26d278eb716379 : 2 : ittapi_config_apply_per_lib :  ITTAPI function not implemented: __itt_counter_destroy
3506160 : 0x26d278eb716b2e : 2 : ittapi_config_apply_per_lib :  ITTAPI function instrumented: __itt_counter_inc
3506160 : 0x26d278eb717307 : 2 : ittapi_config_apply_per_lib :  ITTAPI function instrumented: __itt_counter_inc_delta
3506160 : 0x26d278eb717a42 : 2 : ittapi_config_apply_per_lib :  ITTAPI function instrumented: __itt_counter_dec
3506160 : 0x26d278eb7181fd : 2 : ittapi_config_apply_per_lib :  ITTAPI function instrumented: __itt_counter_dec_delta
3506160 : 0x26d278eb71894f : 2 : ittapi_config_apply_per_lib :  ITTAPI function instrumented: __itt_counter_set_value
3506160 : 0x26d278eb719188 : 2 : ittapi_config_apply_per_lib :  ITTAPI function not implemented: __itt_counter_set_value_ex
3506160 : 0x26d278eb71993d : 2 : ittapi_config_apply_per_lib :  ITTAPI function not implemented: __itt_mark_create
3506160 : 0x26d278eb71a1db : 2 : ittapi_config_apply_per_lib :  ITTAPI function not implemented: __itt_mark
3506160 : 0x26d278eb71a992 : 2 : ittapi_config_apply_per_lib :  ITTAPI function not implemented: __itt_mark_off
3506160 : 0x26d278eb71c006 : 2 : ittapi_config_apply_per_lib :  ITTAPI function not implemented: __itt_mark_global
3506160 : 0x26d278eb71c87a : 2 : ittapi_config_apply_per_lib :  ITTAPI function not implemented: __itt_mark_global_off
3506160 : 0x26d278eb71d080 : 2 : ittapi_config_apply_per_lib :  ITTAPI function instrumented: __itt_stack_caller_create
3506160 : 0x26d278eb71d842 : 2 : ittapi_config_apply_per_lib :  ITTAPI function instrumented: __itt_stack_caller_destroy
3506160 : 0x26d278eb71df9e : 2 : ittapi_config_apply_per_lib :  ITTAPI function instrumented: __itt_stack_callee_enter
3506160 : 0x26d278eb71e73e : 2 : ittapi_config_apply_per_lib :  ITTAPI function instrumented: __itt_stack_callee_leave
3506160 : 0x26d278eb71ef2a : 2 : ittapi_config_apply_per_lib :  ITTAPI function not implemented: __itt_clock_domain_create
3506160 : 0x26d278eb71f768 : 2 : ittapi_config_apply_per_lib :  ITTAPI function not implemented: __itt_clock_domain_reset
3506160 : 0x26d278eb71ff66 : 2 : ittapi_config_apply_per_lib :  ITTAPI function not implemented: __itt_id_create_ex
3506160 : 0x26d278eb72073a : 2 : ittapi_config_apply_per_lib :  ITTAPI function not implemented: __itt_id_destroy_ex
3506160 : 0x26d278eb72220c : 2 : ittapi_config_apply_per_lib :  ITTAPI function not implemented: __itt_task_begin_ex
3506160 : 0x26d278eb722a5f : 2 : ittapi_config_apply_per_lib :  ITTAPI function not implemented: __itt_task_begin_fn_ex
3506160 : 0x26d278eb72322e : 2 : ittapi_config_apply_per_lib :  ITTAPI function not implemented: __itt_task_end_ex
3506160 : 0x26d278eb7239c1 : 2 : ittapi_config_apply_per_lib :  ITTAPI function instrumented: __itt_task_begin_overlapped
3506160 : 0x26d278eb7241ec : 2 : ittapi_config_apply_per_lib :  ITTAPI function not implemented: __itt_task_begin_overlapped_ex
3506160 : 0x26d278eb724944 : 2 : ittapi_config_apply_per_lib :  ITTAPI function instrumented: __itt_task_end_overlapped
3506160 : 0x26d278eb72510b : 2 : ittapi_config_apply_per_lib :  ITTAPI function not implemented: __itt_task_end_overlapped_ex
3506160 : 0x26d278eb72588c : 2 : ittapi_config_apply_per_lib :  ITTAPI function not implemented: __itt_marker_ex
3506160 : 0x26d278eb7260f0 : 2 : ittapi_config_apply_per_lib :  ITTAPI function not implemented: __itt_metadata_add_with_scope
3506160 : 0x26d278eb7268d0 : 2 : ittapi_config_apply_per_lib :  ITTAPI function not implemented: __itt_metadata_str_add_with_scope
3506160 : 0x26d278eb727ddb : 2 : ittapi_config_apply_per_lib :  ITTAPI function not implemented: __itt_relation_add_to_current_ex
3506160 : 0x26d278eb72862f : 2 : ittapi_config_apply_per_lib :  ITTAPI function not implemented: __itt_relation_add_ex
3506160 : 0x26d278eb728dfa : 2 : ittapi_config_apply_per_lib :  ITTAPI function not implemented: __itt_track_group_create
3506160 : 0x26d278eb7295c9 : 2 : ittapi_config_apply_per_lib :  ITTAPI function not implemented: __itt_track_create
3506160 : 0x26d278eb729da8 : 2 : ittapi_config_apply_per_lib :  ITTAPI function not implemented: __itt_set_track
3506160 : 0x26d278eb72a56a : 2 : ittapi_config_apply_per_lib :  ITTAPI function instrumented: __itt_api_version
3506160 : 0x26d278eb72ad27 : 2 : ittapi_config_apply_per_lib :  ITTAPI function not implemented: __itt_av_save
3506160 : 0x26d278eb72b506 : 2 : ittapi_config_apply_per_lib :  ITTAPI function instrumented: __itt_module_load
3506160 : 0x26d278eb72bca7 : 2 : ittapi_config_apply_per_lib :  ITTAPI function not implemented: __itt_module_unload
3506160 : 0x26d278eb72c07a : 2 : ittapi_config_apply_per_lib :  ITTAPI function NOT instrumented (not matched by --itt-config option): __itt_histogram_submit

3506160 : 0x26d278eb72d646 : 2 : ittapi_config_apply_per_lib :  ITTAPI function instrumented: __itt_counter_set_value_v3
3506160 : 0x26d278ef35fe8f : 2 : ittapi_config_mask_get :  --itt-config mask to be applied: 55
3506160 : 0x26d278ef361d43 : 2 : ittapi_config_apply_per_lib :  ITTAPI function instrumented: __itt_domain_create
3506160 : 0x26d278ef362878 : 2 : ittapi_config_apply_per_lib :  ITTAPI function instrumented: __itt_module_load_with_sections
3506160 : 0x26d278ef363532 : 2 : ittapi_config_apply_per_lib :  ITTAPI function not implemented: __itt_module_unload_with_sections
3506160 : 0x26d278ef363f95 : 2 : ittapi_config_apply_per_lib :  ITTAPI function instrumented: __itt_string_handle_create
3506160 : 0x26d278ef364861 : 2 : ittapi_config_apply_per_lib :  ITTAPI function instrumented: __itt_counter_create
3506160 : 0x26d278ef3650be : 2 : ittapi_config_apply_per_lib :  ITTAPI function instrumented: __itt_counter_create_typed
3506160 : 0x26d278ef36585e : 2 : ittapi_config_apply_per_lib :  ITTAPI function instrumented: __itt_pause
3506160 : 0x26d278ef36621f : 2 : ittapi_config_apply_per_lib :  ITTAPI function instrumented: __itt_resume
3506160 : 0x26d278ef36e705 : 2 : ittapi_config_apply_per_lib :  ITTAPI function instrumented: __itt_thread_set_name
3506160 : 0x26d278ef36f03e : 2 : ittapi_config_apply_per_lib :  ITTAPI function instrumented: __itt_thread_ignore
3506160 : 0x26d278ef36f800 : 2 : ittapi_config_apply_per_lib :  ITTAPI function instrumented: __itt_thr_name_set
3506160 : 0x26d278ef36ffa9 : 2 : ittapi_config_apply_per_lib :  ITTAPI function instrumented: __itt_thr_ignore
3506160 : 0x26d278ef3708fc : 2 : ittapi_config_apply_per_lib :  ITTAPI function not implemented: __itt_enable_attach
3506160 : 0x26d278ef371145 : 2 : ittapi_config_apply_per_lib :  ITTAPI function instrumented: __itt_detach
3506160 : 0x26d278ef371685 : 2 : ittapi_config_apply_per_lib :  ITTAPI function NOT instrumented (not matched by --itt-config option): __itt_sync_create

3506160 : 0x26d278ef373e6d : 2 : ittapi_config_apply_per_lib :  ITTAPI function NOT instrumented (not matched by --itt-config option): __itt_sync_rename

3506160 : 0x26d278ef37423d : 2 : ittapi_config_apply_per_lib :  ITTAPI function NOT instrumented (not matched by --itt-config option): __itt_sync_destroy

3506160 : 0x26d278ef374680 : 2 : ittapi_config_apply_per_lib :  ITTAPI function NOT instrumented (not matched by --itt-config option): __itt_sync_prepare

3506160 : 0x26d278ef3758f0 : 2 : ittapi_config_apply_per_lib :  ITTAPI function NOT instrumented (not matched by --itt-config option): __itt_sync_cancel

3506160 : 0x26d278ef375cd7 : 2 : ittapi_config_apply_per_lib :  ITTAPI function NOT instrumented (not matched by --itt-config option): __itt_sync_acquired

3506160 : 0x26d278ef3760f7 : 2 : ittapi_config_apply_per_lib :  ITTAPI function NOT instrumented (not matched by --itt-config option): __itt_sync_releasing

3506160 : 0x26d278ef376a0d : 2 : ittapi_config_apply_per_lib :  ITTAPI function not implemented: __itt_suppress_push
3506160 : 0x26d278ef377461 : 2 : ittapi_config_apply_per_lib :  ITTAPI function not implemented: __itt_suppress_pop
3506160 : 0x26d278ef377c97 : 2 : ittapi_config_apply_per_lib :  ITTAPI function not implemented: __itt_suppress_mark_range
3506160 : 0x26d278ef37859b : 2 : ittapi_config_apply_per_lib :  ITTAPI function not implemented: __itt_suppress_clear_range
3506160 : 0x26d278ef37894d : 2 : ittapi_config_apply_per_lib :  ITTAPI function NOT instrumented (not matched by --itt-config option): __itt_sync_prepare

3506160 : 0x26d278ef378cb7 : 2 : ittapi_config_apply_per_lib :  ITTAPI function NOT instrumented (not matched by --itt-config option): __itt_sync_cancel

3506160 : 0x26d278ef37906b : 2 : ittapi_config_apply_per_lib :  ITTAPI function NOT instrumented (not matched by --itt-config option): __itt_sync_acquired

3506160 : 0x26d278ef37a4cc : 2 : ittapi_config_apply_per_lib :  ITTAPI function NOT instrumented (not matched by --itt-config option): __itt_sync_releasing

3506160 : 0x26d278ef37a93f : 2 : ittapi_config_apply_per_lib :  ITTAPI function NOT instrumented (not matched by --itt-config option): __itt_model_site_begin

3506160 : 0x26d278ef37ad53 : 2 : ittapi_config_apply_per_lib :  ITTAPI function NOT instrumented (not matched by --itt-config option): __itt_model_site_end

3506160 : 0x26d278ef37b0da : 2 : ittapi_config_apply_per_lib :  ITTAPI function NOT instrumented (not matched by --itt-config option): __itt_model_task_begin

3506160 : 0x26d278ef37b528 : 2 : ittapi_config_apply_per_lib :  ITTAPI function NOT instrumented (not matched by --itt-config option): __itt_model_task_end

3506160 : 0x26d278ef37b919 : 2 : ittapi_config_apply_per_lib :  ITTAPI function NOT instrumented (not matched by --itt-config option): __itt_model_lock_acquire

3506160 : 0x26d278ef37bc86 : 2 : ittapi_config_apply_per_lib :  ITTAPI function NOT instrumented (not matched by --itt-config option): __itt_model_lock_release

3506160 : 0x26d278ef37c141 : 2 : ittapi_config_apply_per_lib :  ITTAPI function NOT instrumented (not matched by --itt-config option): __itt_model_record_allocation

3506160 : 0x26d278ef37c503 : 2 : ittapi_config_apply_per_lib :  ITTAPI function NOT instrumented (not matched by --itt-config option): __itt_model_record_deallocation

3506160 : 0x26d278ef37c8b4 : 2 : ittapi_config_apply_per_lib :  ITTAPI function NOT instrumented (not matched by --itt-config option): __itt_model_induction_uses

3506160 : 0x26d278ef37df81 : 2 : ittapi_config_apply_per_lib :  ITTAPI function NOT instrumented (not matched by --itt-config option): __itt_model_reduction_uses

3506160 : 0x26d278ef37e362 : 2 : ittapi_config_apply_per_lib :  ITTAPI function NOT instrumented (not matched by --itt-config option): __itt_model_observe_uses

3506160 : 0x26d278ef37e723 : 2 : ittapi_config_apply_per_lib :  ITTAPI function NOT instrumented (not matched by --itt-config option): __itt_model_clear_uses

3506160 : 0x26d278ef37ea8b : 2 : ittapi_config_apply_per_lib :  ITTAPI function NOT instrumented (not matched by --itt-config option): __itt_model_site_beginA

3506160 : 0x26d278ef37ede7 : 2 : ittapi_config_apply_per_lib :  ITTAPI function NOT instrumented (not matched by --itt-config option): __itt_model_site_beginAL

3506160 : 0x26d278ef37f1b0 : 2 : ittapi_config_apply_per_lib :  ITTAPI function NOT instrumented (not matched by --itt-config option): __itt_model_task_beginA

3506160 : 0x26d278ef37f58b : 2 : ittapi_config_apply_per_lib :  ITTAPI function NOT instrumented (not matched by --itt-config option): __itt_model_task_beginAL

3506160 : 0x26d278ef37f96d : 2 : ittapi_config_apply_per_lib :  ITTAPI function NOT instrumented (not matched by --itt-config option): __itt_model_iteration_taskA

3506160 : 0x26d278ef37fcdc : 2 : ittapi_config_apply_per_lib :  ITTAPI function NOT instrumented (not matched by --itt-config option): __itt_model_iteration_taskAL

3506160 : 0x26d278ef3800a2 : 2 : ittapi_config_apply_per_lib :  ITTAPI function NOT instrumented (not matched by --itt-config option): __itt_model_site_end_2

3506160 : 0x26d278ef381008 : 2 : ittapi_config_apply_per_lib :  ITTAPI function NOT instrumented (not matched by --itt-config option): __itt_model_task_end_2

3506160 : 0x26d278ef381b04 : 2 : ittapi_config_apply_per_lib :  ITTAPI function NOT instrumented (not matched by --itt-config option): __itt_model_lock_acquire_2

3506160 : 0x26d278ef381e8c : 2 : ittapi_config_apply_per_lib :  ITTAPI function NOT instrumented (not matched by --itt-config option): __itt_model_lock_release_2

3506160 : 0x26d278ef38226f : 2 : ittapi_config_apply_per_lib :  ITTAPI function NOT instrumented (not matched by --itt-config option): __itt_model_aggregate_task

3506160 : 0x26d278ef38261b : 2 : ittapi_config_apply_per_lib :  ITTAPI function NOT instrumented (not matched by --itt-config option): __itt_model_disable_push

3506160 : 0x26d278ef382a23 : 2 : ittapi_config_apply_per_lib :  ITTAPI function NOT instrumented (not matched by --itt-config option): __itt_model_disable_pop

3506160 : 0x26d278ef3832c8 : 2 : ittapi_config_apply_per_lib :  ITTAPI function instrumented: __itt_heap_function_create
3506160 : 0x26d278ef383be3 : 2 : ittapi_config_apply_per_lib :  ITTAPI function instrumented: __itt_heap_allocate_begin
3506160 : 0x26d278ef3842d1 : 2 : ittapi_config_apply_per_lib :  ITTAPI function instrumented: __itt_heap_allocate_end
3506160 : 0x26d278ef384a38 : 2 : ittapi_config_apply_per_lib :  ITTAPI function instrumented: __itt_heap_free_begin
3506160 : 0x26d278ef385de5 : 2 : ittapi_config_apply_per_lib :  ITTAPI function instrumented: __itt_heap_free_end
3506160 : 0x26d278ef38657b : 2 : ittapi_config_apply_per_lib :  ITTAPI function instrumented: __itt_heap_reallocate_begin
3506160 : 0x26d278ef386d83 : 2 : ittapi_config_apply_per_lib :  ITTAPI function instrumented: __itt_heap_reallocate_end
3506160 : 0x26d278ef387656 : 2 : ittapi_config_apply_per_lib :  ITTAPI function not implemented: __itt_heap_internal_access_begin
3506160 : 0x26d278ef387e97 : 2 : ittapi_config_apply_per_lib :  ITTAPI function not implemented: __itt_heap_internal_access_end
3506160 : 0x26d278ef3886a7 : 2 : ittapi_config_apply_per_lib :  ITTAPI function not implemented: __itt_heap_record_memory_growth_begin
3506160 : 0x26d278ef388eae : 2 : ittapi_config_apply_per_lib :  ITTAPI function not implemented: __itt_heap_record_memory_growth_end
3506160 : 0x26d278ef3896f2 : 2 : ittapi_config_apply_per_lib :  ITTAPI function not implemented: __itt_heap_reset_detection
3506160 : 0x26d278ef389f98 : 2 : ittapi_config_apply_per_lib :  ITTAPI function not implemented: __itt_heap_record
3506160 : 0x26d278ef38a7a8 : 2 : ittapi_config_apply_per_lib :  ITTAPI function not implemented: __itt_id_create
3506160 : 0x26d278ef38c37c : 2 : ittapi_config_apply_per_lib :  ITTAPI function not implemented: __itt_id_destroy
3506160 : 0x26d278ef38cc17 : 2 : ittapi_config_apply_per_lib :  ITTAPI function instrumented: __itt_get_timestamp
3506160 : 0x26d278ef38d39b : 2 : ittapi_config_apply_per_lib :  ITTAPI function not implemented: __itt_region_begin
3506160 : 0x26d278ef38db35 : 2 : ittapi_config_apply_per_lib :  ITTAPI function not implemented: __itt_region_end
3506160 : 0x26d278ef38e356 : 2 : ittapi_config_apply_per_lib :  ITTAPI function instrumented: __itt_frame_begin_v3
3506160 : 0x26d278ef38eb5f : 2 : ittapi_config_apply_per_lib :  ITTAPI function instrumented: __itt_frame_end_v3
3506160 : 0x26d278ef38f2df : 2 : ittapi_config_apply_per_lib :  ITTAPI function instrumented: __itt_frame_submit_v3
3506160 : 0x26d278ef38fadf : 2 : ittapi_config_apply_per_lib :  ITTAPI function not implemented: __itt_task_group
3506160 : 0x26d278ef3902ef : 2 : ittapi_config_apply_per_lib :  ITTAPI function instrumented: __itt_task_begin
3506160 : 0x26d278ef390b19 : 2 : ittapi_config_apply_per_lib :  ITTAPI function instrumented: __itt_task_begin_fn
3506160 : 0x26d278ef391fdc : 2 : ittapi_config_apply_per_lib :  ITTAPI function instrumented: __itt_task_end
3506160 : 0x26d278ef3927e9 : 2 : ittapi_config_apply_per_lib :  ITTAPI function not implemented: __itt_counter_inc_v3
3506160 : 0x26d278ef393037 : 2 : ittapi_config_apply_per_lib :  ITTAPI function not implemented: __itt_counter_inc_delta_v3
3506160 : 0x26d278ef39387d : 2 : ittapi_config_apply_per_lib :  ITTAPI function not implemented: __itt_counter_dec_v3
3506160 : 0x26d278ef39402c : 2 : ittapi_config_apply_per_lib :  ITTAPI function not implemented: __itt_counter_dec_delta_v3
3506160 : 0x26d278ef394801 : 2 : ittapi_config_apply_per_lib :  ITTAPI function not implemented: __itt_marker
3506160 : 0x26d278ef39500f : 2 : ittapi_config_apply_per_lib :  ITTAPI function instrumented: __itt_metadata_add
3506160 : 0x26d278ef3957d4 : 2 : ittapi_config_apply_per_lib :  ITTAPI function not implemented: __itt_metadata_str_add
3506160 : 0x26d278ef395fd3 : 2 : ittapi_config_apply_per_lib :  ITTAPI function not implemented: __itt_relation_add_to_current
3506160 : 0x26d278ef396751 : 2 : ittapi_config_apply_per_lib :  ITTAPI function not implemented: __itt_relation_add
3506160 : 0x26d278ef397aba : 2 : ittapi_config_apply_per_lib :  ITTAPI function instrumented: __itt_event_create
3506160 : 0x26d278ef3982c2 : 2 : ittapi_config_apply_per_lib :  ITTAPI function instrumented: __itt_event_start
3506160 : 0x26d278ef3989a5 : 2 : ittapi_config_apply_per_lib :  ITTAPI function instrumented: __itt_event_end
3506160 : 0x26d278ef398d52 : 2 : ittapi_config_apply_per_lib :  ITTAPI function NOT instrumented (not matched by --itt-config option): __itt_sync_set_name

3506160 : 0x26d278ef39916a : 2 : ittapi_config_apply_per_lib :  ITTAPI function NOT instrumented (not matched by --itt-config option): __itt_notify_sync_name

3506160 : 0x26d278ef399536 : 2 : ittapi_config_apply_per_lib :  ITTAPI function NOT instrumented (not matched by --itt-config option): __itt_notify_sync_prepare

3506160 : 0x26d278ef3998ef : 2 : ittapi_config_apply_per_lib :  ITTAPI function NOT instrumented (not matched by --itt-config option): __itt_notify_sync_cancel

3506160 : 0x26d278ef399cc0 : 2 : ittapi_config_apply_per_lib :  ITTAPI function NOT instrumented (not matched by --itt-config option): __itt_notify_sync_acquired

3506160 : 0x26d278ef39a033 : 2 : ittapi_config_apply_per_lib :  ITTAPI function NOT instrumented (not matched by --itt-config option): __itt_notify_sync_releasing

3506160 : 0x26d278ef39a813 : 2 : ittapi_config_apply_per_lib :  ITTAPI function not implemented: __itt_memory_read
3506160 : 0x26d278ef39c37d : 2 : ittapi_config_apply_per_lib :  ITTAPI function not implemented: __itt_memory_write
3506160 : 0x26d278ef39cba0 : 2 : ittapi_config_apply_per_lib :  ITTAPI function not implemented: __itt_memory_update
3506160 : 0x26d278ef39d3a8 : 2 : ittapi_config_apply_per_lib :  ITTAPI function not implemented: __itt_state_get
3506160 : 0x26d278ef39dba7 : 2 : ittapi_config_apply_per_lib :  ITTAPI function not implemented: __itt_state_set
3506160 : 0x26d278ef39e307 : 2 : ittapi_config_apply_per_lib :  ITTAPI function not implemented: __itt_obj_mode_set
3506160 : 0x26d278ef39eb27 : 2 : ittapi_config_apply_per_lib :  ITTAPI function not implemented: __itt_thr_mode_set
3506160 : 0x26d278ef39f281 : 2 : ittapi_config_apply_per_lib :  ITTAPI function instrumented: __itt_frame_create
3506160 : 0x26d278ef39f9dd : 2 : ittapi_config_apply_per_lib :  ITTAPI function instrumented: __itt_pt_region_create
3506160 : 0x26d278ef3a01aa : 2 : ittapi_config_apply_per_lib :  ITTAPI function instrumented: __itt_frame_begin
3506160 : 0x26d278ef3a0921 : 2 : ittapi_config_apply_per_lib :  ITTAPI function instrumented: __itt_frame_end
3506160 : 0x26d278ef3a1de4 : 2 : ittapi_config_apply_per_lib :  ITTAPI function not implemented: __itt_counter_destroy
3506160 : 0x26d278ef3a2554 : 2 : ittapi_config_apply_per_lib :  ITTAPI function instrumented: __itt_counter_inc
3506160 : 0x26d278ef3a2cda : 2 : ittapi_config_apply_per_lib :  ITTAPI function instrumented: __itt_counter_inc_delta
3506160 : 0x26d278ef3a33eb : 2 : ittapi_config_apply_per_lib :  ITTAPI function instrumented: __itt_counter_dec
3506160 : 0x26d278ef3a3bb1 : 2 : ittapi_config_apply_per_lib :  ITTAPI function instrumented: __itt_counter_dec_delta
3506160 : 0x26d278ef3a429a : 2 : ittapi_config_apply_per_lib :  ITTAPI function instrumented: __itt_counter_set_value
3506160 : 0x26d278ef3a4a27 : 2 : ittapi_config_apply_per_lib :  ITTAPI function not implemented: __itt_counter_set_value_ex
3506160 : 0x26d278ef3a5171 : 2 : ittapi_config_apply_per_lib :  ITTAPI function not implemented: __itt_mark_create
3506160 : 0x26d278ef3a5995 : 2 : ittapi_config_apply_per_lib :  ITTAPI function not implemented: __itt_mark
3506160 : 0x26d278ef3a6107 : 2 : ittapi_config_apply_per_lib :  ITTAPI function not implemented: __itt_mark_off
3506160 : 0x26d278ef3a74d1 : 2 : ittapi_config_apply_per_lib :  ITTAPI function not implemented: __itt_mark_global
3506160 : 0x26d278ef3a7cbb : 2 : ittapi_config_apply_per_lib :  ITTAPI function not implemented: __itt_mark_global_off
3506160 : 0x26d278ef3a8473 : 2 : ittapi_config_apply_per_lib :  ITTAPI function instrumented: __itt_stack_caller_create
3506160 : 0x26d278ef3a8c06 : 2 : ittapi_config_apply_per_lib :  ITTAPI function instrumented: __itt_stack_caller_destroy
3506160 : 0x26d278ef3a9396 : 2 : ittapi_config_apply_per_lib :  ITTAPI function instrumented: __itt_stack_callee_enter
3506160 : 0x26d278ef3a9afd : 2 : ittapi_config_apply_per_lib :  ITTAPI function instrumented: __itt_stack_callee_leave
3506160 : 0x26d278ef3aa40e : 2 : ittapi_config_apply_per_lib :  ITTAPI function not implemented: __itt_clock_domain_create
3506160 : 0x26d278ef3aac04 : 2 : ittapi_config_apply_per_lib :  ITTAPI function not implemented: __itt_clock_domain_reset
3506160 : 0x26d278ef3ab388 : 2 : ittapi_config_apply_per_lib :  ITTAPI function not implemented: __itt_id_create_ex
3506160 : 0x26d278ef3abb42 : 2 : ittapi_config_apply_per_lib :  ITTAPI function not implemented: __itt_id_destroy_ex
3506160 : 0x26d278ef3acf25 : 2 : ittapi_config_apply_per_lib :  ITTAPI function not implemented: __itt_task_begin_ex
3506160 : 0x26d278ef3ad6de : 2 : ittapi_config_apply_per_lib :  ITTAPI function not implemented: __itt_task_begin_fn_ex
3506160 : 0x26d278ef3adeee : 2 : ittapi_config_apply_per_lib :  ITTAPI function not implemented: __itt_task_end_ex
3506160 : 0x26d278ef3ae672 : 2 : ittapi_config_apply_per_lib :  ITTAPI function instrumented: __itt_task_begin_overlapped
3506160 : 0x26d278ef3aeec4 : 2 : ittapi_config_apply_per_lib :  ITTAPI function not implemented: __itt_task_begin_overlapped_ex
3506160 : 0x26d278ef3af5f9 : 2 : ittapi_config_apply_per_lib :  ITTAPI function instrumented: __itt_task_end_overlapped
3506160 : 0x26d278ef3afdc0 : 2 : ittapi_config_apply_per_lib :  ITTAPI function not implemented: __itt_task_end_overlapped_ex
3506160 : 0x26d278ef3b0601 : 2 : ittapi_config_apply_per_lib :  ITTAPI function not implemented: __itt_marker_ex
3506160 : 0x26d278ef3b0e4b : 2 : ittapi_config_apply_per_lib :  ITTAPI function not implemented: __itt_metadata_add_with_scope
3506160 : 0x26d278ef3b15d6 : 2 : ittapi_config_apply_per_lib :  ITTAPI function not implemented: __itt_metadata_str_add_with_scope
3506160 : 0x26d278ef3b2fe6 : 2 : ittapi_config_apply_per_lib :  ITTAPI function not implemented: __itt_relation_add_to_current_ex
3506160 : 0x26d278ef3b3817 : 2 : ittapi_config_apply_per_lib :  ITTAPI function not implemented: __itt_relation_add_ex
3506160 : 0x26d278ef3b3fe8 : 2 : ittapi_config_apply_per_lib :  ITTAPI function not implemented: __itt_track_group_create
3506160 : 0x26d278ef3b475a : 2 : ittapi_config_apply_per_lib :  ITTAPI function not implemented: __itt_track_create
3506160 : 0x26d278ef3b4e90 : 2 : ittapi_config_apply_per_lib :  ITTAPI function not implemented: __itt_set_track
3506160 : 0x26d278ef3b55fa : 2 : ittapi_config_apply_per_lib :  ITTAPI function instrumented: __itt_api_version
3506160 : 0x26d278ef3b5d8d : 2 : ittapi_config_apply_per_lib :  ITTAPI function not implemented: __itt_av_save
3506160 : 0x26d278ef3b654f : 2 : ittapi_config_apply_per_lib :  ITTAPI function instrumented: __itt_module_load
3506160 : 0x26d278ef3b6cec : 2 : ittapi_config_apply_per_lib :  ITTAPI function not implemented: __itt_module_unload