
3504593 : 0x26d1d80891d189 : 1 : spill_jit_data :  Jit agent is not initialized
3504558 : 0x26d1d808920a1b : 2 : ittapi_config_mask_get :  --itt-config mask to be applied: 55
3504558 : 0x26d1d8089229f1 : 2 : ittapi_config_apply_per_lib :  ITTAPI function instrumented: __itt_domain_create
3504558 : 0x26d1d8089234ca : 2 : ittapi_config_apply_per_lib :  ITTAPI function instrumented: __itt_module_load_with_sections
3504558 : 0x26d1d80892418a : 2 : ittapi_config_apply_per_lib :  ITTAPI function not implemented: __itt_module_unload_with_sections
3504558 : 0x26d1d808924b28 : 2 : ittapi_config_apply_per_lib :  ITTAPI function instrumented: __itt_string_handle_create
3504558 : 0x26d1d808925374 : 2 : ittapi_config_apply_per_lib :  ITTAPI function instrumented: __itt_counter_create
3504558 : 0x26d1d808925abd : 2 : ittapi_config_apply_per_lib :  ITTAPI function instrumented: __itt_counter_create_typed
3504558 : 0x26d1d808926254 : 2 : ittapi_config_apply_per_lib :  ITTAPI function instrumented: __itt_pause
3504558 : 0x26d1d808926a16 : 2 : ittapi_config_apply_per_lib :  ITTAPI function instrumented: __itt_resume
3504558 : 0x26d1d80892c9da : 2 : ittapi_config_apply_per_lib :  ITTAPI function not implemented: __itt_pause_scoped
3504558 : 0x26d1d80892d382 : 2 : ittapi_config_apply_per_lib :  ITTAPI function not implemented: __itt_resume_scoped
3504558 : 0x26d1d80892db28 : 2 : ittapi_config_apply_per_lib :  ITTAPI function instrumented: __itt_thread_set_name
3504558 : 0x26d1d80892e2a9 : 2 : ittapi_config_apply_per_lib :  ITTAPI function instrumented: __itt_thread_ignore
3504558 : 0x26d1d80892e9f0 : 2 : ittapi_config_apply_per_lib :  ITTAPI function instrumented: __itt_thr_name_set
3504558 : 0x26d1d808931541 : 2 : ittapi_config_apply_per_lib :  ITTAPI function instrumented: __itt_thr_ignore
3504558 : 0x26d1d808931cce : 2 : ittapi_config_apply_per_lib :  ITTAPI function instrumented: __itt_histogram_create
3504558 : 0x26d1d808932476 : 2 : ittapi_config_apply_per_lib :  ITTAPI function instrumented: __itt_counter_create_v3
3504558 : 0x26d1d808932c21 : 2 : ittapi_config_apply_per_lib :  ITTAPI function instrumented: __itt_bind_context_metadata_to_counter
3504558 : 0x26d1d808933491 : 2 : ittapi_config_apply_per_lib :  ITTAPI function not implemented: __itt_enable_attach
3504558 : 0x26d1d808934bf9 : 2 : ittapi_config_apply_per_lib :  ITTAPI function instrumented: __itt_detach
3504558 : 0x26d1d808935052 : 2 : ittapi_config_apply_per_lib :  ITTAPI function NOT instrumented (not matched by --itt-config option): __itt_sync_create

3504558 : 0x26d1d808935441 : 2 : ittapi_config_apply_per_lib :  ITTAPI function NOT instrumented (not matched by --itt-config option): __itt_sync_rename

3504558 : 0x26d1d8089357cb : 2 : ittapi_config_apply_per_lib :  ITTAPI function NOT instrumented (not matched by --itt-config option): __itt_sync_destroy

3504558 : 0x26d1d808935bbc : 2 : ittapi_config_apply_per_lib :  ITTAPI function NOT instrumented (not matched by --itt-config option): __itt_sync_prepare

3504558 : 0x26d1d808935f5e : 2 : ittapi_config_apply_per_lib :  ITTAPI function NOT instrumented (not matched by --itt-config option): __itt_sync_cancel

3504558 : 0x26d1d8089362e9 : 2 : ittapi_config_apply_per_lib :  ITTAPI function NOT instrumented (not matched by --itt-config option): __itt_sync_acquired

3504558 : 0x26d1d808936674 : 2 : ittapi_config_apply_per_lib :  ITTAPI function NOT instrumented (not matched by --itt-config option): __itt_sync_releasing

3504558 : 0x26d1d808936eaf : 2 : ittapi_config_apply_per_lib :  ITTAPI function not implemented: __itt_suppress_push
3504558 : 0x26d1d808937740 : 2 : ittapi_config_apply_per_lib :  ITTAPI function not implemented: __itt_suppress_pop
3504558 : 0x26d1d808938ca6 : 2 : ittapi_config_apply_per_lib :  ITTAPI function not implemented: __itt_suppress_mark_range
3504558 : 0x26d1d80893969a : 2 : ittapi_config_apply_per_lib :  ITTAPI function not implemented: __itt_suppress_clear_range
3504558 : 0x26d1d808939a50 : 2 : ittapi_config_apply_per_lib :  ITTAPI function NOT instrumented (not matched by --itt-config option): __itt_sync_prepare

3504558 : 0x26d1d808939dde : 2 : ittapi_config_apply_per_lib :  ITTAPI function NOT instrumented (not matched by --itt-config option): __itt_sync_cancel

3504558 : 0x26d1d80893a199 : 2 : ittapi_config_apply_per_lib :  ITTAPI function NOT instrumented (not matched by --itt-config option): __itt_sync_acquired

3504558 : 0x26d1d80893a54e : 2 : ittapi_config_apply_per_lib :  ITTAPI function NOT instrumented (not matched by --itt-config option): __itt_sync_releasing

3504558 : 0x26d1d80893a8d2 : 2 : ittapi_config_apply_per_lib :  ITTAPI function NOT instrumented (not matched by --itt-config option): __itt_model_site_begin

3504558 : 0x26d1d80893ac4c : 2 : ittapi_config_apply_per_lib :  ITTAPI function NOT instrumented (not matched by --itt-config option): __itt_model_site_end

3504558 : 0x26d1d80893b017 : 2 : ittapi_config_apply_per_lib :  ITTAPI function NOT instrumented (not matched by --itt-config option): __itt_model_task_begin

3504558 : 0x26d1d80893b3d5 : 2 : ittapi_config_apply_per_lib :  ITTAPI function NOT instrumented (not matched by --itt-config option): __itt_model_task_end

3504558 : 0x26d1d80893d0ba : 2 : ittapi_config_apply_per_lib :  ITTAPI function NOT instrumented (not matched by --itt-config option): __itt_model_lock_acquire

3504558 : 0x26d1d80893d49e : 2 : ittapi_config_apply_per_lib :  ITTAPI function NOT instrumented (not matched by --itt-config option): __itt_model_lock_release

3504558 : 0x26d1d80893d807 : 2 : ittapi_config_apply_per_lib :  ITTAPI function NOT instrumented (not matched by --itt-config option): __itt_model_record_allocation

3504558 : 0x26d1d80893db9e : 2 : ittapi_config_apply_per_lib :  ITTAPI function NOT instrumented (not matched by --itt-config option): __itt_model_record_deallocation

3504558 : 0x26d1d80893dfbe : 2 : ittapi_config_apply_per_lib :  ITTAPI function NOT instrumented (not matched by --itt-config option): __itt_model_induction_uses

3504558 : 0x26d1d80893e3a0 : 2 : ittapi_config_apply_per_lib :  ITTAPI function NOT instrumented (not matched by --itt-config option): __itt_model_reduction_uses

3504558 : 0x26d1d80893e77c : 2 : ittapi_config_apply_per_lib :  ITTAPI function NOT instrumented (not matched by --itt-config option): __itt_model_observe_uses

3504558 : 0x26d1d80893eb22 : 2 : ittapi_config_apply_per_lib :  ITTAPI function NOT instrumented (not matched by --itt-config option): __itt_model_clear_uses

3504558 : 0x26d1d80893ef41 : 2 : ittapi_config_apply_per_lib :  ITTAPI function NOT instrumented (not matched by --itt-config option): __itt_model_site_beginA

3504558 : 0x26d1d80893f2d9 : 2 : ittapi_config_apply_per_lib :  ITTAPI function NOT instrumented (not matched by --itt-config option): __itt_model_site_beginAL

3504558 : 0x26d1d8089402db : 2 : ittapi_config_apply_per_lib :  ITTAPI function NOT instrumented (not matched by --itt-config option): __itt_model_task_beginA

3504558 : 0x26d1d8089406f9 : 2 : ittapi_config_apply_per_lib :  ITTAPI function NOT instrumented (not matched by --itt-config option): __itt_model_task_beginAL

3504558 : 0x26d1d808940aa0 : 2 : ittapi_config_apply_per_lib :  ITTAPI function NOT instrumented (not matched by --itt-config option): __itt_model_iteration_taskA

3504558 : 0x26d1d808940e28 : 2 : ittapi_config_apply_per_lib :  ITTAPI function NOT instrumented (not matched by --itt-config option): __itt_model_iteration_taskAL

3504558 : 0x26d1d808941227 : 2 : ittapi_config_apply_per_lib :  ITTAPI function NOT instrumented (not matched by --itt-config option): __itt_model_site_end_2

3504558 : 0x26d1d80894160f : 2 : ittapi_config_apply_per_lib :  ITTAPI function NOT instrumented (not matched by --itt-config option): __itt_model_task_end_2

3504558 : 0x26d1d8089419b7 : 2 : ittapi_config_apply_per_lib :  ITTAPI function NOT instrumented (not matched by --itt-config option): __itt_model_lock_acquire_2

3504558 : 0x26d1d808941d58 : 2 : ittapi_config_apply_per_lib :  ITTAPI function NOT instrumented (not matched by --itt-config option): __itt_model_lock_release_2

3504558 : 0x26d1d808942151 : 2 : ittapi_config_apply_per_lib :  ITTAPI function NOT instrumented (not matched by --itt-config option): __itt_model_aggregate_task

3504558 : 0x26d1d808942505 : 2 : ittapi_config_apply_per_lib :  ITTAPI function NOT instrumented (not matched by --itt-config option): __itt_model_disable_push

3504558 : 0x26d1d808943ccc : 2 : ittapi_config_apply_per_lib :  ITTAPI function NOT instrumented (not matched by --itt-config option): __itt_model_disable_pop

3504558 : 0x26d1d8089445ac : 2 : ittapi_config_apply_per_lib :  ITTAPI function instrumented: __itt_heap_function_create
3504558 : 0x26d1d808944df8 : 2 : ittapi_config_apply_per_lib :  ITTAPI function instrumented: __itt_heap_allocate_begin
3504558 : 0x26d1d808945589 : 2 : ittapi_config_apply_per_lib :  ITTAPI function instrumented: __itt_heap_allocate_end
3504558 : 0x26d1d808945d7b : 2 : ittapi_config_apply_per_lib :  ITTAPI function instrumented: __itt_heap_free_begin
3504558 : 0x26d1d8089464fa : 2 : ittapi_config_apply_per_lib :  ITTAPI function instrumented: __itt_heap_free_end
3504558 : 0x26d1d808946ce8 : 2 : ittapi_config_apply_per_lib :  ITTAPI function instrumented: __itt_heap_reallocate_begin
3504558 : 0x26d1d80894742a : 2 : ittapi_config_apply_per_lib :  ITTAPI function instrumented: __itt_heap_reallocate_end
3504558 : 0x26d1d808947d17 : 2 : ittapi_config_apply_per_lib :  ITTAPI function not implemented: __itt_heap_internal_access_begin
3504558 : 0x26d1d80894857b : 2 : ittapi_config_apply_per_lib :  ITTAPI function not implemented: __itt_heap_internal_access_end
3504558 : 0x26d1d808949af6 : 2 : ittapi_config_apply_per_lib :  ITTAPI function not implemented: __itt_heap_record_memory_growth_begin
3504558 : 0x26d1d80894a392 : 2 : ittapi_config_apply_per_lib :  ITTAPI function not implemented: __itt_heap_record_memory_growth_end
3504558 : 0x26d1d80894abc2 : 2 : ittapi_config_apply_per_lib :  ITTAPI function not implemented: __itt_heap_reset_detection
3504558 : 0x26d1d80894b4be : 2 : ittapi_config_apply_per_lib :  ITTAPI function not implemented: __itt_heap_record
3504558 : 0x26d1d80894bceb : 2 : ittapi_config_apply_per_lib :  ITTAPI function not implemented: __itt_id_create
3504558 : 0x26d1d80894c559 : 2 : ittapi_config_apply_per_lib :  ITTAPI function not implemented: __itt_id_destroy
3504558 : 0x26d1d80894cd12 : 2 : ittapi_config_apply_per_lib :  ITTAPI function instrumented: __itt_get_timestamp
3504558 : 0x26d1d80894d562 : 2 : ittapi_config_apply_per_lib :  ITTAPI function not implemented: __itt_region_begin
3504558 : 0x26d1d80894dd57 : 2 : ittapi_config_apply_per_lib :  ITTAPI function not implemented: __itt_region_end
3504558 : 0x26d1d80894e54e : 2 : ittapi_config_apply_per_lib :  ITTAPI function instrumented: __itt_frame_begin_v3
3504558 : 0x26d1d80894fa22 : 2 : ittapi_config_apply_per_lib :  ITTAPI function instrumented: __itt_frame_end_v3
3504558 : 0x26d1d808950255 : 2 : ittapi_config_apply_per_lib :  ITTAPI function instrumented: __itt_frame_submit_v3
3504558 : 0x26d1d808950b41 : 2 : ittapi_config_apply_per_lib :  ITTAPI function not implemented: __itt_task_group
3504558 : 0x26d1d80895138b : 2 : ittapi_config_apply_per_lib :  ITTAPI function instrumented: __itt_task_begin
3504558 : 0x26d1d808951ba9 : 2 : ittapi_config_apply_per_lib :  ITTAPI function instrumented: __itt_task_begin_fn
3504558 : 0x26d1d8089522e5 : 2 : ittapi_config_apply_per_lib :  ITTAPI function instrumented: __itt_task_end
3504558 : 0x26d1d808952b4b : 2 : ittapi_config_apply_per_lib :  ITTAPI function not implemented: __itt_counter_inc_v3
3504558 : 0x26d1d8089533b5 : 2 : ittapi_config_apply_per_lib :  ITTAPI function not implemented: __itt_counter_inc_delta_v3
3504558 : 0x26d1d808953bdd : 2 : ittapi_config_apply_per_lib :  ITTAPI function not implemented: __itt_counter_dec_v3
3504558 : 0x26d1d808954399 : 2 : ittapi_config_apply_per_lib :  ITTAPI function not implemented: __itt_counter_dec_delta_v3
3504558 : 0x26d1d8089558ab : 2 : ittapi_config_apply_per_lib :  ITTAPI function not implemented: __itt_marker
3504558 : 0x26d1d8089560cc : 2 : ittapi_config_apply_per_lib :  ITTAPI function instrumented: __itt_metadata_add
3504558 : 0x26d1d8089568bc : 2 : ittapi_config_apply_per_lib :  ITTAPI function not implemented: __itt_metadata_str_add
3504558 : 0x26d1d8089570b6 : 2 : ittapi_config_apply_per_lib :  ITTAPI function not implemented: __itt_relation_add_to_current
3504558 : 0x26d1d80895789f : 2 : ittapi_config_apply_per_lib :  ITTAPI function not implemented: __itt_relation_add
3504558 : 0x26d1d80895806f : 2 : ittapi_config_apply_per_lib :  ITTAPI function instrumented: __itt_event_create
3504558 : 0x26d1d8089587de : 2 : ittapi_config_apply_per_lib :  ITTAPI function instrumented: __itt_event_start
3504558 : 0x26d1d808958f7f : 2 : ittapi_config_apply_per_lib :  ITTAPI function instrumented: __itt_event_end
3504558 : 0x26d1d80895933b : 2 : ittapi_config_apply_per_lib :  ITTAPI function NOT instrumented (not matched by --itt-config option): __itt_sync_set_name

3504558 : 0x26d1d8089596f5 : 2 : ittapi_config_apply_per_lib :  ITTAPI function NOT instrumented (not matched by --itt-config option): __itt_notify_sync_name

3504558 : 0x26d1d80895ad4a : 2 : ittapi_config_apply_per_lib :  ITTAPI function NOT instrumented (not matched by --itt-config option): __itt_notify_sync_prepare

3504558 : 0x26d1d80895b12b : 2 : ittapi_config_apply_per_lib :  ITTAPI function NOT instrumented (not matched by --itt-config option): __itt_notify_sync_cancel

3504558 : 0x26d1d80895b4ab : 2 : ittapi_config_apply_per_lib :  ITTAPI function NOT instrumented (not matched by --itt-config option): __itt_notify_sync_acquired

3504558 : 0x26d1d80895b861 : 2 : ittapi_config_apply_per_lib :  ITTAPI function NOT instrumented (not matched by --itt-config option): __itt_notify_sync_releasing

3504558 : 0x26d1d80895c132 : 2 : ittapi_config_apply_per_lib :  ITTAPI function not implemented: __itt_memory_read
3504558 : 0x26d1d80895c957 : 2 : ittapi_config_apply_per_lib :  ITTAPI function not implemented: __itt_memory_write
3504558 : 0x26d1d80895d100 : 2 : ittapi_config_apply_per_lib :  ITTAPI function not implemented: __itt_memory_update
3504558 : 0x26d1d80895d930 : 2 : ittapi_config_apply_per_lib :  ITTAPI function not implemented: __itt_state_get
3504558 : 0x26d1d80895e0fa : 2 : ittapi_config_apply_per_lib :  ITTAPI function not implemented: __itt_state_set
3504558 : 0x26d1d80895e92f : 2 : ittapi_config_apply_per_lib :  ITTAPI function not implemented: __itt_obj_mode_set
3504558 : 0x26d1d80895fe86 : 2 : ittapi_config_apply_per_lib :  ITTAPI function not implemented: __itt_thr_mode_set
3504558 : 0x26d1d80896063c : 2 : ittapi_config_apply_per_lib :  ITTAPI function instrumented: __itt_frame_create
3504558 : 0x26d1d808960dcd : 2 : ittapi_config_apply_per_lib :  ITTAPI function instrumented: __itt_pt_region_create
3504558 : 0x26d1d808961567 : 2 : ittapi_config_apply_per_lib :  ITTAPI function instrumented: __itt_frame_begin
3504558 : 0x26d1d808961cfa : 2 : ittapi_config_apply_per_lib :  ITTAPI function instrumented: __itt_frame_end
3504558 : 0x26d1d808962565 : 2 : ittapi_config_apply_per_lib :  ITTAPI function not implemented: __itt_counter_destroy
3504558 : 0x26d1d808962ce4 : 2 : ittapi_config_apply_per_lib :  ITTAPI function instrumented: __itt_counter_inc
3504558 : 0x26d1d808963433 : 2 : ittapi_config_apply_per_lib :  ITTAPI function instrumented: __itt_counter_inc_delta
3504558 : 0x26d1d808963c18 : 2 : ittapi_config_apply_per_lib :  ITTAPI function instrumented: __itt_counter_dec
3504558 : 0x26d1d808964351 : 2 : ittapi_config_apply_per_lib :  ITTAPI function instrumented: __itt_counter_dec_delta
3504558 : 0x26d1d808965734 : 2 : ittapi_config_apply_per_lib :  ITTAPI function instrumented: __itt_counter_set_value
3504558 : 0x26d1d808965f55 : 2 : ittapi_config_apply_per_lib :  ITTAPI function not implemented: __itt_counter_set_value_ex
3504558 : 0x26d1d80896670b : 2 : ittapi_config_apply_per_lib :  ITTAPI function not implemented: __itt_mark_create
3504558 : 0x26d1d808966f2f : 2 : ittapi_config_apply_per_lib :  ITTAPI function not implemented: __itt_mark
3504558 : 0x26d1d80896774a : 2 : ittapi_config_apply_per_lib :  ITTAPI function not implemented: __itt_mark_off
3504558 : 0x26d1d808967f5e : 2 : ittapi_config_apply_per_lib :  ITTAPI function not implemented: __itt_mark_global
3504558 : 0x26d1d808968706 : 2 : ittapi_config_apply_per_lib :  ITTAPI function not implemented: __itt_mark_global_off
3504558 : 0x26d1d808968f2d : 2 : ittapi_config_apply_per_lib :  ITTAPI function instrumented: __itt_stack_caller_create
3504558 : 0x26d1d8089696a3 : 2 : ittapi_config_apply_per_lib :  ITTAPI function instrumented: __itt_stack_caller_destroy
3504558 : 0x26d1d808969e8c : 2 : ittapi_config_apply_per_lib :  ITTAPI function instrumented: __itt_stack_callee_enter
3504558 : 0x26d1d80896b92b : 2 : ittapi_config_apply_per_lib :  ITTAPI function instrumented: __itt_stack_callee_leave
3504558 : 0x26d1d80896c1d2 : 2 : ittapi_config_apply_per_lib :  ITTAPI function not implemented: __itt_clock_domain_create
3504558 : 0x26d1d80896ca1e : 2 : ittapi_config_apply_per_lib :  ITTAPI function not implemented: __itt_clock_domain_reset
3504558 : 0x26d1d80896d1ff : 2 : ittapi_config_apply_per_lib :  ITTAPI function not implemented: __itt_id_create_ex
3504558 : 0x26d1d80896da67 : 2 : ittapi_config_apply_per_lib :  ITTAPI function not implemented: __itt_id_destroy_ex
3504558 : 0x26d1d80896e256 : 2 : ittapi_config_apply_per_lib :  ITTAPI function not implemented: __itt_task_begin_ex
3504558 : 0x26d1d80896ea6c : 2 : ittapi_config_apply_per_lib :  ITTAPI function not implemented: __itt_task_begin_fn_ex
3504558 : 0x26d1d80896f24c : 2 : ittapi_config_apply_per_lib :  ITTAPI function not implemented: __itt_task_end_ex
3504558 : 0x26d1d80896fa33 : 2 : ittapi_config_apply_per_lib :  ITTAPI function instrumented: __itt_task_begin_overlapped
3504558 : 0x26d1d8089701e8 : 2 : ittapi_config_apply_per_lib :  ITTAPI function not implemented: __itt_task_begin_overlapped_ex
3504558 : 0x26d1d808971642 : 2 : ittapi_config_apply_per_lib :  ITTAPI function instrumented: __itt_task_end_overlapped
3504558 : 0x26d1d808971e9d : 2 : ittapi_config_apply_per_lib :  ITTAPI function not implemented: __itt_task_end_overlapped_ex
3504558 : 0x26d1d80897267a : 2 : ittapi_config_apply_per_lib :  ITTAPI function not implemented: __itt_marker_ex
3504558 : 0x26d1d808972f43 : 2 : ittapi_config_apply_per_lib :  ITTAPI function not implemented: __itt_metadata_add_with_scope
3504558 : 0x26d1d808973781 : 2 : ittapi_config_apply_per_lib :  ITTAPI function not implemented: __itt_metadata_str_add_with_scope
3504558 : 0x26d1d808973faf : 2 : ittapi_config_apply_per_lib :  ITTAPI function not implemented: __itt_relation_add_to_current_ex
3504558 : 0x26d1d808974759 : 2 : ittapi_config_apply_per_lib :  ITTAPI function not implemented: __itt_relation_add_ex
3504558 : 0x26d1d808974fd6 : 2 : ittapi_config_apply_per_lib :  ITTAPI function not implemented: __itt_track_group_create
3504558 : 0x26d1d808975774 : 2 : ittapi_config_apply_per_lib :  ITTAPI function not implemented: __itt_track_create
3504558 : 0x26d1d808975fa9 : 2 : ittapi_config_apply_per_lib :  ITTAPI function not implemented: __itt_set_track
3504558 : 0x26d1d8089773dc : 2 : ittapi_config_apply_per_lib :  ITTAPI function instrumented: __itt_api_version
3504558 : 0x26d1d808977c0f : 2 : ittapi_config_apply_per_lib :  ITTAPI function not implemented: __itt_av_save
3504558 : 0x26d1d8089783be : 2 : ittapi_config_apply_per_lib :  ITTAPI function instrumented: __itt_module_load
3504558 : 0x26d1d808978bc1 : 2 : ittapi_config_apply_per_lib :  ITTAPI function not implemented: __itt_module_unload
3504558 : 0x26d1d808978f9a : 2 : ittapi_config_apply_per_lib :  ITTAPI function NOT instrumented (not matched by --itt-config option): __itt_histogram_submit

3504558 : 0x26d1d80897979e : 2 : ittapi_config_apply_per_lib :  ITTAPI function instrumented: __itt_counter_set_value_v3
3504558 : 0x26d1d80899ccb8 : 2 : ittapi_config_mask_get :  --itt-config mask to be applied: 55
3504558 : 0x26d1d80899d725 : 2 : ittapi_config_apply_per_lib :  ITTAPI function instrumented: __itt_domain_create
3504558 : 0x26d1d80899df5b : 2 : ittapi_config_apply_per_lib :  ITTAPI function instrumented: __itt_module_load_with_sections
3504558 : 0x26d1d80899e852 : 2 : ittapi_config_apply_per_lib :  ITTAPI function not implemented: __itt_module_unload_with_sections
3504558 : 0x26d1d8089a0cc8 : 2 : ittapi_config_apply_per_lib :  ITTAPI function instrumented: __itt_string_handle_create
3504558 : 0x26d1d8089a14aa : 2 : ittapi_config_apply_per_lib :  ITTAPI function instrumented: __itt_counter_create
3504558 : 0x26d1d8089a1be0 : 2 : ittapi_config_apply_per_lib :  ITTAPI function instrumented: __itt_counter_create_typed
3504558 : 0x26d1d8089a234b : 2 : ittapi_config_apply_per_lib :  ITTAPI function instrumented: __itt_pause
3504558 : 0x26d1d8089a2b0e : 2 : ittapi_config_apply_per_lib :  ITTAPI function instrumented: __itt_resume
3504558 : 0x26d1d8089a33da : 2 : ittapi_config_apply_per_lib :  ITTAPI function not implemented: __itt_pause_scoped
3504558 : 0x26d1d8089a3c87 : 2 : ittapi_config_apply_per_lib :  ITTAPI function not implemented: __itt_resume_scoped
3504558 : 0x26d1d8089a446d : 2 : ittapi_config_apply_per_lib :  ITTAPI function instrumented: __itt_thread_set_name
3504558 : 0x26d1d8089a4c16 : 2 : ittapi_config_apply_per_lib :  ITTAPI function instrumented: __itt_thread_ignore
3504558 : 0x26d1d8089a5378 : 2 : ittapi_config_apply_per_lib :  ITTAPI function instrumented: __itt_thr_name_set
3504558 : 0x26d1d8089a68c7 : 2 : ittapi_config_apply_per_lib :  ITTAPI function instrumented: __itt_thr_ignore
3504558 : 0x26d1d8089a7dce : 2 : ittapi_config_apply_per_lib :  ITTAPI function instrumented: __itt_histogram_create
3504558 : 0x26d1d8089a85ab : 2 : ittapi_config_apply_per_lib :  ITTAPI function instrumented: __itt_counter_create_v3
3504558 : 0x26d1d8089a8e10 : 2 : ittapi_config_apply_per_lib :  ITTAPI function instrumented: __itt_bind_context_metadata_to_counter
3504558 : 0x26d1d8089a9646 : 2 : ittapi_config_apply_per_lib :  ITTAPI function not implemented: __itt_enable_attach
3504558 : 0x26d1d8089a9e52 : 2 : ittapi_config_apply_per_lib :  ITTAPI function instrumented: __itt_detach
3504558 : 0x26d1d8089aa23a : 2 : ittapi_config_apply_per_lib :  ITTAPI function NOT instrumented (not matched by --itt-config option): __itt_sync_create

3504558 : 0x26d1d8089aa60a : 2 : ittapi_config_apply_per_lib :  ITTAPI function NOT instrumented (not matched by --itt-config option): __itt_sync_rename

3504558 : 0x26d1d8089aa9df : 2 : ittapi_config_apply_per_lib :  ITTAPI function NOT instrumented (not matched by --itt-config option): __itt_sync_destroy

3504558 : 0x26d1d8089aadf2 : 2 : ittapi_config_apply_per_lib :  ITTAPI function NOT instrumented (not matched by --itt-config option): __itt_sync_prepare

3504558 : 0x26d1d8089ac526 : 2 : ittapi_config_apply_per_lib :  ITTAPI function NOT instrumented (not matched by --itt-config option): __itt_sync_cancel

3504558 : 0x26d1d8089ac9a1 : 2 : ittapi_config_apply_per_lib :  ITTAPI function NOT instrumented (not matched by --itt-config option): __itt_sync_acquired

3504558 : 0x26d1d8089acd43 : 2 : ittapi_config_apply_per_lib :  ITTAPI function NOT instrumented (not matched by --itt-config option): __itt_sync_releasing

3504558 : 0x26d1d8089ad62c : 2 : ittapi_config_apply_per_lib :  ITTAPI function not implemented: __itt_suppress_push
3504558 : 0x26d1d8089adf97 : 2 : ittapi_config_apply_per_lib :  ITTAPI function not implemented: __itt_suppress_pop
3504558 : 0x26d1d8089ae783 : 2 : ittapi_config_apply_per_lib :  ITTAPI function not implemented: __itt_suppress_mark_range
3504558 : 0x26d1d8089af06c : 2 : ittapi_config_apply_per_lib :  ITTAPI function not implemented: __itt_suppress_clear_range
3504558 : 0x26d1d8089af42a : 2 : ittapi_config_apply_per_lib :  ITTAPI function NOT instrumented (not matched by --itt-config option): __itt_sync_prepare

3504558 : 0x26d1d8089af82f : 2 : ittapi_config_apply_per_lib :  ITTAPI function NOT instrumented (not matched by --itt-config option): __itt_sync_cancel

3504558 : 0x26d1d8089afc82 : 2 : ittapi_config_apply_per_lib :  ITTAPI function NOT instrumented (not matched by --itt-config option): __itt_sync_acquired

3504558 : 0x26d1d8089b0c8e : 2 : ittapi_config_apply_per_lib :  ITTAPI function NOT instrumented (not matched by --itt-config option): __itt_sync_releasing

3504558 : 0x26d1d8089b1253 : 2 : ittapi_config_apply_per_lib :  ITTAPI function NOT instrumented (not matched by --itt-config option): __itt_model_site_begin

3504558 : 0x26d1d8089b160b : 2 : ittapi_config_apply_per_lib :  ITTAPI function NOT instrumented (not matched by --itt-config option): __itt_model_site_end

3504558 : 0x26d1d8089b19f9 : 2 : ittapi_config_apply_per_lib :  ITTAPI function NOT instrumented (not matched by --itt-config option): __itt_model_task_begin

3504558 : 0x26d1d8089b1dff : 2 : ittapi_config_apply_per_lib :  ITTAPI function NOT instrumented (not matched by --itt-config option): __itt_model_task_end

3504558 : 0x26d1d8089b2798 : 2 : ittapi_config_apply_per_lib :  ITTAPI function NOT instrumented (not matched by --itt-config option): __itt_model_lock_acquire

3504558 : 0x26d1d8089b2bb9 : 2 : ittapi_config_apply_per_lib :  ITTAPI function NOT instrumented (not matched by --itt-config option): __itt_model_lock_release

3504558 : 0x26d1d8089b2f46 : 2 : ittapi_config_apply_per_lib :  ITTAPI function NOT instrumented (not matched by --itt-config option): __itt_model_record_allocation

3504558 : 0x26d1d8089b3344 : 2 : ittapi_config_apply_per_lib :  ITTAPI function NOT instrumented (not matched by --itt-config option): __itt_model_record_deallocation

3504558 : 0x26d1d8089b36a6 : 2 : ittapi_config_apply_per_lib :  ITTAPI function NOT instrumented (not matched by --itt-config option): __itt_model_induction_uses

3504558 : 0x26d1d8089b4d73 : 2 : ittapi_config_apply_per_lib :  ITTAPI function NOT instrumented (not matched by --itt-config option): __itt_model_reduction_uses

3504558 : 0x26d1d8089b5161 : 2 : ittapi_config_apply_per_lib :  ITTAPI function NOT instrumented (not matched by --itt-config option): __itt_model_observe_uses

3504558 : 0x26d1d8089b5527 : 2 : ittapi_config_apply_per_lib :  ITTAPI function NOT instrumented (not matched by --itt-config option): __itt_model_clear_uses

3504558 : 0x26d1d8089b588f : 2 : ittapi_config_apply_per_lib :  ITTAPI function NOT instrumented (not matched by --itt-config option): __itt_model_site_beginA

3504558 : 0x26d1d8089b5c3d : 2 : ittapi_config_apply_per_lib :  ITTAPI function NOT instrumented (not matched by --itt-config option): __itt_model_site_beginAL

3504558 : 0x26d1d8089b5fed : 2 : ittapi_config_apply_per_lib :  ITTAPI function NOT instrumented (not matched by --itt-config option): __itt_model_task_beginA

3504558 : 0x26d1d8089b63be : 2 : ittapi_config_apply_per_lib :  ITTAPI function NOT instrumented (not matched by --itt-config option): __itt_model_task_beginAL

3504558 : 0x26d1d8089b6730 : 2 : ittapi_config_apply_per_lib :  ITTAPI function NOT instrumented (not matched by --itt-config option): __itt_model_iteration_taskA

3504558 : 0x26d1d8089b6aea : 2 : ittapi_config_apply_per_lib :  ITTAPI function NOT instrumented (not matched by --itt-config option): __itt_model_iteration_taskAL

3504558 : 0x26d1d8089b6e75 : 2 : ittapi_config_apply_per_lib :  ITTAPI function NOT instrumented (not matched by --itt-config option): __itt_model_site_end_2

3504558 : 0x26d1d8089b7e61 : 2 : ittapi_config_apply_per_lib :  ITTAPI function NOT instrumented (not matched by --itt-config option): __itt_model_task_end_2

3504558 : 0x26d1d8089b820b : 2 : ittapi_config_apply_per_lib :  ITTAPI function NOT instrumented (not matched by --itt-config option): __itt_model_lock_acquire_2

3504558 : 0x26d1d8089b8561 : 2 : ittapi_config_apply_per_lib :  ITTAPI function NOT instrumented (not matched by --itt-config option): __itt_model_lock_release_2

3504558 : 0x26d1d8089b88c0 : 2 : ittapi_config_apply_per_lib :  ITTAPI function NOT instrumented (not matched by --itt-config option): __itt_model_aggregate_task

3504558 : 0x26d1d8089b8cb2 : 2 : ittapi_config_apply_per_lib :  ITTAPI function NOT instrumented (not matched by --itt-config option): __itt_model_disable_push

3504558 : 0x26d1d8089b9032 : 2 : ittapi_config_apply_per_lib :  ITTAPI function NOT instrumented (not matched by --itt-config option): __itt_model_disable_pop

3504558 : 0x26d1d8089b986f : 2 : ittapi_config_apply_per_lib :  ITTAPI function instrumented: __itt_heap_function_create
3504558 : 0x26d1d8089ba05d : 2 : ittapi_config_apply_per_lib :  ITTAPI function instrumented: __itt_heap_allocate_begin
3504558 : 0x26d1d8089ba7a3 : 2 : ittapi_config_apply_per_lib :  ITTAPI function instrumented: __itt_heap_allocate_end
3504558 : 0x26d1d8089baf45 : 2 : ittapi_config_apply_per_lib :  ITTAPI function instrumented: __itt_heap_free_begin
3504558 : 0x26d1d8089bca61 : 2 : ittapi_config_apply_per_lib :  ITTAPI function instrumented: __itt_heap_free_end
3504558 : 0x26d1d8089bd256 : 2 : ittapi_config_apply_per_lib :  ITTAPI function instrumented: __itt_heap_reallocate_begin
3504558 : 0x26d1d8089bd9ea : 2 : ittapi_config_apply_per_lib :  ITTAPI function instrumented: __itt_heap_reallocate_end
3504558 : 0x26d1d8089be25f : 2 : ittapi_config_apply_per_lib :  ITTAPI function not implemented: __itt_heap_internal_access_begin
3504558 : 0x26d1d8089beacb : 2 : ittapi_config_apply_per_lib :  ITTAPI function not implemented: __itt_heap_internal_access_end
3504558 : 0x26d1d8089bf2bb : 2 : ittapi_config_apply_per_lib :  ITTAPI function not implemented: __itt_heap_record_memory_growth_begin
3504558 : 0x26d1d8089bfab9 : 2 : ittapi_config_apply_per_lib :  ITTAPI function not implemented: __itt_heap_record_memory_growth_end
3504558 : 0x26d1d8089c02f2 : 2 : ittapi_config_apply_per_lib :  ITTAPI function not implemented: __itt_heap_reset_detection
3504558 : 0x26d1d8089c0b95 : 2 : ittapi_config_apply_per_lib :  ITTAPI function not implemented: __itt_heap_record
3504558 : 0x26d1d8089c1399 : 2 : ittapi_config_apply_per_lib :  ITTAPI function not implemented: __itt_id_create
3504558 : 0x26d1d8089c2813 : 2 : ittapi_config_apply_per_lib :  ITTAPI function not implemented: __itt_id_destroy
3504558 : 0x26d1d8089c3019 : 2 : ittapi_config_apply_per_lib :  ITTAPI function instrumented: __itt_get_timestamp
3504558 : 0x26d1d8089c37c0 : 2 : ittapi_config_apply_per_lib :  ITTAPI function not implemented: __itt_region_begin
3504558 : 0x26d1d8089c3fdc : 2 : ittapi_config_apply_per_lib :  ITTAPI function not implemented: __itt_region_end
3504558 : 0x26d1d8089c47cd : 2 : ittapi_config_apply_per_lib :  ITTAPI function instrumented: __itt_frame_begin_v3
3504558 : 0x26d1d8089c500f : 2 : ittapi_config_apply_per_lib :  ITTAPI function instrumented: __itt_frame_end_v3
3504558 : 0x26d1d8089c579e : 2 : ittapi_config_apply_per_lib :  ITTAPI function instrumented: __itt_frame_submit_v3
3504558 : 0x26d1d8089c5fdb : 2 : ittapi_config_apply_per_lib :  ITTAPI function not implemented: __itt_task_group
3504558 : 0x26d1d8089c67b6 : 2 : ittapi_config_apply_per_lib :  ITTAPI function instrumented: __itt_task_begin
3504558 : 0x26d1d8089c6fa4 : 2 : ittapi_config_apply_per_lib :  ITTAPI function instrumented: __itt_task_begin_fn
3504558 : 0x26d1d8089c83b1 : 2 : ittapi_config_apply_per_lib :  ITTAPI function instrumented: __itt_task_end
3504558 : 0x26d1d8089c8c34 : 2 : ittapi_config_apply_per_lib :  ITTAPI function not implemented: __itt_counter_inc_v3
3504558 : 0x26d1d8089c94cf : 2 : ittapi_config_apply_per_lib :  ITTAPI function not implemented: __itt_counter_inc_delta_v3
3504558 : 0x26d1d8089c9ceb : 2 : ittapi_config_apply_per_lib :  ITTAPI function not implemented: __itt_counter_dec_v3
3504558 : 0x26d1d8089ca520 : 2 : ittapi_config_apply_per_lib :  ITTAPI function not implemented: __itt_counter_dec_delta_v3
3504558 : 0x26d1d8089cad57 : 2 : ittapi_config_apply_per_lib :  ITTAPI function not implemented: __itt_marker
3504558 : 0x26d1d8089cb524 : 2 : ittapi_config_apply_per_lib :  ITTAPI function instrumented: __itt_metadata_add
3504558 : 0x26d1d8089cbd4d : 2 : ittapi_config_apply_per_lib :  ITTAPI function not implemented: __itt_metadata_str_add
3504558 : 0x26d1d8089cc583 : 2 : ittapi_config_apply_per_lib :  ITTAPI function not implemented: __itt_relation_add_to_current
3504558 : 0x26d1d8089ccd2d : 2 : ittapi_config_apply_per_lib :  ITTAPI function not implemented: __itt_relation_add
3504558 : 0x26d1d8089ce15c : 2 : ittapi_config_apply_per_lib :  ITTAPI function instrumented: __itt_event_create
3504558 : 0x26d1d8089ce99e : 2 : ittapi_config_apply_per_lib :  ITTAPI function instrumented: __itt_event_start
3504558 : 0x26d1d8089cf0ff : 2 : ittapi_config_apply_per_lib :  ITTAPI function instrumented: __itt_event_end
3504558 : 0x26d1d8089cf500 : 2 : ittapi_config_apply_per_lib :  ITTAPI function NOT instrumented (not matched by --itt-config option): __itt_sync_set_name

3504558 : 0x26d1d8089cf8f9 : 2 : ittapi_config_apply_per_lib :  ITTAPI function NOT instrumented (not matched by --itt-config option): __itt_notify_sync_name

3504558 : 0x26d1d8089cfcba : 2 : ittapi_config_apply_per_lib :  ITTAPI function NOT instrumented (not matched by --itt-config option): __itt_notify_sync_prepare

3504558 : 0x26d1d8089d0059 : 2 : ittapi_config_apply_per_lib :  ITTAPI function NOT instrumented (not matched by --itt-config option): __itt_notify_sync_cancel

3504558 : 0x26d1d8089d045f : 2 : ittapi_config_apply_per_lib :  ITTAPI function NOT instrumented (not matched by --itt-config option): __itt_notify_sync_acquired

3504558 : 0x26d1d8089d0827 : 2 : ittapi_config_apply_per_lib :  ITTAPI function NOT instrumented (not matched by --itt-config option): __itt_notify_sync_releasing

3504558 : 0x26d1d8089d1029 : 2 : ittapi_config_apply_per_lib :  ITTAPI function not implemented: __itt_memory_read
3504558 : 0x26d1d8089d2a7e : 2 : ittapi_config_apply_per_lib :  ITTAPI function not implemented: __itt_memory_write
3504558 : 0x26d1d8089d339f : 2 : ittapi_config_apply_per_lib :  ITTAPI function not implemented: __itt_memory_update
3504558 : 0x26d1d8089d3b30 : 2 : ittapi_config_apply_per_lib :  ITTAPI function not implemented: __itt_state_get
3504558 : 0x26d1d8089d4339 : 2 : ittapi_config_apply_per_lib :  ITTAPI function not implemented: __itt_state_set
3504558 : 0x26d1d8089d4b40 : 2 : ittapi_config_apply_per_lib :  ITTAPI function not implemented: __itt_obj_mode_set
3504558 : 0x26d1d8089d5362 : 2 : ittapi_config_apply_per_lib :  ITTAPI function not implemented: __itt_thr_mode_set
3504558 : 0x26d1d8089d5aee : 2 : ittapi_config_apply_per_lib :  ITTAPI function instrumented: __itt_frame_create
3504558 : 0x26d1d8089d6395 : 2 : ittapi_config_apply_per_lib :  ITTAPI function instrumented: __itt_pt_region_create
3504558 : 0x26d1d8089d6aff : 2 : ittapi_config_apply_per_lib :  ITTAPI function instrumented: __itt_frame_begin
3504558 : 0x26d1d8089d730b : 2 : ittapi_config_apply_per_lib :  ITTAPI function instrumented: __itt_frame_end
3504558 : 0x26d1d8089d8822 : 2 : ittapi_config_apply_per_lib :  ITTAPI function not implemented: __itt_counter_destroy
3504558 : 0x26d1d8089d9014 : 2 : ittapi_config_apply_per_lib :  ITTAPI function instrumented: __itt_counter_inc
3504558 : 0x26d1d8089d97c6 : 2 : ittapi_config_apply_per_lib :  ITTAPI function instrumented: __itt_counter_inc_delta
3504558 : 0x26d1d8089d9f43 : 2 : ittapi_config_apply_per_lib :  ITTAPI function instrumented: __itt_counter_dec
3504558 : 0x26d1d8089da727 : 2 : ittapi_config_apply_per_lib :  ITTAPI function instrumented: __itt_counter_dec_delta
3504558 : 0x26d1d8089dae94 : 2 : ittapi_config_apply_per_lib :  ITTAPI function instrumented: __itt_counter_set_value
3504558 : 0x26d1d8089db684 : 2 : ittapi_config_apply_per_lib :  ITTAPI function not implemented: __itt_counter_set_value_ex
3504558 : 0x26d1d8089dbf8d : 2 : ittapi_config_apply_per_lib :  ITTAPI function not implemented: __itt_mark_create
3504558 : 0x26d1d8089dc7e1 : 2 : ittapi_config_apply_per_lib :  ITTAPI function not implemented: __itt_mark
3504558 : 0x26d1d8089dcfc6 : 2 : ittapi_config_apply_per_lib :  ITTAPI function not implemented: __itt_mark_off
3504558 : 0x26d1d8089de435 : 2 : ittapi_config_apply_per_lib :  ITTAPI function not implemented: __itt_mark_global
3504558 : 0x26d1d8089decd8 : 2 : ittapi_config_apply_per_lib :  ITTAPI function not implemented: __itt_mark_global_off
3504558 : 0x26d1d8089df4f7 : 2 : ittapi_config_apply_per_lib :  ITTAPI function instrumented: __itt_stack_caller_create
3504558 : 0x26d1d8089dfd00 : 2 : ittapi_config_apply_per_lib :  ITTAPI function instrumented: __itt_stack_caller_destroy
3504558 : 0x26d1d8089e047e : 2 : ittapi_config_apply_per_lib :  ITTAPI function instrumented: __itt_stack_callee_enter
3504558 : 0x26d1d8089e0c42 : 2 : ittapi_config_apply_per_lib :  ITTAPI function instrumented: __itt_stack_callee_leave
3504558 : 0x26d1d8089e141b : 2 : ittapi_config_apply_per_lib :  ITTAPI function not implemented: __itt_clock_domain_create
3504558 : 0x26d1d8089e1c4d : 2 : ittapi_config_apply_per_lib :  ITTAPI function not implemented: __itt_clock_domain_reset
3504558 : 0x26d1d8089e2436 : 2 : ittapi_config_apply_per_lib :  ITTAPI function not implemented: __itt_id_create_ex
3504558 : 0x26d1d8089e2c6b : 2 : ittapi_config_apply_per_lib :  ITTAPI function not implemented: __itt_id_destroy_ex
3504558 : 0x26d1d8089e4725 : 2 : ittapi_config_apply_per_lib :  ITTAPI function not implemented: __itt_task_begin_ex
3504558 : 0x26d1d8089e4f4e : 2 : ittapi_config_apply_per_lib :  ITTAPI function not implemented: __itt_task_begin_fn_ex
3504558 : 0x26d1d8089e5749 : 2 : ittapi_config_apply_per_lib :  ITTAPI function not implemented: __itt_task_end_ex
3504558 : 0x26d1d8089e5f25 : 2 : ittapi_config_apply_per_lib :  ITTAPI function instrumented: __itt_task_begin_overlapped
3504558 : 0x26d1d8089e6733 : 2 : ittapi_config_apply_per_lib :  ITTAPI function not implemented: __itt_task_begin_overlapped_ex
3504558 : 0x26d1d8089e6f06 : 2 : ittapi_config_apply_per_lib :  ITTAPI function instrumented: __itt_task_end_overlapped
3504558 : 0x26d1d8089e76e3 : 2 : ittapi_config_apply_per_lib :  ITTAPI function not implemented: __itt_task_end_overlapped_ex
3504558 : 0x26d1d8089e7e7c : 2 : ittapi_config_apply_per_lib :  ITTAPI function not implemented: __itt_marker_ex
3504558 : 0x26d1d8089e86d3 : 2 : ittapi_config_apply_per_lib :  ITTAPI function not implemented: __itt_metadata_add_with_scope
3504558 : 0x26d1d8089e8ec6 : 2 : ittapi_config_apply_per_lib :  ITTAPI function not implemented: __itt_metadata_str_add_with_scope
3504558 : 0x26d1d8089ea340 : 2 : ittapi_config_apply_per_lib :  ITTAPI function not implemented: __itt_relation_add_to_current_ex
3504558 : 0x26d1d8089eabcc : 2 : ittapi_config_apply_per_lib :  ITTAPI function not implemented: __itt_relation_add_ex
3504558 : 0x26d1d8089eb3d7 : 2 : ittapi_config_apply_per_lib :  ITTAPI function not implemented: __itt_track_group_create
3504558 : 0x26d1d8089ebbd6 : 2 : ittapi_config_apply_per_lib :  ITTAPI function not implemented: __itt_track_create
3504558 : 0x26d1d8089ec4aa : 2 : ittapi_config_apply_per_lib :  ITTAPI function not implemented: __itt_set_track
3504558 : 0x26d1d8089ecc7f : 2 : ittapi_config_apply_per_lib :  ITTAPI function instrumented: __itt_api_version
3504558 : 0x26d1d8089ed423 : 2 : ittapi_config_apply_per_lib :  ITTAPI function not implemented: __itt_av_save
3504558 : 0x26d1d8089edc0d : 2 : ittapi_config_apply_per_lib :  ITTAPI function instrumented: __itt_module_load
3504558 : 0x26d1d8089ee3c0 : 2 : ittapi_config_apply_per_lib :  ITTAPI function not implemented: __itt_module_unload
3504558 : 0x26d1d8089ee80a : 2 : ittapi_config_apply_per_lib :  ITTAPI function NOT instrumented (not matched by --itt-config option): __itt_histogram_submit

3504558 : 0x26d1d8089efbd6 : 2 : ittapi_config_apply_per_lib :  ITTAPI function instrumented: __itt_counter_set_value_v3
3504558 : 0x26d1d80c7224d4 : 2 : ittapi_config_mask_get :  --itt-config mask to be applied: 55
3504558 : 0x26d1d80c7244a6 : 2 : ittapi_config_apply_per_lib :  ITTAPI function instrumented: __itt_domain_create
3504558 : 0x26d1d80c725121 : 2 : ittapi_config_apply_per_lib :  ITTAPI function instrumented: __itt_module_load_with_sections
3504558 : 0x26d1d80c72608e : 2 : ittapi_config_apply_per_lib :  ITTAPI function not implemented: __itt_module_unload_with_sections
3504558 : 0x26d1d80c726a65 : 2 : ittapi_config_apply_per_lib :  ITTAPI function instrumented: __itt_string_handle_create
3504558 : 0x26d1d80c72747d : 2 : ittapi_config_apply_per_lib :  ITTAPI function instrumented: __itt_counter_create
3504558 : 0x26d1d80c727c43 : 2 : ittapi_config_apply_per_lib :  ITTAPI function instrumented: __itt_counter_create_typed
3504558 : 0x26d1d80c728425 : 2 : ittapi_config_apply_per_lib :  ITTAPI function instrumented: __itt_pause
3504558 : 0x26d1d80c728e7d : 2 : ittapi_config_apply_per_lib :  ITTAPI function instrumented: __itt_resume
3504558 : 0x26d1d80c7318a4 : 2 : ittapi_config_apply_per_lib :  ITTAPI function instrumented: __itt_thread_set_name
3504558 : 0x26d1d80c732272 : 2 : ittapi_config_apply_per_lib :  ITTAPI function instrumented: __itt_thread_ignore
3504558 : 0x26d1d80c732ac5 : 2 : ittapi_config_apply_per_lib :  ITTAPI function instrumented: __itt_thr_name_set
3504558 : 0x26d1d80c7332f2 : 2 : ittapi_config_apply_per_lib :  ITTAPI function instrumented: __itt_thr_ignore
3504558 : 0x26d1d80c733cf8 : 2 : ittapi_config_apply_per_lib :  ITTAPI function not implemented: __itt_enable_attach
3504558 : 0x26d1d80c734644 : 2 : ittapi_config_apply_per_lib :  ITTAPI function instrumented: __itt_detach
3504558 : 0x26d1d80c734afe : 2 : ittapi_config_apply_per_lib :  ITTAPI function NOT instrumented (not matched by --itt-config option): __itt_sync_create

3504558 : 0x26d1d80c734f3a : 2 : ittapi_config_apply_per_lib :  ITTAPI function NOT instrumented (not matched by --itt-config option): __itt_sync_rename

3504558 : 0x26d1d80c735323 : 2 : ittapi_config_apply_per_lib :  ITTAPI function NOT instrumented (not matched by --itt-config option): __itt_sync_destroy

3504558 : 0x26d1d80c735793 : 2 : ittapi_config_apply_per_lib :  ITTAPI function NOT instrumented (not matched by --itt-config option): __itt_sync_prepare

3504558 : 0x26d1d80c736a66 : 2 : ittapi_config_apply_per_lib :  ITTAPI function NOT instrumented (not matched by --itt-config option): __itt_sync_cancel

3504558 : 0x26d1d80c736f12 : 2 : ittapi_config_apply_per_lib :  ITTAPI function NOT instrumented (not matched by --itt-config option): __itt_sync_acquired

3504558 : 0x26d1d80c737300 : 2 : ittapi_config_apply_per_lib :  ITTAPI function NOT instrumented (not matched by --itt-config option): __itt_sync_releasing

3504558 : 0x26d1d80c737c7f : 2 : ittapi_config_apply_per_lib :  ITTAPI function not implemented: __itt_suppress_push
3504558 : 0x26d1d80c73aa26 : 2 : ittapi_config_apply_per_lib :  ITTAPI function not implemented: __itt_suppress_pop
3504558 : 0x26d1d80c73b308 : 2 : ittapi_config_apply_per_lib :  ITTAPI function not implemented: __itt_suppress_mark_range
3504558 : 0x26d1d80c73bc4c : 2 : ittapi_config_apply_per_lib :  ITTAPI function not implemented: __itt_suppress_clear_range
3504558 : 0x26d1d80c73c03d : 2 : ittapi_config_apply_per_lib :  ITTAPI function NOT instrumented (not matched by --itt-config option): __itt_sync_prepare

3504558 : 0x26d1d80c73c3c8 : 2 : ittapi_config_apply_per_lib :  ITTAPI function NOT instrumented (not matched by --itt-config option): __itt_sync_cancel

3504558 : 0x26d1d80c73c7b0 : 2 : ittapi_config_apply_per_lib :  ITTAPI function NOT instrumented (not matched by --itt-config option): __itt_sync_acquired

3504558 : 0x26d1d80c73dc6e : 2 : ittapi_config_apply_per_lib :  ITTAPI function NOT instrumented (not matched by --itt-config option): __itt_sync_releasing

3504558 : 0x26d1d80c73e0de : 2 : ittapi_config_apply_per_lib :  ITTAPI function NOT instrumented (not matched by --itt-config option): __itt_model_site_begin

3504558 : 0x26d1d80c73e50f : 2 : ittapi_config_apply_per_lib :  ITTAPI function NOT instrumented (not matched by --itt-config option): __itt_model_site_end

3504558 : 0x26d1d80c73e8a9 : 2 : ittapi_config_apply_per_lib :  ITTAPI function NOT instrumented (not matched by --itt-config option): __itt_model_task_begin

3504558 : 0x26d1d80c73ed74 : 2 : ittapi_config_apply_per_lib :  ITTAPI function NOT instrumented (not matched by --itt-config option): __itt_model_task_end

3504558 : 0x26d1d80c73f166 : 2 : ittapi_config_apply_per_lib :  ITTAPI function NOT instrumented (not matched by --itt-config option): __itt_model_lock_acquire

3504558 : 0x26d1d80c73f4f0 : 2 : ittapi_config_apply_per_lib :  ITTAPI function NOT instrumented (not matched by --itt-config option): __itt_model_lock_release

3504558 : 0x26d1d80c73f8c0 : 2 : ittapi_config_apply_per_lib :  ITTAPI function NOT instrumented (not matched by --itt-config option): __itt_model_record_allocation

3504558 : 0x26d1d80c73fd18 : 2 : ittapi_config_apply_per_lib :  ITTAPI function NOT instrumented (not matched by --itt-config option): __itt_model_record_deallocation

3504558 : 0x26d1d80c7400bc : 2 : ittapi_config_apply_per_lib :  ITTAPI function NOT instrumented (not matched by --itt-config option): __itt_model_induction_uses

3504558 : 0x26d1d80c74188b : 2 : ittapi_config_apply_per_lib :  ITTAPI function NOT instrumented (not matched by --itt-config option): __itt_model_reduction_uses

3504558 : 0x26d1d80c741c9e : 2 : ittapi_config_apply_per_lib :  ITTAPI function NOT instrumented (not matched by --itt-config option): __itt_model_observe_uses

3504558 : 0x26d1d80c7420a3 : 2 : ittapi_config_apply_per_lib :  ITTAPI function NOT instrumented (not matched by --itt-config option): __itt_model_clear_uses

3504558 : 0x26d1d80c74246d : 2 : ittapi_config_apply_per_lib :  ITTAPI function NOT instrumented (not matched by --itt-config option): __itt_model_site_beginA

3504558 : 0x26d1d80c742841 : 2 : ittapi_config_apply_per_lib :  ITTAPI function NOT instrumented (not matched by --itt-config option): __itt_model_site_beginAL

3504558 : 0x26d1d80c742c1f : 2 : ittapi_config_apply_per_lib :  ITTAPI function NOT instrumented (not matched by --itt-config option): __itt_model_task_beginA

3504558 : 0x26d1d80c743023 : 2 : ittapi_config_apply_per_lib :  ITTAPI function NOT instrumented (not matched by --itt-config option): __itt_model_task_beginAL

3504558 : 0x26d1d80c7434ce : 2 : ittapi_config_apply_per_lib :  ITTAPI function NOT instrumented (not matched by --itt-config option): __itt_model_iteration_taskA

3504558 : 0x26d1d80c7438a8 : 2 : ittapi_config_apply_per_lib :  ITTAPI function NOT instrumented (not matched by --itt-config option): __itt_model_iteration_taskAL

3504558 : 0x26d1d80c743c6f : 2 : ittapi_config_apply_per_lib :  ITTAPI function NOT instrumented (not matched by --itt-config option): __itt_model_site_end_2

3504558 : 0x26d1d80c744c5b : 2 : ittapi_config_apply_per_lib :  ITTAPI function NOT instrumented (not matched by --itt-config option): __itt_model_task_end_2

3504558 : 0x26d1d80c745a06 : 2 : ittapi_config_apply_per_lib :  ITTAPI function NOT instrumented (not matched by --itt-config option): __itt_model_lock_acquire_2

3504558 : 0x26d1d80c745da0 : 2 : ittapi_config_apply_per_lib :  ITTAPI function NOT instrumented (not matched by --itt-config option): __itt_model_lock_release_2

3504558 : 0x26d1d80c74619f : 2 : ittapi_config_apply_per_lib :  ITTAPI function NOT instrumented (not matched by --itt-config option): __itt_model_aggregate_task

3504558 : 0x26d1d80c7465a4 : 2 : ittapi_config_apply_per_lib :  ITTAPI function NOT instrumented (not matched by --itt-config option): __itt_model_disable_push

3504558 : 0x26d1d80c7469a6 : 2 : ittapi_config_apply_per_lib :  ITTAPI function NOT instrumented (not matched by --itt-config option): __itt_model_disable_pop

3504558 : 0x26d1d80c74729f : 2 : ittapi_config_apply_per_lib :  ITTAPI function instrumented: __itt_heap_function_create
3504558 : 0x26d1d80c747b1a : 2 : ittapi_config_apply_per_lib :  ITTAPI function instrumented: __itt_heap_allocate_begin
3504558 : 0x26d1d80c74824c : 2 : ittapi_config_apply_per_lib :  ITTAPI function instrumented: __itt_heap_allocate_end
3504558 : 0x26d1d80c748a48 : 2 : ittapi_config_apply_per_lib :  ITTAPI function instrumented: __itt_heap_free_begin
3504558 : 0x26d1d80c749f74 : 2 : ittapi_config_apply_per_lib :  ITTAPI function instrumented: __itt_heap_free_end
3504558 : 0x26d1d80c74a74c : 2 : ittapi_config_apply_per_lib :  ITTAPI function instrumented: __itt_heap_reallocate_begin
3504558 : 0x26d1d80c74afc3 : 2 : ittapi_config_apply_per_lib :  ITTAPI function instrumented: __itt_heap_reallocate_end
3504558 : 0x26d1d80c74b916 : 2 : ittapi_config_apply_per_lib :  ITTAPI function not implemented: __itt_heap_internal_access_begin
3504558 : 0x26d1d80c74c1e6 : 2 : ittapi_config_apply_per_lib :  ITTAPI function not implemented: __itt_heap_internal_access_end
3504558 : 0x26d1d80c74ca97 : 2 : ittapi_config_apply_per_lib :  ITTAPI function not implemented: __itt_heap_record_memory_growth_begin
3504558 : 0x26d1d80c74d338 : 2 : ittapi_config_apply_per_lib :  ITTAPI function not implemented: __itt_heap_record_memory_growth_end
3504558 : 0x26d1d80c74db85 : 2 : ittapi_config_apply_per_lib :  ITTAPI function not implemented: __itt_heap_reset_detection
3504558 : 0x26d1d80c74e49e : 2 : ittapi_config_apply_per_lib :  ITTAPI function not implemented: __itt_heap_record
3504558 : 0x26d1d80c74ed81 : 2 : ittapi_config_apply_per_lib :  ITTAPI function not implemented: __itt_id_create
3504558 : 0x26d1d80c750a49 : 2 : ittapi_config_apply_per_lib :  ITTAPI function not implemented: __itt_id_destroy
3504558 : 0x26d1d80c75129a : 2 : ittapi_config_apply_per_lib :  ITTAPI function instrumented: __itt_get_timestamp
3504558 : 0x26d1d80c751a5d : 2 : ittapi_config_apply_per_lib :  ITTAPI function not implemented: __itt_region_begin
3504558 : 0x26d1d80c7522bc : 2 : ittapi_config_apply_per_lib :  ITTAPI function not implemented: __itt_region_end
3504558 : 0x26d1d80c752a77 : 2 : ittapi_config_apply_per_lib :  ITTAPI function instrumented: __itt_frame_begin_v3
3504558 : 0x26d1d80c7532db : 2 : ittapi_config_apply_per_lib :  ITTAPI function instrumented: __itt_frame_end_v3
3504558 : 0x26d1d80c753a71 : 2 : ittapi_config_apply_per_lib :  ITTAPI function instrumented: __itt_frame_submit_v3
3504558 : 0x26d1d80c7542ed : 2 : ittapi_config_apply_per_lib :  ITTAPI function not implemented: __itt_task_group
3504558 : 0x26d1d80c754c43 : 2 : ittapi_config_apply_per_lib :  ITTAPI function instrumented: __itt_task_begin
3504558 : 0x26d1d80c7554a3 : 2 : ittapi_config_apply_per_lib :  ITTAPI function instrumented: __itt_task_begin_fn
3504558 : 0x26d1d80c7569e1 : 2 : ittapi_config_apply_per_lib :  ITTAPI function instrumented: __itt_task_end
3504558 : 0x26d1d80c757366 : 2 : ittapi_config_apply_per_lib :  ITTAPI function not implemented: __itt_counter_inc_v3
3504558 : 0x26d1d80c757bf6 : 2 : ittapi_config_apply_per_lib :  ITTAPI function not implemented: __itt_counter_inc_delta_v3
3504558 : 0x26d1d80c758440 : 2 : ittapi_config_apply_per_lib :  ITTAPI function not implemented: __itt_counter_dec_v3
3504558 : 0x26d1d80c758c69 : 2 : ittapi_config_apply_per_lib :  ITTAPI function not implemented: __itt_counter_dec_delta_v3
3504558 : 0x26d1d80c7594a3 : 2 : ittapi_config_apply_per_lib :  ITTAPI function not implemented: __itt_marker
3504558 : 0x26d1d80c759d5a : 2 : ittapi_config_apply_per_lib :  ITTAPI function instrumented: __itt_metadata_add
3504558 : 0x26d1d80c75a589 : 2 : ittapi_config_apply_per_lib :  ITTAPI function not implemented: __itt_metadata_str_add
3504558 : 0x26d1d80c75ae15 : 2 : ittapi_config_apply_per_lib :  ITTAPI function not implemented: __itt_relation_add_to_current
3504558 : 0x26d1d80c75b5b2 : 2 : ittapi_config_apply_per_lib :  ITTAPI function not implemented: __itt_relation_add
3504558 : 0x26d1d80c75ca49 : 2 : ittapi_config_apply_per_lib :  ITTAPI function instrumented: __itt_event_create
3504558 : 0x26d1d80c75d2b9 : 2 : ittapi_config_apply_per_lib :  ITTAPI function instrumented: __itt_event_start
3504558 : 0x26d1d80c75d9ed : 2 : ittapi_config_apply_per_lib :  ITTAPI function instrumented: __itt_event_end
3504558 : 0x26d1d80c75dde3 : 2 : ittapi_config_apply_per_lib :  ITTAPI function NOT instrumented (not matched by --itt-config option): __itt_sync_set_name

3504558 : 0x26d1d80c75e1e3 : 2 : ittapi_config_apply_per_lib :  ITTAPI function NOT instrumented (not matched by --itt-config option): __itt_notify_sync_name

3504558 : 0x26d1d80c75e5b8 : 2 : ittapi_config_apply_per_lib :  ITTAPI function NOT instrumented (not matched by --itt-config option): __itt_notify_sync_prepare

3504558 : 0x26d1d80c75e95c : 2 : ittapi_config_apply_per_lib :  ITTAPI function NOT instrumented (not matched by --itt-config option): __itt_notify_sync_cancel

3504558 : 0x26d1d80c75ed65 : 2 : ittapi_config_apply_per_lib :  ITTAPI function NOT instrumented (not matched by --itt-config option): __itt_notify_sync_acquired

3504558 : 0x26d1d80c75f110 : 2 : ittapi_config_apply_per_lib :  ITTAPI function NOT instrumented (not matched by --itt-config option): __itt_notify_sync_releasing

3504558 : 0x26d1d80c75f920 : 2 : ittapi_config_apply_per_lib :  ITTAPI function not implemented: __itt_memory_read
3504558 : 0x26d1d80c761542 : 2 : ittapi_config_apply_per_lib :  ITTAPI function not implemented: __itt_memory_write
3504558 : 0x26d1d80c761df4 : 2 : ittapi_config_apply_per_lib :  ITTAPI function not implemented: __itt_memory_update
3504558 : 0x26d1d80c762630 : 2 : ittapi_config_apply_per_lib :  ITTAPI function not implemented: __itt_state_get
3504558 : 0x26d1d80c7656b1 : 2 : ittapi_config_apply_per_lib :  ITTAPI function not implemented: __itt_state_set
3504558 : 0x26d1d80c765e5a : 2 : ittapi_config_apply_per_lib :  ITTAPI function not implemented: __itt_obj_mode_set
3504558 : 0x26d1d80c766676 : 2 : ittapi_config_apply_per_lib :  ITTAPI function not implemented: __itt_thr_mode_set
3504558 : 0x26d1d80c766d97 : 2 : ittapi_config_apply_per_lib :  ITTAPI function instrumented: __itt_frame_create
3504558 : 0x26d1d80c767505 : 2 : ittapi_config_apply_per_lib :  ITTAPI function instrumented: __itt_pt_region_create
3504558 : 0x26d1d80c767cb6 : 2 : ittapi_config_apply_per_lib :  ITTAPI function instrumented: __itt_frame_begin
3504558 : 0x26d1d80c768441 : 2 : ittapi_config_apply_per_lib :  ITTAPI function instrumented: __itt_frame_end
3504558 : 0x26d1d80c7698fe : 2 : ittapi_config_apply_per_lib :  ITTAPI function not implemented: __itt_counter_destroy
3504558 : 0x26d1d80c76a076 : 2 : ittapi_config_apply_per_lib :  ITTAPI function instrumented: __itt_counter_inc
3504558 : 0x26d1d80c76a805 : 2 : ittapi_config_apply_per_lib :  ITTAPI function instrumented: __itt_counter_inc_delta
3504558 : 0x26d1d80c76af1b : 2 : ittapi_config_apply_per_lib :  ITTAPI function instrumented: __itt_counter_dec
3504558 : 0x26d1d80c76b6cc : 2 : ittapi_config_apply_per_lib :  ITTAPI function instrumented: __itt_counter_dec_delta
3504558 : 0x26d1d80c76be0c : 2 : ittapi_config_apply_per_lib :  ITTAPI function instrumented: __itt_counter_set_value
3504558 : 0x26d1d80c76c5a3 : 2 : ittapi_config_apply_per_lib :  ITTAPI function not implemented: __itt_counter_set_value_ex
3504558 : 0x26d1d80c76cd03 : 2 : ittapi_config_apply_per_lib :  ITTAPI function not implemented: __itt_mark_create
3504558 : 0x26d1d80c76d4f7 : 2 : ittapi_config_apply_per_lib :  ITTAPI function not implemented: __itt_mark
3504558 : 0x26d1d80c76dc71 : 2 : ittapi_config_apply_per_lib :  ITTAPI function not implemented: __itt_mark_off
3504558 : 0x26d1d80c76f040 : 2 : ittapi_config_apply_per_lib :  ITTAPI function not implemented: __itt_mark_global
3504558 : 0x26d1d80c76f832 : 2 : ittapi_config_apply_per_lib :  ITTAPI function not implemented: __itt_mark_global_off
3504558 : 0x26d1d80c76ffd4 : 2 : ittapi_config_apply_per_lib :  ITTAPI function instrumented: __itt_stack_caller_create
3504558 : 0x26d1d80c77079c : 2 : ittapi_config_apply_per_lib :  ITTAPI function instrumented: __itt_stack_caller_destroy
3504558 : 0x26d1d80c770ec9 : 2 : ittapi_config_apply_per_lib :  ITTAPI function instrumented: __itt_stack_callee_enter
3504558 : 0x26d1d80c771613 : 2 : ittapi_config_apply_per_lib :  ITTAPI function instrumented: __itt_stack_callee_leave
3504558 : 0x26d1d80c771f48 : 2 : ittapi_config_apply_per_lib :  ITTAPI function not implemented: __itt_clock_domain_create
3504558 : 0x26d1d80c772745 : 2 : ittapi_config_apply_per_lib :  ITTAPI function not implemented: __itt_clock_domain_reset
3504558 : 0x26d1d80c772ee3 : 2 : ittapi_config_apply_per_lib :  ITTAPI function not implemented: __itt_id_create_ex
3504558 : 0x26d1d80c7736c6 : 2 : ittapi_config_apply_per_lib :  ITTAPI function not implemented: __itt_id_destroy_ex
3504558 : 0x26d1d80c774acd : 2 : ittapi_config_apply_per_lib :  ITTAPI function not implemented: __itt_task_begin_ex
3504558 : 0x26d1d80c77524b : 2 : ittapi_config_apply_per_lib :  ITTAPI function not implemented: __itt_task_begin_fn_ex
3504558 : 0x26d1d80c775a72 : 2 : ittapi_config_apply_per_lib :  ITTAPI function not implemented: __itt_task_end_ex
3504558 : 0x26d1d80c776213 : 2 : ittapi_config_apply_per_lib :  ITTAPI function instrumented: __itt_task_begin_overlapped
3504558 : 0x26d1d80c776a2d : 2 : ittapi_config_apply_per_lib :  ITTAPI function not implemented: __itt_task_begin_overlapped_ex
3504558 : 0x26d1d80c777161 : 2 : ittapi_config_apply_per_lib :  ITTAPI function instrumented: __itt_task_end_overlapped
3504558 : 0x26d1d80c777957 : 2 : ittapi_config_apply_per_lib :  ITTAPI function not implemented: __itt_task_end_overlapped_ex
3504558 : 0x26d1d80c77814d : 2 : ittapi_config_apply_per_lib :  ITTAPI function not implemented: __itt_marker_ex
3504558 : 0x26d1d80c7789b9 : 2 : ittapi_config_apply_per_lib :  ITTAPI function not implemented: __itt_metadata_add_with_scope
3504558 : 0x26d1d80c77916f : 2 : ittapi_config_apply_per_lib :  ITTAPI function not implemented: __itt_metadata_str_add_with_scope
3504558 : 0x26d1d80c77abc5 : 2 : ittapi_config_apply_per_lib :  ITTAPI function not implemented: __itt_relation_add_to_current_ex
3504558 : 0x26d1d80c77b3fc : 2 : ittapi_config_apply_per_lib :  ITTAPI function not implemented: __itt_relation_add_ex
3504558 : 0x26d1d80c77bc45 : 2 : ittapi_config_apply_per_lib :  ITTAPI function not implemented: __itt_track_group_create
3504558 : 0x26d1d80c77c3dd : 2 : ittapi_config_apply_per_lib :  ITTAPI function not implemented: __itt_track_create
3504558 : 0x26d1d80c77cb44 : 2 : ittapi_config_apply_per_lib :  ITTAPI function not implemented: __itt_set_track
3504558 : 0x26d1d80c77d327 : 2 : ittapi_config_apply_per_lib :  ITTAPI function instrumented: __itt_api_version
3504558 : 0x26d1d80c77dab6 : 2 : ittapi_config_apply_per_lib :  ITTAPI function not implemented: __itt_av_save
3504558 : 0x26d1d80c77e262 : 2 : ittapi_config_apply_per_lib :  ITTAPI function instrumented: __itt_module_load
3504558 : 0x26d1d80c77e9b5 : 2 : ittapi_config_apply_per_lib :  ITTAPI function not implemented: __itt_module_unload