4 [688835136] INFO perfrun.launcher <> - Launcher main begin
14 [688835136] INFO perfrun.launcher <> - MessageCatalogInit finished
14 [688835136] INFO perfrun.launcher <> - Launcher instance created
14 [688835136] INFO perfrun.launcher <> - argc = 6; cmdline = /lustre/home/br-gkim/intel/oneapi/vtune/2024.1/bin32/amplxe-runss -dump-vdso -r /var/tmp/pbs.86108.gw4head/amplxe-tmp-br-gkim/amplxe-res-1707706-200379097579591038 --tmp-dir /var/tmp/pbs.86108.gw4head/amplxe-tmp-br-gkim 
69 [688835136] INFO perfrun.launcher <> - create msngr2::ICliToolContext
69 [688835136] INFO perfrun.launcher <> - create file finder object
79 [688220992] INFO perfrun.launcher <> - plugin [remoteplug] was disabled because it doesn't support the given collection type.
79 [688220992] INFO perfrun.launcher <> - plugin [] was disabled because it doesn't support the given collection type.
79 [688220992] INFO perfrun.vdso <> - dumping [vdso] pseudomodule
80 [688220992] INFO perfrun.launcher <> - plugin [] was disabled because it doesn't support the given collection type.
80 [688220992] INFO perfrun.launcher <> - plugin [] was disabled because it doesn't support the given collection type.
80 [688220992] INFO perfrun.launcher <> - plugin [] was disabled because it doesn't support the given collection type.
80 [688220992] INFO perfrun.launcher <> - plugin [] was disabled because it doesn't support the given collection type.
80 [688220992] INFO perfrun.launcher <> - plugin [] was disabled because it doesn't support the given collection type.
80 [688220992] INFO perfrun.launcher <> - plugin [] was disabled because it doesn't support the given collection type.
80 [688220992] INFO perfrun.launcher <> - plugin [] was disabled because it doesn't support the given collection type.
80 [688220992] INFO perfrun.launcher <> - plugin [] was disabled because it doesn't support the given collection type.
80 [688220992] INFO perfrun.launcher <> - plugin [] was disabled because it doesn't support the given collection type.
80 [688220992] INFO perfrun.launcher <> - plugin [] was disabled because it doesn't support the given collection type.
80 [688220992] INFO perfrun.launcher <> - plugin [] was disabled because it doesn't support the given collection type.
80 [688220992] INFO perfrun.launcher <> - plugin [] was disabled because it doesn't support the given collection type.
80 [688220992] INFO perfrun.launcher <> - plugin [] was disabled because it doesn't support the given collection type.
80 [688220992] INFO perfrun.launcher <> - plugin [] was disabled because it doesn't support the given collection type.
80 [688220992] INFO perfrun.launcher <> - plugin [] was disabled because it doesn't support the given collection type.
80 [688220992] INFO perfrun.launcher <> - plugin [] was disabled because it doesn't support the given collection type.
80 [688220992] INFO perfrun.launcher <> - plugin [] was disabled because it doesn't support the given collection type.
80 [688220992] INFO perfrun.launcher <> - plugin [] was disabled because it doesn't support the given collection type.
80 [688220992] INFO perfrun.launcher <> - plugin [] was disabled because it doesn't support the given collection type.
80 [688220992] INFO perfrun.launcher <> - plugin [] was disabled because it doesn't support the given collection type.
80 [688220992] INFO perfrun.launcher <> - plugin [] was disabled because it doesn't support the given collection type.
80 [688220992] INFO perfrun.launcher <> - plugin [] was disabled because it doesn't support the given collection type.
80 [688220992] INFO perfrun.launcher <> - plugin [] was disabled because it doesn't support the given collection type.
80 [688220992] INFO perfrun.launcher <> - plugin [] was disabled because it doesn't support the given collection type.
80 [688835136] INFO perfrun.launcher <> - Application exit code: 0
80 [688835136] INFO perfrun.launcher <> - Exit code: 0
