
1708660 : 0x26f63f8086255b : 1 : spill_jit_data :  Jit agent is not initialized
1708631 : 0x26f63f808678bf : 2 : ittapi_config_mask_get :  --itt-config mask to be applied: 55
1708631 : 0x26f63f8086a045 : 2 : ittapi_config_apply_per_lib :  ITTAPI function instrumented: __itt_domain_create
1708631 : 0x26f63f8086af3a : 2 : ittapi_config_apply_per_lib :  ITTAPI function instrumented: __itt_module_load_with_sections
1708631 : 0x26f63f8086c19a : 2 : ittapi_config_apply_per_lib :  ITTAPI function not implemented: __itt_module_unload_with_sections
1708631 : 0x26f63f8086cfaf : 2 : ittapi_config_apply_per_lib :  ITTAPI function instrumented: __itt_string_handle_create
1708631 : 0x26f63f8086db64 : 2 : ittapi_config_apply_per_lib :  ITTAPI function instrumented: __itt_counter_create
1708631 : 0x26f63f8086e5f9 : 2 : ittapi_config_apply_per_lib :  ITTAPI function instrumented: __itt_counter_create_typed
1708631 : 0x26f63f8086f1c8 : 2 : ittapi_config_apply_per_lib :  ITTAPI function instrumented: __itt_pause
1708631 : 0x26f63f8086fc6d : 2 : ittapi_config_apply_per_lib :  ITTAPI function instrumented: __itt_resume
1708631 : 0x26f63f808781da : 2 : ittapi_config_apply_per_lib :  ITTAPI function not implemented: __itt_pause_scoped
1708631 : 0x26f63f80879003 : 2 : ittapi_config_apply_per_lib :  ITTAPI function not implemented: __itt_resume_scoped
1708631 : 0x26f63f80879b29 : 2 : ittapi_config_apply_per_lib :  ITTAPI function instrumented: __itt_thread_set_name
1708631 : 0x26f63f8087a696 : 2 : ittapi_config_apply_per_lib :  ITTAPI function instrumented: __itt_thread_ignore
1708631 : 0x26f63f8087b13f : 2 : ittapi_config_apply_per_lib :  ITTAPI function instrumented: __itt_thr_name_set
1708631 : 0x26f63f8087bca2 : 2 : ittapi_config_apply_per_lib :  ITTAPI function instrumented: __itt_thr_ignore
1708631 : 0x26f63f8087c764 : 2 : ittapi_config_apply_per_lib :  ITTAPI function instrumented: __itt_histogram_create
1708631 : 0x26f63f8087d270 : 2 : ittapi_config_apply_per_lib :  ITTAPI function instrumented: __itt_counter_create_v3
1708631 : 0x26f63f8087ddc0 : 2 : ittapi_config_apply_per_lib :  ITTAPI function instrumented: __itt_bind_context_metadata_to_counter
1708631 : 0x26f63f8087e9ba : 2 : ittapi_config_apply_per_lib :  ITTAPI function not implemented: __itt_enable_attach
1708631 : 0x26f63f80880d03 : 2 : ittapi_config_apply_per_lib :  ITTAPI function instrumented: __itt_detach
1708631 : 0x26f63f8088138f : 2 : ittapi_config_apply_per_lib :  ITTAPI function NOT instrumented (not matched by --itt-config option): __itt_sync_create

1708631 : 0x26f63f808819b3 : 2 : ittapi_config_apply_per_lib :  ITTAPI function NOT instrumented (not matched by --itt-config option): __itt_sync_rename

1708631 : 0x26f63f80881f69 : 2 : ittapi_config_apply_per_lib :  ITTAPI function NOT instrumented (not matched by --itt-config option): __itt_sync_destroy

1708631 : 0x26f63f808824cb : 2 : ittapi_config_apply_per_lib :  ITTAPI function NOT instrumented (not matched by --itt-config option): __itt_sync_prepare

1708631 : 0x26f63f808829fb : 2 : ittapi_config_apply_per_lib :  ITTAPI function NOT instrumented (not matched by --itt-config option): __itt_sync_cancel

1708631 : 0x26f63f80882eeb : 2 : ittapi_config_apply_per_lib :  ITTAPI function NOT instrumented (not matched by --itt-config option): __itt_sync_acquired

1708631 : 0x26f63f808834a3 : 2 : ittapi_config_apply_per_lib :  ITTAPI function NOT instrumented (not matched by --itt-config option): __itt_sync_releasing

1708631 : 0x26f63f8088406b : 2 : ittapi_config_apply_per_lib :  ITTAPI function not implemented: __itt_suppress_push
1708631 : 0x26f63f80884db4 : 2 : ittapi_config_apply_per_lib :  ITTAPI function not implemented: __itt_suppress_pop
1708631 : 0x26f63f80886df4 : 2 : ittapi_config_apply_per_lib :  ITTAPI function not implemented: __itt_suppress_mark_range
1708631 : 0x26f63f80887b0e : 2 : ittapi_config_apply_per_lib :  ITTAPI function not implemented: __itt_suppress_clear_range
1708631 : 0x26f63f80888067 : 2 : ittapi_config_apply_per_lib :  ITTAPI function NOT instrumented (not matched by --itt-config option): __itt_sync_prepare

1708631 : 0x26f63f8088865a : 2 : ittapi_config_apply_per_lib :  ITTAPI function NOT instrumented (not matched by --itt-config option): __itt_sync_cancel

1708631 : 0x26f63f80888b89 : 2 : ittapi_config_apply_per_lib :  ITTAPI function NOT instrumented (not matched by --itt-config option): __itt_sync_acquired

1708631 : 0x26f63f8088909a : 2 : ittapi_config_apply_per_lib :  ITTAPI function NOT instrumented (not matched by --itt-config option): __itt_sync_releasing

1708631 : 0x26f63f808895f7 : 2 : ittapi_config_apply_per_lib :  ITTAPI function NOT instrumented (not matched by --itt-config option): __itt_model_site_begin

1708631 : 0x26f63f80889bd9 : 2 : ittapi_config_apply_per_lib :  ITTAPI function NOT instrumented (not matched by --itt-config option): __itt_model_site_end

1708631 : 0x26f63f8088a140 : 2 : ittapi_config_apply_per_lib :  ITTAPI function NOT instrumented (not matched by --itt-config option): __itt_model_task_begin

1708631 : 0x26f63f8088a6e0 : 2 : ittapi_config_apply_per_lib :  ITTAPI function NOT instrumented (not matched by --itt-config option): __itt_model_task_end

1708631 : 0x26f63f8088cd62 : 2 : ittapi_config_apply_per_lib :  ITTAPI function NOT instrumented (not matched by --itt-config option): __itt_model_lock_acquire

1708631 : 0x26f63f8088d388 : 2 : ittapi_config_apply_per_lib :  ITTAPI function NOT instrumented (not matched by --itt-config option): __itt_model_lock_release

1708631 : 0x26f63f8088d8b8 : 2 : ittapi_config_apply_per_lib :  ITTAPI function NOT instrumented (not matched by --itt-config option): __itt_model_record_allocation

1708631 : 0x26f63f8088df19 : 2 : ittapi_config_apply_per_lib :  ITTAPI function NOT instrumented (not matched by --itt-config option): __itt_model_record_deallocation

1708631 : 0x26f63f8088e503 : 2 : ittapi_config_apply_per_lib :  ITTAPI function NOT instrumented (not matched by --itt-config option): __itt_model_induction_uses

1708631 : 0x26f63f8088ea70 : 2 : ittapi_config_apply_per_lib :  ITTAPI function NOT instrumented (not matched by --itt-config option): __itt_model_reduction_uses

1708631 : 0x26f63f8088f006 : 2 : ittapi_config_apply_per_lib :  ITTAPI function NOT instrumented (not matched by --itt-config option): __itt_model_observe_uses

1708631 : 0x26f63f8088f5fc : 2 : ittapi_config_apply_per_lib :  ITTAPI function NOT instrumented (not matched by --itt-config option): __itt_model_clear_uses

1708631 : 0x26f63f8088fba4 : 2 : ittapi_config_apply_per_lib :  ITTAPI function NOT instrumented (not matched by --itt-config option): __itt_model_site_beginA

1708631 : 0x26f63f80890144 : 2 : ittapi_config_apply_per_lib :  ITTAPI function NOT instrumented (not matched by --itt-config option): __itt_model_site_beginAL

1708631 : 0x26f63f808918fd : 2 : ittapi_config_apply_per_lib :  ITTAPI function NOT instrumented (not matched by --itt-config option): __itt_model_task_beginA

1708631 : 0x26f63f80891f90 : 2 : ittapi_config_apply_per_lib :  ITTAPI function NOT instrumented (not matched by --itt-config option): __itt_model_task_beginAL

1708631 : 0x26f63f80892528 : 2 : ittapi_config_apply_per_lib :  ITTAPI function NOT instrumented (not matched by --itt-config option): __itt_model_iteration_taskA

1708631 : 0x26f63f80892aff : 2 : ittapi_config_apply_per_lib :  ITTAPI function NOT instrumented (not matched by --itt-config option): __itt_model_iteration_taskAL

1708631 : 0x26f63f808930a7 : 2 : ittapi_config_apply_per_lib :  ITTAPI function NOT instrumented (not matched by --itt-config option): __itt_model_site_end_2

1708631 : 0x26f63f80893653 : 2 : ittapi_config_apply_per_lib :  ITTAPI function NOT instrumented (not matched by --itt-config option): __itt_model_task_end_2

1708631 : 0x26f63f80893bb9 : 2 : ittapi_config_apply_per_lib :  ITTAPI function NOT instrumented (not matched by --itt-config option): __itt_model_lock_acquire_2

1708631 : 0x26f63f808941bb : 2 : ittapi_config_apply_per_lib :  ITTAPI function NOT instrumented (not matched by --itt-config option): __itt_model_lock_release_2

1708631 : 0x26f63f80894766 : 2 : ittapi_config_apply_per_lib :  ITTAPI function NOT instrumented (not matched by --itt-config option): __itt_model_aggregate_task

1708631 : 0x26f63f80894cf8 : 2 : ittapi_config_apply_per_lib :  ITTAPI function NOT instrumented (not matched by --itt-config option): __itt_model_disable_push

1708631 : 0x26f63f80896d06 : 2 : ittapi_config_apply_per_lib :  ITTAPI function NOT instrumented (not matched by --itt-config option): __itt_model_disable_pop

1708631 : 0x26f63f80897a10 : 2 : ittapi_config_apply_per_lib :  ITTAPI function instrumented: __itt_heap_function_create
1708631 : 0x26f63f808986b6 : 2 : ittapi_config_apply_per_lib :  ITTAPI function instrumented: __itt_heap_allocate_begin
1708631 : 0x26f63f8089919a : 2 : ittapi_config_apply_per_lib :  ITTAPI function instrumented: __itt_heap_allocate_end
1708631 : 0x26f63f80899d36 : 2 : ittapi_config_apply_per_lib :  ITTAPI function instrumented: __itt_heap_free_begin
1708631 : 0x26f63f8089a816 : 2 : ittapi_config_apply_per_lib :  ITTAPI function instrumented: __itt_heap_free_end
1708631 : 0x26f63f8089b39b : 2 : ittapi_config_apply_per_lib :  ITTAPI function instrumented: __itt_heap_reallocate_begin
1708631 : 0x26f63f8089be44 : 2 : ittapi_config_apply_per_lib :  ITTAPI function instrumented: __itt_heap_reallocate_end
1708631 : 0x26f63f8089cadd : 2 : ittapi_config_apply_per_lib :  ITTAPI function not implemented: __itt_heap_internal_access_begin
1708631 : 0x26f63f8089d71e : 2 : ittapi_config_apply_per_lib :  ITTAPI function not implemented: __itt_heap_internal_access_end
1708631 : 0x26f63f8089f6a8 : 2 : ittapi_config_apply_per_lib :  ITTAPI function not implemented: __itt_heap_record_memory_growth_begin
1708631 : 0x26f63f808a03b8 : 2 : ittapi_config_apply_per_lib :  ITTAPI function not implemented: __itt_heap_record_memory_growth_end
1708631 : 0x26f63f808a0f53 : 2 : ittapi_config_apply_per_lib :  ITTAPI function not implemented: __itt_heap_reset_detection
1708631 : 0x26f63f808a1c2d : 2 : ittapi_config_apply_per_lib :  ITTAPI function not implemented: __itt_heap_record
1708631 : 0x26f63f808a2830 : 2 : ittapi_config_apply_per_lib :  ITTAPI function not implemented: __itt_id_create
1708631 : 0x26f63f808a33ff : 2 : ittapi_config_apply_per_lib :  ITTAPI function not implemented: __itt_id_destroy
1708631 : 0x26f63f808a3f3a : 2 : ittapi_config_apply_per_lib :  ITTAPI function instrumented: __itt_get_timestamp
1708631 : 0x26f63f808a4b40 : 2 : ittapi_config_apply_per_lib :  ITTAPI function not implemented: __itt_region_begin
1708631 : 0x26f63f808a56ce : 2 : ittapi_config_apply_per_lib :  ITTAPI function not implemented: __itt_region_end
1708631 : 0x26f63f808a62c6 : 2 : ittapi_config_apply_per_lib :  ITTAPI function instrumented: __itt_frame_begin_v3
1708631 : 0x26f63f808a81c7 : 2 : ittapi_config_apply_per_lib :  ITTAPI function instrumented: __itt_frame_end_v3
1708631 : 0x26f63f808a8d75 : 2 : ittapi_config_apply_per_lib :  ITTAPI function instrumented: __itt_frame_submit_v3
1708631 : 0x26f63f808a9ab8 : 2 : ittapi_config_apply_per_lib :  ITTAPI function not implemented: __itt_task_group
1708631 : 0x26f63f808aa5df : 2 : ittapi_config_apply_per_lib :  ITTAPI function instrumented: __itt_task_begin
1708631 : 0x26f63f808ab121 : 2 : ittapi_config_apply_per_lib :  ITTAPI function instrumented: __itt_task_begin_fn
1708631 : 0x26f63f808abb2e : 2 : ittapi_config_apply_per_lib :  ITTAPI function instrumented: __itt_task_end
1708631 : 0x26f63f808ac754 : 2 : ittapi_config_apply_per_lib :  ITTAPI function not implemented: __itt_counter_inc_v3
1708631 : 0x26f63f808ad2e3 : 2 : ittapi_config_apply_per_lib :  ITTAPI function not implemented: __itt_counter_inc_delta_v3
1708631 : 0x26f63f808ade89 : 2 : ittapi_config_apply_per_lib :  ITTAPI function not implemented: __itt_counter_dec_v3
1708631 : 0x26f63f808ae9ed : 2 : ittapi_config_apply_per_lib :  ITTAPI function not implemented: __itt_counter_dec_delta_v3
1708631 : 0x26f63f808b08fa : 2 : ittapi_config_apply_per_lib :  ITTAPI function not implemented: __itt_marker
1708631 : 0x26f63f808b151f : 2 : ittapi_config_apply_per_lib :  ITTAPI function instrumented: __itt_metadata_add
1708631 : 0x26f63f808b20b0 : 2 : ittapi_config_apply_per_lib :  ITTAPI function not implemented: __itt_metadata_str_add
1708631 : 0x26f63f808b2c31 : 2 : ittapi_config_apply_per_lib :  ITTAPI function not implemented: __itt_relation_add_to_current
1708631 : 0x26f63f808b37c7 : 2 : ittapi_config_apply_per_lib :  ITTAPI function not implemented: __itt_relation_add
1708631 : 0x26f63f808b4310 : 2 : ittapi_config_apply_per_lib :  ITTAPI function instrumented: __itt_event_create
1708631 : 0x26f63f808b4d7d : 2 : ittapi_config_apply_per_lib :  ITTAPI function instrumented: __itt_event_start
1708631 : 0x26f63f808b5873 : 2 : ittapi_config_apply_per_lib :  ITTAPI function instrumented: __itt_event_end
1708631 : 0x26f63f808b5ddf : 2 : ittapi_config_apply_per_lib :  ITTAPI function NOT instrumented (not matched by --itt-config option): __itt_sync_set_name

1708631 : 0x26f63f808b6368 : 2 : ittapi_config_apply_per_lib :  ITTAPI function NOT instrumented (not matched by --itt-config option): __itt_notify_sync_name

1708631 : 0x26f63f808b8250 : 2 : ittapi_config_apply_per_lib :  ITTAPI function NOT instrumented (not matched by --itt-config option): __itt_notify_sync_prepare

1708631 : 0x26f63f808b8870 : 2 : ittapi_config_apply_per_lib :  ITTAPI function NOT instrumented (not matched by --itt-config option): __itt_notify_sync_cancel

1708631 : 0x26f63f808b8e40 : 2 : ittapi_config_apply_per_lib :  ITTAPI function NOT instrumented (not matched by --itt-config option): __itt_notify_sync_acquired

1708631 : 0x26f63f808b9356 : 2 : ittapi_config_apply_per_lib :  ITTAPI function NOT instrumented (not matched by --itt-config option): __itt_notify_sync_releasing

1708631 : 0x26f63f808b9f8b : 2 : ittapi_config_apply_per_lib :  ITTAPI function not implemented: __itt_memory_read
1708631 : 0x26f63f808bab50 : 2 : ittapi_config_apply_per_lib :  ITTAPI function not implemented: __itt_memory_write
1708631 : 0x26f63f808bb668 : 2 : ittapi_config_apply_per_lib :  ITTAPI function not implemented: __itt_memory_update
1708631 : 0x26f63f808bc201 : 2 : ittapi_config_apply_per_lib :  ITTAPI function not implemented: __itt_state_get
1708631 : 0x26f63f808bcd2f : 2 : ittapi_config_apply_per_lib :  ITTAPI function not implemented: __itt_state_set
1708631 : 0x26f63f808bd951 : 2 : ittapi_config_apply_per_lib :  ITTAPI function not implemented: __itt_obj_mode_set
1708631 : 0x26f63f808bf7b2 : 2 : ittapi_config_apply_per_lib :  ITTAPI function not implemented: __itt_thr_mode_set
1708631 : 0x26f63f808c032e : 2 : ittapi_config_apply_per_lib :  ITTAPI function instrumented: __itt_frame_create
1708631 : 0x26f63f808c0e7b : 2 : ittapi_config_apply_per_lib :  ITTAPI function instrumented: __itt_pt_region_create
1708631 : 0x26f63f808c1980 : 2 : ittapi_config_apply_per_lib :  ITTAPI function instrumented: __itt_frame_begin
1708631 : 0x26f63f808c24bf : 2 : ittapi_config_apply_per_lib :  ITTAPI function instrumented: __itt_frame_end
1708631 : 0x26f63f808c3094 : 2 : ittapi_config_apply_per_lib :  ITTAPI function not implemented: __itt_counter_destroy
1708631 : 0x26f63f808c3bd2 : 2 : ittapi_config_apply_per_lib :  ITTAPI function instrumented: __itt_counter_inc
1708631 : 0x26f63f808c466b : 2 : ittapi_config_apply_per_lib :  ITTAPI function instrumented: __itt_counter_inc_delta
1708631 : 0x26f63f808c5174 : 2 : ittapi_config_apply_per_lib :  ITTAPI function instrumented: __itt_counter_dec
1708631 : 0x26f63f808c5bae : 2 : ittapi_config_apply_per_lib :  ITTAPI function instrumented: __itt_counter_dec_delta
1708631 : 0x26f63f808c797d : 2 : ittapi_config_apply_per_lib :  ITTAPI function instrumented: __itt_counter_set_value
1708631 : 0x26f63f808c85df : 2 : ittapi_config_apply_per_lib :  ITTAPI function not implemented: __itt_counter_set_value_ex
1708631 : 0x26f63f808c90b1 : 2 : ittapi_config_apply_per_lib :  ITTAPI function not implemented: __itt_mark_create
1708631 : 0x26f63f808c9caa : 2 : ittapi_config_apply_per_lib :  ITTAPI function not implemented: __itt_mark
1708631 : 0x26f63f808ca83f : 2 : ittapi_config_apply_per_lib :  ITTAPI function not implemented: __itt_mark_off
1708631 : 0x26f63f808cb414 : 2 : ittapi_config_apply_per_lib :  ITTAPI function not implemented: __itt_mark_global
1708631 : 0x26f63f808cbec3 : 2 : ittapi_config_apply_per_lib :  ITTAPI function not implemented: __itt_mark_global_off
1708631 : 0x26f63f808ccad7 : 2 : ittapi_config_apply_per_lib :  ITTAPI function instrumented: __itt_stack_caller_create
1708631 : 0x26f63f808cd5da : 2 : ittapi_config_apply_per_lib :  ITTAPI function instrumented: __itt_stack_caller_destroy
1708631 : 0x26f63f808ce1a2 : 2 : ittapi_config_apply_per_lib :  ITTAPI function instrumented: __itt_stack_callee_enter
1708631 : 0x26f63f808d08e9 : 2 : ittapi_config_apply_per_lib :  ITTAPI function instrumented: __itt_stack_callee_leave
1708631 : 0x26f63f808d154c : 2 : ittapi_config_apply_per_lib :  ITTAPI function not implemented: __itt_clock_domain_create
1708631 : 0x26f63f808d217f : 2 : ittapi_config_apply_per_lib :  ITTAPI function not implemented: __itt_clock_domain_reset
1708631 : 0x26f63f808d2cc3 : 2 : ittapi_config_apply_per_lib :  ITTAPI function not implemented: __itt_id_create_ex
1708631 : 0x26f63f808d38eb : 2 : ittapi_config_apply_per_lib :  ITTAPI function not implemented: __itt_id_destroy_ex
1708631 : 0x26f63f808d4427 : 2 : ittapi_config_apply_per_lib :  ITTAPI function not implemented: __itt_task_begin_ex
1708631 : 0x26f63f808d502c : 2 : ittapi_config_apply_per_lib :  ITTAPI function not implemented: __itt_task_begin_fn_ex
1708631 : 0x26f63f808d5b8a : 2 : ittapi_config_apply_per_lib :  ITTAPI function not implemented: __itt_task_end_ex
1708631 : 0x26f63f808d6723 : 2 : ittapi_config_apply_per_lib :  ITTAPI function instrumented: __itt_task_begin_overlapped
1708631 : 0x26f63f808d7268 : 2 : ittapi_config_apply_per_lib :  ITTAPI function not implemented: __itt_task_begin_overlapped_ex
1708631 : 0x26f63f808d90c9 : 2 : ittapi_config_apply_per_lib :  ITTAPI function instrumented: __itt_task_end_overlapped
1708631 : 0x26f63f808d9d74 : 2 : ittapi_config_apply_per_lib :  ITTAPI function not implemented: __itt_task_end_overlapped_ex
1708631 : 0x26f63f808da841 : 2 : ittapi_config_apply_per_lib :  ITTAPI function not implemented: __itt_marker_ex
1708631 : 0x26f63f808db485 : 2 : ittapi_config_apply_per_lib :  ITTAPI function not implemented: __itt_metadata_add_with_scope
1708631 : 0x26f63f808dc064 : 2 : ittapi_config_apply_per_lib :  ITTAPI function not implemented: __itt_metadata_str_add_with_scope
1708631 : 0x26f63f808dcc7a : 2 : ittapi_config_apply_per_lib :  ITTAPI function not implemented: __itt_relation_add_to_current_ex
1708631 : 0x26f63f808dd771 : 2 : ittapi_config_apply_per_lib :  ITTAPI function not implemented: __itt_relation_add_ex
1708631 : 0x26f63f808de37b : 2 : ittapi_config_apply_per_lib :  ITTAPI function not implemented: __itt_track_group_create
1708631 : 0x26f63f808dee5d : 2 : ittapi_config_apply_per_lib :  ITTAPI function not implemented: __itt_track_create
1708631 : 0x26f63f808dfa4c : 2 : ittapi_config_apply_per_lib :  ITTAPI function not implemented: __itt_set_track
1708631 : 0x26f63f808e1862 : 2 : ittapi_config_apply_per_lib :  ITTAPI function instrumented: __itt_api_version
1708631 : 0x26f63f808e2476 : 2 : ittapi_config_apply_per_lib :  ITTAPI function not implemented: __itt_av_save
1708631 : 0x26f63f808e2fca : 2 : ittapi_config_apply_per_lib :  ITTAPI function instrumented: __itt_module_load
1708631 : 0x26f63f808e3ae7 : 2 : ittapi_config_apply_per_lib :  ITTAPI function not implemented: __itt_module_unload
1708631 : 0x26f63f808e4126 : 2 : ittapi_config_apply_per_lib :  ITTAPI function NOT instrumented (not matched by --itt-config option): __itt_histogram_submit

1708631 : 0x26f63f808e4c8c : 2 : ittapi_config_apply_per_lib :  ITTAPI function instrumented: __itt_counter_set_value_v3
1708631 : 0x26f63f80917244 : 2 : ittapi_config_mask_get :  --itt-config mask to be applied: 55
1708631 : 0x26f63f809185ce : 2 : ittapi_config_apply_per_lib :  ITTAPI function instrumented: __itt_domain_create
1708631 : 0x26f63f80919244 : 2 : ittapi_config_apply_per_lib :  ITTAPI function instrumented: __itt_module_load_with_sections
1708631 : 0x26f63f80919fef : 2 : ittapi_config_apply_per_lib :  ITTAPI function not implemented: __itt_module_unload_with_sections
1708631 : 0x26f63f8091d4c5 : 2 : ittapi_config_apply_per_lib :  ITTAPI function instrumented: __itt_string_handle_create
1708631 : 0x26f63f8091e041 : 2 : ittapi_config_apply_per_lib :  ITTAPI function instrumented: __itt_counter_create
1708631 : 0x26f63f8091ebd8 : 2 : ittapi_config_apply_per_lib :  ITTAPI function instrumented: __itt_counter_create_typed
1708631 : 0x26f63f8091f6fd : 2 : ittapi_config_apply_per_lib :  ITTAPI function instrumented: __itt_pause
1708631 : 0x26f63f809202a3 : 2 : ittapi_config_apply_per_lib :  ITTAPI function instrumented: __itt_resume
1708631 : 0x26f63f80920f05 : 2 : ittapi_config_apply_per_lib :  ITTAPI function not implemented: __itt_pause_scoped
1708631 : 0x26f63f80921ba2 : 2 : ittapi_config_apply_per_lib :  ITTAPI function not implemented: __itt_resume_scoped
1708631 : 0x26f63f80922706 : 2 : ittapi_config_apply_per_lib :  ITTAPI function instrumented: __itt_thread_set_name
1708631 : 0x26f63f809232f1 : 2 : ittapi_config_apply_per_lib :  ITTAPI function instrumented: __itt_thread_ignore
1708631 : 0x26f63f80923d9d : 2 : ittapi_config_apply_per_lib :  ITTAPI function instrumented: __itt_thr_name_set
1708631 : 0x26f63f80925cd8 : 2 : ittapi_config_apply_per_lib :  ITTAPI function instrumented: __itt_thr_ignore
1708631 : 0x26f63f8092691e : 2 : ittapi_config_apply_per_lib :  ITTAPI function instrumented: __itt_histogram_create
1708631 : 0x26f63f809273fa : 2 : ittapi_config_apply_per_lib :  ITTAPI function instrumented: __itt_counter_create_v3
1708631 : 0x26f63f809280a3 : 2 : ittapi_config_apply_per_lib :  ITTAPI function instrumented: __itt_bind_context_metadata_to_counter
1708631 : 0x26f63f80928cd4 : 2 : ittapi_config_apply_per_lib :  ITTAPI function not implemented: __itt_enable_attach
1708631 : 0x26f63f809298a9 : 2 : ittapi_config_apply_per_lib :  ITTAPI function instrumented: __itt_detach
1708631 : 0x26f63f80929e84 : 2 : ittapi_config_apply_per_lib :  ITTAPI function NOT instrumented (not matched by --itt-config option): __itt_sync_create

1708631 : 0x26f63f8092a424 : 2 : ittapi_config_apply_per_lib :  ITTAPI function NOT instrumented (not matched by --itt-config option): __itt_sync_rename

1708631 : 0x26f63f8092aa3f : 2 : ittapi_config_apply_per_lib :  ITTAPI function NOT instrumented (not matched by --itt-config option): __itt_sync_destroy

1708631 : 0x26f63f8092afc5 : 2 : ittapi_config_apply_per_lib :  ITTAPI function NOT instrumented (not matched by --itt-config option): __itt_sync_prepare

1708631 : 0x26f63f8092ca64 : 2 : ittapi_config_apply_per_lib :  ITTAPI function NOT instrumented (not matched by --itt-config option): __itt_sync_cancel

1708631 : 0x26f63f8092d210 : 2 : ittapi_config_apply_per_lib :  ITTAPI function NOT instrumented (not matched by --itt-config option): __itt_sync_acquired

1708631 : 0x26f63f8092d780 : 2 : ittapi_config_apply_per_lib :  ITTAPI function NOT instrumented (not matched by --itt-config option): __itt_sync_releasing

1708631 : 0x26f63f8092e4a5 : 2 : ittapi_config_apply_per_lib :  ITTAPI function not implemented: __itt_suppress_push
1708631 : 0x26f63f8092f124 : 2 : ittapi_config_apply_per_lib :  ITTAPI function not implemented: __itt_suppress_pop
1708631 : 0x26f63f8092fd9c : 2 : ittapi_config_apply_per_lib :  ITTAPI function not implemented: __itt_suppress_mark_range
1708631 : 0x26f63f8093099e : 2 : ittapi_config_apply_per_lib :  ITTAPI function not implemented: __itt_suppress_clear_range
1708631 : 0x26f63f80930f04 : 2 : ittapi_config_apply_per_lib :  ITTAPI function NOT instrumented (not matched by --itt-config option): __itt_sync_prepare

1708631 : 0x26f63f809314e7 : 2 : ittapi_config_apply_per_lib :  ITTAPI function NOT instrumented (not matched by --itt-config option): __itt_sync_cancel

1708631 : 0x26f63f80931a6b : 2 : ittapi_config_apply_per_lib :  ITTAPI function NOT instrumented (not matched by --itt-config option): __itt_sync_acquired

1708631 : 0x26f63f80933327 : 2 : ittapi_config_apply_per_lib :  ITTAPI function NOT instrumented (not matched by --itt-config option): __itt_sync_releasing

1708631 : 0x26f63f809339ba : 2 : ittapi_config_apply_per_lib :  ITTAPI function NOT instrumented (not matched by --itt-config option): __itt_model_site_begin

1708631 : 0x26f63f80933f5d : 2 : ittapi_config_apply_per_lib :  ITTAPI function NOT instrumented (not matched by --itt-config option): __itt_model_site_end

1708631 : 0x26f63f809344cd : 2 : ittapi_config_apply_per_lib :  ITTAPI function NOT instrumented (not matched by --itt-config option): __itt_model_task_begin

1708631 : 0x26f63f80934aea : 2 : ittapi_config_apply_per_lib :  ITTAPI function NOT instrumented (not matched by --itt-config option): __itt_model_task_end

1708631 : 0x26f63f80935868 : 2 : ittapi_config_apply_per_lib :  ITTAPI function NOT instrumented (not matched by --itt-config option): __itt_model_lock_acquire

1708631 : 0x26f63f80935e16 : 2 : ittapi_config_apply_per_lib :  ITTAPI function NOT instrumented (not matched by --itt-config option): __itt_model_lock_release

1708631 : 0x26f63f809363b8 : 2 : ittapi_config_apply_per_lib :  ITTAPI function NOT instrumented (not matched by --itt-config option): __itt_model_record_allocation

1708631 : 0x26f63f8093690d : 2 : ittapi_config_apply_per_lib :  ITTAPI function NOT instrumented (not matched by --itt-config option): __itt_model_record_deallocation

1708631 : 0x26f63f80936e9f : 2 : ittapi_config_apply_per_lib :  ITTAPI function NOT instrumented (not matched by --itt-config option): __itt_model_induction_uses

1708631 : 0x26f63f80938e16 : 2 : ittapi_config_apply_per_lib :  ITTAPI function NOT instrumented (not matched by --itt-config option): __itt_model_reduction_uses

1708631 : 0x26f63f80939435 : 2 : ittapi_config_apply_per_lib :  ITTAPI function NOT instrumented (not matched by --itt-config option): __itt_model_observe_uses

1708631 : 0x26f63f809399f9 : 2 : ittapi_config_apply_per_lib :  ITTAPI function NOT instrumented (not matched by --itt-config option): __itt_model_clear_uses

1708631 : 0x26f63f80939f98 : 2 : ittapi_config_apply_per_lib :  ITTAPI function NOT instrumented (not matched by --itt-config option): __itt_model_site_beginA

1708631 : 0x26f63f8093a559 : 2 : ittapi_config_apply_per_lib :  ITTAPI function NOT instrumented (not matched by --itt-config option): __itt_model_site_beginAL

1708631 : 0x26f63f8093aa9e : 2 : ittapi_config_apply_per_lib :  ITTAPI function NOT instrumented (not matched by --itt-config option): __itt_model_task_beginA

1708631 : 0x26f63f8093b00d : 2 : ittapi_config_apply_per_lib :  ITTAPI function NOT instrumented (not matched by --itt-config option): __itt_model_task_beginAL

1708631 : 0x26f63f8093b595 : 2 : ittapi_config_apply_per_lib :  ITTAPI function NOT instrumented (not matched by --itt-config option): __itt_model_iteration_taskA

1708631 : 0x26f63f8093bae6 : 2 : ittapi_config_apply_per_lib :  ITTAPI function NOT instrumented (not matched by --itt-config option): __itt_model_iteration_taskAL

1708631 : 0x26f63f8093c0b6 : 2 : ittapi_config_apply_per_lib :  ITTAPI function NOT instrumented (not matched by --itt-config option): __itt_model_site_end_2

1708631 : 0x26f63f8093d8e2 : 2 : ittapi_config_apply_per_lib :  ITTAPI function NOT instrumented (not matched by --itt-config option): __itt_model_task_end_2

1708631 : 0x26f63f8093deaf : 2 : ittapi_config_apply_per_lib :  ITTAPI function NOT instrumented (not matched by --itt-config option): __itt_model_lock_acquire_2

1708631 : 0x26f63f8093e3c0 : 2 : ittapi_config_apply_per_lib :  ITTAPI function NOT instrumented (not matched by --itt-config option): __itt_model_lock_release_2

1708631 : 0x26f63f8093e936 : 2 : ittapi_config_apply_per_lib :  ITTAPI function NOT instrumented (not matched by --itt-config option): __itt_model_aggregate_task

1708631 : 0x26f63f8093eeb1 : 2 : ittapi_config_apply_per_lib :  ITTAPI function NOT instrumented (not matched by --itt-config option): __itt_model_disable_push

1708631 : 0x26f63f8093f3ea : 2 : ittapi_config_apply_per_lib :  ITTAPI function NOT instrumented (not matched by --itt-config option): __itt_model_disable_pop

1708631 : 0x26f63f80940006 : 2 : ittapi_config_apply_per_lib :  ITTAPI function instrumented: __itt_heap_function_create
1708631 : 0x26f63f80940b2b : 2 : ittapi_config_apply_per_lib :  ITTAPI function instrumented: __itt_heap_allocate_begin
1708631 : 0x26f63f80941686 : 2 : ittapi_config_apply_per_lib :  ITTAPI function instrumented: __itt_heap_allocate_end
1708631 : 0x26f63f80942199 : 2 : ittapi_config_apply_per_lib :  ITTAPI function instrumented: __itt_heap_free_begin
1708631 : 0x26f63f80945822 : 2 : ittapi_config_apply_per_lib :  ITTAPI function instrumented: __itt_heap_free_end
1708631 : 0x26f63f809464ea : 2 : ittapi_config_apply_per_lib :  ITTAPI function instrumented: __itt_heap_reallocate_begin
1708631 : 0x26f63f80946fb2 : 2 : ittapi_config_apply_per_lib :  ITTAPI function instrumented: __itt_heap_reallocate_end
1708631 : 0x26f63f80947c71 : 2 : ittapi_config_apply_per_lib :  ITTAPI function not implemented: __itt_heap_internal_access_begin
1708631 : 0x26f63f8094885c : 2 : ittapi_config_apply_per_lib :  ITTAPI function not implemented: __itt_heap_internal_access_end
1708631 : 0x26f63f809494a2 : 2 : ittapi_config_apply_per_lib :  ITTAPI function not implemented: __itt_heap_record_memory_growth_begin
1708631 : 0x26f63f8094a05c : 2 : ittapi_config_apply_per_lib :  ITTAPI function not implemented: __itt_heap_record_memory_growth_end
1708631 : 0x26f63f8094aca7 : 2 : ittapi_config_apply_per_lib :  ITTAPI function not implemented: __itt_heap_reset_detection
1708631 : 0x26f63f8094b847 : 2 : ittapi_config_apply_per_lib :  ITTAPI function not implemented: __itt_heap_record
1708631 : 0x26f63f8094c4f5 : 2 : ittapi_config_apply_per_lib :  ITTAPI function not implemented: __itt_id_create
1708631 : 0x26f63f8094e448 : 2 : ittapi_config_apply_per_lib :  ITTAPI function not implemented: __itt_id_destroy
1708631 : 0x26f63f8094efbb : 2 : ittapi_config_apply_per_lib :  ITTAPI function instrumented: __itt_get_timestamp
1708631 : 0x26f63f8094fb5e : 2 : ittapi_config_apply_per_lib :  ITTAPI function not implemented: __itt_region_begin
1708631 : 0x26f63f809506fd : 2 : ittapi_config_apply_per_lib :  ITTAPI function not implemented: __itt_region_end
1708631 : 0x26f63f80951348 : 2 : ittapi_config_apply_per_lib :  ITTAPI function instrumented: __itt_frame_begin_v3
1708631 : 0x26f63f80951ec1 : 2 : ittapi_config_apply_per_lib :  ITTAPI function instrumented: __itt_frame_end_v3
1708631 : 0x26f63f80952a62 : 2 : ittapi_config_apply_per_lib :  ITTAPI function instrumented: __itt_frame_submit_v3
1708631 : 0x26f63f8095382d : 2 : ittapi_config_apply_per_lib :  ITTAPI function not implemented: __itt_task_group
1708631 : 0x26f63f809543e3 : 2 : ittapi_config_apply_per_lib :  ITTAPI function instrumented: __itt_task_begin
1708631 : 0x26f63f80954ec1 : 2 : ittapi_config_apply_per_lib :  ITTAPI function instrumented: __itt_task_begin_fn
1708631 : 0x26f63f80957518 : 2 : ittapi_config_apply_per_lib :  ITTAPI function instrumented: __itt_task_end
1708631 : 0x26f63f809582a3 : 2 : ittapi_config_apply_per_lib :  ITTAPI function not implemented: __itt_counter_inc_v3
1708631 : 0x26f63f80958e90 : 2 : ittapi_config_apply_per_lib :  ITTAPI function not implemented: __itt_counter_inc_delta_v3
1708631 : 0x26f63f80959af3 : 2 : ittapi_config_apply_per_lib :  ITTAPI function not implemented: __itt_counter_dec_v3
1708631 : 0x26f63f8095a6a0 : 2 : ittapi_config_apply_per_lib :  ITTAPI function not implemented: __itt_counter_dec_delta_v3
1708631 : 0x26f63f8095b3d8 : 2 : ittapi_config_apply_per_lib :  ITTAPI function not implemented: __itt_marker
1708631 : 0x26f63f8095bedc : 2 : ittapi_config_apply_per_lib :  ITTAPI function instrumented: __itt_metadata_add
1708631 : 0x26f63f8095caf9 : 2 : ittapi_config_apply_per_lib :  ITTAPI function not implemented: __itt_metadata_str_add
1708631 : 0x26f63f8095d6a1 : 2 : ittapi_config_apply_per_lib :  ITTAPI function not implemented: __itt_relation_add_to_current
1708631 : 0x26f63f8095e28e : 2 : ittapi_config_apply_per_lib :  ITTAPI function not implemented: __itt_relation_add
1708631 : 0x26f63f80960200 : 2 : ittapi_config_apply_per_lib :  ITTAPI function instrumented: __itt_event_create
1708631 : 0x26f63f80960dd5 : 2 : ittapi_config_apply_per_lib :  ITTAPI function instrumented: __itt_event_start
1708631 : 0x26f63f809618f7 : 2 : ittapi_config_apply_per_lib :  ITTAPI function instrumented: __itt_event_end
1708631 : 0x26f63f80961e9f : 2 : ittapi_config_apply_per_lib :  ITTAPI function NOT instrumented (not matched by --itt-config option): __itt_sync_set_name

1708631 : 0x26f63f80962484 : 2 : ittapi_config_apply_per_lib :  ITTAPI function NOT instrumented (not matched by --itt-config option): __itt_notify_sync_name

1708631 : 0x26f63f80962a0d : 2 : ittapi_config_apply_per_lib :  ITTAPI function NOT instrumented (not matched by --itt-config option): __itt_notify_sync_prepare

1708631 : 0x26f63f8096301e : 2 : ittapi_config_apply_per_lib :  ITTAPI function NOT instrumented (not matched by --itt-config option): __itt_notify_sync_cancel

1708631 : 0x26f63f809635c8 : 2 : ittapi_config_apply_per_lib :  ITTAPI function NOT instrumented (not matched by --itt-config option): __itt_notify_sync_acquired

1708631 : 0x26f63f80963b69 : 2 : ittapi_config_apply_per_lib :  ITTAPI function NOT instrumented (not matched by --itt-config option): __itt_notify_sync_releasing

1708631 : 0x26f63f80964769 : 2 : ittapi_config_apply_per_lib :  ITTAPI function not implemented: __itt_memory_read
1708631 : 0x26f63f80966f0b : 2 : ittapi_config_apply_per_lib :  ITTAPI function not implemented: __itt_memory_write
1708631 : 0x26f63f80967bf0 : 2 : ittapi_config_apply_per_lib :  ITTAPI function not implemented: __itt_memory_update
1708631 : 0x26f63f809687cf : 2 : ittapi_config_apply_per_lib :  ITTAPI function not implemented: __itt_state_get
1708631 : 0x26f63f809692f9 : 2 : ittapi_config_apply_per_lib :  ITTAPI function not implemented: __itt_state_set
1708631 : 0x26f63f80969f13 : 2 : ittapi_config_apply_per_lib :  ITTAPI function not implemented: __itt_obj_mode_set
1708631 : 0x26f63f8096aa1f : 2 : ittapi_config_apply_per_lib :  ITTAPI function not implemented: __itt_thr_mode_set
1708631 : 0x26f63f8096b59f : 2 : ittapi_config_apply_per_lib :  ITTAPI function instrumented: __itt_frame_create
1708631 : 0x26f63f8096c09b : 2 : ittapi_config_apply_per_lib :  ITTAPI function instrumented: __itt_pt_region_create
1708631 : 0x26f63f8096cc5f : 2 : ittapi_config_apply_per_lib :  ITTAPI function instrumented: __itt_frame_begin
1708631 : 0x26f63f8096d78f : 2 : ittapi_config_apply_per_lib :  ITTAPI function instrumented: __itt_frame_end
1708631 : 0x26f63f8096f6c0 : 2 : ittapi_config_apply_per_lib :  ITTAPI function not implemented: __itt_counter_destroy
1708631 : 0x26f63f809702d7 : 2 : ittapi_config_apply_per_lib :  ITTAPI function instrumented: __itt_counter_inc
1708631 : 0x26f63f80970de2 : 2 : ittapi_config_apply_per_lib :  ITTAPI function instrumented: __itt_counter_inc_delta
1708631 : 0x26f63f8097197f : 2 : ittapi_config_apply_per_lib :  ITTAPI function instrumented: __itt_counter_dec
1708631 : 0x26f63f809724cc : 2 : ittapi_config_apply_per_lib :  ITTAPI function instrumented: __itt_counter_dec_delta
1708631 : 0x26f63f8097305d : 2 : ittapi_config_apply_per_lib :  ITTAPI function instrumented: __itt_counter_set_value
1708631 : 0x26f63f80973bc9 : 2 : ittapi_config_apply_per_lib :  ITTAPI function not implemented: __itt_counter_set_value_ex
1708631 : 0x26f63f8097477f : 2 : ittapi_config_apply_per_lib :  ITTAPI function not implemented: __itt_mark_create
1708631 : 0x26f63f8097535d : 2 : ittapi_config_apply_per_lib :  ITTAPI function not implemented: __itt_mark
1708631 : 0x26f63f80975f7a : 2 : ittapi_config_apply_per_lib :  ITTAPI function not implemented: __itt_mark_off
1708631 : 0x26f63f80977e6d : 2 : ittapi_config_apply_per_lib :  ITTAPI function not implemented: __itt_mark_global
1708631 : 0x26f63f80978ad5 : 2 : ittapi_config_apply_per_lib :  ITTAPI function not implemented: __itt_mark_global_off
1708631 : 0x26f63f809796b7 : 2 : ittapi_config_apply_per_lib :  ITTAPI function instrumented: __itt_stack_caller_create
1708631 : 0x26f63f8097a1f8 : 2 : ittapi_config_apply_per_lib :  ITTAPI function instrumented: __itt_stack_caller_destroy
1708631 : 0x26f63f8097ad46 : 2 : ittapi_config_apply_per_lib :  ITTAPI function instrumented: __itt_stack_callee_enter
1708631 : 0x26f63f8097b804 : 2 : ittapi_config_apply_per_lib :  ITTAPI function instrumented: __itt_stack_callee_leave
1708631 : 0x26f63f8097c3ca : 2 : ittapi_config_apply_per_lib :  ITTAPI function not implemented: __itt_clock_domain_create
1708631 : 0x26f63f8097cf67 : 2 : ittapi_config_apply_per_lib :  ITTAPI function not implemented: __itt_clock_domain_reset
1708631 : 0x26f63f8097daf3 : 2 : ittapi_config_apply_per_lib :  ITTAPI function not implemented: __itt_id_create_ex
1708631 : 0x26f63f8097e658 : 2 : ittapi_config_apply_per_lib :  ITTAPI function not implemented: __itt_id_destroy_ex
1708631 : 0x26f63f80980c5d : 2 : ittapi_config_apply_per_lib :  ITTAPI function not implemented: __itt_task_begin_ex
1708631 : 0x26f63f809818cd : 2 : ittapi_config_apply_per_lib :  ITTAPI function not implemented: __itt_task_begin_fn_ex
1708631 : 0x26f63f809823fe : 2 : ittapi_config_apply_per_lib :  ITTAPI function not implemented: __itt_task_end_ex
1708631 : 0x26f63f80982f58 : 2 : ittapi_config_apply_per_lib :  ITTAPI function instrumented: __itt_task_begin_overlapped
1708631 : 0x26f63f80983abc : 2 : ittapi_config_apply_per_lib :  ITTAPI function not implemented: __itt_task_begin_overlapped_ex
1708631 : 0x26f63f8098464a : 2 : ittapi_config_apply_per_lib :  ITTAPI function instrumented: __itt_task_end_overlapped
1708631 : 0x26f63f809851a1 : 2 : ittapi_config_apply_per_lib :  ITTAPI function not implemented: __itt_task_end_overlapped_ex
1708631 : 0x26f63f80985cbf : 2 : ittapi_config_apply_per_lib :  ITTAPI function not implemented: __itt_marker_ex
1708631 : 0x26f63f8098685d : 2 : ittapi_config_apply_per_lib :  ITTAPI function not implemented: __itt_metadata_add_with_scope
1708631 : 0x26f63f80987453 : 2 : ittapi_config_apply_per_lib :  ITTAPI function not implemented: __itt_metadata_str_add_with_scope
1708631 : 0x26f63f809893b2 : 2 : ittapi_config_apply_per_lib :  ITTAPI function not implemented: __itt_relation_add_to_current_ex
1708631 : 0x26f63f80989f8a : 2 : ittapi_config_apply_per_lib :  ITTAPI function not implemented: __itt_relation_add_ex
1708631 : 0x26f63f8098ab2b : 2 : ittapi_config_apply_per_lib :  ITTAPI function not implemented: __itt_track_group_create
1708631 : 0x26f63f8098b68d : 2 : ittapi_config_apply_per_lib :  ITTAPI function not implemented: __itt_track_create
1708631 : 0x26f63f8098c20d : 2 : ittapi_config_apply_per_lib :  ITTAPI function not implemented: __itt_set_track
1708631 : 0x26f63f8098cd29 : 2 : ittapi_config_apply_per_lib :  ITTAPI function instrumented: __itt_api_version
1708631 : 0x26f63f8098d8d8 : 2 : ittapi_config_apply_per_lib :  ITTAPI function not implemented: __itt_av_save
1708631 : 0x26f63f8098e3d2 : 2 : ittapi_config_apply_per_lib :  ITTAPI function instrumented: __itt_module_load
1708631 : 0x26f63f8098ef52 : 2 : ittapi_config_apply_per_lib :  ITTAPI function not implemented: __itt_module_unload
1708631 : 0x26f63f8098f500 : 2 : ittapi_config_apply_per_lib :  ITTAPI function NOT instrumented (not matched by --itt-config option): __itt_histogram_submit

1708631 : 0x26f63f809913ac : 2 : ittapi_config_apply_per_lib :  ITTAPI function instrumented: __itt_counter_set_value_v3
1708631 : 0x26f63f856709ae : 2 : ittapi_config_mask_get :  --itt-config mask to be applied: 55
1708631 : 0x26f63f85672db8 : 2 : ittapi_config_apply_per_lib :  ITTAPI function instrumented: __itt_domain_create
1708631 : 0x26f63f85673c76 : 2 : ittapi_config_apply_per_lib :  ITTAPI function instrumented: __itt_module_load_with_sections
1708631 : 0x26f63f85674e86 : 2 : ittapi_config_apply_per_lib :  ITTAPI function not implemented: __itt_module_unload_with_sections
1708631 : 0x26f63f85675b02 : 2 : ittapi_config_apply_per_lib :  ITTAPI function instrumented: __itt_string_handle_create
1708631 : 0x26f63f8567657a : 2 : ittapi_config_apply_per_lib :  ITTAPI function instrumented: __itt_counter_create
1708631 : 0x26f63f85676f13 : 2 : ittapi_config_apply_per_lib :  ITTAPI function instrumented: __itt_counter_create_typed
1708631 : 0x26f63f85677972 : 2 : ittapi_config_apply_per_lib :  ITTAPI function instrumented: __itt_pause
1708631 : 0x26f63f8567856c : 2 : ittapi_config_apply_per_lib :  ITTAPI function instrumented: __itt_resume
1708631 : 0x26f63f85683ca0 : 2 : ittapi_config_apply_per_lib :  ITTAPI function instrumented: __itt_thread_set_name
1708631 : 0x26f63f85684991 : 2 : ittapi_config_apply_per_lib :  ITTAPI function instrumented: __itt_thread_ignore
1708631 : 0x26f63f856853f6 : 2 : ittapi_config_apply_per_lib :  ITTAPI function instrumented: __itt_thr_name_set
1708631 : 0x26f63f85685e77 : 2 : ittapi_config_apply_per_lib :  ITTAPI function instrumented: __itt_thr_ignore
1708631 : 0x26f63f85686b02 : 2 : ittapi_config_apply_per_lib :  ITTAPI function not implemented: __itt_enable_attach
1708631 : 0x26f63f85689dea : 2 : ittapi_config_apply_per_lib :  ITTAPI function instrumented: __itt_detach
1708631 : 0x26f63f8568a493 : 2 : ittapi_config_apply_per_lib :  ITTAPI function NOT instrumented (not matched by --itt-config option): __itt_sync_create

1708631 : 0x26f63f8568ab47 : 2 : ittapi_config_apply_per_lib :  ITTAPI function NOT instrumented (not matched by --itt-config option): __itt_sync_rename

1708631 : 0x26f63f8568b22e : 2 : ittapi_config_apply_per_lib :  ITTAPI function NOT instrumented (not matched by --itt-config option): __itt_sync_destroy

1708631 : 0x26f63f8568b828 : 2 : ittapi_config_apply_per_lib :  ITTAPI function NOT instrumented (not matched by --itt-config option): __itt_sync_prepare

1708631 : 0x26f63f8568d4da : 2 : ittapi_config_apply_per_lib :  ITTAPI function NOT instrumented (not matched by --itt-config option): __itt_sync_cancel

1708631 : 0x26f63f8568db3a : 2 : ittapi_config_apply_per_lib :  ITTAPI function NOT instrumented (not matched by --itt-config option): __itt_sync_acquired

1708631 : 0x26f63f8568e2c3 : 2 : ittapi_config_apply_per_lib :  ITTAPI function NOT instrumented (not matched by --itt-config option): __itt_sync_releasing

1708631 : 0x26f63f8568f119 : 2 : ittapi_config_apply_per_lib :  ITTAPI function not implemented: __itt_suppress_push
1708631 : 0x26f63f8568ffd0 : 2 : ittapi_config_apply_per_lib :  ITTAPI function not implemented: __itt_suppress_pop
1708631 : 0x26f63f85690d20 : 2 : ittapi_config_apply_per_lib :  ITTAPI function not implemented: __itt_suppress_mark_range
1708631 : 0x26f63f85691a82 : 2 : ittapi_config_apply_per_lib :  ITTAPI function not implemented: __itt_suppress_clear_range
1708631 : 0x26f63f85692044 : 2 : ittapi_config_apply_per_lib :  ITTAPI function NOT instrumented (not matched by --itt-config option): __itt_sync_prepare

1708631 : 0x26f63f85692618 : 2 : ittapi_config_apply_per_lib :  ITTAPI function NOT instrumented (not matched by --itt-config option): __itt_sync_cancel

1708631 : 0x26f63f85692b8f : 2 : ittapi_config_apply_per_lib :  ITTAPI function NOT instrumented (not matched by --itt-config option): __itt_sync_acquired

1708631 : 0x26f63f856943da : 2 : ittapi_config_apply_per_lib :  ITTAPI function NOT instrumented (not matched by --itt-config option): __itt_sync_releasing

1708631 : 0x26f63f85694ae4 : 2 : ittapi_config_apply_per_lib :  ITTAPI function NOT instrumented (not matched by --itt-config option): __itt_model_site_begin

1708631 : 0x26f63f856950f4 : 2 : ittapi_config_apply_per_lib :  ITTAPI function NOT instrumented (not matched by --itt-config option): __itt_model_site_end

1708631 : 0x26f63f85695646 : 2 : ittapi_config_apply_per_lib :  ITTAPI function NOT instrumented (not matched by --itt-config option): __itt_model_task_begin

1708631 : 0x26f63f85695d55 : 2 : ittapi_config_apply_per_lib :  ITTAPI function NOT instrumented (not matched by --itt-config option): __itt_model_task_end

1708631 : 0x26f63f85696d25 : 2 : ittapi_config_apply_per_lib :  ITTAPI function NOT instrumented (not matched by --itt-config option): __itt_model_lock_acquire

1708631 : 0x26f63f856973f5 : 2 : ittapi_config_apply_per_lib :  ITTAPI function NOT instrumented (not matched by --itt-config option): __itt_model_lock_release

1708631 : 0x26f63f85697988 : 2 : ittapi_config_apply_per_lib :  ITTAPI function NOT instrumented (not matched by --itt-config option): __itt_model_record_allocation

1708631 : 0x26f63f85697fa3 : 2 : ittapi_config_apply_per_lib :  ITTAPI function NOT instrumented (not matched by --itt-config option): __itt_model_record_deallocation

1708631 : 0x26f63f8569854f : 2 : ittapi_config_apply_per_lib :  ITTAPI function NOT instrumented (not matched by --itt-config option): __itt_model_induction_uses

1708631 : 0x26f63f8569ac2e : 2 : ittapi_config_apply_per_lib :  ITTAPI function NOT instrumented (not matched by --itt-config option): __itt_model_reduction_uses

1708631 : 0x26f63f8569b283 : 2 : ittapi_config_apply_per_lib :  ITTAPI function NOT instrumented (not matched by --itt-config option): __itt_model_observe_uses

1708631 : 0x26f63f8569b856 : 2 : ittapi_config_apply_per_lib :  ITTAPI function NOT instrumented (not matched by --itt-config option): __itt_model_clear_uses

1708631 : 0x26f63f8569bd9e : 2 : ittapi_config_apply_per_lib :  ITTAPI function NOT instrumented (not matched by --itt-config option): __itt_model_site_beginA

1708631 : 0x26f63f8569c358 : 2 : ittapi_config_apply_per_lib :  ITTAPI function NOT instrumented (not matched by --itt-config option): __itt_model_site_beginAL

1708631 : 0x26f63f8569c8ed : 2 : ittapi_config_apply_per_lib :  ITTAPI function NOT instrumented (not matched by --itt-config option): __itt_model_task_beginA

1708631 : 0x26f63f8569cf4e : 2 : ittapi_config_apply_per_lib :  ITTAPI function NOT instrumented (not matched by --itt-config option): __itt_model_task_beginAL

1708631 : 0x26f63f8569d53b : 2 : ittapi_config_apply_per_lib :  ITTAPI function NOT instrumented (not matched by --itt-config option): __itt_model_iteration_taskA

1708631 : 0x26f63f8569dae7 : 2 : ittapi_config_apply_per_lib :  ITTAPI function NOT instrumented (not matched by --itt-config option): __itt_model_iteration_taskAL

1708631 : 0x26f63f8569e06e : 2 : ittapi_config_apply_per_lib :  ITTAPI function NOT instrumented (not matched by --itt-config option): __itt_model_site_end_2

1708631 : 0x26f63f8569f94d : 2 : ittapi_config_apply_per_lib :  ITTAPI function NOT instrumented (not matched by --itt-config option): __itt_model_task_end_2

1708631 : 0x26f63f856a09c8 : 2 : ittapi_config_apply_per_lib :  ITTAPI function NOT instrumented (not matched by --itt-config option): __itt_model_lock_acquire_2

1708631 : 0x26f63f856a0f71 : 2 : ittapi_config_apply_per_lib :  ITTAPI function NOT instrumented (not matched by --itt-config option): __itt_model_lock_release_2

1708631 : 0x26f63f856a1564 : 2 : ittapi_config_apply_per_lib :  ITTAPI function NOT instrumented (not matched by --itt-config option): __itt_model_aggregate_task

1708631 : 0x26f63f856a1b4e : 2 : ittapi_config_apply_per_lib :  ITTAPI function NOT instrumented (not matched by --itt-config option): __itt_model_disable_push

1708631 : 0x26f63f856a211e : 2 : ittapi_config_apply_per_lib :  ITTAPI function NOT instrumented (not matched by --itt-config option): __itt_model_disable_pop

1708631 : 0x26f63f856a2dbc : 2 : ittapi_config_apply_per_lib :  ITTAPI function instrumented: __itt_heap_function_create
1708631 : 0x26f63f856a3a5e : 2 : ittapi_config_apply_per_lib :  ITTAPI function instrumented: __itt_heap_allocate_begin
1708631 : 0x26f63f856a45ae : 2 : ittapi_config_apply_per_lib :  ITTAPI function instrumented: __itt_heap_allocate_end
1708631 : 0x26f63f856a5196 : 2 : ittapi_config_apply_per_lib :  ITTAPI function instrumented: __itt_heap_free_begin
1708631 : 0x26f63f856a7148 : 2 : ittapi_config_apply_per_lib :  ITTAPI function instrumented: __itt_heap_free_end
1708631 : 0x26f63f856a7dae : 2 : ittapi_config_apply_per_lib :  ITTAPI function instrumented: __itt_heap_reallocate_begin
1708631 : 0x26f63f856a89fd : 2 : ittapi_config_apply_per_lib :  ITTAPI function instrumented: __itt_heap_reallocate_end
1708631 : 0x26f63f856a9903 : 2 : ittapi_config_apply_per_lib :  ITTAPI function not implemented: __itt_heap_internal_access_begin
1708631 : 0x26f63f856aa5ee : 2 : ittapi_config_apply_per_lib :  ITTAPI function not implemented: __itt_heap_internal_access_end
1708631 : 0x26f63f856ab22c : 2 : ittapi_config_apply_per_lib :  ITTAPI function not implemented: __itt_heap_record_memory_growth_begin
1708631 : 0x26f63f856abed6 : 2 : ittapi_config_apply_per_lib :  ITTAPI function not implemented: __itt_heap_record_memory_growth_end
1708631 : 0x26f63f856acb42 : 2 : ittapi_config_apply_per_lib :  ITTAPI function not implemented: __itt_heap_reset_detection
1708631 : 0x26f63f856ad819 : 2 : ittapi_config_apply_per_lib :  ITTAPI function not implemented: __itt_heap_record
1708631 : 0x26f63f856ae4e9 : 2 : ittapi_config_apply_per_lib :  ITTAPI function not implemented: __itt_id_create
1708631 : 0x26f63f856b0dc4 : 2 : ittapi_config_apply_per_lib :  ITTAPI function not implemented: __itt_id_destroy
1708631 : 0x26f63f856b1a9d : 2 : ittapi_config_apply_per_lib :  ITTAPI function instrumented: __itt_get_timestamp
1708631 : 0x26f63f856b2626 : 2 : ittapi_config_apply_per_lib :  ITTAPI function not implemented: __itt_region_begin
1708631 : 0x26f63f856b32b1 : 2 : ittapi_config_apply_per_lib :  ITTAPI function not implemented: __itt_region_end
1708631 : 0x26f63f856b3e1e : 2 : ittapi_config_apply_per_lib :  ITTAPI function instrumented: __itt_frame_begin_v3
1708631 : 0x26f63f856b4a30 : 2 : ittapi_config_apply_per_lib :  ITTAPI function instrumented: __itt_frame_end_v3
1708631 : 0x26f63f856b54de : 2 : ittapi_config_apply_per_lib :  ITTAPI function instrumented: __itt_frame_submit_v3
1708631 : 0x26f63f856b6188 : 2 : ittapi_config_apply_per_lib :  ITTAPI function not implemented: __itt_task_group
1708631 : 0x26f63f856b6ed7 : 2 : ittapi_config_apply_per_lib :  ITTAPI function instrumented: __itt_task_begin
1708631 : 0x26f63f856b7ba5 : 2 : ittapi_config_apply_per_lib :  ITTAPI function instrumented: __itt_task_begin_fn
1708631 : 0x26f63f856b9bcd : 2 : ittapi_config_apply_per_lib :  ITTAPI function instrumented: __itt_task_end
1708631 : 0x26f63f856ba8a1 : 2 : ittapi_config_apply_per_lib :  ITTAPI function not implemented: __itt_counter_inc_v3
1708631 : 0x26f63f856bb604 : 2 : ittapi_config_apply_per_lib :  ITTAPI function not implemented: __itt_counter_inc_delta_v3
1708631 : 0x26f63f856bc2ca : 2 : ittapi_config_apply_per_lib :  ITTAPI function not implemented: __itt_counter_dec_v3
1708631 : 0x26f63f856bcf43 : 2 : ittapi_config_apply_per_lib :  ITTAPI function not implemented: __itt_counter_dec_delta_v3
1708631 : 0x26f63f856bdb73 : 2 : ittapi_config_apply_per_lib :  ITTAPI function not implemented: __itt_marker
1708631 : 0x26f63f856be904 : 2 : ittapi_config_apply_per_lib :  ITTAPI function instrumented: __itt_metadata_add
1708631 : 0x26f63f856bf502 : 2 : ittapi_config_apply_per_lib :  ITTAPI function not implemented: __itt_metadata_str_add
1708631 : 0x26f63f856c0184 : 2 : ittapi_config_apply_per_lib :  ITTAPI function not implemented: __itt_relation_add_to_current
1708631 : 0x26f63f856c0ccd : 2 : ittapi_config_apply_per_lib :  ITTAPI function not implemented: __itt_relation_add
1708631 : 0x26f63f856c2b76 : 2 : ittapi_config_apply_per_lib :  ITTAPI function instrumented: __itt_event_create
1708631 : 0x26f63f856c3810 : 2 : ittapi_config_apply_per_lib :  ITTAPI function instrumented: __itt_event_start
1708631 : 0x26f63f856c42a9 : 2 : ittapi_config_apply_per_lib :  ITTAPI function instrumented: __itt_event_end
1708631 : 0x26f63f856c4857 : 2 : ittapi_config_apply_per_lib :  ITTAPI function NOT instrumented (not matched by --itt-config option): __itt_sync_set_name

1708631 : 0x26f63f856c4e31 : 2 : ittapi_config_apply_per_lib :  ITTAPI function NOT instrumented (not matched by --itt-config option): __itt_notify_sync_name

1708631 : 0x26f63f856c53de : 2 : ittapi_config_apply_per_lib :  ITTAPI function NOT instrumented (not matched by --itt-config option): __itt_notify_sync_prepare

1708631 : 0x26f63f856c5941 : 2 : ittapi_config_apply_per_lib :  ITTAPI function NOT instrumented (not matched by --itt-config option): __itt_notify_sync_cancel

1708631 : 0x26f63f856c5f53 : 2 : ittapi_config_apply_per_lib :  ITTAPI function NOT instrumented (not matched by --itt-config option): __itt_notify_sync_acquired

1708631 : 0x26f63f856c64b6 : 2 : ittapi_config_apply_per_lib :  ITTAPI function NOT instrumented (not matched by --itt-config option): __itt_notify_sync_releasing

1708631 : 0x26f63f856c70bb : 2 : ittapi_config_apply_per_lib :  ITTAPI function not implemented: __itt_memory_read
1708631 : 0x26f63f856c9a14 : 2 : ittapi_config_apply_per_lib :  ITTAPI function not implemented: __itt_memory_write
1708631 : 0x26f63f856ca71b : 2 : ittapi_config_apply_per_lib :  ITTAPI function not implemented: __itt_memory_update
1708631 : 0x26f63f856cb2e1 : 2 : ittapi_config_apply_per_lib :  ITTAPI function not implemented: __itt_state_get
1708631 : 0x26f63f856cbf40 : 2 : ittapi_config_apply_per_lib :  ITTAPI function not implemented: __itt_state_set
1708631 : 0x26f63f856ccbc0 : 2 : ittapi_config_apply_per_lib :  ITTAPI function not implemented: __itt_obj_mode_set
1708631 : 0x26f63f856cd7cb : 2 : ittapi_config_apply_per_lib :  ITTAPI function not implemented: __itt_thr_mode_set
1708631 : 0x26f63f856ce2b7 : 2 : ittapi_config_apply_per_lib :  ITTAPI function instrumented: __itt_frame_create
1708631 : 0x26f63f856ceddf : 2 : ittapi_config_apply_per_lib :  ITTAPI function instrumented: __itt_pt_region_create
1708631 : 0x26f63f856cfa3b : 2 : ittapi_config_apply_per_lib :  ITTAPI function instrumented: __itt_frame_begin
1708631 : 0x26f63f856d05e7 : 2 : ittapi_config_apply_per_lib :  ITTAPI function instrumented: __itt_frame_end
1708631 : 0x26f63f856d26d0 : 2 : ittapi_config_apply_per_lib :  ITTAPI function not implemented: __itt_counter_destroy
1708631 : 0x26f63f856d3293 : 2 : ittapi_config_apply_per_lib :  ITTAPI function instrumented: __itt_counter_inc
1708631 : 0x26f63f856d3e03 : 2 : ittapi_config_apply_per_lib :  ITTAPI function instrumented: __itt_counter_inc_delta
1708631 : 0x26f63f856d4938 : 2 : ittapi_config_apply_per_lib :  ITTAPI function instrumented: __itt_counter_dec
1708631 : 0x26f63f856d5500 : 2 : ittapi_config_apply_per_lib :  ITTAPI function instrumented: __itt_counter_dec_delta
1708631 : 0x26f63f856d5fd2 : 2 : ittapi_config_apply_per_lib :  ITTAPI function instrumented: __itt_counter_set_value
1708631 : 0x26f63f856d6b9d : 2 : ittapi_config_apply_per_lib :  ITTAPI function not implemented: __itt_counter_set_value_ex
1708631 : 0x26f63f856d7688 : 2 : ittapi_config_apply_per_lib :  ITTAPI function not implemented: __itt_mark_create
1708631 : 0x26f63f856d82d1 : 2 : ittapi_config_apply_per_lib :  ITTAPI function not implemented: __itt_mark
1708631 : 0x26f63f856d8e20 : 2 : ittapi_config_apply_per_lib :  ITTAPI function not implemented: __itt_mark_off
1708631 : 0x26f63f856dad88 : 2 : ittapi_config_apply_per_lib :  ITTAPI function not implemented: __itt_mark_global
1708631 : 0x26f63f856dba5e : 2 : ittapi_config_apply_per_lib :  ITTAPI function not implemented: __itt_mark_global_off
1708631 : 0x26f63f856dc5d3 : 2 : ittapi_config_apply_per_lib :  ITTAPI function instrumented: __itt_stack_caller_create
1708631 : 0x26f63f856dd2bd : 2 : ittapi_config_apply_per_lib :  ITTAPI function instrumented: __itt_stack_caller_destroy
1708631 : 0x26f63f856dde01 : 2 : ittapi_config_apply_per_lib :  ITTAPI function instrumented: __itt_stack_callee_enter
1708631 : 0x26f63f856de91c : 2 : ittapi_config_apply_per_lib :  ITTAPI function instrumented: __itt_stack_callee_leave
1708631 : 0x26f63f856df4b8 : 2 : ittapi_config_apply_per_lib :  ITTAPI function not implemented: __itt_clock_domain_create
1708631 : 0x26f63f856e0119 : 2 : ittapi_config_apply_per_lib :  ITTAPI function not implemented: __itt_clock_domain_reset
1708631 : 0x26f63f856e0c89 : 2 : ittapi_config_apply_per_lib :  ITTAPI function not implemented: __itt_id_create_ex
1708631 : 0x26f63f856e18c2 : 2 : ittapi_config_apply_per_lib :  ITTAPI function not implemented: __itt_id_destroy_ex
1708631 : 0x26f63f856e37ee : 2 : ittapi_config_apply_per_lib :  ITTAPI function not implemented: __itt_task_begin_ex
1708631 : 0x26f63f856e440f : 2 : ittapi_config_apply_per_lib :  ITTAPI function not implemented: __itt_task_begin_fn_ex
1708631 : 0x26f63f856e50b7 : 2 : ittapi_config_apply_per_lib :  ITTAPI function not implemented: __itt_task_end_ex
1708631 : 0x26f63f856e5c6d : 2 : ittapi_config_apply_per_lib :  ITTAPI function instrumented: __itt_task_begin_overlapped
1708631 : 0x26f63f856e68bc : 2 : ittapi_config_apply_per_lib :  ITTAPI function not implemented: __itt_task_begin_overlapped_ex
1708631 : 0x26f63f856e73b0 : 2 : ittapi_config_apply_per_lib :  ITTAPI function instrumented: __itt_task_end_overlapped
1708631 : 0x26f63f856e7fe9 : 2 : ittapi_config_apply_per_lib :  ITTAPI function not implemented: __itt_task_end_overlapped_ex
1708631 : 0x26f63f856e8c2a : 2 : ittapi_config_apply_per_lib :  ITTAPI function not implemented: __itt_marker_ex
1708631 : 0x26f63f856e990f : 2 : ittapi_config_apply_per_lib :  ITTAPI function not implemented: __itt_metadata_add_with_scope
1708631 : 0x26f63f856ea500 : 2 : ittapi_config_apply_per_lib :  ITTAPI function not implemented: __itt_metadata_str_add_with_scope
1708631 : 0x26f63f856ecb85 : 2 : ittapi_config_apply_per_lib :  ITTAPI function not implemented: __itt_relation_add_to_current_ex
1708631 : 0x26f63f856ed865 : 2 : ittapi_config_apply_per_lib :  ITTAPI function not implemented: __itt_relation_add_ex
1708631 : 0x26f63f856ee3ca : 2 : ittapi_config_apply_per_lib :  ITTAPI function not implemented: __itt_track_group_create
1708631 : 0x26f63f856eef18 : 2 : ittapi_config_apply_per_lib :  ITTAPI function not implemented: __itt_track_create
1708631 : 0x26f63f856efaac : 2 : ittapi_config_apply_per_lib :  ITTAPI function not implemented: __itt_set_track
1708631 : 0x26f63f856f0736 : 2 : ittapi_config_apply_per_lib :  ITTAPI function instrumented: __itt_api_version
1708631 : 0x26f63f856f1283 : 2 : ittapi_config_apply_per_lib :  ITTAPI function not implemented: __itt_av_save
1708631 : 0x26f63f856f1e40 : 2 : ittapi_config_apply_per_lib :  ITTAPI function instrumented: __itt_module_load
1708631 : 0x26f63f856f2983 : 2 : ittapi_config_apply_per_lib :  ITTAPI function not implemented: __itt_module_unload