
3486986 : 0x26c86fc10a37ad : 1 : spill_jit_data :  Jit agent is not initialized
3486968 : 0x26c86fc10a6e06 : 2 : ittapi_config_mask_get :  --itt-config mask to be applied: 55
3486968 : 0x26c86fc10a8a5d : 2 : ittapi_config_apply_per_lib :  ITTAPI function instrumented: __itt_domain_create
3486968 : 0x26c86fc10a9624 : 2 : ittapi_config_apply_per_lib :  ITTAPI function instrumented: __itt_module_load_with_sections
3486968 : 0x26c86fc10aa30c : 2 : ittapi_config_apply_per_lib :  ITTAPI function not implemented: __itt_module_unload_with_sections
3486968 : 0x26c86fc10aac2b : 2 : ittapi_config_apply_per_lib :  ITTAPI function instrumented: __itt_string_handle_create
3486968 : 0x26c86fc10ab3c8 : 2 : ittapi_config_apply_per_lib :  ITTAPI function instrumented: __itt_counter_create
3486968 : 0x26c86fc10abbb7 : 2 : ittapi_config_apply_per_lib :  ITTAPI function instrumented: __itt_counter_create_typed
3486968 : 0x26c86fc10ac32b : 2 : ittapi_config_apply_per_lib :  ITTAPI function instrumented: __itt_pause
3486968 : 0x26c86fc10acb62 : 2 : ittapi_config_apply_per_lib :  ITTAPI function instrumented: __itt_resume
3486968 : 0x26c86fc10b284f : 2 : ittapi_config_apply_per_lib :  ITTAPI function instrumented: __itt_thread_set_name
3486968 : 0x26c86fc10b3136 : 2 : ittapi_config_apply_per_lib :  ITTAPI function instrumented: __itt_thread_ignore
3486968 : 0x26c86fc10b391d : 2 : ittapi_config_apply_per_lib :  ITTAPI function instrumented: __itt_thr_name_set
3486968 : 0x26c86fc10b40e5 : 2 : ittapi_config_apply_per_lib :  ITTAPI function instrumented: __itt_thr_ignore
3486968 : 0x26c86fc10b4894 : 2 : ittapi_config_apply_per_lib :  ITTAPI function instrumented: __itt_histogram_create
3486968 : 0x26c86fc10b51e7 : 2 : ittapi_config_apply_per_lib :  ITTAPI function not implemented: __itt_enable_attach
3486968 : 0x26c86fc10b5a66 : 2 : ittapi_config_apply_per_lib :  ITTAPI function instrumented: __itt_detach
3486968 : 0x26c86fc10b5ef0 : 2 : ittapi_config_apply_per_lib :  ITTAPI function NOT instrumented (not matched by --itt-config option): __itt_sync_create

3486968 : 0x26c86fc10b6357 : 2 : ittapi_config_apply_per_lib :  ITTAPI function NOT instrumented (not matched by --itt-config option): __itt_sync_rename

3486968 : 0x26c86fc10b679c : 2 : ittapi_config_apply_per_lib :  ITTAPI function NOT instrumented (not matched by --itt-config option): __itt_sync_destroy

3486968 : 0x26c86fc10b7c7b : 2 : ittapi_config_apply_per_lib :  ITTAPI function NOT instrumented (not matched by --itt-config option): __itt_sync_prepare

3486968 : 0x26c86fc10b80ff : 2 : ittapi_config_apply_per_lib :  ITTAPI function NOT instrumented (not matched by --itt-config option): __itt_sync_cancel

3486968 : 0x26c86fc10b84d1 : 2 : ittapi_config_apply_per_lib :  ITTAPI function NOT instrumented (not matched by --itt-config option): __itt_sync_acquired

3486968 : 0x26c86fc10b8875 : 2 : ittapi_config_apply_per_lib :  ITTAPI function NOT instrumented (not matched by --itt-config option): __itt_sync_releasing

3486968 : 0x26c86fc10b9230 : 2 : ittapi_config_apply_per_lib :  ITTAPI function not implemented: __itt_suppress_push
3486968 : 0x26c86fc10b9b59 : 2 : ittapi_config_apply_per_lib :  ITTAPI function not implemented: __itt_suppress_pop
3486968 : 0x26c86fc10ba39c : 2 : ittapi_config_apply_per_lib :  ITTAPI function not implemented: __itt_suppress_mark_range
3486968 : 0x26c86fc10bac02 : 2 : ittapi_config_apply_per_lib :  ITTAPI function not implemented: __itt_suppress_clear_range
3486968 : 0x26c86fc10bafe9 : 2 : ittapi_config_apply_per_lib :  ITTAPI function NOT instrumented (not matched by --itt-config option): __itt_sync_prepare

3486968 : 0x26c86fc10bb407 : 2 : ittapi_config_apply_per_lib :  ITTAPI function NOT instrumented (not matched by --itt-config option): __itt_sync_cancel

3486968 : 0x26c86fc10bc4e1 : 2 : ittapi_config_apply_per_lib :  ITTAPI function NOT instrumented (not matched by --itt-config option): __itt_sync_acquired

3486968 : 0x26c86fc10bc97e : 2 : ittapi_config_apply_per_lib :  ITTAPI function NOT instrumented (not matched by --itt-config option): __itt_sync_releasing

3486968 : 0x26c86fc10bcd77 : 2 : ittapi_config_apply_per_lib :  ITTAPI function NOT instrumented (not matched by --itt-config option): __itt_model_site_begin

3486968 : 0x26c86fc10bd150 : 2 : ittapi_config_apply_per_lib :  ITTAPI function NOT instrumented (not matched by --itt-config option): __itt_model_site_end

3486968 : 0x26c86fc10c0351 : 2 : ittapi_config_apply_per_lib :  ITTAPI function NOT instrumented (not matched by --itt-config option): __itt_model_task_begin

3486968 : 0x26c86fc10c07c7 : 2 : ittapi_config_apply_per_lib :  ITTAPI function NOT instrumented (not matched by --itt-config option): __itt_model_task_end

3486968 : 0x26c86fc10c0bff : 2 : ittapi_config_apply_per_lib :  ITTAPI function NOT instrumented (not matched by --itt-config option): __itt_model_lock_acquire

3486968 : 0x26c86fc10c10a4 : 2 : ittapi_config_apply_per_lib :  ITTAPI function NOT instrumented (not matched by --itt-config option): __itt_model_lock_release

3486968 : 0x26c86fc10c1482 : 2 : ittapi_config_apply_per_lib :  ITTAPI function NOT instrumented (not matched by --itt-config option): __itt_model_record_allocation

3486968 : 0x26c86fc10c185b : 2 : ittapi_config_apply_per_lib :  ITTAPI function NOT instrumented (not matched by --itt-config option): __itt_model_record_deallocation

3486968 : 0x26c86fc10c31c4 : 2 : ittapi_config_apply_per_lib :  ITTAPI function NOT instrumented (not matched by --itt-config option): __itt_model_induction_uses

3486968 : 0x26c86fc10c35fd : 2 : ittapi_config_apply_per_lib :  ITTAPI function NOT instrumented (not matched by --itt-config option): __itt_model_reduction_uses

3486968 : 0x26c86fc10c3989 : 2 : ittapi_config_apply_per_lib :  ITTAPI function NOT instrumented (not matched by --itt-config option): __itt_model_observe_uses

3486968 : 0x26c86fc10c3cfe : 2 : ittapi_config_apply_per_lib :  ITTAPI function NOT instrumented (not matched by --itt-config option): __itt_model_clear_uses

3486968 : 0x26c86fc10c409d : 2 : ittapi_config_apply_per_lib :  ITTAPI function NOT instrumented (not matched by --itt-config option): __itt_model_site_beginA

3486968 : 0x26c86fc10c4458 : 2 : ittapi_config_apply_per_lib :  ITTAPI function NOT instrumented (not matched by --itt-config option): __itt_model_site_beginAL

3486968 : 0x26c86fc10c47d5 : 2 : ittapi_config_apply_per_lib :  ITTAPI function NOT instrumented (not matched by --itt-config option): __itt_model_task_beginA

3486968 : 0x26c86fc10c4b74 : 2 : ittapi_config_apply_per_lib :  ITTAPI function NOT instrumented (not matched by --itt-config option): __itt_model_task_beginAL

3486968 : 0x26c86fc10c4edf : 2 : ittapi_config_apply_per_lib :  ITTAPI function NOT instrumented (not matched by --itt-config option): __itt_model_iteration_taskA

3486968 : 0x26c86fc10c5293 : 2 : ittapi_config_apply_per_lib :  ITTAPI function NOT instrumented (not matched by --itt-config option): __itt_model_iteration_taskAL

3486968 : 0x26c86fc10c629b : 2 : ittapi_config_apply_per_lib :  ITTAPI function NOT instrumented (not matched by --itt-config option): __itt_model_site_end_2

3486968 : 0x26c86fc10c66da : 2 : ittapi_config_apply_per_lib :  ITTAPI function NOT instrumented (not matched by --itt-config option): __itt_model_task_end_2

3486968 : 0x26c86fc10c6a61 : 2 : ittapi_config_apply_per_lib :  ITTAPI function NOT instrumented (not matched by --itt-config option): __itt_model_lock_acquire_2

3486968 : 0x26c86fc10c6dcd : 2 : ittapi_config_apply_per_lib :  ITTAPI function NOT instrumented (not matched by --itt-config option): __itt_model_lock_release_2

3486968 : 0x26c86fc10c714b : 2 : ittapi_config_apply_per_lib :  ITTAPI function NOT instrumented (not matched by --itt-config option): __itt_model_aggregate_task

3486968 : 0x26c86fc10c7509 : 2 : ittapi_config_apply_per_lib :  ITTAPI function NOT instrumented (not matched by --itt-config option): __itt_model_disable_push

3486968 : 0x26c86fc10c7899 : 2 : ittapi_config_apply_per_lib :  ITTAPI function NOT instrumented (not matched by --itt-config option): __itt_model_disable_pop

3486968 : 0x26c86fc10c8093 : 2 : ittapi_config_apply_per_lib :  ITTAPI function instrumented: __itt_heap_function_create
3486968 : 0x26c86fc10c88d4 : 2 : ittapi_config_apply_per_lib :  ITTAPI function instrumented: __itt_heap_allocate_begin
3486968 : 0x26c86fc10c8fda : 2 : ittapi_config_apply_per_lib :  ITTAPI function instrumented: __itt_heap_allocate_end
3486968 : 0x26c86fc10cad6a : 2 : ittapi_config_apply_per_lib :  ITTAPI function instrumented: __itt_heap_free_begin
3486968 : 0x26c86fc10cb547 : 2 : ittapi_config_apply_per_lib :  ITTAPI function instrumented: __itt_heap_free_end
3486968 : 0x26c86fc10cbc35 : 2 : ittapi_config_apply_per_lib :  ITTAPI function instrumented: __itt_heap_reallocate_begin
3486968 : 0x26c86fc10cc379 : 2 : ittapi_config_apply_per_lib :  ITTAPI function instrumented: __itt_heap_reallocate_end
3486968 : 0x26c86fc10ccbb7 : 2 : ittapi_config_apply_per_lib :  ITTAPI function not implemented: __itt_heap_internal_access_begin
3486968 : 0x26c86fc10cd444 : 2 : ittapi_config_apply_per_lib :  ITTAPI function not implemented: __itt_heap_internal_access_end
3486968 : 0x26c86fc10cdc69 : 2 : ittapi_config_apply_per_lib :  ITTAPI function not implemented: __itt_heap_record_memory_growth_begin
3486968 : 0x26c86fc10ce466 : 2 : ittapi_config_apply_per_lib :  ITTAPI function not implemented: __itt_heap_record_memory_growth_end
3486968 : 0x26c86fc10cecb0 : 2 : ittapi_config_apply_per_lib :  ITTAPI function not implemented: __itt_heap_reset_detection
3486968 : 0x26c86fc10cf54c : 2 : ittapi_config_apply_per_lib :  ITTAPI function not implemented: __itt_heap_record
3486968 : 0x26c86fc10d0ae6 : 2 : ittapi_config_apply_per_lib :  ITTAPI function not implemented: __itt_id_create
3486968 : 0x26c86fc10d12cd : 2 : ittapi_config_apply_per_lib :  ITTAPI function not implemented: __itt_id_destroy
3486968 : 0x26c86fc10d1ac0 : 2 : ittapi_config_apply_per_lib :  ITTAPI function instrumented: __itt_get_timestamp
3486968 : 0x26c86fc10d2275 : 2 : ittapi_config_apply_per_lib :  ITTAPI function not implemented: __itt_region_begin
3486968 : 0x26c86fc10d2a51 : 2 : ittapi_config_apply_per_lib :  ITTAPI function not implemented: __itt_region_end
3486968 : 0x26c86fc10d31ca : 2 : ittapi_config_apply_per_lib :  ITTAPI function instrumented: __itt_frame_begin_v3
3486968 : 0x26c86fc10d399c : 2 : ittapi_config_apply_per_lib :  ITTAPI function instrumented: __itt_frame_end_v3
3486968 : 0x26c86fc10d4128 : 2 : ittapi_config_apply_per_lib :  ITTAPI function instrumented: __itt_frame_submit_v3
3486968 : 0x26c86fc10d497a : 2 : ittapi_config_apply_per_lib :  ITTAPI function not implemented: __itt_task_group
3486968 : 0x26c86fc10d50eb : 2 : ittapi_config_apply_per_lib :  ITTAPI function instrumented: __itt_task_begin
3486968 : 0x26c86fc10d6594 : 2 : ittapi_config_apply_per_lib :  ITTAPI function instrumented: __itt_task_begin_fn
3486968 : 0x26c86fc10d6d88 : 2 : ittapi_config_apply_per_lib :  ITTAPI function instrumented: __itt_task_end
3486968 : 0x26c86fc10d7574 : 2 : ittapi_config_apply_per_lib :  ITTAPI function not implemented: __itt_counter_inc_v3
3486968 : 0x26c86fc10d7de1 : 2 : ittapi_config_apply_per_lib :  ITTAPI function not implemented: __itt_counter_inc_delta_v3
3486968 : 0x26c86fc10d85c7 : 2 : ittapi_config_apply_per_lib :  ITTAPI function not implemented: __itt_counter_dec_v3
3486968 : 0x26c86fc10d8e09 : 2 : ittapi_config_apply_per_lib :  ITTAPI function not implemented: __itt_counter_dec_delta_v3
3486968 : 0x26c86fc10d965f : 2 : ittapi_config_apply_per_lib :  ITTAPI function not implemented: __itt_marker
3486968 : 0x26c86fc10d9e94 : 2 : ittapi_config_apply_per_lib :  ITTAPI function instrumented: __itt_metadata_add
3486968 : 0x26c86fc10da6b3 : 2 : ittapi_config_apply_per_lib :  ITTAPI function not implemented: __itt_metadata_str_add
3486968 : 0x26c86fc10daef6 : 2 : ittapi_config_apply_per_lib :  ITTAPI function not implemented: __itt_relation_add_to_current
3486968 : 0x26c86fc10dc440 : 2 : ittapi_config_apply_per_lib :  ITTAPI function not implemented: __itt_relation_add
3486968 : 0x26c86fc10dcbf8 : 2 : ittapi_config_apply_per_lib :  ITTAPI function instrumented: __itt_event_create
3486968 : 0x26c86fc10dd3b3 : 2 : ittapi_config_apply_per_lib :  ITTAPI function instrumented: __itt_event_start
3486968 : 0x26c86fc10ddb0f : 2 : ittapi_config_apply_per_lib :  ITTAPI function instrumented: __itt_event_end
3486968 : 0x26c86fc10ddf6b : 2 : ittapi_config_apply_per_lib :  ITTAPI function NOT instrumented (not matched by --itt-config option): __itt_sync_set_name

3486968 : 0x26c86fc10de36d : 2 : ittapi_config_apply_per_lib :  ITTAPI function NOT instrumented (not matched by --itt-config option): __itt_notify_sync_name

3486968 : 0x26c86fc10de760 : 2 : ittapi_config_apply_per_lib :  ITTAPI function NOT instrumented (not matched by --itt-config option): __itt_notify_sync_prepare

3486968 : 0x26c86fc10deb57 : 2 : ittapi_config_apply_per_lib :  ITTAPI function NOT instrumented (not matched by --itt-config option): __itt_notify_sync_cancel

3486968 : 0x26c86fc10def70 : 2 : ittapi_config_apply_per_lib :  ITTAPI function NOT instrumented (not matched by --itt-config option): __itt_notify_sync_acquired

3486968 : 0x26c86fc10df35d : 2 : ittapi_config_apply_per_lib :  ITTAPI function NOT instrumented (not matched by --itt-config option): __itt_notify_sync_releasing

3486968 : 0x26c86fc10e1497 : 2 : ittapi_config_apply_per_lib :  ITTAPI function not implemented: __itt_memory_read
3486968 : 0x26c86fc10e1cf7 : 2 : ittapi_config_apply_per_lib :  ITTAPI function not implemented: __itt_memory_write
3486968 : 0x26c86fc10e2569 : 2 : ittapi_config_apply_per_lib :  ITTAPI function not implemented: __itt_memory_update
3486968 : 0x26c86fc10e2d7c : 2 : ittapi_config_apply_per_lib :  ITTAPI function not implemented: __itt_state_get
3486968 : 0x26c86fc10e35ae : 2 : ittapi_config_apply_per_lib :  ITTAPI function not implemented: __itt_state_set
3486968 : 0x26c86fc10e3d93 : 2 : ittapi_config_apply_per_lib :  ITTAPI function not implemented: __itt_obj_mode_set
3486968 : 0x26c86fc10e45b1 : 2 : ittapi_config_apply_per_lib :  ITTAPI function not implemented: __itt_thr_mode_set
3486968 : 0x26c86fc10e4d07 : 2 : ittapi_config_apply_per_lib :  ITTAPI function instrumented: __itt_frame_create
3486968 : 0x26c86fc10e5485 : 2 : ittapi_config_apply_per_lib :  ITTAPI function instrumented: __itt_pt_region_create
3486968 : 0x26c86fc10e5bce : 2 : ittapi_config_apply_per_lib :  ITTAPI function instrumented: __itt_frame_begin
3486968 : 0x26c86fc10e7095 : 2 : ittapi_config_apply_per_lib :  ITTAPI function instrumented: __itt_frame_end
3486968 : 0x26c86fc10e7a60 : 2 : ittapi_config_apply_per_lib :  ITTAPI function not implemented: __itt_counter_destroy
3486968 : 0x26c86fc10e81c5 : 2 : ittapi_config_apply_per_lib :  ITTAPI function instrumented: __itt_counter_inc
3486968 : 0x26c86fc10e8969 : 2 : ittapi_config_apply_per_lib :  ITTAPI function instrumented: __itt_counter_inc_delta
3486968 : 0x26c86fc10e908b : 2 : ittapi_config_apply_per_lib :  ITTAPI function instrumented: __itt_counter_dec
3486968 : 0x26c86fc10e9849 : 2 : ittapi_config_apply_per_lib :  ITTAPI function instrumented: __itt_counter_dec_delta
3486968 : 0x26c86fc10e9f52 : 2 : ittapi_config_apply_per_lib :  ITTAPI function instrumented: __itt_counter_set_value
3486968 : 0x26c86fc10ea74c : 2 : ittapi_config_apply_per_lib :  ITTAPI function not implemented: __itt_counter_set_value_ex
3486968 : 0x26c86fc10eaef2 : 2 : ittapi_config_apply_per_lib :  ITTAPI function not implemented: __itt_mark_create
3486968 : 0x26c86fc10eb719 : 2 : ittapi_config_apply_per_lib :  ITTAPI function not implemented: __itt_mark
3486968 : 0x26c86fc10ecc54 : 2 : ittapi_config_apply_per_lib :  ITTAPI function not implemented: __itt_mark_off
3486968 : 0x26c86fc10ed43d : 2 : ittapi_config_apply_per_lib :  ITTAPI function not implemented: __itt_mark_global
3486968 : 0x26c86fc10edc8e : 2 : ittapi_config_apply_per_lib :  ITTAPI function not implemented: __itt_mark_global_off
3486968 : 0x26c86fc10ee482 : 2 : ittapi_config_apply_per_lib :  ITTAPI function instrumented: __itt_stack_caller_create
3486968 : 0x26c86fc10eec73 : 2 : ittapi_config_apply_per_lib :  ITTAPI function instrumented: __itt_stack_caller_destroy
3486968 : 0x26c86fc10ef3b1 : 2 : ittapi_config_apply_per_lib :  ITTAPI function instrumented: __itt_stack_callee_enter
3486968 : 0x26c86fc10efb05 : 2 : ittapi_config_apply_per_lib :  ITTAPI function instrumented: __itt_stack_callee_leave
3486968 : 0x26c86fc10f02ea : 2 : ittapi_config_apply_per_lib :  ITTAPI function not implemented: __itt_clock_domain_create
3486968 : 0x26c86fc10f0b3c : 2 : ittapi_config_apply_per_lib :  ITTAPI function not implemented: __itt_clock_domain_reset
3486968 : 0x26c86fc10f12ca : 2 : ittapi_config_apply_per_lib :  ITTAPI function not implemented: __itt_id_create_ex
3486968 : 0x26c86fc10f2e74 : 2 : ittapi_config_apply_per_lib :  ITTAPI function not implemented: __itt_id_destroy_ex
3486968 : 0x26c86fc10f370b : 2 : ittapi_config_apply_per_lib :  ITTAPI function not implemented: __itt_task_begin_ex
3486968 : 0x26c86fc10f3ea5 : 2 : ittapi_config_apply_per_lib :  ITTAPI function not implemented: __itt_task_begin_fn_ex
3486968 : 0x26c86fc10f4684 : 2 : ittapi_config_apply_per_lib :  ITTAPI function not implemented: __itt_task_end_ex
3486968 : 0x26c86fc10f4dd4 : 2 : ittapi_config_apply_per_lib :  ITTAPI function instrumented: __itt_task_begin_overlapped
3486968 : 0x26c86fc10f55dc : 2 : ittapi_config_apply_per_lib :  ITTAPI function not implemented: __itt_task_begin_overlapped_ex
3486968 : 0x26c86fc10f5d1f : 2 : ittapi_config_apply_per_lib :  ITTAPI function instrumented: __itt_task_end_overlapped
3486968 : 0x26c86fc10f64ef : 2 : ittapi_config_apply_per_lib :  ITTAPI function not implemented: __itt_task_end_overlapped_ex
3486968 : 0x26c86fc10f6c8c : 2 : ittapi_config_apply_per_lib :  ITTAPI function not implemented: __itt_marker_ex
3486968 : 0x26c86fc10f751d : 2 : ittapi_config_apply_per_lib :  ITTAPI function not implemented: __itt_metadata_add_with_scope
3486968 : 0x26c86fc10f8a9a : 2 : ittapi_config_apply_per_lib :  ITTAPI function not implemented: __itt_metadata_str_add_with_scope
3486968 : 0x26c86fc10f9266 : 2 : ittapi_config_apply_per_lib :  ITTAPI function not implemented: __itt_relation_add_to_current_ex
3486968 : 0x26c86fc10f9a8b : 2 : ittapi_config_apply_per_lib :  ITTAPI function not implemented: __itt_relation_add_ex
3486968 : 0x26c86fc10fa254 : 2 : ittapi_config_apply_per_lib :  ITTAPI function not implemented: __itt_track_group_create
3486968 : 0x26c86fc10faa33 : 2 : ittapi_config_apply_per_lib :  ITTAPI function not implemented: __itt_track_create
3486968 : 0x26c86fc10fb15e : 2 : ittapi_config_apply_per_lib :  ITTAPI function not implemented: __itt_set_track
3486968 : 0x26c86fc10fb91b : 2 : ittapi_config_apply_per_lib :  ITTAPI function instrumented: __itt_api_version
3486968 : 0x26c86fc10fc0e4 : 2 : ittapi_config_apply_per_lib :  ITTAPI function not implemented: __itt_av_save
3486968 : 0x26c86fc10fc87b : 2 : ittapi_config_apply_per_lib :  ITTAPI function instrumented: __itt_module_load
3486968 : 0x26c86fc10fd012 : 2 : ittapi_config_apply_per_lib :  ITTAPI function not implemented: __itt_module_unload
3486968 : 0x26c86fc10fe0bb : 2 : ittapi_config_apply_per_lib :  ITTAPI function NOT instrumented (not matched by --itt-config option): __itt_histogram_submit

3486968 : 0x26c86fc11498a9 : 2 : ittapi_config_mask_get :  --itt-config mask to be applied: 55
3486968 : 0x26c86fc114a3fa : 2 : ittapi_config_apply_per_lib :  ITTAPI function instrumented: __itt_domain_create
3486968 : 0x26c86fc114bdbd : 2 : ittapi_config_apply_per_lib :  ITTAPI function instrumented: __itt_module_load_with_sections
3486968 : 0x26c86fc114c6a1 : 2 : ittapi_config_apply_per_lib :  ITTAPI function not implemented: __itt_module_unload_with_sections
3486968 : 0x26c86fc114ce88 : 2 : ittapi_config_apply_per_lib :  ITTAPI function instrumented: __itt_string_handle_create
3486968 : 0x26c86fc114d55b : 2 : ittapi_config_apply_per_lib :  ITTAPI function instrumented: __itt_counter_create
3486968 : 0x26c86fc114dc6a : 2 : ittapi_config_apply_per_lib :  ITTAPI function instrumented: __itt_counter_create_typed
3486968 : 0x26c86fc114e3d0 : 2 : ittapi_config_apply_per_lib :  ITTAPI function instrumented: __itt_pause
3486968 : 0x26c86fc114eb35 : 2 : ittapi_config_apply_per_lib :  ITTAPI function instrumented: __itt_resume
3486968 : 0x26c86fc1152bda : 2 : ittapi_config_apply_per_lib :  ITTAPI function not implemented: __itt_pause_scoped
3486968 : 0x26c86fc1153440 : 2 : ittapi_config_apply_per_lib :  ITTAPI function not implemented: __itt_resume_scoped
3486968 : 0x26c86fc1153c0d : 2 : ittapi_config_apply_per_lib :  ITTAPI function instrumented: __itt_thread_set_name
3486968 : 0x26c86fc1154361 : 2 : ittapi_config_apply_per_lib :  ITTAPI function instrumented: __itt_thread_ignore
3486968 : 0x26c86fc1154abe : 2 : ittapi_config_apply_per_lib :  ITTAPI function instrumented: __itt_thr_name_set
3486968 : 0x26c86fc1155254 : 2 : ittapi_config_apply_per_lib :  ITTAPI function instrumented: __itt_thr_ignore
3486968 : 0x26c86fc1155a21 : 2 : ittapi_config_apply_per_lib :  ITTAPI function instrumented: __itt_histogram_create
3486968 : 0x26c86fc11560e4 : 2 : ittapi_config_apply_per_lib :  ITTAPI function instrumented: __itt_counter_create_v3
3486968 : 0x26c86fc115688d : 2 : ittapi_config_apply_per_lib :  ITTAPI function instrumented: __itt_bind_context_metadata_to_counter
3486968 : 0x26c86fc1156fea : 2 : ittapi_config_apply_per_lib :  ITTAPI function not implemented: __itt_enable_attach
3486968 : 0x26c86fc1158526 : 2 : ittapi_config_apply_per_lib :  ITTAPI function instrumented: __itt_detach
3486968 : 0x26c86fc11589b3 : 2 : ittapi_config_apply_per_lib :  ITTAPI function NOT instrumented (not matched by --itt-config option): __itt_sync_create

3486968 : 0x26c86fc1158e1b : 2 : ittapi_config_apply_per_lib :  ITTAPI function NOT instrumented (not matched by --itt-config option): __itt_sync_rename

3486968 : 0x26c86fc11591b7 : 2 : ittapi_config_apply_per_lib :  ITTAPI function NOT instrumented (not matched by --itt-config option): __itt_sync_destroy

3486968 : 0x26c86fc1159557 : 2 : ittapi_config_apply_per_lib :  ITTAPI function NOT instrumented (not matched by --itt-config option): __itt_sync_prepare

3486968 : 0x26c86fc1159a15 : 2 : ittapi_config_apply_per_lib :  ITTAPI function NOT instrumented (not matched by --itt-config option): __itt_sync_cancel

3486968 : 0x26c86fc1159d92 : 2 : ittapi_config_apply_per_lib :  ITTAPI function NOT instrumented (not matched by --itt-config option): __itt_sync_acquired

3486968 : 0x26c86fc115a135 : 2 : ittapi_config_apply_per_lib :  ITTAPI function NOT instrumented (not matched by --itt-config option): __itt_sync_releasing

3486968 : 0x26c86fc115aab3 : 2 : ittapi_config_apply_per_lib :  ITTAPI function not implemented: __itt_suppress_push
3486968 : 0x26c86fc115b301 : 2 : ittapi_config_apply_per_lib :  ITTAPI function not implemented: __itt_suppress_pop
3486968 : 0x26c86fc115c802 : 2 : ittapi_config_apply_per_lib :  ITTAPI function not implemented: __itt_suppress_mark_range
3486968 : 0x26c86fc115d05f : 2 : ittapi_config_apply_per_lib :  ITTAPI function not implemented: __itt_suppress_clear_range
3486968 : 0x26c86fc115d432 : 2 : ittapi_config_apply_per_lib :  ITTAPI function NOT instrumented (not matched by --itt-config option): __itt_sync_prepare

3486968 : 0x26c86fc115d7c3 : 2 : ittapi_config_apply_per_lib :  ITTAPI function NOT instrumented (not matched by --itt-config option): __itt_sync_cancel

3486968 : 0x26c86fc115db38 : 2 : ittapi_config_apply_per_lib :  ITTAPI function NOT instrumented (not matched by --itt-config option): __itt_sync_acquired

3486968 : 0x26c86fc115df00 : 2 : ittapi_config_apply_per_lib :  ITTAPI function NOT instrumented (not matched by --itt-config option): __itt_sync_releasing

3486968 : 0x26c86fc115e2e4 : 2 : ittapi_config_apply_per_lib :  ITTAPI function NOT instrumented (not matched by --itt-config option): __itt_model_site_begin

3486968 : 0x26c86fc115e7db : 2 : ittapi_config_apply_per_lib :  ITTAPI function NOT instrumented (not matched by --itt-config option): __itt_model_site_end

3486968 : 0x26c86fc115eb83 : 2 : ittapi_config_apply_per_lib :  ITTAPI function NOT instrumented (not matched by --itt-config option): __itt_model_task_begin

3486968 : 0x26c86fc115ef94 : 2 : ittapi_config_apply_per_lib :  ITTAPI function NOT instrumented (not matched by --itt-config option): __itt_model_task_end

3486968 : 0x26c86fc1160631 : 2 : ittapi_config_apply_per_lib :  ITTAPI function NOT instrumented (not matched by --itt-config option): __itt_model_lock_acquire

3486968 : 0x26c86fc1160afd : 2 : ittapi_config_apply_per_lib :  ITTAPI function NOT instrumented (not matched by --itt-config option): __itt_model_lock_release

3486968 : 0x26c86fc1160e70 : 2 : ittapi_config_apply_per_lib :  ITTAPI function NOT instrumented (not matched by --itt-config option): __itt_model_record_allocation

3486968 : 0x26c86fc11611b8 : 2 : ittapi_config_apply_per_lib :  ITTAPI function NOT instrumented (not matched by --itt-config option): __itt_model_record_deallocation

3486968 : 0x26c86fc11614f5 : 2 : ittapi_config_apply_per_lib :  ITTAPI function NOT instrumented (not matched by --itt-config option): __itt_model_induction_uses

3486968 : 0x26c86fc11618b4 : 2 : ittapi_config_apply_per_lib :  ITTAPI function NOT instrumented (not matched by --itt-config option): __itt_model_reduction_uses

3486968 : 0x26c86fc1161c0e : 2 : ittapi_config_apply_per_lib :  ITTAPI function NOT instrumented (not matched by --itt-config option): __itt_model_observe_uses

3486968 : 0x26c86fc1161f6c : 2 : ittapi_config_apply_per_lib :  ITTAPI function NOT instrumented (not matched by --itt-config option): __itt_model_clear_uses

3486968 : 0x26c86fc11622be : 2 : ittapi_config_apply_per_lib :  ITTAPI function NOT instrumented (not matched by --itt-config option): __itt_model_site_beginA

3486968 : 0x26c86fc1162641 : 2 : ittapi_config_apply_per_lib :  ITTAPI function NOT instrumented (not matched by --itt-config option): __itt_model_site_beginAL

3486968 : 0x26c86fc116356b : 2 : ittapi_config_apply_per_lib :  ITTAPI function NOT instrumented (not matched by --itt-config option): __itt_model_task_beginA

3486968 : 0x26c86fc11639df : 2 : ittapi_config_apply_per_lib :  ITTAPI function NOT instrumented (not matched by --itt-config option): __itt_model_task_beginAL

3486968 : 0x26c86fc1163d43 : 2 : ittapi_config_apply_per_lib :  ITTAPI function NOT instrumented (not matched by --itt-config option): __itt_model_iteration_taskA

3486968 : 0x26c86fc11640c2 : 2 : ittapi_config_apply_per_lib :  ITTAPI function NOT instrumented (not matched by --itt-config option): __itt_model_iteration_taskAL

3486968 : 0x26c86fc11643fc : 2 : ittapi_config_apply_per_lib :  ITTAPI function NOT instrumented (not matched by --itt-config option): __itt_model_site_end_2

3486968 : 0x26c86fc1164786 : 2 : ittapi_config_apply_per_lib :  ITTAPI function NOT instrumented (not matched by --itt-config option): __itt_model_task_end_2

3486968 : 0x26c86fc1164af4 : 2 : ittapi_config_apply_per_lib :  ITTAPI function NOT instrumented (not matched by --itt-config option): __itt_model_lock_acquire_2

3486968 : 0x26c86fc1164e44 : 2 : ittapi_config_apply_per_lib :  ITTAPI function NOT instrumented (not matched by --itt-config option): __itt_model_lock_release_2

3486968 : 0x26c86fc116518e : 2 : ittapi_config_apply_per_lib :  ITTAPI function NOT instrumented (not matched by --itt-config option): __itt_model_aggregate_task

3486968 : 0x26c86fc116550c : 2 : ittapi_config_apply_per_lib :  ITTAPI function NOT instrumented (not matched by --itt-config option): __itt_model_disable_push

3486968 : 0x26c86fc1166457 : 2 : ittapi_config_apply_per_lib :  ITTAPI function NOT instrumented (not matched by --itt-config option): __itt_model_disable_pop

3486968 : 0x26c86fc1166d0e : 2 : ittapi_config_apply_per_lib :  ITTAPI function instrumented: __itt_heap_function_create
3486968 : 0x26c86fc11673f9 : 2 : ittapi_config_apply_per_lib :  ITTAPI function instrumented: __itt_heap_allocate_begin
3486968 : 0x26c86fc1167b09 : 2 : ittapi_config_apply_per_lib :  ITTAPI function instrumented: __itt_heap_allocate_end
3486968 : 0x26c86fc11681f2 : 2 : ittapi_config_apply_per_lib :  ITTAPI function instrumented: __itt_heap_free_begin
3486968 : 0x26c86fc11688ef : 2 : ittapi_config_apply_per_lib :  ITTAPI function instrumented: __itt_heap_free_end
3486968 : 0x26c86fc1168f84 : 2 : ittapi_config_apply_per_lib :  ITTAPI function instrumented: __itt_heap_reallocate_begin
3486968 : 0x26c86fc116965f : 2 : ittapi_config_apply_per_lib :  ITTAPI function instrumented: __itt_heap_reallocate_end
3486968 : 0x26c86fc1169e0d : 2 : ittapi_config_apply_per_lib :  ITTAPI function not implemented: __itt_heap_internal_access_begin
3486968 : 0x26c86fc116a5d5 : 2 : ittapi_config_apply_per_lib :  ITTAPI function not implemented: __itt_heap_internal_access_end
3486968 : 0x26c86fc116c7c0 : 2 : ittapi_config_apply_per_lib :  ITTAPI function not implemented: __itt_heap_record_memory_growth_begin
3486968 : 0x26c86fc116cf8b : 2 : ittapi_config_apply_per_lib :  ITTAPI function not implemented: __itt_heap_record_memory_growth_end
3486968 : 0x26c86fc116d72b : 2 : ittapi_config_apply_per_lib :  ITTAPI function not implemented: __itt_heap_reset_detection
3486968 : 0x26c86fc116dee7 : 2 : ittapi_config_apply_per_lib :  ITTAPI function not implemented: __itt_heap_record
3486968 : 0x26c86fc116e6a2 : 2 : ittapi_config_apply_per_lib :  ITTAPI function not implemented: __itt_id_create
3486968 : 0x26c86fc116ed96 : 2 : ittapi_config_apply_per_lib :  ITTAPI function not implemented: __itt_id_destroy
3486968 : 0x26c86fc116f550 : 2 : ittapi_config_apply_per_lib :  ITTAPI function instrumented: __itt_get_timestamp
3486968 : 0x26c86fc116fcd9 : 2 : ittapi_config_apply_per_lib :  ITTAPI function not implemented: __itt_region_begin
3486968 : 0x26c86fc117042e : 2 : ittapi_config_apply_per_lib :  ITTAPI function not implemented: __itt_region_end
3486968 : 0x26c86fc1170b19 : 2 : ittapi_config_apply_per_lib :  ITTAPI function instrumented: __itt_frame_begin_v3
3486968 : 0x26c86fc1171ee5 : 2 : ittapi_config_apply_per_lib :  ITTAPI function instrumented: __itt_frame_end_v3
3486968 : 0x26c86fc11726c7 : 2 : ittapi_config_apply_per_lib :  ITTAPI function instrumented: __itt_frame_submit_v3
3486968 : 0x26c86fc1172e7b : 2 : ittapi_config_apply_per_lib :  ITTAPI function not implemented: __itt_task_group
3486968 : 0x26c86fc11735d7 : 2 : ittapi_config_apply_per_lib :  ITTAPI function instrumented: __itt_task_begin
3486968 : 0x26c86fc1173cdf : 2 : ittapi_config_apply_per_lib :  ITTAPI function instrumented: __itt_task_begin_fn
3486968 : 0x26c86fc1174406 : 2 : ittapi_config_apply_per_lib :  ITTAPI function instrumented: __itt_task_end
3486968 : 0x26c86fc1174b70 : 2 : ittapi_config_apply_per_lib :  ITTAPI function not implemented: __itt_counter_inc_v3
3486968 : 0x26c86fc117539f : 2 : ittapi_config_apply_per_lib :  ITTAPI function not implemented: __itt_counter_inc_delta_v3
3486968 : 0x26c86fc1175b04 : 2 : ittapi_config_apply_per_lib :  ITTAPI function not implemented: __itt_counter_dec_v3
3486968 : 0x26c86fc117628b : 2 : ittapi_config_apply_per_lib :  ITTAPI function not implemented: __itt_counter_dec_delta_v3
3486968 : 0x26c86fc11776a3 : 2 : ittapi_config_apply_per_lib :  ITTAPI function not implemented: __itt_marker
3486968 : 0x26c86fc1177e0a : 2 : ittapi_config_apply_per_lib :  ITTAPI function instrumented: __itt_metadata_add
3486968 : 0x26c86fc11785d8 : 2 : ittapi_config_apply_per_lib :  ITTAPI function not implemented: __itt_metadata_str_add
3486968 : 0x26c86fc1178d15 : 2 : ittapi_config_apply_per_lib :  ITTAPI function not implemented: __itt_relation_add_to_current
3486968 : 0x26c86fc11794c8 : 2 : ittapi_config_apply_per_lib :  ITTAPI function not implemented: __itt_relation_add
3486968 : 0x26c86fc1179b7f : 2 : ittapi_config_apply_per_lib :  ITTAPI function instrumented: __itt_event_create
3486968 : 0x26c86fc117a2a7 : 2 : ittapi_config_apply_per_lib :  ITTAPI function instrumented: __itt_event_start
3486968 : 0x26c86fc117a98b : 2 : ittapi_config_apply_per_lib :  ITTAPI function instrumented: __itt_event_end
3486968 : 0x26c86fc117ad85 : 2 : ittapi_config_apply_per_lib :  ITTAPI function NOT instrumented (not matched by --itt-config option): __itt_sync_set_name

3486968 : 0x26c86fc117b154 : 2 : ittapi_config_apply_per_lib :  ITTAPI function NOT instrumented (not matched by --itt-config option): __itt_notify_sync_name

3486968 : 0x26c86fc117c186 : 2 : ittapi_config_apply_per_lib :  ITTAPI function NOT instrumented (not matched by --itt-config option): __itt_notify_sync_prepare

3486968 : 0x26c86fc117c5cf : 2 : ittapi_config_apply_per_lib :  ITTAPI function NOT instrumented (not matched by --itt-config option): __itt_notify_sync_cancel

3486968 : 0x26c86fc117c979 : 2 : ittapi_config_apply_per_lib :  ITTAPI function NOT instrumented (not matched by --itt-config option): __itt_notify_sync_acquired

3486968 : 0x26c86fc117cd15 : 2 : ittapi_config_apply_per_lib :  ITTAPI function NOT instrumented (not matched by --itt-config option): __itt_notify_sync_releasing

3486968 : 0x26c86fc117d4fc : 2 : ittapi_config_apply_per_lib :  ITTAPI function not implemented: __itt_memory_read
3486968 : 0x26c86fc117dc71 : 2 : ittapi_config_apply_per_lib :  ITTAPI function not implemented: __itt_memory_write
3486968 : 0x26c86fc117e435 : 2 : ittapi_config_apply_per_lib :  ITTAPI function not implemented: __itt_memory_update
3486968 : 0x26c86fc117ebb6 : 2 : ittapi_config_apply_per_lib :  ITTAPI function not implemented: __itt_state_get
3486968 : 0x26c86fc117f322 : 2 : ittapi_config_apply_per_lib :  ITTAPI function not implemented: __itt_state_set
3486968 : 0x26c86fc117fa7d : 2 : ittapi_config_apply_per_lib :  ITTAPI function not implemented: __itt_obj_mode_set
3486968 : 0x26c86fc11814af : 2 : ittapi_config_apply_per_lib :  ITTAPI function not implemented: __itt_thr_mode_set
3486968 : 0x26c86fc1181c5f : 2 : ittapi_config_apply_per_lib :  ITTAPI function instrumented: __itt_frame_create
3486968 : 0x26c86fc1182320 : 2 : ittapi_config_apply_per_lib :  ITTAPI function instrumented: __itt_pt_region_create
3486968 : 0x26c86fc1182a50 : 2 : ittapi_config_apply_per_lib :  ITTAPI function instrumented: __itt_frame_begin
3486968 : 0x26c86fc1183153 : 2 : ittapi_config_apply_per_lib :  ITTAPI function instrumented: __itt_frame_end
3486968 : 0x26c86fc1183930 : 2 : ittapi_config_apply_per_lib :  ITTAPI function not implemented: __itt_counter_destroy
3486968 : 0x26c86fc1184002 : 2 : ittapi_config_apply_per_lib :  ITTAPI function instrumented: __itt_counter_inc
3486968 : 0x26c86fc1184700 : 2 : ittapi_config_apply_per_lib :  ITTAPI function instrumented: __itt_counter_inc_delta
3486968 : 0x26c86fc1184da4 : 2 : ittapi_config_apply_per_lib :  ITTAPI function instrumented: __itt_counter_dec
3486968 : 0x26c86fc11854ce : 2 : ittapi_config_apply_per_lib :  ITTAPI function instrumented: __itt_counter_dec_delta
3486968 : 0x26c86fc11869b3 : 2 : ittapi_config_apply_per_lib :  ITTAPI function instrumented: __itt_counter_set_value
3486968 : 0x26c86fc1187158 : 2 : ittapi_config_apply_per_lib :  ITTAPI function not implemented: __itt_counter_set_value_ex
3486968 : 0x26c86fc11878be : 2 : ittapi_config_apply_per_lib :  ITTAPI function not implemented: __itt_mark_create
3486968 : 0x26c86fc1188030 : 2 : ittapi_config_apply_per_lib :  ITTAPI function not implemented: __itt_mark
3486968 : 0x26c86fc11887f6 : 2 : ittapi_config_apply_per_lib :  ITTAPI function not implemented: __itt_mark_off
3486968 : 0x26c86fc1188f29 : 2 : ittapi_config_apply_per_lib :  ITTAPI function not implemented: __itt_mark_global
3486968 : 0x26c86fc11896bd : 2 : ittapi_config_apply_per_lib :  ITTAPI function not implemented: __itt_mark_global_off
3486968 : 0x26c86fc1189e5a : 2 : ittapi_config_apply_per_lib :  ITTAPI function instrumented: __itt_stack_caller_create
3486968 : 0x26c86fc118a5dc : 2 : ittapi_config_apply_per_lib :  ITTAPI function instrumented: __itt_stack_caller_destroy
3486968 : 0x26c86fc118acb8 : 2 : ittapi_config_apply_per_lib :  ITTAPI function instrumented: __itt_stack_callee_enter
3486968 : 0x26c86fc118c03b : 2 : ittapi_config_apply_per_lib :  ITTAPI function instrumented: __itt_stack_callee_leave
3486968 : 0x26c86fc118c83e : 2 : ittapi_config_apply_per_lib :  ITTAPI function not implemented: __itt_clock_domain_create
3486968 : 0x26c86fc118cf89 : 2 : ittapi_config_apply_per_lib :  ITTAPI function not implemented: __itt_clock_domain_reset
3486968 : 0x26c86fc118d725 : 2 : ittapi_config_apply_per_lib :  ITTAPI function not implemented: __itt_id_create_ex
3486968 : 0x26c86fc118de67 : 2 : ittapi_config_apply_per_lib :  ITTAPI function not implemented: __itt_id_destroy_ex
3486968 : 0x26c86fc118e5d8 : 2 : ittapi_config_apply_per_lib :  ITTAPI function not implemented: __itt_task_begin_ex
3486968 : 0x26c86fc118ed00 : 2 : ittapi_config_apply_per_lib :  ITTAPI function not implemented: __itt_task_begin_fn_ex
3486968 : 0x26c86fc118f45e : 2 : ittapi_config_apply_per_lib :  ITTAPI function not implemented: __itt_task_end_ex
3486968 : 0x26c86fc118fb6d : 2 : ittapi_config_apply_per_lib :  ITTAPI function instrumented: __itt_task_begin_overlapped
3486968 : 0x26c86fc11902ec : 2 : ittapi_config_apply_per_lib :  ITTAPI function not implemented: __itt_task_begin_overlapped_ex
3486968 : 0x26c86fc119201b : 2 : ittapi_config_apply_per_lib :  ITTAPI function instrumented: __itt_task_end_overlapped
3486968 : 0x26c86fc1192796 : 2 : ittapi_config_apply_per_lib :  ITTAPI function not implemented: __itt_task_end_overlapped_ex
3486968 : 0x26c86fc1192f34 : 2 : ittapi_config_apply_per_lib :  ITTAPI function not implemented: __itt_marker_ex
3486968 : 0x26c86fc1193695 : 2 : ittapi_config_apply_per_lib :  ITTAPI function not implemented: __itt_metadata_add_with_scope
3486968 : 0x26c86fc1193e37 : 2 : ittapi_config_apply_per_lib :  ITTAPI function not implemented: __itt_metadata_str_add_with_scope
3486968 : 0x26c86fc119454a : 2 : ittapi_config_apply_per_lib :  ITTAPI function not implemented: __itt_relation_add_to_current_ex
3486968 : 0x26c86fc1194caf : 2 : ittapi_config_apply_per_lib :  ITTAPI function not implemented: __itt_relation_add_ex
3486968 : 0x26c86fc119540c : 2 : ittapi_config_apply_per_lib :  ITTAPI function not implemented: __itt_track_group_create
3486968 : 0x26c86fc1195b5d : 2 : ittapi_config_apply_per_lib :  ITTAPI function not implemented: __itt_track_create
3486968 : 0x26c86fc1196241 : 2 : ittapi_config_apply_per_lib :  ITTAPI function not implemented: __itt_set_track
3486968 : 0x26c86fc11975f6 : 2 : ittapi_config_apply_per_lib :  ITTAPI function instrumented: __itt_api_version
3486968 : 0x26c86fc1197e3a : 2 : ittapi_config_apply_per_lib :  ITTAPI function not implemented: __itt_av_save
3486968 : 0x26c86fc11984f1 : 2 : ittapi_config_apply_per_lib :  ITTAPI function instrumented: __itt_module_load
3486968 : 0x26c86fc1198c85 : 2 : ittapi_config_apply_per_lib :  ITTAPI function not implemented: __itt_module_unload
3486968 : 0x26c86fc119900f : 2 : ittapi_config_apply_per_lib :  ITTAPI function NOT instrumented (not matched by --itt-config option): __itt_histogram_submit

3486968 : 0x26c86fc119974c : 2 : ittapi_config_apply_per_lib :  ITTAPI function instrumented: __itt_counter_set_value_v3