0 [688835136] INFO perfrun.launcher <> - Launcher main begin
5 [688835136] INFO perfrun.launcher <> - MessageCatalogInit finished
5 [688835136] INFO perfrun.launcher <> - Launcher instance created
5 [688835136] INFO perfrun.launcher <> - argc = 6; cmdline = /lustre/home/br-gkim/intel/oneapi/vtune/2024.1/bin32/amplxe-runss -dump-vdso -r /var/tmp/pbs.86110.gw4head/amplxe-tmp-br-gkim/amplxe-res-3504519-160023003730651834 --tmp-dir /var/tmp/pbs.86110.gw4head/amplxe-tmp-br-gkim 
48 [688835136] INFO perfrun.launcher <> - create msngr2::ICliToolContext
48 [688835136] INFO perfrun.launcher <> - create file finder object
57 [688220992] INFO perfrun.launcher <> - plugin [remoteplug] was disabled because it doesn't support the given collection type.
57 [688220992] INFO perfrun.launcher <> - plugin [] was disabled because it doesn't support the given collection type.
57 [688220992] INFO perfrun.vdso <> - dumping [vdso] pseudomodule
57 [688220992] INFO perfrun.launcher <> - plugin [] was disabled because it doesn't support the given collection type.
57 [688220992] INFO perfrun.launcher <> - plugin [] was disabled because it doesn't support the given collection type.
57 [688220992] INFO perfrun.launcher <> - plugin [] was disabled because it doesn't support the given collection type.
57 [688220992] INFO perfrun.launcher <> - plugin [] was disabled because it doesn't support the given collection type.
57 [688220992] INFO perfrun.launcher <> - plugin [] was disabled because it doesn't support the given collection type.
57 [688220992] INFO perfrun.launcher <> - plugin [] was disabled because it doesn't support the given collection type.
57 [688220992] INFO perfrun.launcher <> - plugin [] was disabled because it doesn't support the given collection type.
57 [688220992] INFO perfrun.launcher <> - plugin [] was disabled because it doesn't support the given collection type.
57 [688220992] INFO perfrun.launcher <> - plugin [] was disabled because it doesn't support the given collection type.
57 [688220992] INFO perfrun.launcher <> - plugin [] was disabled because it doesn't support the given collection type.
57 [688220992] INFO perfrun.launcher <> - plugin [] was disabled because it doesn't support the given collection type.
57 [688220992] INFO perfrun.launcher <> - plugin [] was disabled because it doesn't support the given collection type.
57 [688220992] INFO perfrun.launcher <> - plugin [] was disabled because it doesn't support the given collection type.
57 [688220992] INFO perfrun.launcher <> - plugin [] was disabled because it doesn't support the given collection type.
57 [688220992] INFO perfrun.launcher <> - plugin [] was disabled because it doesn't support the given collection type.
57 [688220992] INFO perfrun.launcher <> - plugin [] was disabled because it doesn't support the given collection type.
57 [688220992] INFO perfrun.launcher <> - plugin [] was disabled because it doesn't support the given collection type.
57 [688220992] INFO perfrun.launcher <> - plugin [] was disabled because it doesn't support the given collection type.
57 [688220992] INFO perfrun.launcher <> - plugin [] was disabled because it doesn't support the given collection type.
57 [688220992] INFO perfrun.launcher <> - plugin [] was disabled because it doesn't support the given collection type.
57 [688220992] INFO perfrun.launcher <> - plugin [] was disabled because it doesn't support the given collection type.
57 [688220992] INFO perfrun.launcher <> - plugin [] was disabled because it doesn't support the given collection type.
57 [688220992] INFO perfrun.launcher <> - plugin [] was disabled because it doesn't support the given collection type.
57 [688220992] INFO perfrun.launcher <> - plugin [] was disabled because it doesn't support the given collection type.
57 [688835136] INFO perfrun.launcher <> - Application exit code: 0
57 [688835136] INFO perfrun.launcher <> - Exit code: 0
