4 [688834304] INFO perfrun.launcher <> - Launcher main begin
17 [688834304] INFO perfrun.launcher <> - MessageCatalogInit finished
17 [688834304] INFO perfrun.launcher <> - Launcher instance created
17 [688834304] INFO perfrun.launcher <> - argc = 6; cmdline = /lustre/home/br-gkim/intel/oneapi/vtune/2024.1/bin32/amplxe-runss -dump-vdso -r /var/tmp/pbs.85622.gw4head/amplxe-tmp-br-gkim/amplxe-res-1890812-196407824892494524 --tmp-dir /var/tmp/pbs.85622.gw4head/amplxe-tmp-br-gkim 
77 [688834304] INFO perfrun.launcher <> - create msngr2::ICliToolContext
78 [688834304] INFO perfrun.launcher <> - create file finder object
88 [688220992] INFO perfrun.launcher <> - plugin [remoteplug] was disabled because it doesn't support the given collection type.
88 [688220992] INFO perfrun.launcher <> - plugin [] was disabled because it doesn't support the given collection type.
88 [688220992] INFO perfrun.vdso <> - dumping [vdso] pseudomodule
89 [688220992] INFO perfrun.launcher <> - plugin [] was disabled because it doesn't support the given collection type.
89 [688220992] INFO perfrun.launcher <> - plugin [] was disabled because it doesn't support the given collection type.
89 [688220992] INFO perfrun.launcher <> - plugin [] was disabled because it doesn't support the given collection type.
89 [688220992] INFO perfrun.launcher <> - plugin [] was disabled because it doesn't support the given collection type.
89 [688220992] INFO perfrun.launcher <> - plugin [] was disabled because it doesn't support the given collection type.
89 [688220992] INFO perfrun.launcher <> - plugin [] was disabled because it doesn't support the given collection type.
89 [688220992] INFO perfrun.launcher <> - plugin [] was disabled because it doesn't support the given collection type.
89 [688220992] INFO perfrun.launcher <> - plugin [] was disabled because it doesn't support the given collection type.
89 [688220992] INFO perfrun.launcher <> - plugin [] was disabled because it doesn't support the given collection type.
89 [688220992] INFO perfrun.launcher <> - plugin [] was disabled because it doesn't support the given collection type.
89 [688220992] INFO perfrun.launcher <> - plugin [] was disabled because it doesn't support the given collection type.
89 [688220992] INFO perfrun.launcher <> - plugin [] was disabled because it doesn't support the given collection type.
89 [688220992] INFO perfrun.launcher <> - plugin [] was disabled because it doesn't support the given collection type.
89 [688220992] INFO perfrun.launcher <> - plugin [] was disabled because it doesn't support the given collection type.
89 [688220992] INFO perfrun.launcher <> - plugin [] was disabled because it doesn't support the given collection type.
89 [688220992] INFO perfrun.launcher <> - plugin [] was disabled because it doesn't support the given collection type.
89 [688220992] INFO perfrun.launcher <> - plugin [] was disabled because it doesn't support the given collection type.
89 [688220992] INFO perfrun.launcher <> - plugin [] was disabled because it doesn't support the given collection type.
89 [688220992] INFO perfrun.launcher <> - plugin [] was disabled because it doesn't support the given collection type.
89 [688220992] INFO perfrun.launcher <> - plugin [] was disabled because it doesn't support the given collection type.
89 [688220992] INFO perfrun.launcher <> - plugin [] was disabled because it doesn't support the given collection type.
89 [688220992] INFO perfrun.launcher <> - plugin [] was disabled because it doesn't support the given collection type.
89 [688220992] INFO perfrun.launcher <> - plugin [] was disabled because it doesn't support the given collection type.
89 [688220992] INFO perfrun.launcher <> - plugin [] was disabled because it doesn't support the given collection type.
89 [688834304] INFO perfrun.launcher <> - Application exit code: 0
89 [688834304] INFO perfrun.launcher <> - Exit code: 0
