
44511 : 0xab2c6bdf353f9c : 1 : spill_jit_data :  Jit agent is not initialized
44443 : 0xab2c6bdf356925 : 2 : ittapi_config_mask_get :  --itt-config mask to be applied: 55
44443 : 0xab2c6bdf3583e3 : 2 : ittapi_config_apply_per_lib :  ITTAPI function instrumented: __itt_domain_create
44443 : 0xab2c6bdf358b60 : 2 : ittapi_config_apply_per_lib :  ITTAPI function instrumented: __itt_module_load_with_sections
44443 : 0xab2c6bdf359542 : 2 : ittapi_config_apply_per_lib :  ITTAPI function not implemented: __itt_module_unload_with_sections
44443 : 0xab2c6bdf359c78 : 2 : ittapi_config_apply_per_lib :  ITTAPI function instrumented: __itt_string_handle_create
44443 : 0xab2c6bdf35a212 : 2 : ittapi_config_apply_per_lib :  ITTAPI function instrumented: __itt_counter_create
44443 : 0xab2c6bdf35a775 : 2 : ittapi_config_apply_per_lib :  ITTAPI function instrumented: __itt_counter_create_typed
44443 : 0xab2c6bdf35ad20 : 2 : ittapi_config_apply_per_lib :  ITTAPI function instrumented: __itt_pause
44443 : 0xab2c6bdf35b280 : 2 : ittapi_config_apply_per_lib :  ITTAPI function instrumented: __itt_resume
44443 : 0xab2c6bdf361c11 : 2 : ittapi_config_apply_per_lib :  ITTAPI function not implemented: __itt_pause_scoped
44443 : 0xab2c6bdf362426 : 2 : ittapi_config_apply_per_lib :  ITTAPI function not implemented: __itt_resume_scoped
44443 : 0xab2c6bdf3629da : 2 : ittapi_config_apply_per_lib :  ITTAPI function instrumented: __itt_thread_set_name
44443 : 0xab2c6bdf362f3c : 2 : ittapi_config_apply_per_lib :  ITTAPI function instrumented: __itt_thread_ignore
44443 : 0xab2c6bdf3634ab : 2 : ittapi_config_apply_per_lib :  ITTAPI function instrumented: __itt_thr_name_set
44443 : 0xab2c6bdf363a2b : 2 : ittapi_config_apply_per_lib :  ITTAPI function instrumented: __itt_thr_ignore
44443 : 0xab2c6bdf363fcf : 2 : ittapi_config_apply_per_lib :  ITTAPI function instrumented: __itt_histogram_create
44443 : 0xab2c6bdf364548 : 2 : ittapi_config_apply_per_lib :  ITTAPI function instrumented: __itt_counter_create_v3
44443 : 0xab2c6bdf364aac : 2 : ittapi_config_apply_per_lib :  ITTAPI function instrumented: __itt_bind_context_metadata_to_counter
44443 : 0xab2c6bdf365070 : 2 : ittapi_config_apply_per_lib :  ITTAPI function not implemented: __itt_enable_attach
44443 : 0xab2c6bdf3668f4 : 2 : ittapi_config_apply_per_lib :  ITTAPI function instrumented: __itt_detach
44443 : 0xab2c6bdf366d6b : 2 : ittapi_config_apply_per_lib :  ITTAPI function NOT instrumented (not matched by --itt-config option): __itt_sync_create

44443 : 0xab2c6bdf3671ac : 2 : ittapi_config_apply_per_lib :  ITTAPI function NOT instrumented (not matched by --itt-config option): __itt_sync_rename

44443 : 0xab2c6bdf367586 : 2 : ittapi_config_apply_per_lib :  ITTAPI function NOT instrumented (not matched by --itt-config option): __itt_sync_destroy

44443 : 0xab2c6bdf367980 : 2 : ittapi_config_apply_per_lib :  ITTAPI function NOT instrumented (not matched by --itt-config option): __itt_sync_prepare

44443 : 0xab2c6bdf367d5c : 2 : ittapi_config_apply_per_lib :  ITTAPI function NOT instrumented (not matched by --itt-config option): __itt_sync_cancel

44443 : 0xab2c6bdf36811e : 2 : ittapi_config_apply_per_lib :  ITTAPI function NOT instrumented (not matched by --itt-config option): __itt_sync_acquired

44443 : 0xab2c6bdf3684ec : 2 : ittapi_config_apply_per_lib :  ITTAPI function NOT instrumented (not matched by --itt-config option): __itt_sync_releasing

44443 : 0xab2c6bdf368aa9 : 2 : ittapi_config_apply_per_lib :  ITTAPI function not implemented: __itt_suppress_push
44443 : 0xab2c6bdf3691fc : 2 : ittapi_config_apply_per_lib :  ITTAPI function not implemented: __itt_suppress_pop
44443 : 0xab2c6bdf36a4ee : 2 : ittapi_config_apply_per_lib :  ITTAPI function not implemented: __itt_suppress_mark_range
44443 : 0xab2c6bdf36ab5b : 2 : ittapi_config_apply_per_lib :  ITTAPI function not implemented: __itt_suppress_clear_range
44443 : 0xab2c6bdf36af2d : 2 : ittapi_config_apply_per_lib :  ITTAPI function NOT instrumented (not matched by --itt-config option): __itt_sync_prepare

44443 : 0xab2c6bdf36b30f : 2 : ittapi_config_apply_per_lib :  ITTAPI function NOT instrumented (not matched by --itt-config option): __itt_sync_cancel

44443 : 0xab2c6bdf36b6d8 : 2 : ittapi_config_apply_per_lib :  ITTAPI function NOT instrumented (not matched by --itt-config option): __itt_sync_acquired

44443 : 0xab2c6bdf36ba9d : 2 : ittapi_config_apply_per_lib :  ITTAPI function NOT instrumented (not matched by --itt-config option): __itt_sync_releasing

44443 : 0xab2c6bdf36be8d : 2 : ittapi_config_apply_per_lib :  ITTAPI function NOT instrumented (not matched by --itt-config option): __itt_model_site_begin

44443 : 0xab2c6bdf36c276 : 2 : ittapi_config_apply_per_lib :  ITTAPI function NOT instrumented (not matched by --itt-config option): __itt_model_site_end

44443 : 0xab2c6bdf36c634 : 2 : ittapi_config_apply_per_lib :  ITTAPI function NOT instrumented (not matched by --itt-config option): __itt_model_task_begin

44443 : 0xab2c6bdf36ca22 : 2 : ittapi_config_apply_per_lib :  ITTAPI function NOT instrumented (not matched by --itt-config option): __itt_model_task_end

44443 : 0xab2c6bdf36e9ee : 2 : ittapi_config_apply_per_lib :  ITTAPI function NOT instrumented (not matched by --itt-config option): __itt_model_lock_acquire

44443 : 0xab2c6bdf36ee7a : 2 : ittapi_config_apply_per_lib :  ITTAPI function NOT instrumented (not matched by --itt-config option): __itt_model_lock_release

44443 : 0xab2c6bdf36f255 : 2 : ittapi_config_apply_per_lib :  ITTAPI function NOT instrumented (not matched by --itt-config option): __itt_model_record_allocation

44443 : 0xab2c6bdf36f68e : 2 : ittapi_config_apply_per_lib :  ITTAPI function NOT instrumented (not matched by --itt-config option): __itt_model_record_deallocation

44443 : 0xab2c6bdf36fab1 : 2 : ittapi_config_apply_per_lib :  ITTAPI function NOT instrumented (not matched by --itt-config option): __itt_model_induction_uses

44443 : 0xab2c6bdf36feb3 : 2 : ittapi_config_apply_per_lib :  ITTAPI function NOT instrumented (not matched by --itt-config option): __itt_model_reduction_uses

44443 : 0xab2c6bdf3702c5 : 2 : ittapi_config_apply_per_lib :  ITTAPI function NOT instrumented (not matched by --itt-config option): __itt_model_observe_uses

44443 : 0xab2c6bdf3706b9 : 2 : ittapi_config_apply_per_lib :  ITTAPI function NOT instrumented (not matched by --itt-config option): __itt_model_clear_uses

44443 : 0xab2c6bdf370aec : 2 : ittapi_config_apply_per_lib :  ITTAPI function NOT instrumented (not matched by --itt-config option): __itt_model_site_beginA

44443 : 0xab2c6bdf370ed4 : 2 : ittapi_config_apply_per_lib :  ITTAPI function NOT instrumented (not matched by --itt-config option): __itt_model_site_beginAL

44443 : 0xab2c6bdf371f22 : 2 : ittapi_config_apply_per_lib :  ITTAPI function NOT instrumented (not matched by --itt-config option): __itt_model_task_beginA

44443 : 0xab2c6bdf372379 : 2 : ittapi_config_apply_per_lib :  ITTAPI function NOT instrumented (not matched by --itt-config option): __itt_model_task_beginAL

44443 : 0xab2c6bdf372751 : 2 : ittapi_config_apply_per_lib :  ITTAPI function NOT instrumented (not matched by --itt-config option): __itt_model_iteration_taskA

44443 : 0xab2c6bdf372b37 : 2 : ittapi_config_apply_per_lib :  ITTAPI function NOT instrumented (not matched by --itt-config option): __itt_model_iteration_taskAL

44443 : 0xab2c6bdf372f23 : 2 : ittapi_config_apply_per_lib :  ITTAPI function NOT instrumented (not matched by --itt-config option): __itt_model_site_end_2

44443 : 0xab2c6bdf37334a : 2 : ittapi_config_apply_per_lib :  ITTAPI function NOT instrumented (not matched by --itt-config option): __itt_model_task_end_2

44443 : 0xab2c6bdf373724 : 2 : ittapi_config_apply_per_lib :  ITTAPI function NOT instrumented (not matched by --itt-config option): __itt_model_lock_acquire_2

44443 : 0xab2c6bdf373b20 : 2 : ittapi_config_apply_per_lib :  ITTAPI function NOT instrumented (not matched by --itt-config option): __itt_model_lock_release_2

44443 : 0xab2c6bdf373f24 : 2 : ittapi_config_apply_per_lib :  ITTAPI function NOT instrumented (not matched by --itt-config option): __itt_model_aggregate_task

44443 : 0xab2c6bdf37432f : 2 : ittapi_config_apply_per_lib :  ITTAPI function NOT instrumented (not matched by --itt-config option): __itt_model_disable_push

44443 : 0xab2c6bdf375da4 : 2 : ittapi_config_apply_per_lib :  ITTAPI function NOT instrumented (not matched by --itt-config option): __itt_model_disable_pop

44443 : 0xab2c6bdf376444 : 2 : ittapi_config_apply_per_lib :  ITTAPI function instrumented: __itt_heap_function_create
44443 : 0xab2c6bdf376a01 : 2 : ittapi_config_apply_per_lib :  ITTAPI function instrumented: __itt_heap_allocate_begin
44443 : 0xab2c6bdf376f85 : 2 : ittapi_config_apply_per_lib :  ITTAPI function instrumented: __itt_heap_allocate_end
44443 : 0xab2c6bdf377543 : 2 : ittapi_config_apply_per_lib :  ITTAPI function instrumented: __itt_heap_free_begin
44443 : 0xab2c6bdf377abf : 2 : ittapi_config_apply_per_lib :  ITTAPI function instrumented: __itt_heap_free_end
44443 : 0xab2c6bdf378046 : 2 : ittapi_config_apply_per_lib :  ITTAPI function instrumented: __itt_heap_reallocate_begin
44443 : 0xab2c6bdf378597 : 2 : ittapi_config_apply_per_lib :  ITTAPI function instrumented: __itt_heap_reallocate_end
44443 : 0xab2c6bdf378bf8 : 2 : ittapi_config_apply_per_lib :  ITTAPI function not implemented: __itt_heap_internal_access_begin
44443 : 0xab2c6bdf37921b : 2 : ittapi_config_apply_per_lib :  ITTAPI function not implemented: __itt_heap_internal_access_end
44443 : 0xab2c6bdf37a531 : 2 : ittapi_config_apply_per_lib :  ITTAPI function not implemented: __itt_heap_record_memory_growth_begin
44443 : 0xab2c6bdf37ab47 : 2 : ittapi_config_apply_per_lib :  ITTAPI function not implemented: __itt_heap_record_memory_growth_end
44443 : 0xab2c6bdf37b145 : 2 : ittapi_config_apply_per_lib :  ITTAPI function not implemented: __itt_heap_reset_detection
44443 : 0xab2c6bdf37b8c2 : 2 : ittapi_config_apply_per_lib :  ITTAPI function not implemented: __itt_heap_record
44443 : 0xab2c6bdf37be9a : 2 : ittapi_config_apply_per_lib :  ITTAPI function not implemented: __itt_id_create
44443 : 0xab2c6bdf37c480 : 2 : ittapi_config_apply_per_lib :  ITTAPI function not implemented: __itt_id_destroy
44443 : 0xab2c6bdf37ca01 : 2 : ittapi_config_apply_per_lib :  ITTAPI function instrumented: __itt_get_timestamp
44443 : 0xab2c6bdf37cff1 : 2 : ittapi_config_apply_per_lib :  ITTAPI function not implemented: __itt_region_begin
44443 : 0xab2c6bdf37d5c0 : 2 : ittapi_config_apply_per_lib :  ITTAPI function not implemented: __itt_region_end
44443 : 0xab2c6bdf37dba8 : 2 : ittapi_config_apply_per_lib :  ITTAPI function instrumented: __itt_frame_begin_v3
44443 : 0xab2c6bdf37edb0 : 2 : ittapi_config_apply_per_lib :  ITTAPI function instrumented: __itt_frame_end_v3
44443 : 0xab2c6bdf37f3b4 : 2 : ittapi_config_apply_per_lib :  ITTAPI function instrumented: __itt_frame_submit_v3
44443 : 0xab2c6bdf37fa5b : 2 : ittapi_config_apply_per_lib :  ITTAPI function not implemented: __itt_task_group
44443 : 0xab2c6bdf380029 : 2 : ittapi_config_apply_per_lib :  ITTAPI function instrumented: __itt_task_begin
44443 : 0xab2c6bdf380580 : 2 : ittapi_config_apply_per_lib :  ITTAPI function instrumented: __itt_task_begin_fn
44443 : 0xab2c6bdf380aa5 : 2 : ittapi_config_apply_per_lib :  ITTAPI function instrumented: __itt_task_end
44443 : 0xab2c6bdf3810a6 : 2 : ittapi_config_apply_per_lib :  ITTAPI function not implemented: __itt_counter_inc_v3
44443 : 0xab2c6bdf381690 : 2 : ittapi_config_apply_per_lib :  ITTAPI function not implemented: __itt_counter_inc_delta_v3
44443 : 0xab2c6bdf381c47 : 2 : ittapi_config_apply_per_lib :  ITTAPI function not implemented: __itt_counter_dec_v3
44443 : 0xab2c6bdf3821e4 : 2 : ittapi_config_apply_per_lib :  ITTAPI function not implemented: __itt_counter_dec_delta_v3
44443 : 0xab2c6bdf383450 : 2 : ittapi_config_apply_per_lib :  ITTAPI function not implemented: __itt_marker
44443 : 0xab2c6bdf3839f3 : 2 : ittapi_config_apply_per_lib :  ITTAPI function instrumented: __itt_metadata_add
44443 : 0xab2c6bdf383fd0 : 2 : ittapi_config_apply_per_lib :  ITTAPI function not implemented: __itt_metadata_str_add
44443 : 0xab2c6bdf384585 : 2 : ittapi_config_apply_per_lib :  ITTAPI function not implemented: __itt_relation_add_to_current
44443 : 0xab2c6bdf384b66 : 2 : ittapi_config_apply_per_lib :  ITTAPI function not implemented: __itt_relation_add
44443 : 0xab2c6bdf3850ba : 2 : ittapi_config_apply_per_lib :  ITTAPI function instrumented: __itt_event_create
44443 : 0xab2c6bdf3855f8 : 2 : ittapi_config_apply_per_lib :  ITTAPI function instrumented: __itt_event_start
44443 : 0xab2c6bdf385b0b : 2 : ittapi_config_apply_per_lib :  ITTAPI function instrumented: __itt_event_end
44443 : 0xab2c6bdf385ef2 : 2 : ittapi_config_apply_per_lib :  ITTAPI function NOT instrumented (not matched by --itt-config option): __itt_sync_set_name

44443 : 0xab2c6bdf3862fe : 2 : ittapi_config_apply_per_lib :  ITTAPI function NOT instrumented (not matched by --itt-config option): __itt_notify_sync_name

44443 : 0xab2c6bdf388272 : 2 : ittapi_config_apply_per_lib :  ITTAPI function NOT instrumented (not matched by --itt-config option): __itt_notify_sync_prepare

44443 : 0xab2c6bdf3886ba : 2 : ittapi_config_apply_per_lib :  ITTAPI function NOT instrumented (not matched by --itt-config option): __itt_notify_sync_cancel

44443 : 0xab2c6bdf388a79 : 2 : ittapi_config_apply_per_lib :  ITTAPI function NOT instrumented (not matched by --itt-config option): __itt_notify_sync_acquired

44443 : 0xab2c6bdf388e23 : 2 : ittapi_config_apply_per_lib :  ITTAPI function NOT instrumented (not matched by --itt-config option): __itt_notify_sync_releasing

44443 : 0xab2c6bdf389428 : 2 : ittapi_config_apply_per_lib :  ITTAPI function not implemented: __itt_memory_read
44443 : 0xab2c6bdf3899b5 : 2 : ittapi_config_apply_per_lib :  ITTAPI function not implemented: __itt_memory_write
44443 : 0xab2c6bdf389f4b : 2 : ittapi_config_apply_per_lib :  ITTAPI function not implemented: __itt_memory_update
44443 : 0xab2c6bdf38a4f1 : 2 : ittapi_config_apply_per_lib :  ITTAPI function not implemented: __itt_state_get
44443 : 0xab2c6bdf38aa76 : 2 : ittapi_config_apply_per_lib :  ITTAPI function not implemented: __itt_state_set
44443 : 0xab2c6bdf38b067 : 2 : ittapi_config_apply_per_lib :  ITTAPI function not implemented: __itt_obj_mode_set
44443 : 0xab2c6bdf38c293 : 2 : ittapi_config_apply_per_lib :  ITTAPI function not implemented: __itt_thr_mode_set
44443 : 0xab2c6bdf38c855 : 2 : ittapi_config_apply_per_lib :  ITTAPI function instrumented: __itt_frame_create
44443 : 0xab2c6bdf38cd9e : 2 : ittapi_config_apply_per_lib :  ITTAPI function instrumented: __itt_pt_region_create
44443 : 0xab2c6bdf38d2e1 : 2 : ittapi_config_apply_per_lib :  ITTAPI function instrumented: __itt_frame_begin
44443 : 0xab2c6bdf38d825 : 2 : ittapi_config_apply_per_lib :  ITTAPI function instrumented: __itt_frame_end
44443 : 0xab2c6bdf38deb1 : 2 : ittapi_config_apply_per_lib :  ITTAPI function not implemented: __itt_counter_destroy
44443 : 0xab2c6bdf38e3cd : 2 : ittapi_config_apply_per_lib :  ITTAPI function instrumented: __itt_counter_inc
44443 : 0xab2c6bdf38e91c : 2 : ittapi_config_apply_per_lib :  ITTAPI function instrumented: __itt_counter_inc_delta
44443 : 0xab2c6bdf38ee5a : 2 : ittapi_config_apply_per_lib :  ITTAPI function instrumented: __itt_counter_dec
44443 : 0xab2c6bdf38f350 : 2 : ittapi_config_apply_per_lib :  ITTAPI function instrumented: __itt_counter_dec_delta
44443 : 0xab2c6bdf390446 : 2 : ittapi_config_apply_per_lib :  ITTAPI function instrumented: __itt_counter_set_value
44443 : 0xab2c6bdf390a11 : 2 : ittapi_config_apply_per_lib :  ITTAPI function not implemented: __itt_counter_set_value_ex
44443 : 0xab2c6bdf390f6f : 2 : ittapi_config_apply_per_lib :  ITTAPI function not implemented: __itt_mark_create
44443 : 0xab2c6bdf391515 : 2 : ittapi_config_apply_per_lib :  ITTAPI function not implemented: __itt_mark
44443 : 0xab2c6bdf391ae3 : 2 : ittapi_config_apply_per_lib :  ITTAPI function not implemented: __itt_mark_off
44443 : 0xab2c6bdf392055 : 2 : ittapi_config_apply_per_lib :  ITTAPI function not implemented: __itt_mark_global
44443 : 0xab2c6bdf3925d1 : 2 : ittapi_config_apply_per_lib :  ITTAPI function not implemented: __itt_mark_global_off
44443 : 0xab2c6bdf392bc4 : 2 : ittapi_config_apply_per_lib :  ITTAPI function instrumented: __itt_stack_caller_create
44443 : 0xab2c6bdf3930ed : 2 : ittapi_config_apply_per_lib :  ITTAPI function instrumented: __itt_stack_caller_destroy
44443 : 0xab2c6bdf39367a : 2 : ittapi_config_apply_per_lib :  ITTAPI function instrumented: __itt_stack_callee_enter
44443 : 0xab2c6bdf3950e5 : 2 : ittapi_config_apply_per_lib :  ITTAPI function instrumented: __itt_stack_callee_leave
44443 : 0xab2c6bdf395776 : 2 : ittapi_config_apply_per_lib :  ITTAPI function not implemented: __itt_clock_domain_create
44443 : 0xab2c6bdf395d68 : 2 : ittapi_config_apply_per_lib :  ITTAPI function not implemented: __itt_clock_domain_reset
44443 : 0xab2c6bdf39631c : 2 : ittapi_config_apply_per_lib :  ITTAPI function not implemented: __itt_id_create_ex
44443 : 0xab2c6bdf396909 : 2 : ittapi_config_apply_per_lib :  ITTAPI function not implemented: __itt_id_destroy_ex
44443 : 0xab2c6bdf396eb2 : 2 : ittapi_config_apply_per_lib :  ITTAPI function not implemented: __itt_task_begin_ex
44443 : 0xab2c6bdf39744c : 2 : ittapi_config_apply_per_lib :  ITTAPI function not implemented: __itt_task_begin_fn_ex
44443 : 0xab2c6bdf3979ee : 2 : ittapi_config_apply_per_lib :  ITTAPI function not implemented: __itt_task_end_ex
44443 : 0xab2c6bdf397f65 : 2 : ittapi_config_apply_per_lib :  ITTAPI function instrumented: __itt_task_begin_overlapped
44443 : 0xab2c6bdf3984f5 : 2 : ittapi_config_apply_per_lib :  ITTAPI function not implemented: __itt_task_begin_overlapped_ex
44443 : 0xab2c6bdf399745 : 2 : ittapi_config_apply_per_lib :  ITTAPI function instrumented: __itt_task_end_overlapped
44443 : 0xab2c6bdf399d58 : 2 : ittapi_config_apply_per_lib :  ITTAPI function not implemented: __itt_task_end_overlapped_ex
44443 : 0xab2c6bdf39a2eb : 2 : ittapi_config_apply_per_lib :  ITTAPI function not implemented: __itt_marker_ex
44443 : 0xab2c6bdf39a964 : 2 : ittapi_config_apply_per_lib :  ITTAPI function not implemented: __itt_metadata_add_with_scope
44443 : 0xab2c6bdf39af75 : 2 : ittapi_config_apply_per_lib :  ITTAPI function not implemented: __itt_metadata_str_add_with_scope
44443 : 0xab2c6bdf39b51f : 2 : ittapi_config_apply_per_lib :  ITTAPI function not implemented: __itt_relation_add_to_current_ex
44443 : 0xab2c6bdf39ba9a : 2 : ittapi_config_apply_per_lib :  ITTAPI function not implemented: __itt_relation_add_ex
44443 : 0xab2c6bdf39c037 : 2 : ittapi_config_apply_per_lib :  ITTAPI function not implemented: __itt_track_group_create
44443 : 0xab2c6bdf39c573 : 2 : ittapi_config_apply_per_lib :  ITTAPI function not implemented: __itt_track_create
44443 : 0xab2c6bdf39caea : 2 : ittapi_config_apply_per_lib :  ITTAPI function not implemented: __itt_set_track
44443 : 0xab2c6bdf39dc98 : 2 : ittapi_config_apply_per_lib :  ITTAPI function instrumented: __itt_api_version
44443 : 0xab2c6bdf39e2ae : 2 : ittapi_config_apply_per_lib :  ITTAPI function not implemented: __itt_av_save
44443 : 0xab2c6bdf39e7e1 : 2 : ittapi_config_apply_per_lib :  ITTAPI function instrumented: __itt_module_load
44443 : 0xab2c6bdf39ed6c : 2 : ittapi_config_apply_per_lib :  ITTAPI function not implemented: __itt_module_unload
44443 : 0xab2c6bdf39f191 : 2 : ittapi_config_apply_per_lib :  ITTAPI function NOT instrumented (not matched by --itt-config option): __itt_histogram_submit

44443 : 0xab2c6bdf39f71d : 2 : ittapi_config_apply_per_lib :  ITTAPI function instrumented: __itt_counter_set_value_v3
44443 : 0xab2c6be14d3c1d : 2 : ittapi_config_mask_get :  --itt-config mask to be applied: 55
44443 : 0xab2c6be14d4dc1 : 2 : ittapi_config_apply_per_lib :  ITTAPI function instrumented: __itt_domain_create
44443 : 0xab2c6be14d54ef : 2 : ittapi_config_apply_per_lib :  ITTAPI function instrumented: __itt_module_load_with_sections
44443 : 0xab2c6be14d5e1a : 2 : ittapi_config_apply_per_lib :  ITTAPI function not implemented: __itt_module_unload_with_sections
44443 : 0xab2c6be14da647 : 2 : ittapi_config_apply_per_lib :  ITTAPI function instrumented: __itt_string_handle_create
44443 : 0xab2c6be14dad53 : 2 : ittapi_config_apply_per_lib :  ITTAPI function instrumented: __itt_counter_create
44443 : 0xab2c6be14db262 : 2 : ittapi_config_apply_per_lib :  ITTAPI function instrumented: __itt_counter_create_typed
44443 : 0xab2c6be14db785 : 2 : ittapi_config_apply_per_lib :  ITTAPI function instrumented: __itt_pause
44443 : 0xab2c6be14dbcfb : 2 : ittapi_config_apply_per_lib :  ITTAPI function instrumented: __itt_resume
44443 : 0xab2c6be14dc431 : 2 : ittapi_config_apply_per_lib :  ITTAPI function not implemented: __itt_pause_scoped
44443 : 0xab2c6be14dca56 : 2 : ittapi_config_apply_per_lib :  ITTAPI function not implemented: __itt_resume_scoped
44443 : 0xab2c6be14dcfa5 : 2 : ittapi_config_apply_per_lib :  ITTAPI function instrumented: __itt_thread_set_name
44443 : 0xab2c6be14dd538 : 2 : ittapi_config_apply_per_lib :  ITTAPI function instrumented: __itt_thread_ignore
44443 : 0xab2c6be14dda79 : 2 : ittapi_config_apply_per_lib :  ITTAPI function instrumented: __itt_thr_name_set
44443 : 0xab2c6be14e03bb : 2 : ittapi_config_apply_per_lib :  ITTAPI function instrumented: __itt_thr_ignore
44443 : 0xab2c6be14e0993 : 2 : ittapi_config_apply_per_lib :  ITTAPI function instrumented: __itt_histogram_create
44443 : 0xab2c6be14e0eb5 : 2 : ittapi_config_apply_per_lib :  ITTAPI function instrumented: __itt_counter_create_v3
44443 : 0xab2c6be14e14d8 : 2 : ittapi_config_apply_per_lib :  ITTAPI function instrumented: __itt_bind_context_metadata_to_counter
44443 : 0xab2c6be14e1c51 : 2 : ittapi_config_apply_per_lib :  ITTAPI function not implemented: __itt_enable_attach
44443 : 0xab2c6be14e21d7 : 2 : ittapi_config_apply_per_lib :  ITTAPI function instrumented: __itt_detach
44443 : 0xab2c6be14e25da : 2 : ittapi_config_apply_per_lib :  ITTAPI function NOT instrumented (not matched by --itt-config option): __itt_sync_create

44443 : 0xab2c6be14e2a53 : 2 : ittapi_config_apply_per_lib :  ITTAPI function NOT instrumented (not matched by --itt-config option): __itt_sync_rename

44443 : 0xab2c6be14e2e3e : 2 : ittapi_config_apply_per_lib :  ITTAPI function NOT instrumented (not matched by --itt-config option): __itt_sync_destroy

44443 : 0xab2c6be14e3202 : 2 : ittapi_config_apply_per_lib :  ITTAPI function NOT instrumented (not matched by --itt-config option): __itt_sync_prepare

44443 : 0xab2c6be14e420d : 2 : ittapi_config_apply_per_lib :  ITTAPI function NOT instrumented (not matched by --itt-config option): __itt_sync_cancel

44443 : 0xab2c6be14e4650 : 2 : ittapi_config_apply_per_lib :  ITTAPI function NOT instrumented (not matched by --itt-config option): __itt_sync_acquired

44443 : 0xab2c6be14e4a0a : 2 : ittapi_config_apply_per_lib :  ITTAPI function NOT instrumented (not matched by --itt-config option): __itt_sync_releasing

44443 : 0xab2c6be14e500b : 2 : ittapi_config_apply_per_lib :  ITTAPI function not implemented: __itt_suppress_push
44443 : 0xab2c6be14e5707 : 2 : ittapi_config_apply_per_lib :  ITTAPI function not implemented: __itt_suppress_pop
44443 : 0xab2c6be14e5cd5 : 2 : ittapi_config_apply_per_lib :  ITTAPI function not implemented: __itt_suppress_mark_range
44443 : 0xab2c6be14e62d3 : 2 : ittapi_config_apply_per_lib :  ITTAPI function not implemented: __itt_suppress_clear_range
44443 : 0xab2c6be14e6690 : 2 : ittapi_config_apply_per_lib :  ITTAPI function NOT instrumented (not matched by --itt-config option): __itt_sync_prepare

44443 : 0xab2c6be14e6ab0 : 2 : ittapi_config_apply_per_lib :  ITTAPI function NOT instrumented (not matched by --itt-config option): __itt_sync_cancel

44443 : 0xab2c6be14e6eb0 : 2 : ittapi_config_apply_per_lib :  ITTAPI function NOT instrumented (not matched by --itt-config option): __itt_sync_acquired

44443 : 0xab2c6be14e7df8 : 2 : ittapi_config_apply_per_lib :  ITTAPI function NOT instrumented (not matched by --itt-config option): __itt_sync_releasing

44443 : 0xab2c6be14e827c : 2 : ittapi_config_apply_per_lib :  ITTAPI function NOT instrumented (not matched by --itt-config option): __itt_model_site_begin

44443 : 0xab2c6be14e8661 : 2 : ittapi_config_apply_per_lib :  ITTAPI function NOT instrumented (not matched by --itt-config option): __itt_model_site_end

44443 : 0xab2c6be14e8a66 : 2 : ittapi_config_apply_per_lib :  ITTAPI function NOT instrumented (not matched by --itt-config option): __itt_model_task_begin

44443 : 0xab2c6be14e8ed5 : 2 : ittapi_config_apply_per_lib :  ITTAPI function NOT instrumented (not matched by --itt-config option): __itt_model_task_end

44443 : 0xab2c6be156b899 : 2 : ittapi_config_apply_per_lib :  ITTAPI function NOT instrumented (not matched by --itt-config option): __itt_model_lock_acquire

44443 : 0xab2c6be156dba0 : 2 : ittapi_config_apply_per_lib :  ITTAPI function NOT instrumented (not matched by --itt-config option): __itt_model_lock_release

44443 : 0xab2c6be156e7ef : 2 : ittapi_config_apply_per_lib :  ITTAPI function NOT instrumented (not matched by --itt-config option): __itt_model_record_allocation

44443 : 0xab2c6be156f281 : 2 : ittapi_config_apply_per_lib :  ITTAPI function NOT instrumented (not matched by --itt-config option): __itt_model_record_deallocation

44443 : 0xab2c6be156fc37 : 2 : ittapi_config_apply_per_lib :  ITTAPI function NOT instrumented (not matched by --itt-config option): __itt_model_induction_uses

44443 : 0xab2c6be157967a : 2 : ittapi_config_apply_per_lib :  ITTAPI function NOT instrumented (not matched by --itt-config option): __itt_model_reduction_uses

44443 : 0xab2c6be158f97a : 2 : ittapi_config_apply_per_lib :  ITTAPI function NOT instrumented (not matched by --itt-config option): __itt_model_observe_uses

44443 : 0xab2c6be15905d3 : 2 : ittapi_config_apply_per_lib :  ITTAPI function NOT instrumented (not matched by --itt-config option): __itt_model_clear_uses

44443 : 0xab2c6be1590fb4 : 2 : ittapi_config_apply_per_lib :  ITTAPI function NOT instrumented (not matched by --itt-config option): __itt_model_site_beginA

44443 : 0xab2c6be159198f : 2 : ittapi_config_apply_per_lib :  ITTAPI function NOT instrumented (not matched by --itt-config option): __itt_model_site_beginAL

44443 : 0xab2c6be1592394 : 2 : ittapi_config_apply_per_lib :  ITTAPI function NOT instrumented (not matched by --itt-config option): __itt_model_task_beginA

44443 : 0xab2c6be1592db5 : 2 : ittapi_config_apply_per_lib :  ITTAPI function NOT instrumented (not matched by --itt-config option): __itt_model_task_beginAL

44443 : 0xab2c6be15937ae : 2 : ittapi_config_apply_per_lib :  ITTAPI function NOT instrumented (not matched by --itt-config option): __itt_model_iteration_taskA

44443 : 0xab2c6be159418c : 2 : ittapi_config_apply_per_lib :  ITTAPI function NOT instrumented (not matched by --itt-config option): __itt_model_iteration_taskAL

44443 : 0xab2c6be1594b6d : 2 : ittapi_config_apply_per_lib :  ITTAPI function NOT instrumented (not matched by --itt-config option): __itt_model_site_end_2

44443 : 0xab2c6be159a088 : 2 : ittapi_config_apply_per_lib :  ITTAPI function NOT instrumented (not matched by --itt-config option): __itt_model_task_end_2

44443 : 0xab2c6be159ab7b : 2 : ittapi_config_apply_per_lib :  ITTAPI function NOT instrumented (not matched by --itt-config option): __itt_model_lock_acquire_2

44443 : 0xab2c6be159b584 : 2 : ittapi_config_apply_per_lib :  ITTAPI function NOT instrumented (not matched by --itt-config option): __itt_model_lock_release_2

44443 : 0xab2c6be159bfd4 : 2 : ittapi_config_apply_per_lib :  ITTAPI function NOT instrumented (not matched by --itt-config option): __itt_model_aggregate_task

44443 : 0xab2c6be159c9f1 : 2 : ittapi_config_apply_per_lib :  ITTAPI function NOT instrumented (not matched by --itt-config option): __itt_model_disable_push

44443 : 0xab2c6be159d418 : 2 : ittapi_config_apply_per_lib :  ITTAPI function NOT instrumented (not matched by --itt-config option): __itt_model_disable_pop

44443 : 0xab2c6be159f20c : 2 : ittapi_config_apply_per_lib :  ITTAPI function instrumented: __itt_heap_function_create
44443 : 0xab2c6be15a01b2 : 2 : ittapi_config_apply_per_lib :  ITTAPI function instrumented: __itt_heap_allocate_begin
44443 : 0xab2c6be15a0f48 : 2 : ittapi_config_apply_per_lib :  ITTAPI function instrumented: __itt_heap_allocate_end
44443 : 0xab2c6be15a1c62 : 2 : ittapi_config_apply_per_lib :  ITTAPI function instrumented: __itt_heap_free_begin
44443 : 0xab2c6be15a4b29 : 2 : ittapi_config_apply_per_lib :  ITTAPI function instrumented: __itt_heap_free_end
44443 : 0xab2c6be15a5a6e : 2 : ittapi_config_apply_per_lib :  ITTAPI function instrumented: __itt_heap_reallocate_begin
44443 : 0xab2c6be15a67a3 : 2 : ittapi_config_apply_per_lib :  ITTAPI function instrumented: __itt_heap_reallocate_end
44443 : 0xab2c6be15a7e08 : 2 : ittapi_config_apply_per_lib :  ITTAPI function not implemented: __itt_heap_internal_access_begin
44443 : 0xab2c6be15ac138 : 2 : ittapi_config_apply_per_lib :  ITTAPI function not implemented: __itt_heap_internal_access_end
44443 : 0xab2c6be15ac6fa : 2 : ittapi_config_apply_per_lib :  ITTAPI function not implemented: __itt_heap_record_memory_growth_begin
44443 : 0xab2c6be15acc78 : 2 : ittapi_config_apply_per_lib :  ITTAPI function not implemented: __itt_heap_record_memory_growth_end
44443 : 0xab2c6be15ad1fd : 2 : ittapi_config_apply_per_lib :  ITTAPI function not implemented: __itt_heap_reset_detection
44443 : 0xab2c6be15ad811 : 2 : ittapi_config_apply_per_lib :  ITTAPI function not implemented: __itt_heap_record
44443 : 0xab2c6be15ade34 : 2 : ittapi_config_apply_per_lib :  ITTAPI function not implemented: __itt_id_create
44443 : 0xab2c6be15afe17 : 2 : ittapi_config_apply_per_lib :  ITTAPI function not implemented: __itt_id_destroy
44443 : 0xab2c6be15b03ec : 2 : ittapi_config_apply_per_lib :  ITTAPI function instrumented: __itt_get_timestamp
44443 : 0xab2c6be15b0949 : 2 : ittapi_config_apply_per_lib :  ITTAPI function not implemented: __itt_region_begin
44443 : 0xab2c6be15b0ec6 : 2 : ittapi_config_apply_per_lib :  ITTAPI function not implemented: __itt_region_end
44443 : 0xab2c6be15b1431 : 2 : ittapi_config_apply_per_lib :  ITTAPI function instrumented: __itt_frame_begin_v3
44443 : 0xab2c6be15b19e1 : 2 : ittapi_config_apply_per_lib :  ITTAPI function instrumented: __itt_frame_end_v3
44443 : 0xab2c6be15b1f57 : 2 : ittapi_config_apply_per_lib :  ITTAPI function instrumented: __itt_frame_submit_v3
44443 : 0xab2c6be15b25c4 : 2 : ittapi_config_apply_per_lib :  ITTAPI function not implemented: __itt_task_group
44443 : 0xab2c6be15b2ae4 : 2 : ittapi_config_apply_per_lib :  ITTAPI function instrumented: __itt_task_begin
44443 : 0xab2c6be15b3023 : 2 : ittapi_config_apply_per_lib :  ITTAPI function instrumented: __itt_task_begin_fn
44443 : 0xab2c6be15b41c6 : 2 : ittapi_config_apply_per_lib :  ITTAPI function instrumented: __itt_task_end
44443 : 0xab2c6be15b4813 : 2 : ittapi_config_apply_per_lib :  ITTAPI function not implemented: __itt_counter_inc_v3
44443 : 0xab2c6be15b4e52 : 2 : ittapi_config_apply_per_lib :  ITTAPI function not implemented: __itt_counter_inc_delta_v3
44443 : 0xab2c6be15b53cc : 2 : ittapi_config_apply_per_lib :  ITTAPI function not implemented: __itt_counter_dec_v3
44443 : 0xab2c6be15b5921 : 2 : ittapi_config_apply_per_lib :  ITTAPI function not implemented: __itt_counter_dec_delta_v3
44443 : 0xab2c6be15b5f8d : 2 : ittapi_config_apply_per_lib :  ITTAPI function not implemented: __itt_marker
44443 : 0xab2c6be15b64e1 : 2 : ittapi_config_apply_per_lib :  ITTAPI function instrumented: __itt_metadata_add
44443 : 0xab2c6be15b6aaa : 2 : ittapi_config_apply_per_lib :  ITTAPI function not implemented: __itt_metadata_str_add
44443 : 0xab2c6be15b6ff0 : 2 : ittapi_config_apply_per_lib :  ITTAPI function not implemented: __itt_relation_add_to_current
44443 : 0xab2c6be15b755c : 2 : ittapi_config_apply_per_lib :  ITTAPI function not implemented: __itt_relation_add
44443 : 0xab2c6be15b85de : 2 : ittapi_config_apply_per_lib :  ITTAPI function instrumented: __itt_event_create
44443 : 0xab2c6be15b8b9a : 2 : ittapi_config_apply_per_lib :  ITTAPI function instrumented: __itt_event_start
44443 : 0xab2c6be15b9088 : 2 : ittapi_config_apply_per_lib :  ITTAPI function instrumented: __itt_event_end
44443 : 0xab2c6be15b944f : 2 : ittapi_config_apply_per_lib :  ITTAPI function NOT instrumented (not matched by --itt-config option): __itt_sync_set_name

44443 : 0xab2c6be15b9873 : 2 : ittapi_config_apply_per_lib :  ITTAPI function NOT instrumented (not matched by --itt-config option): __itt_notify_sync_name

44443 : 0xab2c6be15b9c4b : 2 : ittapi_config_apply_per_lib :  ITTAPI function NOT instrumented (not matched by --itt-config option): __itt_notify_sync_prepare

44443 : 0xab2c6be15ba015 : 2 : ittapi_config_apply_per_lib :  ITTAPI function NOT instrumented (not matched by --itt-config option): __itt_notify_sync_cancel

44443 : 0xab2c6be15ba3d6 : 2 : ittapi_config_apply_per_lib :  ITTAPI function NOT instrumented (not matched by --itt-config option): __itt_notify_sync_acquired

44443 : 0xab2c6be15ba790 : 2 : ittapi_config_apply_per_lib :  ITTAPI function NOT instrumented (not matched by --itt-config option): __itt_notify_sync_releasing

44443 : 0xab2c6be15bad0a : 2 : ittapi_config_apply_per_lib :  ITTAPI function not implemented: __itt_memory_read
44443 : 0xab2c6be15bcae2 : 2 : ittapi_config_apply_per_lib :  ITTAPI function not implemented: __itt_memory_write
44443 : 0xab2c6be15bd19c : 2 : ittapi_config_apply_per_lib :  ITTAPI function not implemented: __itt_memory_update
44443 : 0xab2c6be15bd753 : 2 : ittapi_config_apply_per_lib :  ITTAPI function not implemented: __itt_state_get
44443 : 0xab2c6be15bdc61 : 2 : ittapi_config_apply_per_lib :  ITTAPI function not implemented: __itt_state_set
44443 : 0xab2c6be15be210 : 2 : ittapi_config_apply_per_lib :  ITTAPI function not implemented: __itt_obj_mode_set
44443 : 0xab2c6be15be776 : 2 : ittapi_config_apply_per_lib :  ITTAPI function not implemented: __itt_thr_mode_set
44443 : 0xab2c6be15beca5 : 2 : ittapi_config_apply_per_lib :  ITTAPI function instrumented: __itt_frame_create
44443 : 0xab2c6be15bf19b : 2 : ittapi_config_apply_per_lib :  ITTAPI function instrumented: __itt_pt_region_create
44443 : 0xab2c6be15bf725 : 2 : ittapi_config_apply_per_lib :  ITTAPI function instrumented: __itt_frame_begin
44443 : 0xab2c6be15bfcc7 : 2 : ittapi_config_apply_per_lib :  ITTAPI function instrumented: __itt_frame_end
44443 : 0xab2c6be15c0e76 : 2 : ittapi_config_apply_per_lib :  ITTAPI function not implemented: __itt_counter_destroy
44443 : 0xab2c6be15c13da : 2 : ittapi_config_apply_per_lib :  ITTAPI function instrumented: __itt_counter_inc
44443 : 0xab2c6be15c1929 : 2 : ittapi_config_apply_per_lib :  ITTAPI function instrumented: __itt_counter_inc_delta
44443 : 0xab2c6be15c1e18 : 2 : ittapi_config_apply_per_lib :  ITTAPI function instrumented: __itt_counter_dec
44443 : 0xab2c6be15c2372 : 2 : ittapi_config_apply_per_lib :  ITTAPI function instrumented: __itt_counter_dec_delta
44443 : 0xab2c6be15c287d : 2 : ittapi_config_apply_per_lib :  ITTAPI function instrumented: __itt_counter_set_value
44443 : 0xab2c6be15c2e22 : 2 : ittapi_config_apply_per_lib :  ITTAPI function not implemented: __itt_counter_set_value_ex
44443 : 0xab2c6be15c33a1 : 2 : ittapi_config_apply_per_lib :  ITTAPI function not implemented: __itt_mark_create
44443 : 0xab2c6be15c397d : 2 : ittapi_config_apply_per_lib :  ITTAPI function not implemented: __itt_mark
44443 : 0xab2c6be15c3edf : 2 : ittapi_config_apply_per_lib :  ITTAPI function not implemented: __itt_mark_off
44443 : 0xab2c6be15c5077 : 2 : ittapi_config_apply_per_lib :  ITTAPI function not implemented: __itt_mark_global
44443 : 0xab2c6be15c563a : 2 : ittapi_config_apply_per_lib :  ITTAPI function not implemented: __itt_mark_global_off
44443 : 0xab2c6be15c5bf3 : 2 : ittapi_config_apply_per_lib :  ITTAPI function instrumented: __itt_stack_caller_create
44443 : 0xab2c6be15c60eb : 2 : ittapi_config_apply_per_lib :  ITTAPI function instrumented: __itt_stack_caller_destroy
44443 : 0xab2c6be15c65e6 : 2 : ittapi_config_apply_per_lib :  ITTAPI function instrumented: __itt_stack_callee_enter
44443 : 0xab2c6be15c6adb : 2 : ittapi_config_apply_per_lib :  ITTAPI function instrumented: __itt_stack_callee_leave
44443 : 0xab2c6be15c7054 : 2 : ittapi_config_apply_per_lib :  ITTAPI function not implemented: __itt_clock_domain_create
44443 : 0xab2c6be15c7672 : 2 : ittapi_config_apply_per_lib :  ITTAPI function not implemented: __itt_clock_domain_reset
44443 : 0xab2c6be15c7ba6 : 2 : ittapi_config_apply_per_lib :  ITTAPI function not implemented: __itt_id_create_ex
44443 : 0xab2c6be15c80f7 : 2 : ittapi_config_apply_per_lib :  ITTAPI function not implemented: __itt_id_destroy_ex
44443 : 0xab2c6be15c9b03 : 2 : ittapi_config_apply_per_lib :  ITTAPI function not implemented: __itt_task_begin_ex
44443 : 0xab2c6be15ca102 : 2 : ittapi_config_apply_per_lib :  ITTAPI function not implemented: __itt_task_begin_fn_ex
44443 : 0xab2c6be15ca617 : 2 : ittapi_config_apply_per_lib :  ITTAPI function not implemented: __itt_task_end_ex
44443 : 0xab2c6be15cab39 : 2 : ittapi_config_apply_per_lib :  ITTAPI function instrumented: __itt_task_begin_overlapped
44443 : 0xab2c6be15cb073 : 2 : ittapi_config_apply_per_lib :  ITTAPI function not implemented: __itt_task_begin_overlapped_ex
44443 : 0xab2c6be15cb5cc : 2 : ittapi_config_apply_per_lib :  ITTAPI function instrumented: __itt_task_end_overlapped
44443 : 0xab2c6be15cbaf2 : 2 : ittapi_config_apply_per_lib :  ITTAPI function not implemented: __itt_task_end_overlapped_ex
44443 : 0xab2c6be15cbfec : 2 : ittapi_config_apply_per_lib :  ITTAPI function not implemented: __itt_marker_ex
44443 : 0xab2c6be15cc572 : 2 : ittapi_config_apply_per_lib :  ITTAPI function not implemented: __itt_metadata_add_with_scope
44443 : 0xab2c6be15ccafb : 2 : ittapi_config_apply_per_lib :  ITTAPI function not implemented: __itt_metadata_str_add_with_scope
44443 : 0xab2c6be15cdc62 : 2 : ittapi_config_apply_per_lib :  ITTAPI function not implemented: __itt_relation_add_to_current_ex
44443 : 0xab2c6be15ce1ca : 2 : ittapi_config_apply_per_lib :  ITTAPI function not implemented: __itt_relation_add_ex
44443 : 0xab2c6be15ce720 : 2 : ittapi_config_apply_per_lib :  ITTAPI function not implemented: __itt_track_group_create
44443 : 0xab2c6be15cec5f : 2 : ittapi_config_apply_per_lib :  ITTAPI function not implemented: __itt_track_create
44443 : 0xab2c6be15cf16e : 2 : ittapi_config_apply_per_lib :  ITTAPI function not implemented: __itt_set_track
44443 : 0xab2c6be15cf662 : 2 : ittapi_config_apply_per_lib :  ITTAPI function instrumented: __itt_api_version
44443 : 0xab2c6be15cfb9c : 2 : ittapi_config_apply_per_lib :  ITTAPI function not implemented: __itt_av_save
44443 : 0xab2c6be15d00a6 : 2 : ittapi_config_apply_per_lib :  ITTAPI function instrumented: __itt_module_load
44443 : 0xab2c6be15d05d0 : 2 : ittapi_config_apply_per_lib :  ITTAPI function not implemented: __itt_module_unload
44443 : 0xab2c6be15d09ab : 2 : ittapi_config_apply_per_lib :  ITTAPI function NOT instrumented (not matched by --itt-config option): __itt_histogram_submit

44443 : 0xab2c6be15d1a69 : 2 : ittapi_config_apply_per_lib :  ITTAPI function instrumented: __itt_counter_set_value_v3
44443 : 0xab2c6c011418cf : 2 : ittapi_config_mask_get :  --itt-config mask to be applied: 55
44443 : 0xab2c6c01143c34 : 2 : ittapi_config_apply_per_lib :  ITTAPI function instrumented: __itt_domain_create
44443 : 0xab2c6c01144616 : 2 : ittapi_config_apply_per_lib :  ITTAPI function instrumented: __itt_module_load_with_sections
44443 : 0xab2c6c01145434 : 2 : ittapi_config_apply_per_lib :  ITTAPI function not implemented: __itt_module_unload_with_sections
44443 : 0xab2c6c01145c24 : 2 : ittapi_config_apply_per_lib :  ITTAPI function instrumented: __itt_string_handle_create
44443 : 0xab2c6c011463cf : 2 : ittapi_config_apply_per_lib :  ITTAPI function instrumented: __itt_counter_create
44443 : 0xab2c6c011469a4 : 2 : ittapi_config_apply_per_lib :  ITTAPI function instrumented: __itt_counter_create_typed
44443 : 0xab2c6c01146f74 : 2 : ittapi_config_apply_per_lib :  ITTAPI function instrumented: __itt_pause
44443 : 0xab2c6c01147685 : 2 : ittapi_config_apply_per_lib :  ITTAPI function instrumented: __itt_resume
44443 : 0xab2c6c01151cda : 2 : ittapi_config_apply_per_lib :  ITTAPI function instrumented: __itt_thread_set_name
44443 : 0xab2c6c0115260e : 2 : ittapi_config_apply_per_lib :  ITTAPI function instrumented: __itt_thread_ignore
44443 : 0xab2c6c01152c00 : 2 : ittapi_config_apply_per_lib :  ITTAPI function instrumented: __itt_thr_name_set
44443 : 0xab2c6c011531c1 : 2 : ittapi_config_apply_per_lib :  ITTAPI function instrumented: __itt_thr_ignore
44443 : 0xab2c6c011539f6 : 2 : ittapi_config_apply_per_lib :  ITTAPI function not implemented: __itt_enable_attach
44443 : 0xab2c6c01154176 : 2 : ittapi_config_apply_per_lib :  ITTAPI function instrumented: __itt_detach
44443 : 0xab2c6c0115469a : 2 : ittapi_config_apply_per_lib :  ITTAPI function NOT instrumented (not matched by --itt-config option): __itt_sync_create

44443 : 0xab2c6c01154b02 : 2 : ittapi_config_apply_per_lib :  ITTAPI function NOT instrumented (not matched by --itt-config option): __itt_sync_rename

44443 : 0xab2c6c01154f21 : 2 : ittapi_config_apply_per_lib :  ITTAPI function NOT instrumented (not matched by --itt-config option): __itt_sync_destroy

44443 : 0xab2c6c0115534c : 2 : ittapi_config_apply_per_lib :  ITTAPI function NOT instrumented (not matched by --itt-config option): __itt_sync_prepare

44443 : 0xab2c6c011590c1 : 2 : ittapi_config_apply_per_lib :  ITTAPI function NOT instrumented (not matched by --itt-config option): __itt_sync_cancel

44443 : 0xab2c6c01159687 : 2 : ittapi_config_apply_per_lib :  ITTAPI function NOT instrumented (not matched by --itt-config option): __itt_sync_acquired

44443 : 0xab2c6c01159b54 : 2 : ittapi_config_apply_per_lib :  ITTAPI function NOT instrumented (not matched by --itt-config option): __itt_sync_releasing

44443 : 0xab2c6c0115a427 : 2 : ittapi_config_apply_per_lib :  ITTAPI function not implemented: __itt_suppress_push
44443 : 0xab2c6c0115adf6 : 2 : ittapi_config_apply_per_lib :  ITTAPI function not implemented: __itt_suppress_pop
44443 : 0xab2c6c0115b491 : 2 : ittapi_config_apply_per_lib :  ITTAPI function not implemented: __itt_suppress_mark_range
44443 : 0xab2c6c0115bc71 : 2 : ittapi_config_apply_per_lib :  ITTAPI function not implemented: __itt_suppress_clear_range
44443 : 0xab2c6c0115c059 : 2 : ittapi_config_apply_per_lib :  ITTAPI function NOT instrumented (not matched by --itt-config option): __itt_sync_prepare

44443 : 0xab2c6c0115c41f : 2 : ittapi_config_apply_per_lib :  ITTAPI function NOT instrumented (not matched by --itt-config option): __itt_sync_cancel

44443 : 0xab2c6c0115c831 : 2 : ittapi_config_apply_per_lib :  ITTAPI function NOT instrumented (not matched by --itt-config option): __itt_sync_acquired

44443 : 0xab2c6c0115da25 : 2 : ittapi_config_apply_per_lib :  ITTAPI function NOT instrumented (not matched by --itt-config option): __itt_sync_releasing

44443 : 0xab2c6c0115df0b : 2 : ittapi_config_apply_per_lib :  ITTAPI function NOT instrumented (not matched by --itt-config option): __itt_model_site_begin

44443 : 0xab2c6c0115e39f : 2 : ittapi_config_apply_per_lib :  ITTAPI function NOT instrumented (not matched by --itt-config option): __itt_model_site_end

44443 : 0xab2c6c0115e780 : 2 : ittapi_config_apply_per_lib :  ITTAPI function NOT instrumented (not matched by --itt-config option): __itt_model_task_begin

44443 : 0xab2c6c0115ed0f : 2 : ittapi_config_apply_per_lib :  ITTAPI function NOT instrumented (not matched by --itt-config option): __itt_model_task_end

44443 : 0xab2c6c0115f0bf : 2 : ittapi_config_apply_per_lib :  ITTAPI function NOT instrumented (not matched by --itt-config option): __itt_model_lock_acquire

44443 : 0xab2c6c0115f494 : 2 : ittapi_config_apply_per_lib :  ITTAPI function NOT instrumented (not matched by --itt-config option): __itt_model_lock_release

44443 : 0xab2c6c0115f901 : 2 : ittapi_config_apply_per_lib :  ITTAPI function NOT instrumented (not matched by --itt-config option): __itt_model_record_allocation

44443 : 0xab2c6c0115fce6 : 2 : ittapi_config_apply_per_lib :  ITTAPI function NOT instrumented (not matched by --itt-config option): __itt_model_record_deallocation

44443 : 0xab2c6c01160157 : 2 : ittapi_config_apply_per_lib :  ITTAPI function NOT instrumented (not matched by --itt-config option): __itt_model_induction_uses

44443 : 0xab2c6c0116123a : 2 : ittapi_config_apply_per_lib :  ITTAPI function NOT instrumented (not matched by --itt-config option): __itt_model_reduction_uses

44443 : 0xab2c6c0116166c : 2 : ittapi_config_apply_per_lib :  ITTAPI function NOT instrumented (not matched by --itt-config option): __itt_model_observe_uses

44443 : 0xab2c6c01161adf : 2 : ittapi_config_apply_per_lib :  ITTAPI function NOT instrumented (not matched by --itt-config option): __itt_model_clear_uses

44443 : 0xab2c6c01161e9f : 2 : ittapi_config_apply_per_lib :  ITTAPI function NOT instrumented (not matched by --itt-config option): __itt_model_site_beginA

44443 : 0xab2c6c01162244 : 2 : ittapi_config_apply_per_lib :  ITTAPI function NOT instrumented (not matched by --itt-config option): __itt_model_site_beginAL

44443 : 0xab2c6c0116267b : 2 : ittapi_config_apply_per_lib :  ITTAPI function NOT instrumented (not matched by --itt-config option): __itt_model_task_beginA

44443 : 0xab2c6c01162b2b : 2 : ittapi_config_apply_per_lib :  ITTAPI function NOT instrumented (not matched by --itt-config option): __itt_model_task_beginAL

44443 : 0xab2c6c01162fa7 : 2 : ittapi_config_apply_per_lib :  ITTAPI function NOT instrumented (not matched by --itt-config option): __itt_model_iteration_taskA

44443 : 0xab2c6c011633be : 2 : ittapi_config_apply_per_lib :  ITTAPI function NOT instrumented (not matched by --itt-config option): __itt_model_iteration_taskAL

44443 : 0xab2c6c0116377f : 2 : ittapi_config_apply_per_lib :  ITTAPI function NOT instrumented (not matched by --itt-config option): __itt_model_site_end_2

44443 : 0xab2c6c01165643 : 2 : ittapi_config_apply_per_lib :  ITTAPI function NOT instrumented (not matched by --itt-config option): __itt_model_task_end_2

44443 : 0xab2c6c01235cfd : 2 : ittapi_config_apply_per_lib :  ITTAPI function NOT instrumented (not matched by --itt-config option): __itt_model_lock_acquire_2

44443 : 0xab2c6c0123744a : 2 : ittapi_config_apply_per_lib :  ITTAPI function NOT instrumented (not matched by --itt-config option): __itt_model_lock_release_2

44443 : 0xab2c6c01237a8e : 2 : ittapi_config_apply_per_lib :  ITTAPI function NOT instrumented (not matched by --itt-config option): __itt_model_aggregate_task

44443 : 0xab2c6c01237fc1 : 2 : ittapi_config_apply_per_lib :  ITTAPI function NOT instrumented (not matched by --itt-config option): __itt_model_disable_push

44443 : 0xab2c6c012384a8 : 2 : ittapi_config_apply_per_lib :  ITTAPI function NOT instrumented (not matched by --itt-config option): __itt_model_disable_pop

44443 : 0xab2c6c012399a3 : 2 : ittapi_config_apply_per_lib :  ITTAPI function instrumented: __itt_heap_function_create
44443 : 0xab2c6c0123a20b : 2 : ittapi_config_apply_per_lib :  ITTAPI function instrumented: __itt_heap_allocate_begin
44443 : 0xab2c6c0123a8b5 : 2 : ittapi_config_apply_per_lib :  ITTAPI function instrumented: __itt_heap_allocate_end
44443 : 0xab2c6c0123aed0 : 2 : ittapi_config_apply_per_lib :  ITTAPI function instrumented: __itt_heap_free_begin
44443 : 0xab2c6c0124130b : 2 : ittapi_config_apply_per_lib :  ITTAPI function instrumented: __itt_heap_free_end
44443 : 0xab2c6c01241cf0 : 2 : ittapi_config_apply_per_lib :  ITTAPI function instrumented: __itt_heap_reallocate_begin
44443 : 0xab2c6c012424b2 : 2 : ittapi_config_apply_per_lib :  ITTAPI function instrumented: __itt_heap_reallocate_end
44443 : 0xab2c6c01243209 : 2 : ittapi_config_apply_per_lib :  ITTAPI function not implemented: __itt_heap_internal_access_begin
44443 : 0xab2c6c01243a70 : 2 : ittapi_config_apply_per_lib :  ITTAPI function not implemented: __itt_heap_internal_access_end
44443 : 0xab2c6c01244220 : 2 : ittapi_config_apply_per_lib :  ITTAPI function not implemented: __itt_heap_record_memory_growth_begin
44443 : 0xab2c6c01244aae : 2 : ittapi_config_apply_per_lib :  ITTAPI function not implemented: __itt_heap_record_memory_growth_end
44443 : 0xab2c6c0124527b : 2 : ittapi_config_apply_per_lib :  ITTAPI function not implemented: __itt_heap_reset_detection
44443 : 0xab2c6c01245b4c : 2 : ittapi_config_apply_per_lib :  ITTAPI function not implemented: __itt_heap_record
44443 : 0xab2c6c012463ef : 2 : ittapi_config_apply_per_lib :  ITTAPI function not implemented: __itt_id_create
44443 : 0xab2c6c012481c0 : 2 : ittapi_config_apply_per_lib :  ITTAPI function not implemented: __itt_id_destroy
44443 : 0xab2c6c01248949 : 2 : ittapi_config_apply_per_lib :  ITTAPI function instrumented: __itt_get_timestamp
44443 : 0xab2c6c01249036 : 2 : ittapi_config_apply_per_lib :  ITTAPI function not implemented: __itt_region_begin
44443 : 0xab2c6c012497a9 : 2 : ittapi_config_apply_per_lib :  ITTAPI function not implemented: __itt_region_end
44443 : 0xab2c6c01249eaf : 2 : ittapi_config_apply_per_lib :  ITTAPI function instrumented: __itt_frame_begin_v3
44443 : 0xab2c6c0124a59f : 2 : ittapi_config_apply_per_lib :  ITTAPI function instrumented: __itt_frame_end_v3
44443 : 0xab2c6c0124abee : 2 : ittapi_config_apply_per_lib :  ITTAPI function instrumented: __itt_frame_submit_v3
44443 : 0xab2c6c0124b3b1 : 2 : ittapi_config_apply_per_lib :  ITTAPI function not implemented: __itt_task_group
44443 : 0xab2c6c0124bb51 : 2 : ittapi_config_apply_per_lib :  ITTAPI function instrumented: __itt_task_begin
44443 : 0xab2c6c0124c211 : 2 : ittapi_config_apply_per_lib :  ITTAPI function instrumented: __itt_task_begin_fn
44443 : 0xab2c6c012535ec : 2 : ittapi_config_apply_per_lib :  ITTAPI function instrumented: __itt_task_end
44443 : 0xab2c6c01253f88 : 2 : ittapi_config_apply_per_lib :  ITTAPI function not implemented: __itt_counter_inc_v3
44443 : 0xab2c6c012546fc : 2 : ittapi_config_apply_per_lib :  ITTAPI function not implemented: __itt_counter_inc_delta_v3
44443 : 0xab2c6c01254e02 : 2 : ittapi_config_apply_per_lib :  ITTAPI function not implemented: __itt_counter_dec_v3
44443 : 0xab2c6c012554ea : 2 : ittapi_config_apply_per_lib :  ITTAPI function not implemented: __itt_counter_dec_delta_v3
44443 : 0xab2c6c01255d9a : 2 : ittapi_config_apply_per_lib :  ITTAPI function not implemented: __itt_marker
44443 : 0xab2c6c01256528 : 2 : ittapi_config_apply_per_lib :  ITTAPI function instrumented: __itt_metadata_add
44443 : 0xab2c6c01256c82 : 2 : ittapi_config_apply_per_lib :  ITTAPI function not implemented: __itt_metadata_str_add
44443 : 0xab2c6c01257400 : 2 : ittapi_config_apply_per_lib :  ITTAPI function not implemented: __itt_relation_add_to_current
44443 : 0xab2c6c0125ba7f : 2 : ittapi_config_apply_per_lib :  ITTAPI function not implemented: __itt_relation_add
44443 : 0xab2c6c0125d0ef : 2 : ittapi_config_apply_per_lib :  ITTAPI function instrumented: __itt_event_create
44443 : 0xab2c6c0125d73e : 2 : ittapi_config_apply_per_lib :  ITTAPI function instrumented: __itt_event_start
44443 : 0xab2c6c01261ea5 : 2 : ittapi_config_apply_per_lib :  ITTAPI function instrumented: __itt_event_end
44443 : 0xab2c6c012622df : 2 : ittapi_config_apply_per_lib :  ITTAPI function NOT instrumented (not matched by --itt-config option): __itt_sync_set_name

44443 : 0xab2c6c012627df : 2 : ittapi_config_apply_per_lib :  ITTAPI function NOT instrumented (not matched by --itt-config option): __itt_notify_sync_name

44443 : 0xab2c6c01262c47 : 2 : ittapi_config_apply_per_lib :  ITTAPI function NOT instrumented (not matched by --itt-config option): __itt_notify_sync_prepare

44443 : 0xab2c6c0126311a : 2 : ittapi_config_apply_per_lib :  ITTAPI function NOT instrumented (not matched by --itt-config option): __itt_notify_sync_cancel

44443 : 0xab2c6c0126353a : 2 : ittapi_config_apply_per_lib :  ITTAPI function NOT instrumented (not matched by --itt-config option): __itt_notify_sync_acquired

44443 : 0xab2c6c01263927 : 2 : ittapi_config_apply_per_lib :  ITTAPI function NOT instrumented (not matched by --itt-config option): __itt_notify_sync_releasing

44443 : 0xab2c6c01269377 : 2 : ittapi_config_apply_per_lib :  ITTAPI function not implemented: __itt_memory_read
44443 : 0xab2c6c0126a70d : 2 : ittapi_config_apply_per_lib :  ITTAPI function not implemented: __itt_memory_write
44443 : 0xab2c6c0126acf2 : 2 : ittapi_config_apply_per_lib :  ITTAPI function not implemented: __itt_memory_update
44443 : 0xab2c6c0126b396 : 2 : ittapi_config_apply_per_lib :  ITTAPI function not implemented: __itt_state_get
44443 : 0xab2c6c0126ba22 : 2 : ittapi_config_apply_per_lib :  ITTAPI function not implemented: __itt_state_set
44443 : 0xab2c6c0126c108 : 2 : ittapi_config_apply_per_lib :  ITTAPI function not implemented: __itt_obj_mode_set
44443 : 0xab2c6c0126c6f4 : 2 : ittapi_config_apply_per_lib :  ITTAPI function not implemented: __itt_thr_mode_set
44443 : 0xab2c6c0126cc36 : 2 : ittapi_config_apply_per_lib :  ITTAPI function instrumented: __itt_frame_create
44443 : 0xab2c6c0126d130 : 2 : ittapi_config_apply_per_lib :  ITTAPI function instrumented: __itt_pt_region_create
44443 : 0xab2c6c0126d74b : 2 : ittapi_config_apply_per_lib :  ITTAPI function instrumented: __itt_frame_begin
44443 : 0xab2c6c0126dd21 : 2 : ittapi_config_apply_per_lib :  ITTAPI function instrumented: __itt_frame_end
44443 : 0xab2c6c0126fe8f : 2 : ittapi_config_apply_per_lib :  ITTAPI function not implemented: __itt_counter_destroy
44443 : 0xab2c6c0127042b : 2 : ittapi_config_apply_per_lib :  ITTAPI function instrumented: __itt_counter_inc
44443 : 0xab2c6c01270955 : 2 : ittapi_config_apply_per_lib :  ITTAPI function instrumented: __itt_counter_inc_delta
44443 : 0xab2c6c01270ea9 : 2 : ittapi_config_apply_per_lib :  ITTAPI function instrumented: __itt_counter_dec
44443 : 0xab2c6c012713bb : 2 : ittapi_config_apply_per_lib :  ITTAPI function instrumented: __itt_counter_dec_delta
44443 : 0xab2c6c012719ab : 2 : ittapi_config_apply_per_lib :  ITTAPI function instrumented: __itt_counter_set_value
44443 : 0xab2c6c01271f34 : 2 : ittapi_config_apply_per_lib :  ITTAPI function not implemented: __itt_counter_set_value_ex
44443 : 0xab2c6c0127244f : 2 : ittapi_config_apply_per_lib :  ITTAPI function not implemented: __itt_mark_create
44443 : 0xab2c6c01272af4 : 2 : ittapi_config_apply_per_lib :  ITTAPI function not implemented: __itt_mark
44443 : 0xab2c6c012730d0 : 2 : ittapi_config_apply_per_lib :  ITTAPI function not implemented: __itt_mark_off
44443 : 0xab2c6c01274537 : 2 : ittapi_config_apply_per_lib :  ITTAPI function not implemented: __itt_mark_global
44443 : 0xab2c6c01274bd3 : 2 : ittapi_config_apply_per_lib :  ITTAPI function not implemented: __itt_mark_global_off
44443 : 0xab2c6c012751f1 : 2 : ittapi_config_apply_per_lib :  ITTAPI function instrumented: __itt_stack_caller_create
44443 : 0xab2c6c01275715 : 2 : ittapi_config_apply_per_lib :  ITTAPI function instrumented: __itt_stack_caller_destroy
44443 : 0xab2c6c01275c84 : 2 : ittapi_config_apply_per_lib :  ITTAPI function instrumented: __itt_stack_callee_enter
44443 : 0xab2c6c012761e6 : 2 : ittapi_config_apply_per_lib :  ITTAPI function instrumented: __itt_stack_callee_leave
44443 : 0xab2c6c012768d1 : 2 : ittapi_config_apply_per_lib :  ITTAPI function not implemented: __itt_clock_domain_create
44443 : 0xab2c6c01276ed8 : 2 : ittapi_config_apply_per_lib :  ITTAPI function not implemented: __itt_clock_domain_reset
44443 : 0xab2c6c01277433 : 2 : ittapi_config_apply_per_lib :  ITTAPI function not implemented: __itt_id_create_ex
44443 : 0xab2c6c01277a56 : 2 : ittapi_config_apply_per_lib :  ITTAPI function not implemented: __itt_id_destroy_ex
44443 : 0xab2c6c01278d5f : 2 : ittapi_config_apply_per_lib :  ITTAPI function not implemented: __itt_task_begin_ex
44443 : 0xab2c6c012792f0 : 2 : ittapi_config_apply_per_lib :  ITTAPI function not implemented: __itt_task_begin_fn_ex
44443 : 0xab2c6c01279882 : 2 : ittapi_config_apply_per_lib :  ITTAPI function not implemented: __itt_task_end_ex
44443 : 0xab2c6c01279de4 : 2 : ittapi_config_apply_per_lib :  ITTAPI function instrumented: __itt_task_begin_overlapped
44443 : 0xab2c6c0127a465 : 2 : ittapi_config_apply_per_lib :  ITTAPI function not implemented: __itt_task_begin_overlapped_ex
44443 : 0xab2c6c0127a975 : 2 : ittapi_config_apply_per_lib :  ITTAPI function instrumented: __itt_task_end_overlapped
44443 : 0xab2c6c0127af35 : 2 : ittapi_config_apply_per_lib :  ITTAPI function not implemented: __itt_task_end_overlapped_ex
44443 : 0xab2c6c0127b5b0 : 2 : ittapi_config_apply_per_lib :  ITTAPI function not implemented: __itt_marker_ex
44443 : 0xab2c6c0127bc90 : 2 : ittapi_config_apply_per_lib :  ITTAPI function not implemented: __itt_metadata_add_with_scope
44443 : 0xab2c6c0127c2c8 : 2 : ittapi_config_apply_per_lib :  ITTAPI function not implemented: __itt_metadata_str_add_with_scope
44443 : 0xab2c6c0127d64a : 2 : ittapi_config_apply_per_lib :  ITTAPI function not implemented: __itt_relation_add_to_current_ex
44443 : 0xab2c6c0127dc30 : 2 : ittapi_config_apply_per_lib :  ITTAPI function not implemented: __itt_relation_add_ex
44443 : 0xab2c6c0127e410 : 2 : ittapi_config_apply_per_lib :  ITTAPI function not implemented: __itt_track_group_create
44443 : 0xab2c6c0127e9a2 : 2 : ittapi_config_apply_per_lib :  ITTAPI function not implemented: __itt_track_create
44443 : 0xab2c6c0127eedd : 2 : ittapi_config_apply_per_lib :  ITTAPI function not implemented: __itt_set_track
44443 : 0xab2c6c0127f4cc : 2 : ittapi_config_apply_per_lib :  ITTAPI function instrumented: __itt_api_version
44443 : 0xab2c6c0127fa52 : 2 : ittapi_config_apply_per_lib :  ITTAPI function not implemented: __itt_av_save
44443 : 0xab2c6c0127ffa5 : 2 : ittapi_config_apply_per_lib :  ITTAPI function instrumented: __itt_module_load
44443 : 0xab2c6c01280542 : 2 : ittapi_config_apply_per_lib :  ITTAPI function not implemented: __itt_module_unload