
3504792 : 0x26d1e90506ca61 : 1 : spill_jit_data :  Jit agent is not initialized
3504763 : 0x26d1e905070254 : 2 : ittapi_config_mask_get :  --itt-config mask to be applied: 55
3504763 : 0x26d1e905072212 : 2 : ittapi_config_apply_per_lib :  ITTAPI function instrumented: __itt_domain_create
3504763 : 0x26d1e905072d72 : 2 : ittapi_config_apply_per_lib :  ITTAPI function instrumented: __itt_module_load_with_sections
3504763 : 0x26d1e90507399a : 2 : ittapi_config_apply_per_lib :  ITTAPI function not implemented: __itt_module_unload_with_sections
3504763 : 0x26d1e905074307 : 2 : ittapi_config_apply_per_lib :  ITTAPI function instrumented: __itt_string_handle_create
3504763 : 0x26d1e905074b5c : 2 : ittapi_config_apply_per_lib :  ITTAPI function instrumented: __itt_counter_create
3504763 : 0x26d1e905075380 : 2 : ittapi_config_apply_per_lib :  ITTAPI function instrumented: __itt_counter_create_typed
3504763 : 0x26d1e905075ac8 : 2 : ittapi_config_apply_per_lib :  ITTAPI function instrumented: __itt_pause
3504763 : 0x26d1e905076427 : 2 : ittapi_config_apply_per_lib :  ITTAPI function instrumented: __itt_resume
3504763 : 0x26d1e90507c233 : 2 : ittapi_config_apply_per_lib :  ITTAPI function not implemented: __itt_pause_scoped
3504763 : 0x26d1e90507cb97 : 2 : ittapi_config_apply_per_lib :  ITTAPI function not implemented: __itt_resume_scoped
3504763 : 0x26d1e90507d36c : 2 : ittapi_config_apply_per_lib :  ITTAPI function instrumented: __itt_thread_set_name
3504763 : 0x26d1e90507dab8 : 2 : ittapi_config_apply_per_lib :  ITTAPI function instrumented: __itt_thread_ignore
3504763 : 0x26d1e90507e24d : 2 : ittapi_config_apply_per_lib :  ITTAPI function instrumented: __itt_thr_name_set
3504763 : 0x26d1e90507e963 : 2 : ittapi_config_apply_per_lib :  ITTAPI function instrumented: __itt_thr_ignore
3504763 : 0x26d1e90507f10e : 2 : ittapi_config_apply_per_lib :  ITTAPI function instrumented: __itt_histogram_create
3504763 : 0x26d1e90507f835 : 2 : ittapi_config_apply_per_lib :  ITTAPI function instrumented: __itt_counter_create_v3
3504763 : 0x26d1e905080026 : 2 : ittapi_config_apply_per_lib :  ITTAPI function instrumented: __itt_bind_context_metadata_to_counter
3504763 : 0x26d1e9050807bf : 2 : ittapi_config_apply_per_lib :  ITTAPI function not implemented: __itt_enable_attach
3504763 : 0x26d1e905084295 : 2 : ittapi_config_apply_per_lib :  ITTAPI function instrumented: __itt_detach
3504763 : 0x26d1e9050846fc : 2 : ittapi_config_apply_per_lib :  ITTAPI function NOT instrumented (not matched by --itt-config option): __itt_sync_create

3504763 : 0x26d1e905084aea : 2 : ittapi_config_apply_per_lib :  ITTAPI function NOT instrumented (not matched by --itt-config option): __itt_sync_rename

3504763 : 0x26d1e905084e6a : 2 : ittapi_config_apply_per_lib :  ITTAPI function NOT instrumented (not matched by --itt-config option): __itt_sync_destroy

3504763 : 0x26d1e9050851f2 : 2 : ittapi_config_apply_per_lib :  ITTAPI function NOT instrumented (not matched by --itt-config option): __itt_sync_prepare

3504763 : 0x26d1e9050855b0 : 2 : ittapi_config_apply_per_lib :  ITTAPI function NOT instrumented (not matched by --itt-config option): __itt_sync_cancel

3504763 : 0x26d1e905085938 : 2 : ittapi_config_apply_per_lib :  ITTAPI function NOT instrumented (not matched by --itt-config option): __itt_sync_acquired

3504763 : 0x26d1e905085cd7 : 2 : ittapi_config_apply_per_lib :  ITTAPI function NOT instrumented (not matched by --itt-config option): __itt_sync_releasing

3504763 : 0x26d1e9050864ee : 2 : ittapi_config_apply_per_lib :  ITTAPI function not implemented: __itt_suppress_push
3504763 : 0x26d1e905086dc3 : 2 : ittapi_config_apply_per_lib :  ITTAPI function not implemented: __itt_suppress_pop
3504763 : 0x26d1e9050882ba : 2 : ittapi_config_apply_per_lib :  ITTAPI function not implemented: __itt_suppress_mark_range
3504763 : 0x26d1e905088c03 : 2 : ittapi_config_apply_per_lib :  ITTAPI function not implemented: __itt_suppress_clear_range
3504763 : 0x26d1e905088fb0 : 2 : ittapi_config_apply_per_lib :  ITTAPI function NOT instrumented (not matched by --itt-config option): __itt_sync_prepare

3504763 : 0x26d1e905089336 : 2 : ittapi_config_apply_per_lib :  ITTAPI function NOT instrumented (not matched by --itt-config option): __itt_sync_cancel

3504763 : 0x26d1e905089692 : 2 : ittapi_config_apply_per_lib :  ITTAPI function NOT instrumented (not matched by --itt-config option): __itt_sync_acquired

3504763 : 0x26d1e905089a3a : 2 : ittapi_config_apply_per_lib :  ITTAPI function NOT instrumented (not matched by --itt-config option): __itt_sync_releasing

3504763 : 0x26d1e905089de8 : 2 : ittapi_config_apply_per_lib :  ITTAPI function NOT instrumented (not matched by --itt-config option): __itt_model_site_begin

3504763 : 0x26d1e90508a18c : 2 : ittapi_config_apply_per_lib :  ITTAPI function NOT instrumented (not matched by --itt-config option): __itt_model_site_end

3504763 : 0x26d1e90508a4ff : 2 : ittapi_config_apply_per_lib :  ITTAPI function NOT instrumented (not matched by --itt-config option): __itt_model_task_begin

3504763 : 0x26d1e90508a8f0 : 2 : ittapi_config_apply_per_lib :  ITTAPI function NOT instrumented (not matched by --itt-config option): __itt_model_task_end

3504763 : 0x26d1e90508c55f : 2 : ittapi_config_apply_per_lib :  ITTAPI function NOT instrumented (not matched by --itt-config option): __itt_model_lock_acquire

3504763 : 0x26d1e90508c9a8 : 2 : ittapi_config_apply_per_lib :  ITTAPI function NOT instrumented (not matched by --itt-config option): __itt_model_lock_release

3504763 : 0x26d1e90508cd2b : 2 : ittapi_config_apply_per_lib :  ITTAPI function NOT instrumented (not matched by --itt-config option): __itt_model_record_allocation

3504763 : 0x26d1e90508d0d9 : 2 : ittapi_config_apply_per_lib :  ITTAPI function NOT instrumented (not matched by --itt-config option): __itt_model_record_deallocation

3504763 : 0x26d1e90508d498 : 2 : ittapi_config_apply_per_lib :  ITTAPI function NOT instrumented (not matched by --itt-config option): __itt_model_induction_uses

3504763 : 0x26d1e90508d89f : 2 : ittapi_config_apply_per_lib :  ITTAPI function NOT instrumented (not matched by --itt-config option): __itt_model_reduction_uses

3504763 : 0x26d1e90508dc60 : 2 : ittapi_config_apply_per_lib :  ITTAPI function NOT instrumented (not matched by --itt-config option): __itt_model_observe_uses

3504763 : 0x26d1e90508e017 : 2 : ittapi_config_apply_per_lib :  ITTAPI function NOT instrumented (not matched by --itt-config option): __itt_model_clear_uses

3504763 : 0x26d1e90508e3e7 : 2 : ittapi_config_apply_per_lib :  ITTAPI function NOT instrumented (not matched by --itt-config option): __itt_model_site_beginA

3504763 : 0x26d1e90508e7da : 2 : ittapi_config_apply_per_lib :  ITTAPI function NOT instrumented (not matched by --itt-config option): __itt_model_site_beginAL

3504763 : 0x26d1e90508f761 : 2 : ittapi_config_apply_per_lib :  ITTAPI function NOT instrumented (not matched by --itt-config option): __itt_model_task_beginA

3504763 : 0x26d1e90508fbd5 : 2 : ittapi_config_apply_per_lib :  ITTAPI function NOT instrumented (not matched by --itt-config option): __itt_model_task_beginAL

3504763 : 0x26d1e90508ffaa : 2 : ittapi_config_apply_per_lib :  ITTAPI function NOT instrumented (not matched by --itt-config option): __itt_model_iteration_taskA

3504763 : 0x26d1e90509032c : 2 : ittapi_config_apply_per_lib :  ITTAPI function NOT instrumented (not matched by --itt-config option): __itt_model_iteration_taskAL

3504763 : 0x26d1e9050906c0 : 2 : ittapi_config_apply_per_lib :  ITTAPI function NOT instrumented (not matched by --itt-config option): __itt_model_site_end_2

3504763 : 0x26d1e905090ac1 : 2 : ittapi_config_apply_per_lib :  ITTAPI function NOT instrumented (not matched by --itt-config option): __itt_model_task_end_2

3504763 : 0x26d1e905090e75 : 2 : ittapi_config_apply_per_lib :  ITTAPI function NOT instrumented (not matched by --itt-config option): __itt_model_lock_acquire_2

3504763 : 0x26d1e90509124f : 2 : ittapi_config_apply_per_lib :  ITTAPI function NOT instrumented (not matched by --itt-config option): __itt_model_lock_release_2

3504763 : 0x26d1e9050915fb : 2 : ittapi_config_apply_per_lib :  ITTAPI function NOT instrumented (not matched by --itt-config option): __itt_model_aggregate_task

3504763 : 0x26d1e9050919ff : 2 : ittapi_config_apply_per_lib :  ITTAPI function NOT instrumented (not matched by --itt-config option): __itt_model_disable_push

3504763 : 0x26d1e905093019 : 2 : ittapi_config_apply_per_lib :  ITTAPI function NOT instrumented (not matched by --itt-config option): __itt_model_disable_pop

3504763 : 0x26d1e905093919 : 2 : ittapi_config_apply_per_lib :  ITTAPI function instrumented: __itt_heap_function_create
3504763 : 0x26d1e905094180 : 2 : ittapi_config_apply_per_lib :  ITTAPI function instrumented: __itt_heap_allocate_begin
3504763 : 0x26d1e90509497f : 2 : ittapi_config_apply_per_lib :  ITTAPI function instrumented: __itt_heap_allocate_end
3504763 : 0x26d1e9050950bd : 2 : ittapi_config_apply_per_lib :  ITTAPI function instrumented: __itt_heap_free_begin
3504763 : 0x26d1e90509586d : 2 : ittapi_config_apply_per_lib :  ITTAPI function instrumented: __itt_heap_free_end
3504763 : 0x26d1e905096025 : 2 : ittapi_config_apply_per_lib :  ITTAPI function instrumented: __itt_heap_reallocate_begin
3504763 : 0x26d1e9050967dc : 2 : ittapi_config_apply_per_lib :  ITTAPI function instrumented: __itt_heap_reallocate_end
3504763 : 0x26d1e905097040 : 2 : ittapi_config_apply_per_lib :  ITTAPI function not implemented: __itt_heap_internal_access_begin
3504763 : 0x26d1e9050978eb : 2 : ittapi_config_apply_per_lib :  ITTAPI function not implemented: __itt_heap_internal_access_end
3504763 : 0x26d1e905098e83 : 2 : ittapi_config_apply_per_lib :  ITTAPI function not implemented: __itt_heap_record_memory_growth_begin
3504763 : 0x26d1e9050996e9 : 2 : ittapi_config_apply_per_lib :  ITTAPI function not implemented: __itt_heap_record_memory_growth_end
3504763 : 0x26d1e905099f73 : 2 : ittapi_config_apply_per_lib :  ITTAPI function not implemented: __itt_heap_reset_detection
3504763 : 0x26d1e90509a825 : 2 : ittapi_config_apply_per_lib :  ITTAPI function not implemented: __itt_heap_record
3504763 : 0x26d1e90509b0cc : 2 : ittapi_config_apply_per_lib :  ITTAPI function not implemented: __itt_id_create
3504763 : 0x26d1e90509b887 : 2 : ittapi_config_apply_per_lib :  ITTAPI function not implemented: __itt_id_destroy
3504763 : 0x26d1e90509c07b : 2 : ittapi_config_apply_per_lib :  ITTAPI function instrumented: __itt_get_timestamp
3504763 : 0x26d1e90509c8b8 : 2 : ittapi_config_apply_per_lib :  ITTAPI function not implemented: __itt_region_begin
3504763 : 0x26d1e90509d108 : 2 : ittapi_config_apply_per_lib :  ITTAPI function not implemented: __itt_region_end
3504763 : 0x26d1e90509d8f5 : 2 : ittapi_config_apply_per_lib :  ITTAPI function instrumented: __itt_frame_begin_v3
3504763 : 0x26d1e90509ed52 : 2 : ittapi_config_apply_per_lib :  ITTAPI function instrumented: __itt_frame_end_v3
3504763 : 0x26d1e90509f5d7 : 2 : ittapi_config_apply_per_lib :  ITTAPI function instrumented: __itt_frame_submit_v3
3504763 : 0x26d1e90509fe4c : 2 : ittapi_config_apply_per_lib :  ITTAPI function not implemented: __itt_task_group
3504763 : 0x26d1e9050a06c4 : 2 : ittapi_config_apply_per_lib :  ITTAPI function instrumented: __itt_task_begin
3504763 : 0x26d1e9050a0e39 : 2 : ittapi_config_apply_per_lib :  ITTAPI function instrumented: __itt_task_begin_fn
3504763 : 0x26d1e9050a1589 : 2 : ittapi_config_apply_per_lib :  ITTAPI function instrumented: __itt_task_end
3504763 : 0x26d1e9050a1dca : 2 : ittapi_config_apply_per_lib :  ITTAPI function not implemented: __itt_counter_inc_v3
3504763 : 0x26d1e9050a2628 : 2 : ittapi_config_apply_per_lib :  ITTAPI function not implemented: __itt_counter_inc_delta_v3
3504763 : 0x26d1e9050a2dc6 : 2 : ittapi_config_apply_per_lib :  ITTAPI function not implemented: __itt_counter_dec_v3
3504763 : 0x26d1e9050a35bc : 2 : ittapi_config_apply_per_lib :  ITTAPI function not implemented: __itt_counter_dec_delta_v3
3504763 : 0x26d1e9050a4b07 : 2 : ittapi_config_apply_per_lib :  ITTAPI function not implemented: __itt_marker
3504763 : 0x26d1e9050a52b3 : 2 : ittapi_config_apply_per_lib :  ITTAPI function instrumented: __itt_metadata_add
3504763 : 0x26d1e9050a5af4 : 2 : ittapi_config_apply_per_lib :  ITTAPI function not implemented: __itt_metadata_str_add
3504763 : 0x26d1e9050a62a7 : 2 : ittapi_config_apply_per_lib :  ITTAPI function not implemented: __itt_relation_add_to_current
3504763 : 0x26d1e9050a6ada : 2 : ittapi_config_apply_per_lib :  ITTAPI function not implemented: __itt_relation_add
3504763 : 0x26d1e9050a7237 : 2 : ittapi_config_apply_per_lib :  ITTAPI function instrumented: __itt_event_create
3504763 : 0x26d1e9050a79de : 2 : ittapi_config_apply_per_lib :  ITTAPI function instrumented: __itt_event_start
3504763 : 0x26d1e9050a8110 : 2 : ittapi_config_apply_per_lib :  ITTAPI function instrumented: __itt_event_end
3504763 : 0x26d1e9050a8507 : 2 : ittapi_config_apply_per_lib :  ITTAPI function NOT instrumented (not matched by --itt-config option): __itt_sync_set_name

3504763 : 0x26d1e9050a88cb : 2 : ittapi_config_apply_per_lib :  ITTAPI function NOT instrumented (not matched by --itt-config option): __itt_notify_sync_name

3504763 : 0x26d1e9050a9eab : 2 : ittapi_config_apply_per_lib :  ITTAPI function NOT instrumented (not matched by --itt-config option): __itt_notify_sync_prepare

3504763 : 0x26d1e9050aa288 : 2 : ittapi_config_apply_per_lib :  ITTAPI function NOT instrumented (not matched by --itt-config option): __itt_notify_sync_cancel

3504763 : 0x26d1e9050aa612 : 2 : ittapi_config_apply_per_lib :  ITTAPI function NOT instrumented (not matched by --itt-config option): __itt_notify_sync_acquired

3504763 : 0x26d1e9050aa9b9 : 2 : ittapi_config_apply_per_lib :  ITTAPI function NOT instrumented (not matched by --itt-config option): __itt_notify_sync_releasing

3504763 : 0x26d1e9050ab2c7 : 2 : ittapi_config_apply_per_lib :  ITTAPI function not implemented: __itt_memory_read
3504763 : 0x26d1e9050aba9a : 2 : ittapi_config_apply_per_lib :  ITTAPI function not implemented: __itt_memory_write
3504763 : 0x26d1e9050ac2a2 : 2 : ittapi_config_apply_per_lib :  ITTAPI function not implemented: __itt_memory_update
3504763 : 0x26d1e9050aca89 : 2 : ittapi_config_apply_per_lib :  ITTAPI function not implemented: __itt_state_get
3504763 : 0x26d1e9050ad266 : 2 : ittapi_config_apply_per_lib :  ITTAPI function not implemented: __itt_state_set
3504763 : 0x26d1e9050ada54 : 2 : ittapi_config_apply_per_lib :  ITTAPI function not implemented: __itt_obj_mode_set
3504763 : 0x26d1e9050aef57 : 2 : ittapi_config_apply_per_lib :  ITTAPI function not implemented: __itt_thr_mode_set
3504763 : 0x26d1e9050af783 : 2 : ittapi_config_apply_per_lib :  ITTAPI function instrumented: __itt_frame_create
3504763 : 0x26d1e9050afee3 : 2 : ittapi_config_apply_per_lib :  ITTAPI function instrumented: __itt_pt_region_create
3504763 : 0x26d1e9050b06b5 : 2 : ittapi_config_apply_per_lib :  ITTAPI function instrumented: __itt_frame_begin
3504763 : 0x26d1e9050b0e2f : 2 : ittapi_config_apply_per_lib :  ITTAPI function instrumented: __itt_frame_end
3504763 : 0x26d1e9050b16c9 : 2 : ittapi_config_apply_per_lib :  ITTAPI function not implemented: __itt_counter_destroy
3504763 : 0x26d1e9050b1e8a : 2 : ittapi_config_apply_per_lib :  ITTAPI function instrumented: __itt_counter_inc
3504763 : 0x26d1e9050b2622 : 2 : ittapi_config_apply_per_lib :  ITTAPI function instrumented: __itt_counter_inc_delta
3504763 : 0x26d1e9050b2d8d : 2 : ittapi_config_apply_per_lib :  ITTAPI function instrumented: __itt_counter_dec
3504763 : 0x26d1e9050b3537 : 2 : ittapi_config_apply_per_lib :  ITTAPI function instrumented: __itt_counter_dec_delta
3504763 : 0x26d1e9050b4914 : 2 : ittapi_config_apply_per_lib :  ITTAPI function instrumented: __itt_counter_set_value
3504763 : 0x26d1e9050b5115 : 2 : ittapi_config_apply_per_lib :  ITTAPI function not implemented: __itt_counter_set_value_ex
3504763 : 0x26d1e9050b5a13 : 2 : ittapi_config_apply_per_lib :  ITTAPI function not implemented: __itt_mark_create
3504763 : 0x26d1e9050b61e9 : 2 : ittapi_config_apply_per_lib :  ITTAPI function not implemented: __itt_mark
3504763 : 0x26d1e9050b6a38 : 2 : ittapi_config_apply_per_lib :  ITTAPI function not implemented: __itt_mark_off
3504763 : 0x26d1e9050b71fa : 2 : ittapi_config_apply_per_lib :  ITTAPI function not implemented: __itt_mark_global
3504763 : 0x26d1e9050b79e0 : 2 : ittapi_config_apply_per_lib :  ITTAPI function not implemented: __itt_mark_global_off
3504763 : 0x26d1e9050b8200 : 2 : ittapi_config_apply_per_lib :  ITTAPI function instrumented: __itt_stack_caller_create
3504763 : 0x26d1e9050b899f : 2 : ittapi_config_apply_per_lib :  ITTAPI function instrumented: __itt_stack_caller_destroy
3504763 : 0x26d1e9050c34c2 : 2 : ittapi_config_apply_per_lib :  ITTAPI function instrumented: __itt_stack_callee_enter
3504763 : 0x26d1e9050c78ee : 2 : ittapi_config_apply_per_lib :  ITTAPI function instrumented: __itt_stack_callee_leave
3504763 : 0x26d1e9050c8297 : 2 : ittapi_config_apply_per_lib :  ITTAPI function not implemented: __itt_clock_domain_create
3504763 : 0x26d1e9050c8bb0 : 2 : ittapi_config_apply_per_lib :  ITTAPI function not implemented: __itt_clock_domain_reset
3504763 : 0x26d1e9050c93f5 : 2 : ittapi_config_apply_per_lib :  ITTAPI function not implemented: __itt_id_create_ex
3504763 : 0x26d1e9050c9cc5 : 2 : ittapi_config_apply_per_lib :  ITTAPI function not implemented: __itt_id_destroy_ex
3504763 : 0x26d1e9050ca54b : 2 : ittapi_config_apply_per_lib :  ITTAPI function not implemented: __itt_task_begin_ex
3504763 : 0x26d1e9050cae1a : 2 : ittapi_config_apply_per_lib :  ITTAPI function not implemented: __itt_task_begin_fn_ex
3504763 : 0x26d1e9050cb64a : 2 : ittapi_config_apply_per_lib :  ITTAPI function not implemented: __itt_task_end_ex
3504763 : 0x26d1e9050cbee7 : 2 : ittapi_config_apply_per_lib :  ITTAPI function instrumented: __itt_task_begin_overlapped
3504763 : 0x26d1e9050cc72a : 2 : ittapi_config_apply_per_lib :  ITTAPI function not implemented: __itt_task_begin_overlapped_ex
3504763 : 0x26d1e9050cdd79 : 2 : ittapi_config_apply_per_lib :  ITTAPI function instrumented: __itt_task_end_overlapped
3504763 : 0x26d1e9050ce679 : 2 : ittapi_config_apply_per_lib :  ITTAPI function not implemented: __itt_task_end_overlapped_ex
3504763 : 0x26d1e9050cee5f : 2 : ittapi_config_apply_per_lib :  ITTAPI function not implemented: __itt_marker_ex
3504763 : 0x26d1e9050cf8e5 : 2 : ittapi_config_apply_per_lib :  ITTAPI function not implemented: __itt_metadata_add_with_scope
3504763 : 0x26d1e9050d01d5 : 2 : ittapi_config_apply_per_lib :  ITTAPI function not implemented: __itt_metadata_str_add_with_scope
3504763 : 0x26d1e9050d0ac1 : 2 : ittapi_config_apply_per_lib :  ITTAPI function not implemented: __itt_relation_add_to_current_ex
3504763 : 0x26d1e9050d12bf : 2 : ittapi_config_apply_per_lib :  ITTAPI function not implemented: __itt_relation_add_ex
3504763 : 0x26d1e9050d1b94 : 2 : ittapi_config_apply_per_lib :  ITTAPI function not implemented: __itt_track_group_create
3504763 : 0x26d1e9050d23ad : 2 : ittapi_config_apply_per_lib :  ITTAPI function not implemented: __itt_track_create
3504763 : 0x26d1e9050d2c3d : 2 : ittapi_config_apply_per_lib :  ITTAPI function not implemented: __itt_set_track
3504763 : 0x26d1e9050d4200 : 2 : ittapi_config_apply_per_lib :  ITTAPI function instrumented: __itt_api_version
3504763 : 0x26d1e9050d4a77 : 2 : ittapi_config_apply_per_lib :  ITTAPI function not implemented: __itt_av_save
3504763 : 0x26d1e9050d52ed : 2 : ittapi_config_apply_per_lib :  ITTAPI function instrumented: __itt_module_load
3504763 : 0x26d1e9050d5b5c : 2 : ittapi_config_apply_per_lib :  ITTAPI function not implemented: __itt_module_unload
3504763 : 0x26d1e9050d5fb8 : 2 : ittapi_config_apply_per_lib :  ITTAPI function NOT instrumented (not matched by --itt-config option): __itt_histogram_submit

3504763 : 0x26d1e9050d683b : 2 : ittapi_config_apply_per_lib :  ITTAPI function instrumented: __itt_counter_set_value_v3
3504763 : 0x26d1e9050fbf85 : 2 : ittapi_config_mask_get :  --itt-config mask to be applied: 55
3504763 : 0x26d1e9050fc9dc : 2 : ittapi_config_apply_per_lib :  ITTAPI function instrumented: __itt_domain_create
3504763 : 0x26d1e9050fd212 : 2 : ittapi_config_apply_per_lib :  ITTAPI function instrumented: __itt_module_load_with_sections
3504763 : 0x26d1e9050fdb39 : 2 : ittapi_config_apply_per_lib :  ITTAPI function not implemented: __itt_module_unload_with_sections
3504763 : 0x26d1e9050ffdc9 : 2 : ittapi_config_apply_per_lib :  ITTAPI function instrumented: __itt_string_handle_create
3504763 : 0x26d1e9051005a7 : 2 : ittapi_config_apply_per_lib :  ITTAPI function instrumented: __itt_counter_create
3504763 : 0x26d1e905100d64 : 2 : ittapi_config_apply_per_lib :  ITTAPI function instrumented: __itt_counter_create_typed
3504763 : 0x26d1e9051014ea : 2 : ittapi_config_apply_per_lib :  ITTAPI function instrumented: __itt_pause
3504763 : 0x26d1e905101cd9 : 2 : ittapi_config_apply_per_lib :  ITTAPI function instrumented: __itt_resume
3504763 : 0x26d1e905102595 : 2 : ittapi_config_apply_per_lib :  ITTAPI function not implemented: __itt_pause_scoped
3504763 : 0x26d1e905102e1c : 2 : ittapi_config_apply_per_lib :  ITTAPI function not implemented: __itt_resume_scoped
3504763 : 0x26d1e9051035e0 : 2 : ittapi_config_apply_per_lib :  ITTAPI function instrumented: __itt_thread_set_name
3504763 : 0x26d1e905103d99 : 2 : ittapi_config_apply_per_lib :  ITTAPI function instrumented: __itt_thread_ignore
3504763 : 0x26d1e9051044eb : 2 : ittapi_config_apply_per_lib :  ITTAPI function instrumented: __itt_thr_name_set
3504763 : 0x26d1e905105970 : 2 : ittapi_config_apply_per_lib :  ITTAPI function instrumented: __itt_thr_ignore
3504763 : 0x26d1e905106183 : 2 : ittapi_config_apply_per_lib :  ITTAPI function instrumented: __itt_histogram_create
3504763 : 0x26d1e9051068b3 : 2 : ittapi_config_apply_per_lib :  ITTAPI function instrumented: __itt_counter_create_v3
3504763 : 0x26d1e90510714a : 2 : ittapi_config_apply_per_lib :  ITTAPI function instrumented: __itt_bind_context_metadata_to_counter
3504763 : 0x26d1e9051079a2 : 2 : ittapi_config_apply_per_lib :  ITTAPI function not implemented: __itt_enable_attach
3504763 : 0x26d1e905108204 : 2 : ittapi_config_apply_per_lib :  ITTAPI function instrumented: __itt_detach
3504763 : 0x26d1e905108610 : 2 : ittapi_config_apply_per_lib :  ITTAPI function NOT instrumented (not matched by --itt-config option): __itt_sync_create

3504763 : 0x26d1e9051089fd : 2 : ittapi_config_apply_per_lib :  ITTAPI function NOT instrumented (not matched by --itt-config option): __itt_sync_rename

3504763 : 0x26d1e905108e15 : 2 : ittapi_config_apply_per_lib :  ITTAPI function NOT instrumented (not matched by --itt-config option): __itt_sync_destroy

3504763 : 0x26d1e9051091e0 : 2 : ittapi_config_apply_per_lib :  ITTAPI function NOT instrumented (not matched by --itt-config option): __itt_sync_prepare

3504763 : 0x26d1e90510a2b0 : 2 : ittapi_config_apply_per_lib :  ITTAPI function NOT instrumented (not matched by --itt-config option): __itt_sync_cancel

3504763 : 0x26d1e90510a6cc : 2 : ittapi_config_apply_per_lib :  ITTAPI function NOT instrumented (not matched by --itt-config option): __itt_sync_acquired

3504763 : 0x26d1e90510aa6b : 2 : ittapi_config_apply_per_lib :  ITTAPI function NOT instrumented (not matched by --itt-config option): __itt_sync_releasing

3504763 : 0x26d1e90510b306 : 2 : ittapi_config_apply_per_lib :  ITTAPI function not implemented: __itt_suppress_push
3504763 : 0x26d1e90510bbaf : 2 : ittapi_config_apply_per_lib :  ITTAPI function not implemented: __itt_suppress_pop
3504763 : 0x26d1e90510c3e4 : 2 : ittapi_config_apply_per_lib :  ITTAPI function not implemented: __itt_suppress_mark_range
3504763 : 0x26d1e90510cc4d : 2 : ittapi_config_apply_per_lib :  ITTAPI function not implemented: __itt_suppress_clear_range
3504763 : 0x26d1e90510cffd : 2 : ittapi_config_apply_per_lib :  ITTAPI function NOT instrumented (not matched by --itt-config option): __itt_sync_prepare

3504763 : 0x26d1e90510d3ee : 2 : ittapi_config_apply_per_lib :  ITTAPI function NOT instrumented (not matched by --itt-config option): __itt_sync_cancel

3504763 : 0x26d1e90510d7ad : 2 : ittapi_config_apply_per_lib :  ITTAPI function NOT instrumented (not matched by --itt-config option): __itt_sync_acquired

3504763 : 0x26d1e90510e743 : 2 : ittapi_config_apply_per_lib :  ITTAPI function NOT instrumented (not matched by --itt-config option): __itt_sync_releasing

3504763 : 0x26d1e90510eb4d : 2 : ittapi_config_apply_per_lib :  ITTAPI function NOT instrumented (not matched by --itt-config option): __itt_model_site_begin

3504763 : 0x26d1e90510ef00 : 2 : ittapi_config_apply_per_lib :  ITTAPI function NOT instrumented (not matched by --itt-config option): __itt_model_site_end

3504763 : 0x26d1e90510f2be : 2 : ittapi_config_apply_per_lib :  ITTAPI function NOT instrumented (not matched by --itt-config option): __itt_model_task_begin

3504763 : 0x26d1e90510f6fb : 2 : ittapi_config_apply_per_lib :  ITTAPI function NOT instrumented (not matched by --itt-config option): __itt_model_task_end

3504763 : 0x26d1e905110070 : 2 : ittapi_config_apply_per_lib :  ITTAPI function NOT instrumented (not matched by --itt-config option): __itt_model_lock_acquire

3504763 : 0x26d1e905110450 : 2 : ittapi_config_apply_per_lib :  ITTAPI function NOT instrumented (not matched by --itt-config option): __itt_model_lock_release

3504763 : 0x26d1e9051107c4 : 2 : ittapi_config_apply_per_lib :  ITTAPI function NOT instrumented (not matched by --itt-config option): __itt_model_record_allocation

3504763 : 0x26d1e905110bc4 : 2 : ittapi_config_apply_per_lib :  ITTAPI function NOT instrumented (not matched by --itt-config option): __itt_model_record_deallocation

3504763 : 0x26d1e905110f53 : 2 : ittapi_config_apply_per_lib :  ITTAPI function NOT instrumented (not matched by --itt-config option): __itt_model_induction_uses

3504763 : 0x26d1e9051125ba : 2 : ittapi_config_apply_per_lib :  ITTAPI function NOT instrumented (not matched by --itt-config option): __itt_model_reduction_uses

3504763 : 0x26d1e905112983 : 2 : ittapi_config_apply_per_lib :  ITTAPI function NOT instrumented (not matched by --itt-config option): __itt_model_observe_uses

3504763 : 0x26d1e905112d2d : 2 : ittapi_config_apply_per_lib :  ITTAPI function NOT instrumented (not matched by --itt-config option): __itt_model_clear_uses

3504763 : 0x26d1e905113084 : 2 : ittapi_config_apply_per_lib :  ITTAPI function NOT instrumented (not matched by --itt-config option): __itt_model_site_beginA

3504763 : 0x26d1e90511347d : 2 : ittapi_config_apply_per_lib :  ITTAPI function NOT instrumented (not matched by --itt-config option): __itt_model_site_beginAL

3504763 : 0x26d1e90511380a : 2 : ittapi_config_apply_per_lib :  ITTAPI function NOT instrumented (not matched by --itt-config option): __itt_model_task_beginA

3504763 : 0x26d1e905113bc9 : 2 : ittapi_config_apply_per_lib :  ITTAPI function NOT instrumented (not matched by --itt-config option): __itt_model_task_beginAL

3504763 : 0x26d1e905113f2d : 2 : ittapi_config_apply_per_lib :  ITTAPI function NOT instrumented (not matched by --itt-config option): __itt_model_iteration_taskA

3504763 : 0x26d1e9051142de : 2 : ittapi_config_apply_per_lib :  ITTAPI function NOT instrumented (not matched by --itt-config option): __itt_model_iteration_taskAL

3504763 : 0x26d1e905114681 : 2 : ittapi_config_apply_per_lib :  ITTAPI function NOT instrumented (not matched by --itt-config option): __itt_model_site_end_2

3504763 : 0x26d1e9051155c6 : 2 : ittapi_config_apply_per_lib :  ITTAPI function NOT instrumented (not matched by --itt-config option): __itt_model_task_end_2

3504763 : 0x26d1e90511597c : 2 : ittapi_config_apply_per_lib :  ITTAPI function NOT instrumented (not matched by --itt-config option): __itt_model_lock_acquire_2

3504763 : 0x26d1e905115cdf : 2 : ittapi_config_apply_per_lib :  ITTAPI function NOT instrumented (not matched by --itt-config option): __itt_model_lock_release_2

3504763 : 0x26d1e905116043 : 2 : ittapi_config_apply_per_lib :  ITTAPI function NOT instrumented (not matched by --itt-config option): __itt_model_aggregate_task

3504763 : 0x26d1e90511644a : 2 : ittapi_config_apply_per_lib :  ITTAPI function NOT instrumented (not matched by --itt-config option): __itt_model_disable_push

3504763 : 0x26d1e9051167d5 : 2 : ittapi_config_apply_per_lib :  ITTAPI function NOT instrumented (not matched by --itt-config option): __itt_model_disable_pop

3504763 : 0x26d1e90511709d : 2 : ittapi_config_apply_per_lib :  ITTAPI function instrumented: __itt_heap_function_create
3504763 : 0x26d1e90511789e : 2 : ittapi_config_apply_per_lib :  ITTAPI function instrumented: __itt_heap_allocate_begin
3504763 : 0x26d1e905117fdd : 2 : ittapi_config_apply_per_lib :  ITTAPI function instrumented: __itt_heap_allocate_end
3504763 : 0x26d1e90511879b : 2 : ittapi_config_apply_per_lib :  ITTAPI function instrumented: __itt_heap_free_begin
3504763 : 0x26d1e90511a233 : 2 : ittapi_config_apply_per_lib :  ITTAPI function instrumented: __itt_heap_free_end
3504763 : 0x26d1e90511af4f : 2 : ittapi_config_apply_per_lib :  ITTAPI function instrumented: __itt_heap_reallocate_begin
3504763 : 0x26d1e90511b6d9 : 2 : ittapi_config_apply_per_lib :  ITTAPI function instrumented: __itt_heap_reallocate_end
3504763 : 0x26d1e90511bf32 : 2 : ittapi_config_apply_per_lib :  ITTAPI function not implemented: __itt_heap_internal_access_begin
3504763 : 0x26d1e90511c7bf : 2 : ittapi_config_apply_per_lib :  ITTAPI function not implemented: __itt_heap_internal_access_end
3504763 : 0x26d1e90511cfcd : 2 : ittapi_config_apply_per_lib :  ITTAPI function not implemented: __itt_heap_record_memory_growth_begin
3504763 : 0x26d1e90511d814 : 2 : ittapi_config_apply_per_lib :  ITTAPI function not implemented: __itt_heap_record_memory_growth_end
3504763 : 0x26d1e90511e037 : 2 : ittapi_config_apply_per_lib :  ITTAPI function not implemented: __itt_heap_reset_detection
3504763 : 0x26d1e90511e8a2 : 2 : ittapi_config_apply_per_lib :  ITTAPI function not implemented: __itt_heap_record
3504763 : 0x26d1e90511f09c : 2 : ittapi_config_apply_per_lib :  ITTAPI function not implemented: __itt_id_create
3504763 : 0x26d1e90512058c : 2 : ittapi_config_apply_per_lib :  ITTAPI function not implemented: __itt_id_destroy
3504763 : 0x26d1e905120db1 : 2 : ittapi_config_apply_per_lib :  ITTAPI function instrumented: __itt_get_timestamp
3504763 : 0x26d1e90512152c : 2 : ittapi_config_apply_per_lib :  ITTAPI function not implemented: __itt_region_begin
3504763 : 0x26d1e905121d75 : 2 : ittapi_config_apply_per_lib :  ITTAPI function not implemented: __itt_region_end
3504763 : 0x26d1e905122549 : 2 : ittapi_config_apply_per_lib :  ITTAPI function instrumented: __itt_frame_begin_v3
3504763 : 0x26d1e905122d9b : 2 : ittapi_config_apply_per_lib :  ITTAPI function instrumented: __itt_frame_end_v3
3504763 : 0x26d1e9051234f6 : 2 : ittapi_config_apply_per_lib :  ITTAPI function instrumented: __itt_frame_submit_v3
3504763 : 0x26d1e905123d3d : 2 : ittapi_config_apply_per_lib :  ITTAPI function not implemented: __itt_task_group
3504763 : 0x26d1e9051244f1 : 2 : ittapi_config_apply_per_lib :  ITTAPI function instrumented: __itt_task_begin
3504763 : 0x26d1e905124cce : 2 : ittapi_config_apply_per_lib :  ITTAPI function instrumented: __itt_task_begin_fn
3504763 : 0x26d1e9051260ce : 2 : ittapi_config_apply_per_lib :  ITTAPI function instrumented: __itt_task_end
3504763 : 0x26d1e90512691b : 2 : ittapi_config_apply_per_lib :  ITTAPI function not implemented: __itt_counter_inc_v3
3504763 : 0x26d1e9051271fa : 2 : ittapi_config_apply_per_lib :  ITTAPI function not implemented: __itt_counter_inc_delta_v3
3504763 : 0x26d1e905127a07 : 2 : ittapi_config_apply_per_lib :  ITTAPI function not implemented: __itt_counter_dec_v3
3504763 : 0x26d1e905128358 : 2 : ittapi_config_apply_per_lib :  ITTAPI function not implemented: __itt_counter_dec_delta_v3
3504763 : 0x26d1e905128b64 : 2 : ittapi_config_apply_per_lib :  ITTAPI function not implemented: __itt_marker
3504763 : 0x26d1e905129365 : 2 : ittapi_config_apply_per_lib :  ITTAPI function instrumented: __itt_metadata_add
3504763 : 0x26d1e905129b5d : 2 : ittapi_config_apply_per_lib :  ITTAPI function not implemented: __itt_metadata_str_add
3504763 : 0x26d1e90512a3c2 : 2 : ittapi_config_apply_per_lib :  ITTAPI function not implemented: __itt_relation_add_to_current
3504763 : 0x26d1e90512ab9c : 2 : ittapi_config_apply_per_lib :  ITTAPI function not implemented: __itt_relation_add
3504763 : 0x26d1e90512bf34 : 2 : ittapi_config_apply_per_lib :  ITTAPI function instrumented: __itt_event_create
3504763 : 0x26d1e90512c791 : 2 : ittapi_config_apply_per_lib :  ITTAPI function instrumented: __itt_event_start
3504763 : 0x26d1e90512cf04 : 2 : ittapi_config_apply_per_lib :  ITTAPI function instrumented: __itt_event_end
3504763 : 0x26d1e90512d325 : 2 : ittapi_config_apply_per_lib :  ITTAPI function NOT instrumented (not matched by --itt-config option): __itt_sync_set_name

3504763 : 0x26d1e90512d71c : 2 : ittapi_config_apply_per_lib :  ITTAPI function NOT instrumented (not matched by --itt-config option): __itt_notify_sync_name

3504763 : 0x26d1e90512dae5 : 2 : ittapi_config_apply_per_lib :  ITTAPI function NOT instrumented (not matched by --itt-config option): __itt_notify_sync_prepare

3504763 : 0x26d1e90512deaa : 2 : ittapi_config_apply_per_lib :  ITTAPI function NOT instrumented (not matched by --itt-config option): __itt_notify_sync_cancel

3504763 : 0x26d1e90512e2a5 : 2 : ittapi_config_apply_per_lib :  ITTAPI function NOT instrumented (not matched by --itt-config option): __itt_notify_sync_acquired

3504763 : 0x26d1e90512e678 : 2 : ittapi_config_apply_per_lib :  ITTAPI function NOT instrumented (not matched by --itt-config option): __itt_notify_sync_releasing

3504763 : 0x26d1e90512ee78 : 2 : ittapi_config_apply_per_lib :  ITTAPI function not implemented: __itt_memory_read
3504763 : 0x26d1e9051309e7 : 2 : ittapi_config_apply_per_lib :  ITTAPI function not implemented: __itt_memory_write
3504763 : 0x26d1e9051312dc : 2 : ittapi_config_apply_per_lib :  ITTAPI function not implemented: __itt_memory_update
3504763 : 0x26d1e905131a69 : 2 : ittapi_config_apply_per_lib :  ITTAPI function not implemented: __itt_state_get
3504763 : 0x26d1e90513226a : 2 : ittapi_config_apply_per_lib :  ITTAPI function not implemented: __itt_state_set
3504763 : 0x26d1e905132a45 : 2 : ittapi_config_apply_per_lib :  ITTAPI function not implemented: __itt_obj_mode_set
3504763 : 0x26d1e905133263 : 2 : ittapi_config_apply_per_lib :  ITTAPI function not implemented: __itt_thr_mode_set
3504763 : 0x26d1e9051339f6 : 2 : ittapi_config_apply_per_lib :  ITTAPI function instrumented: __itt_frame_create
3504763 : 0x26d1e9051341c3 : 2 : ittapi_config_apply_per_lib :  ITTAPI function instrumented: __itt_pt_region_create
3504763 : 0x26d1e905134974 : 2 : ittapi_config_apply_per_lib :  ITTAPI function instrumented: __itt_frame_begin
3504763 : 0x26d1e905135199 : 2 : ittapi_config_apply_per_lib :  ITTAPI function instrumented: __itt_frame_end
3504763 : 0x26d1e90513664c : 2 : ittapi_config_apply_per_lib :  ITTAPI function not implemented: __itt_counter_destroy
3504763 : 0x26d1e905136de5 : 2 : ittapi_config_apply_per_lib :  ITTAPI function instrumented: __itt_counter_inc
3504763 : 0x26d1e9051375a5 : 2 : ittapi_config_apply_per_lib :  ITTAPI function instrumented: __itt_counter_inc_delta
3504763 : 0x26d1e905137d02 : 2 : ittapi_config_apply_per_lib :  ITTAPI function instrumented: __itt_counter_dec
3504763 : 0x26d1e9051384bc : 2 : ittapi_config_apply_per_lib :  ITTAPI function instrumented: __itt_counter_dec_delta
3504763 : 0x26d1e905138c15 : 2 : ittapi_config_apply_per_lib :  ITTAPI function instrumented: __itt_counter_set_value
3504763 : 0x26d1e9051393f9 : 2 : ittapi_config_apply_per_lib :  ITTAPI function not implemented: __itt_counter_set_value_ex
3504763 : 0x26d1e905139bf0 : 2 : ittapi_config_apply_per_lib :  ITTAPI function not implemented: __itt_mark_create
3504763 : 0x26d1e90513a442 : 2 : ittapi_config_apply_per_lib :  ITTAPI function not implemented: __itt_mark
3504763 : 0x26d1e90513ac1b : 2 : ittapi_config_apply_per_lib :  ITTAPI function not implemented: __itt_mark_off
3504763 : 0x26d1e90513c05e : 2 : ittapi_config_apply_per_lib :  ITTAPI function not implemented: __itt_mark_global
3504763 : 0x26d1e90513c8ee : 2 : ittapi_config_apply_per_lib :  ITTAPI function not implemented: __itt_mark_global_off
3504763 : 0x26d1e90513d0e6 : 2 : ittapi_config_apply_per_lib :  ITTAPI function instrumented: __itt_stack_caller_create
3504763 : 0x26d1e90513d8d6 : 2 : ittapi_config_apply_per_lib :  ITTAPI function instrumented: __itt_stack_caller_destroy
3504763 : 0x26d1e90513e048 : 2 : ittapi_config_apply_per_lib :  ITTAPI function instrumented: __itt_stack_callee_enter
3504763 : 0x26d1e90513e7ef : 2 : ittapi_config_apply_per_lib :  ITTAPI function instrumented: __itt_stack_callee_leave
3504763 : 0x26d1e90513efac : 2 : ittapi_config_apply_per_lib :  ITTAPI function not implemented: __itt_clock_domain_create
3504763 : 0x26d1e90513f7f2 : 2 : ittapi_config_apply_per_lib :  ITTAPI function not implemented: __itt_clock_domain_reset
3504763 : 0x26d1e90513ffbd : 2 : ittapi_config_apply_per_lib :  ITTAPI function not implemented: __itt_id_create_ex
3504763 : 0x26d1e9051407cf : 2 : ittapi_config_apply_per_lib :  ITTAPI function not implemented: __itt_id_destroy_ex
3504763 : 0x26d1e9051425dd : 2 : ittapi_config_apply_per_lib :  ITTAPI function not implemented: __itt_task_begin_ex
3504763 : 0x26d1e905142df7 : 2 : ittapi_config_apply_per_lib :  ITTAPI function not implemented: __itt_task_begin_fn_ex
3504763 : 0x26d1e90514361a : 2 : ittapi_config_apply_per_lib :  ITTAPI function not implemented: __itt_task_end_ex
3504763 : 0x26d1e905143ddd : 2 : ittapi_config_apply_per_lib :  ITTAPI function instrumented: __itt_task_begin_overlapped
3504763 : 0x26d1e9051445f9 : 2 : ittapi_config_apply_per_lib :  ITTAPI function not implemented: __itt_task_begin_overlapped_ex
3504763 : 0x26d1e905144dbf : 2 : ittapi_config_apply_per_lib :  ITTAPI function instrumented: __itt_task_end_overlapped
3504763 : 0x26d1e9051455ac : 2 : ittapi_config_apply_per_lib :  ITTAPI function not implemented: __itt_task_end_overlapped_ex
3504763 : 0x26d1e905145d57 : 2 : ittapi_config_apply_per_lib :  ITTAPI function not implemented: __itt_marker_ex
3504763 : 0x26d1e9051465a4 : 2 : ittapi_config_apply_per_lib :  ITTAPI function not implemented: __itt_metadata_add_with_scope
3504763 : 0x26d1e905146d8e : 2 : ittapi_config_apply_per_lib :  ITTAPI function not implemented: __itt_metadata_str_add_with_scope
3504763 : 0x26d1e9051482b0 : 2 : ittapi_config_apply_per_lib :  ITTAPI function not implemented: __itt_relation_add_to_current_ex
3504763 : 0x26d1e905148af7 : 2 : ittapi_config_apply_per_lib :  ITTAPI function not implemented: __itt_relation_add_ex
3504763 : 0x26d1e9051492a1 : 2 : ittapi_config_apply_per_lib :  ITTAPI function not implemented: __itt_track_group_create
3504763 : 0x26d1e905149aa1 : 2 : ittapi_config_apply_per_lib :  ITTAPI function not implemented: __itt_track_create
3504763 : 0x26d1e90514a217 : 2 : ittapi_config_apply_per_lib :  ITTAPI function not implemented: __itt_set_track
3504763 : 0x26d1e90514aa0c : 2 : ittapi_config_apply_per_lib :  ITTAPI function instrumented: __itt_api_version
3504763 : 0x26d1e90514b1b6 : 2 : ittapi_config_apply_per_lib :  ITTAPI function not implemented: __itt_av_save
3504763 : 0x26d1e90514b9d2 : 2 : ittapi_config_apply_per_lib :  ITTAPI function instrumented: __itt_module_load
3504763 : 0x26d1e90514c15b : 2 : ittapi_config_apply_per_lib :  ITTAPI function not implemented: __itt_module_unload
3504763 : 0x26d1e90514c56e : 2 : ittapi_config_apply_per_lib :  ITTAPI function NOT instrumented (not matched by --itt-config option): __itt_histogram_submit

3504763 : 0x26d1e90514d992 : 2 : ittapi_config_apply_per_lib :  ITTAPI function instrumented: __itt_counter_set_value_v3
3504763 : 0x26d1e908da7733 : 2 : ittapi_config_mask_get :  --itt-config mask to be applied: 55
3504763 : 0x26d1e908da9a34 : 2 : ittapi_config_apply_per_lib :  ITTAPI function instrumented: __itt_domain_create
3504763 : 0x26d1e908daa584 : 2 : ittapi_config_apply_per_lib :  ITTAPI function instrumented: __itt_module_load_with_sections
3504763 : 0x26d1e908dab2dc : 2 : ittapi_config_apply_per_lib :  ITTAPI function not implemented: __itt_module_unload_with_sections
3504763 : 0x26d1e908dabbdd : 2 : ittapi_config_apply_per_lib :  ITTAPI function instrumented: __itt_string_handle_create
3504763 : 0x26d1e908dac508 : 2 : ittapi_config_apply_per_lib :  ITTAPI function instrumented: __itt_counter_create
3504763 : 0x26d1e908dacc5a : 2 : ittapi_config_apply_per_lib :  ITTAPI function instrumented: __itt_counter_create_typed
3504763 : 0x26d1e908dad3e1 : 2 : ittapi_config_apply_per_lib :  ITTAPI function instrumented: __itt_pause
3504763 : 0x26d1e908dadcce : 2 : ittapi_config_apply_per_lib :  ITTAPI function instrumented: __itt_resume
3504763 : 0x26d1e908db736e : 2 : ittapi_config_apply_per_lib :  ITTAPI function instrumented: __itt_thread_set_name
3504763 : 0x26d1e908db7c21 : 2 : ittapi_config_apply_per_lib :  ITTAPI function instrumented: __itt_thread_ignore
3504763 : 0x26d1e908db83e5 : 2 : ittapi_config_apply_per_lib :  ITTAPI function instrumented: __itt_thr_name_set
3504763 : 0x26d1e908db8b5b : 2 : ittapi_config_apply_per_lib :  ITTAPI function instrumented: __itt_thr_ignore
3504763 : 0x26d1e908db9513 : 2 : ittapi_config_apply_per_lib :  ITTAPI function not implemented: __itt_enable_attach
3504763 : 0x26d1e908db9cf4 : 2 : ittapi_config_apply_per_lib :  ITTAPI function instrumented: __itt_detach
3504763 : 0x26d1e908dba10e : 2 : ittapi_config_apply_per_lib :  ITTAPI function NOT instrumented (not matched by --itt-config option): __itt_sync_create

3504763 : 0x26d1e908dbc958 : 2 : ittapi_config_apply_per_lib :  ITTAPI function NOT instrumented (not matched by --itt-config option): __itt_sync_rename

3504763 : 0x26d1e908dbcd27 : 2 : ittapi_config_apply_per_lib :  ITTAPI function NOT instrumented (not matched by --itt-config option): __itt_sync_destroy

3504763 : 0x26d1e908dbd11c : 2 : ittapi_config_apply_per_lib :  ITTAPI function NOT instrumented (not matched by --itt-config option): __itt_sync_prepare

3504763 : 0x26d1e908dbe3f2 : 2 : ittapi_config_apply_per_lib :  ITTAPI function NOT instrumented (not matched by --itt-config option): __itt_sync_cancel

3504763 : 0x26d1e908dbe7ea : 2 : ittapi_config_apply_per_lib :  ITTAPI function NOT instrumented (not matched by --itt-config option): __itt_sync_acquired

3504763 : 0x26d1e908dbebb7 : 2 : ittapi_config_apply_per_lib :  ITTAPI function NOT instrumented (not matched by --itt-config option): __itt_sync_releasing

3504763 : 0x26d1e908dbf4f1 : 2 : ittapi_config_apply_per_lib :  ITTAPI function not implemented: __itt_suppress_push
3504763 : 0x26d1e908dbff0f : 2 : ittapi_config_apply_per_lib :  ITTAPI function not implemented: __itt_suppress_pop
3504763 : 0x26d1e908dc1824 : 2 : ittapi_config_apply_per_lib :  ITTAPI function not implemented: __itt_suppress_mark_range
3504763 : 0x26d1e908dc211a : 2 : ittapi_config_apply_per_lib :  ITTAPI function not implemented: __itt_suppress_clear_range
3504763 : 0x26d1e908dc2506 : 2 : ittapi_config_apply_per_lib :  ITTAPI function NOT instrumented (not matched by --itt-config option): __itt_sync_prepare

3504763 : 0x26d1e908dc286d : 2 : ittapi_config_apply_per_lib :  ITTAPI function NOT instrumented (not matched by --itt-config option): __itt_sync_cancel

3504763 : 0x26d1e908dc2bd4 : 2 : ittapi_config_apply_per_lib :  ITTAPI function NOT instrumented (not matched by --itt-config option): __itt_sync_acquired

3504763 : 0x26d1e908dc4338 : 2 : ittapi_config_apply_per_lib :  ITTAPI function NOT instrumented (not matched by --itt-config option): __itt_sync_releasing

3504763 : 0x26d1e908dc47de : 2 : ittapi_config_apply_per_lib :  ITTAPI function NOT instrumented (not matched by --itt-config option): __itt_model_site_begin

3504763 : 0x26d1e908dc4c3b : 2 : ittapi_config_apply_per_lib :  ITTAPI function NOT instrumented (not matched by --itt-config option): __itt_model_site_end

3504763 : 0x26d1e908dc4fc4 : 2 : ittapi_config_apply_per_lib :  ITTAPI function NOT instrumented (not matched by --itt-config option): __itt_model_task_begin

3504763 : 0x26d1e908dc5504 : 2 : ittapi_config_apply_per_lib :  ITTAPI function NOT instrumented (not matched by --itt-config option): __itt_model_task_end

3504763 : 0x26d1e908dc58b0 : 2 : ittapi_config_apply_per_lib :  ITTAPI function NOT instrumented (not matched by --itt-config option): __itt_model_lock_acquire

3504763 : 0x26d1e908dc5c34 : 2 : ittapi_config_apply_per_lib :  ITTAPI function NOT instrumented (not matched by --itt-config option): __itt_model_lock_release

3504763 : 0x26d1e908dc5fc7 : 2 : ittapi_config_apply_per_lib :  ITTAPI function NOT instrumented (not matched by --itt-config option): __itt_model_record_allocation

3504763 : 0x26d1e908dc63aa : 2 : ittapi_config_apply_per_lib :  ITTAPI function NOT instrumented (not matched by --itt-config option): __itt_model_record_deallocation

3504763 : 0x26d1e908dca4a0 : 2 : ittapi_config_apply_per_lib :  ITTAPI function NOT instrumented (not matched by --itt-config option): __itt_model_induction_uses

3504763 : 0x26d1e908dcbf94 : 2 : ittapi_config_apply_per_lib :  ITTAPI function NOT instrumented (not matched by --itt-config option): __itt_model_reduction_uses

3504763 : 0x26d1e908dcc36a : 2 : ittapi_config_apply_per_lib :  ITTAPI function NOT instrumented (not matched by --itt-config option): __itt_model_observe_uses

3504763 : 0x26d1e908dcc7b0 : 2 : ittapi_config_apply_per_lib :  ITTAPI function NOT instrumented (not matched by --itt-config option): __itt_model_clear_uses

3504763 : 0x26d1e908dccb5b : 2 : ittapi_config_apply_per_lib :  ITTAPI function NOT instrumented (not matched by --itt-config option): __itt_model_site_beginA

3504763 : 0x26d1e908dccef0 : 2 : ittapi_config_apply_per_lib :  ITTAPI function NOT instrumented (not matched by --itt-config option): __itt_model_site_beginAL

3504763 : 0x26d1e908dcd290 : 2 : ittapi_config_apply_per_lib :  ITTAPI function NOT instrumented (not matched by --itt-config option): __itt_model_task_beginA

3504763 : 0x26d1e908dcd6d5 : 2 : ittapi_config_apply_per_lib :  ITTAPI function NOT instrumented (not matched by --itt-config option): __itt_model_task_beginAL

3504763 : 0x26d1e908dcdae7 : 2 : ittapi_config_apply_per_lib :  ITTAPI function NOT instrumented (not matched by --itt-config option): __itt_model_iteration_taskA

3504763 : 0x26d1e908dcde87 : 2 : ittapi_config_apply_per_lib :  ITTAPI function NOT instrumented (not matched by --itt-config option): __itt_model_iteration_taskAL

3504763 : 0x26d1e908dce22b : 2 : ittapi_config_apply_per_lib :  ITTAPI function NOT instrumented (not matched by --itt-config option): __itt_model_site_end_2

3504763 : 0x26d1e908dcf3ae : 2 : ittapi_config_apply_per_lib :  ITTAPI function NOT instrumented (not matched by --itt-config option): __itt_model_task_end_2

3504763 : 0x26d1e908dd0093 : 2 : ittapi_config_apply_per_lib :  ITTAPI function NOT instrumented (not matched by --itt-config option): __itt_model_lock_acquire_2

3504763 : 0x26d1e908dd0489 : 2 : ittapi_config_apply_per_lib :  ITTAPI function NOT instrumented (not matched by --itt-config option): __itt_model_lock_release_2

3504763 : 0x26d1e908dd08a3 : 2 : ittapi_config_apply_per_lib :  ITTAPI function NOT instrumented (not matched by --itt-config option): __itt_model_aggregate_task

3504763 : 0x26d1e908dd0c2a : 2 : ittapi_config_apply_per_lib :  ITTAPI function NOT instrumented (not matched by --itt-config option): __itt_model_disable_push

3504763 : 0x26d1e908dd0ffc : 2 : ittapi_config_apply_per_lib :  ITTAPI function NOT instrumented (not matched by --itt-config option): __itt_model_disable_pop

3504763 : 0x26d1e908dd194b : 2 : ittapi_config_apply_per_lib :  ITTAPI function instrumented: __itt_heap_function_create
3504763 : 0x26d1e908dd214c : 2 : ittapi_config_apply_per_lib :  ITTAPI function instrumented: __itt_heap_allocate_begin
3504763 : 0x26d1e908dd28e6 : 2 : ittapi_config_apply_per_lib :  ITTAPI function instrumented: __itt_heap_allocate_end
3504763 : 0x26d1e908dd3060 : 2 : ittapi_config_apply_per_lib :  ITTAPI function instrumented: __itt_heap_free_begin
3504763 : 0x26d1e908dd44d7 : 2 : ittapi_config_apply_per_lib :  ITTAPI function instrumented: __itt_heap_free_end
3504763 : 0x26d1e908dd4d31 : 2 : ittapi_config_apply_per_lib :  ITTAPI function instrumented: __itt_heap_reallocate_begin
3504763 : 0x26d1e908dd550e : 2 : ittapi_config_apply_per_lib :  ITTAPI function instrumented: __itt_heap_reallocate_end
3504763 : 0x26d1e908dd5efc : 2 : ittapi_config_apply_per_lib :  ITTAPI function not implemented: __itt_heap_internal_access_begin
3504763 : 0x26d1e908dd6799 : 2 : ittapi_config_apply_per_lib :  ITTAPI function not implemented: __itt_heap_internal_access_end
3504763 : 0x26d1e908dd70ae : 2 : ittapi_config_apply_per_lib :  ITTAPI function not implemented: __itt_heap_record_memory_growth_begin
3504763 : 0x26d1e908dd789e : 2 : ittapi_config_apply_per_lib :  ITTAPI function not implemented: __itt_heap_record_memory_growth_end
3504763 : 0x26d1e908dd816b : 2 : ittapi_config_apply_per_lib :  ITTAPI function not implemented: __itt_heap_reset_detection
3504763 : 0x26d1e908dd8a19 : 2 : ittapi_config_apply_per_lib :  ITTAPI function not implemented: __itt_heap_record
3504763 : 0x26d1e908dd937c : 2 : ittapi_config_apply_per_lib :  ITTAPI function not implemented: __itt_id_create
3504763 : 0x26d1e908ddb02a : 2 : ittapi_config_apply_per_lib :  ITTAPI function not implemented: __itt_id_destroy
3504763 : 0x26d1e908ddb8a7 : 2 : ittapi_config_apply_per_lib :  ITTAPI function instrumented: __itt_get_timestamp
3504763 : 0x26d1e908ddc0f0 : 2 : ittapi_config_apply_per_lib :  ITTAPI function not implemented: __itt_region_begin
3504763 : 0x26d1e908ddc8ac : 2 : ittapi_config_apply_per_lib :  ITTAPI function not implemented: __itt_region_end
3504763 : 0x26d1e908ddd0ea : 2 : ittapi_config_apply_per_lib :  ITTAPI function instrumented: __itt_frame_begin_v3
3504763 : 0x26d1e908ddd8e3 : 2 : ittapi_config_apply_per_lib :  ITTAPI function instrumented: __itt_frame_end_v3
3504763 : 0x26d1e908dde0d5 : 2 : ittapi_config_apply_per_lib :  ITTAPI function instrumented: __itt_frame_submit_v3
3504763 : 0x26d1e908dde96f : 2 : ittapi_config_apply_per_lib :  ITTAPI function not implemented: __itt_task_group
3504763 : 0x26d1e908ddf1ff : 2 : ittapi_config_apply_per_lib :  ITTAPI function instrumented: __itt_task_begin
3504763 : 0x26d1e908ddf9bd : 2 : ittapi_config_apply_per_lib :  ITTAPI function instrumented: __itt_task_begin_fn
3504763 : 0x26d1e908de0f23 : 2 : ittapi_config_apply_per_lib :  ITTAPI function instrumented: __itt_task_end
3504763 : 0x26d1e908de187d : 2 : ittapi_config_apply_per_lib :  ITTAPI function not implemented: __itt_counter_inc_v3
3504763 : 0x26d1e908de206c : 2 : ittapi_config_apply_per_lib :  ITTAPI function not implemented: __itt_counter_inc_delta_v3
3504763 : 0x26d1e908de295e : 2 : ittapi_config_apply_per_lib :  ITTAPI function not implemented: __itt_counter_dec_v3
3504763 : 0x26d1e908de31c7 : 2 : ittapi_config_apply_per_lib :  ITTAPI function not implemented: __itt_counter_dec_delta_v3
3504763 : 0x26d1e908de3ad2 : 2 : ittapi_config_apply_per_lib :  ITTAPI function not implemented: __itt_marker
3504763 : 0x26d1e908de42ec : 2 : ittapi_config_apply_per_lib :  ITTAPI function instrumented: __itt_metadata_add
3504763 : 0x26d1e908de4b91 : 2 : ittapi_config_apply_per_lib :  ITTAPI function not implemented: __itt_metadata_str_add
3504763 : 0x26d1e908de53a6 : 2 : ittapi_config_apply_per_lib :  ITTAPI function not implemented: __itt_relation_add_to_current
3504763 : 0x26d1e908de5c2d : 2 : ittapi_config_apply_per_lib :  ITTAPI function not implemented: __itt_relation_add
3504763 : 0x26d1e908de703b : 2 : ittapi_config_apply_per_lib :  ITTAPI function instrumented: __itt_event_create
3504763 : 0x26d1e908de7828 : 2 : ittapi_config_apply_per_lib :  ITTAPI function instrumented: __itt_event_start
3504763 : 0x26d1e908de7ff6 : 2 : ittapi_config_apply_per_lib :  ITTAPI function instrumented: __itt_event_end
3504763 : 0x26d1e908de83a4 : 2 : ittapi_config_apply_per_lib :  ITTAPI function NOT instrumented (not matched by --itt-config option): __itt_sync_set_name

3504763 : 0x26d1e908de8782 : 2 : ittapi_config_apply_per_lib :  ITTAPI function NOT instrumented (not matched by --itt-config option): __itt_notify_sync_name

3504763 : 0x26d1e908de8bc2 : 2 : ittapi_config_apply_per_lib :  ITTAPI function NOT instrumented (not matched by --itt-config option): __itt_notify_sync_prepare

3504763 : 0x26d1e908de8f9c : 2 : ittapi_config_apply_per_lib :  ITTAPI function NOT instrumented (not matched by --itt-config option): __itt_notify_sync_cancel

3504763 : 0x26d1e908de9371 : 2 : ittapi_config_apply_per_lib :  ITTAPI function NOT instrumented (not matched by --itt-config option): __itt_notify_sync_acquired

3504763 : 0x26d1e908de96ff : 2 : ittapi_config_apply_per_lib :  ITTAPI function NOT instrumented (not matched by --itt-config option): __itt_notify_sync_releasing

3504763 : 0x26d1e908de9f50 : 2 : ittapi_config_apply_per_lib :  ITTAPI function not implemented: __itt_memory_read
3504763 : 0x26d1e908debc95 : 2 : ittapi_config_apply_per_lib :  ITTAPI function not implemented: __itt_memory_write
3504763 : 0x26d1e908dec4d6 : 2 : ittapi_config_apply_per_lib :  ITTAPI function not implemented: __itt_memory_update
3504763 : 0x26d1e908decda3 : 2 : ittapi_config_apply_per_lib :  ITTAPI function not implemented: __itt_state_get
3504763 : 0x26d1e908ded5c5 : 2 : ittapi_config_apply_per_lib :  ITTAPI function not implemented: __itt_state_set
3504763 : 0x26d1e908dede77 : 2 : ittapi_config_apply_per_lib :  ITTAPI function not implemented: __itt_obj_mode_set
3504763 : 0x26d1e908dee659 : 2 : ittapi_config_apply_per_lib :  ITTAPI function not implemented: __itt_thr_mode_set
3504763 : 0x26d1e908deee3e : 2 : ittapi_config_apply_per_lib :  ITTAPI function instrumented: __itt_frame_create
3504763 : 0x26d1e908def588 : 2 : ittapi_config_apply_per_lib :  ITTAPI function instrumented: __itt_pt_region_create
3504763 : 0x26d1e908defe2f : 2 : ittapi_config_apply_per_lib :  ITTAPI function instrumented: __itt_frame_begin
3504763 : 0x26d1e908df05c4 : 2 : ittapi_config_apply_per_lib :  ITTAPI function instrumented: __itt_frame_end
3504763 : 0x26d1e908df1c90 : 2 : ittapi_config_apply_per_lib :  ITTAPI function not implemented: __itt_counter_destroy
3504763 : 0x26d1e908df24a9 : 2 : ittapi_config_apply_per_lib :  ITTAPI function instrumented: __itt_counter_inc
3504763 : 0x26d1e908df2bdf : 2 : ittapi_config_apply_per_lib :  ITTAPI function instrumented: __itt_counter_inc_delta
3504763 : 0x26d1e908df3397 : 2 : ittapi_config_apply_per_lib :  ITTAPI function instrumented: __itt_counter_dec
3504763 : 0x26d1e908df3b25 : 2 : ittapi_config_apply_per_lib :  ITTAPI function instrumented: __itt_counter_dec_delta
3504763 : 0x26d1e908df430e : 2 : ittapi_config_apply_per_lib :  ITTAPI function instrumented: __itt_counter_set_value
3504763 : 0x26d1e908df4a7d : 2 : ittapi_config_apply_per_lib :  ITTAPI function not implemented: __itt_counter_set_value_ex
3504763 : 0x26d1e908df529a : 2 : ittapi_config_apply_per_lib :  ITTAPI function not implemented: __itt_mark_create
3504763 : 0x26d1e908df5ace : 2 : ittapi_config_apply_per_lib :  ITTAPI function not implemented: __itt_mark
3504763 : 0x26d1e908df6315 : 2 : ittapi_config_apply_per_lib :  ITTAPI function not implemented: __itt_mark_off
3504763 : 0x26d1e908df77b9 : 2 : ittapi_config_apply_per_lib :  ITTAPI function not implemented: __itt_mark_global
3504763 : 0x26d1e908df7fa0 : 2 : ittapi_config_apply_per_lib :  ITTAPI function not implemented: __itt_mark_global_off
3504763 : 0x26d1e908df881b : 2 : ittapi_config_apply_per_lib :  ITTAPI function instrumented: __itt_stack_caller_create
3504763 : 0x26d1e908df8fb4 : 2 : ittapi_config_apply_per_lib :  ITTAPI function instrumented: __itt_stack_caller_destroy
3504763 : 0x26d1e908df97c9 : 2 : ittapi_config_apply_per_lib :  ITTAPI function instrumented: __itt_stack_callee_enter
3504763 : 0x26d1e908df9f27 : 2 : ittapi_config_apply_per_lib :  ITTAPI function instrumented: __itt_stack_callee_leave
3504763 : 0x26d1e908dfa7dd : 2 : ittapi_config_apply_per_lib :  ITTAPI function not implemented: __itt_clock_domain_create
3504763 : 0x26d1e908dfb004 : 2 : ittapi_config_apply_per_lib :  ITTAPI function not implemented: __itt_clock_domain_reset
3504763 : 0x26d1e908dfb812 : 2 : ittapi_config_apply_per_lib :  ITTAPI function not implemented: __itt_id_create_ex
3504763 : 0x26d1e908dfbfeb : 2 : ittapi_config_apply_per_lib :  ITTAPI function not implemented: __itt_id_destroy_ex
3504763 : 0x26d1e908dfd635 : 2 : ittapi_config_apply_per_lib :  ITTAPI function not implemented: __itt_task_begin_ex
3504763 : 0x26d1e908dfdec0 : 2 : ittapi_config_apply_per_lib :  ITTAPI function not implemented: __itt_task_begin_fn_ex
3504763 : 0x26d1e908dfe6b5 : 2 : ittapi_config_apply_per_lib :  ITTAPI function not implemented: __itt_task_end_ex
3504763 : 0x26d1e908dfeee9 : 2 : ittapi_config_apply_per_lib :  ITTAPI function instrumented: __itt_task_begin_overlapped
3504763 : 0x26d1e908dff711 : 2 : ittapi_config_apply_per_lib :  ITTAPI function not implemented: __itt_task_begin_overlapped_ex
3504763 : 0x26d1e908dffefd : 2 : ittapi_config_apply_per_lib :  ITTAPI function instrumented: __itt_task_end_overlapped
3504763 : 0x26d1e908e006bf : 2 : ittapi_config_apply_per_lib :  ITTAPI function not implemented: __itt_task_end_overlapped_ex
3504763 : 0x26d1e908e00fc4 : 2 : ittapi_config_apply_per_lib :  ITTAPI function not implemented: __itt_marker_ex
3504763 : 0x26d1e908e018ee : 2 : ittapi_config_apply_per_lib :  ITTAPI function not implemented: __itt_metadata_add_with_scope
3504763 : 0x26d1e908e021af : 2 : ittapi_config_apply_per_lib :  ITTAPI function not implemented: __itt_metadata_str_add_with_scope
3504763 : 0x26d1e908e03cf2 : 2 : ittapi_config_apply_per_lib :  ITTAPI function not implemented: __itt_relation_add_to_current_ex
3504763 : 0x26d1e908e04519 : 2 : ittapi_config_apply_per_lib :  ITTAPI function not implemented: __itt_relation_add_ex
3504763 : 0x26d1e908e04e04 : 2 : ittapi_config_apply_per_lib :  ITTAPI function not implemented: __itt_track_group_create
3504763 : 0x26d1e908e05592 : 2 : ittapi_config_apply_per_lib :  ITTAPI function not implemented: __itt_track_create
3504763 : 0x26d1e908e05d86 : 2 : ittapi_config_apply_per_lib :  ITTAPI function not implemented: __itt_set_track
3504763 : 0x26d1e908e06557 : 2 : ittapi_config_apply_per_lib :  ITTAPI function instrumented: __itt_api_version
3504763 : 0x26d1e908e06d8b : 2 : ittapi_config_apply_per_lib :  ITTAPI function not implemented: __itt_av_save
3504763 : 0x26d1e908e07550 : 2 : ittapi_config_apply_per_lib :  ITTAPI function instrumented: __itt_module_load
3504763 : 0x26d1e908e07d49 : 2 : ittapi_config_apply_per_lib :  ITTAPI function not implemented: __itt_module_unload