The system is: Linux - 4.18.0-193.28.1.el8_2.x86_64 - x86_64
Compiling the CXX compiler identification source file "CMakeCXXCompilerId.cpp" succeeded.
Compiler: /lustre/home/br-gkim/intel/oneapi/compiler/2024.1/bin/icpx 
Build flags: 
Id flags:  

The output was:
0


Compilation of the CXX compiler identification source "CMakeCXXCompilerId.cpp" produced "a.out"

The CXX compiler identification is Clang, found in "/home/br-gkim/project/Individual-Project/optimised/build/CMakeFiles/3.11.4/CompilerIdCXX/a.out"

Determining if the CXX compiler works passed with the following output:
Change Dir: /home/br-gkim/project/Individual-Project/optimised/build/CMakeFiles/CMakeTmp

Run Build Command:"/usr/bin/gmake" "cmTC_4d012/fast"
/usr/bin/gmake -f CMakeFiles/cmTC_4d012.dir/build.make CMakeFiles/cmTC_4d012.dir/build
gmake[1]: Entering directory '/lustre/home/br-gkim/project/Individual-Project/optimised/build/CMakeFiles/CMakeTmp'
Building CXX object CMakeFiles/cmTC_4d012.dir/testCXXCompiler.cxx.o
/lustre/home/br-gkim/intel/oneapi/compiler/2024.1/bin/icpx     -o CMakeFiles/cmTC_4d012.dir/testCXXCompiler.cxx.o -c /home/br-gkim/project/Individual-Project/optimised/build/CMakeFiles/CMakeTmp/testCXXCompiler.cxx
Linking CXX executable cmTC_4d012
/usr/bin/cmake -E cmake_link_script CMakeFiles/cmTC_4d012.dir/link.txt --verbose=1
/lustre/home/br-gkim/intel/oneapi/compiler/2024.1/bin/icpx       CMakeFiles/cmTC_4d012.dir/testCXXCompiler.cxx.o  -o cmTC_4d012 
gmake[1]: Leaving directory '/lustre/home/br-gkim/project/Individual-Project/optimised/build/CMakeFiles/CMakeTmp'


Detecting CXX compiler ABI info compiled with the following output:
Change Dir: /home/br-gkim/project/Individual-Project/optimised/build/CMakeFiles/CMakeTmp

Run Build Command:"/usr/bin/gmake" "cmTC_b0e0f/fast"
/usr/bin/gmake -f CMakeFiles/cmTC_b0e0f.dir/build.make CMakeFiles/cmTC_b0e0f.dir/build
gmake[1]: Entering directory '/lustre/home/br-gkim/project/Individual-Project/optimised/build/CMakeFiles/CMakeTmp'
Building CXX object CMakeFiles/cmTC_b0e0f.dir/CMakeCXXCompilerABI.cpp.o
/lustre/home/br-gkim/intel/oneapi/compiler/2024.1/bin/icpx     -o CMakeFiles/cmTC_b0e0f.dir/CMakeCXXCompilerABI.cpp.o -c /usr/share/cmake/Modules/CMakeCXXCompilerABI.cpp
Linking CXX executable cmTC_b0e0f
/usr/bin/cmake -E cmake_link_script CMakeFiles/cmTC_b0e0f.dir/link.txt --verbose=1
/lustre/home/br-gkim/intel/oneapi/compiler/2024.1/bin/icpx      -v CMakeFiles/cmTC_b0e0f.dir/CMakeCXXCompilerABI.cpp.o  -o cmTC_b0e0f 
Intel(R) oneAPI DPC++/C++ Compiler 2024.1.0 (2024.1.0.20240308)
Target: x86_64-unknown-linux-gnu
Thread model: posix
InstalledDir: /lustre/home/br-gkim/intel/oneapi/compiler/2024.1/bin/compiler
Configuration file: /lustre/home/br-gkim/intel/oneapi/compiler/2024.1/bin/compiler/../icpx.cfg
Found candidate GCC installation: /usr/lib/gcc/x86_64-redhat-linux/8
Selected GCC installation: /usr/lib/gcc/x86_64-redhat-linux/8
Candidate multilib: .;@m64
Candidate multilib: 32;@m32
Selected multilib: .;@m64
 "/opt/cray/pe/cce/11.0.4/binutils/x86_64/x86_64-pc-linux-gnu/bin/ld" --hash-style=gnu --eh-frame-hdr -m elf_x86_64 -dynamic-linker /lib64/ld-linux-x86-64.so.2 -o cmTC_b0e0f /usr/lib/gcc/x86_64-redhat-linux/8/../../../../lib64/crt1.o /usr/lib/gcc/x86_64-redhat-linux/8/../../../../lib64/crti.o /usr/lib/gcc/x86_64-redhat-linux/8/crtbegin.o -L/lustre/home/br-gkim/intel/oneapi/compiler/2024.1/bin/compiler/../../lib -L/lustre/home/br-gkim/intel/oneapi/compiler/2024.1/bin/compiler/../../lib -L/lustre/home/br-gkim/intel/oneapi/compiler/2024.1/lib/clang/18/lib/x86_64-unknown-linux-gnu -L/lustre/home/br-gkim/intel/oneapi/compiler/2024.1/bin/compiler/../../lib -L/usr/lib/gcc/x86_64-redhat-linux/8 -L/usr/lib/gcc/x86_64-redhat-linux/8/../../../../lib64 -L/lib/../lib64 -L/usr/lib/../lib64 -L/usr/lib/gcc/x86_64-redhat-linux/8/../../.. -L/lustre/home/br-gkim/intel/oneapi/compiler/2024.1/bin/compiler/../../lib -L/lustre/home/br-gkim/intel/oneapi/compiler/2024.1/bin/compiler/../../opt/compiler/lib -L/lib -L/usr/lib -L/lustre/home/br-gkim/intel/oneapi/tbb/2021.12/env/../lib/intel64/gcc4.8 -L/lustre/home/br-gkim/intel/oneapi/mpi/2021.12/lib -L/lustre/home/br-gkim/intel/oneapi/mkl/2024.1/lib/ -L/lustre/home/br-gkim/intel/oneapi/ippcp/2021.11/lib/ -L/lustre/home/br-gkim/intel/oneapi/ipp/2021.11/lib -L/lustre/home/br-gkim/intel/oneapi/dpl/2022.5/lib -L/lustre/home/br-gkim/intel/oneapi/dnnl/2024.1/lib -L/lustre/home/br-gkim/intel/oneapi/dal/2024.2/lib -L/lustre/home/br-gkim/intel/oneapi/compiler/2024.1/lib -L/lustre/home/br-gkim/intel/oneapi/ccl/2021.12/lib/ CMakeFiles/cmTC_b0e0f.dir/CMakeCXXCompilerABI.cpp.o -Bstatic -lsvml -Bdynamic -Bstatic -lirng -Bdynamic -lstdc++ -Bstatic -limf -Bdynamic -lm -lgcc_s -lgcc -Bstatic -lirc -Bdynamic -ldl -lgcc_s -lgcc -lc -lgcc_s -lgcc -Bstatic -lirc_s -Bdynamic /usr/lib/gcc/x86_64-redhat-linux/8/crtend.o /usr/lib/gcc/x86_64-redhat-linux/8/../../../../lib64/crtn.o
gmake[1]: Leaving directory '/lustre/home/br-gkim/project/Individual-Project/optimised/build/CMakeFiles/CMakeTmp'


Parsed CXX implicit link information from above output:
  link line regex: [^( *|.*[/\])(ld|CMAKE_LINK_STARTFILE-NOTFOUND|([^/\]+-)?ld|collect2)[^/\]*( |$)]
  ignore line: [Change Dir: /home/br-gkim/project/Individual-Project/optimised/build/CMakeFiles/CMakeTmp]
  ignore line: []
  ignore line: [Run Build Command:"/usr/bin/gmake" "cmTC_b0e0f/fast"]
  ignore line: [/usr/bin/gmake -f CMakeFiles/cmTC_b0e0f.dir/build.make CMakeFiles/cmTC_b0e0f.dir/build]
  ignore line: [gmake[1]: Entering directory '/lustre/home/br-gkim/project/Individual-Project/optimised/build/CMakeFiles/CMakeTmp']
  ignore line: [Building CXX object CMakeFiles/cmTC_b0e0f.dir/CMakeCXXCompilerABI.cpp.o]
  ignore line: [/lustre/home/br-gkim/intel/oneapi/compiler/2024.1/bin/icpx     -o CMakeFiles/cmTC_b0e0f.dir/CMakeCXXCompilerABI.cpp.o -c /usr/share/cmake/Modules/CMakeCXXCompilerABI.cpp]
  ignore line: [Linking CXX executable cmTC_b0e0f]
  ignore line: [/usr/bin/cmake -E cmake_link_script CMakeFiles/cmTC_b0e0f.dir/link.txt --verbose=1]
  ignore line: [/lustre/home/br-gkim/intel/oneapi/compiler/2024.1/bin/icpx      -v CMakeFiles/cmTC_b0e0f.dir/CMakeCXXCompilerABI.cpp.o  -o cmTC_b0e0f ]
  ignore line: [Intel(R) oneAPI DPC++/C++ Compiler 2024.1.0 (2024.1.0.20240308)]
  ignore line: [Target: x86_64-unknown-linux-gnu]
  ignore line: [Thread model: posix]
  ignore line: [InstalledDir: /lustre/home/br-gkim/intel/oneapi/compiler/2024.1/bin/compiler]
  ignore line: [Configuration file: /lustre/home/br-gkim/intel/oneapi/compiler/2024.1/bin/compiler/../icpx.cfg]
  ignore line: [Found candidate GCC installation: /usr/lib/gcc/x86_64-redhat-linux/8]
  ignore line: [Selected GCC installation: /usr/lib/gcc/x86_64-redhat-linux/8]
  ignore line: [Candidate multilib: .]
  ignore line: [@m64]
  ignore line: [Candidate multilib: 32]
  ignore line: [@m32]
  ignore line: [Selected multilib: .]
  ignore line: [@m64]
  link line: [ "/opt/cray/pe/cce/11.0.4/binutils/x86_64/x86_64-pc-linux-gnu/bin/ld" --hash-style=gnu --eh-frame-hdr -m elf_x86_64 -dynamic-linker /lib64/ld-linux-x86-64.so.2 -o cmTC_b0e0f /usr/lib/gcc/x86_64-redhat-linux/8/../../../../lib64/crt1.o /usr/lib/gcc/x86_64-redhat-linux/8/../../../../lib64/crti.o /usr/lib/gcc/x86_64-redhat-linux/8/crtbegin.o -L/lustre/home/br-gkim/intel/oneapi/compiler/2024.1/bin/compiler/../../lib -L/lustre/home/br-gkim/intel/oneapi/compiler/2024.1/bin/compiler/../../lib -L/lustre/home/br-gkim/intel/oneapi/compiler/2024.1/lib/clang/18/lib/x86_64-unknown-linux-gnu -L/lustre/home/br-gkim/intel/oneapi/compiler/2024.1/bin/compiler/../../lib -L/usr/lib/gcc/x86_64-redhat-linux/8 -L/usr/lib/gcc/x86_64-redhat-linux/8/../../../../lib64 -L/lib/../lib64 -L/usr/lib/../lib64 -L/usr/lib/gcc/x86_64-redhat-linux/8/../../.. -L/lustre/home/br-gkim/intel/oneapi/compiler/2024.1/bin/compiler/../../lib -L/lustre/home/br-gkim/intel/oneapi/compiler/2024.1/bin/compiler/../../opt/compiler/lib -L/lib -L/usr/lib -L/lustre/home/br-gkim/intel/oneapi/tbb/2021.12/env/../lib/intel64/gcc4.8 -L/lustre/home/br-gkim/intel/oneapi/mpi/2021.12/lib -L/lustre/home/br-gkim/intel/oneapi/mkl/2024.1/lib/ -L/lustre/home/br-gkim/intel/oneapi/ippcp/2021.11/lib/ -L/lustre/home/br-gkim/intel/oneapi/ipp/2021.11/lib -L/lustre/home/br-gkim/intel/oneapi/dpl/2022.5/lib -L/lustre/home/br-gkim/intel/oneapi/dnnl/2024.1/lib -L/lustre/home/br-gkim/intel/oneapi/dal/2024.2/lib -L/lustre/home/br-gkim/intel/oneapi/compiler/2024.1/lib -L/lustre/home/br-gkim/intel/oneapi/ccl/2021.12/lib/ CMakeFiles/cmTC_b0e0f.dir/CMakeCXXCompilerABI.cpp.o -Bstatic -lsvml -Bdynamic -Bstatic -lirng -Bdynamic -lstdc++ -Bstatic -limf -Bdynamic -lm -lgcc_s -lgcc -Bstatic -lirc -Bdynamic -ldl -lgcc_s -lgcc -lc -lgcc_s -lgcc -Bstatic -lirc_s -Bdynamic /usr/lib/gcc/x86_64-redhat-linux/8/crtend.o /usr/lib/gcc/x86_64-redhat-linux/8/../../../../lib64/crtn.o]
    arg [/opt/cray/pe/cce/11.0.4/binutils/x86_64/x86_64-pc-linux-gnu/bin/ld] ==> ignore
    arg [--hash-style=gnu] ==> ignore
    arg [--eh-frame-hdr] ==> ignore
    arg [-m] ==> ignore
    arg [elf_x86_64] ==> ignore
    arg [-dynamic-linker] ==> ignore
    arg [/lib64/ld-linux-x86-64.so.2] ==> ignore
    arg [-o] ==> ignore
    arg [cmTC_b0e0f] ==> ignore
    arg [/usr/lib/gcc/x86_64-redhat-linux/8/../../../../lib64/crt1.o] ==> ignore
    arg [/usr/lib/gcc/x86_64-redhat-linux/8/../../../../lib64/crti.o] ==> ignore
    arg [/usr/lib/gcc/x86_64-redhat-linux/8/crtbegin.o] ==> ignore
    arg [-L/lustre/home/br-gkim/intel/oneapi/compiler/2024.1/bin/compiler/../../lib] ==> dir [/lustre/home/br-gkim/intel/oneapi/compiler/2024.1/bin/compiler/../../lib]
    arg [-L/lustre/home/br-gkim/intel/oneapi/compiler/2024.1/bin/compiler/../../lib] ==> dir [/lustre/home/br-gkim/intel/oneapi/compiler/2024.1/bin/compiler/../../lib]
    arg [-L/lustre/home/br-gkim/intel/oneapi/compiler/2024.1/lib/clang/18/lib/x86_64-unknown-linux-gnu] ==> dir [/lustre/home/br-gkim/intel/oneapi/compiler/2024.1/lib/clang/18/lib/x86_64-unknown-linux-gnu]
    arg [-L/lustre/home/br-gkim/intel/oneapi/compiler/2024.1/bin/compiler/../../lib] ==> dir [/lustre/home/br-gkim/intel/oneapi/compiler/2024.1/bin/compiler/../../lib]
    arg [-L/usr/lib/gcc/x86_64-redhat-linux/8] ==> dir [/usr/lib/gcc/x86_64-redhat-linux/8]
    arg [-L/usr/lib/gcc/x86_64-redhat-linux/8/../../../../lib64] ==> dir [/usr/lib/gcc/x86_64-redhat-linux/8/../../../../lib64]
    arg [-L/lib/../lib64] ==> dir [/lib/../lib64]
    arg [-L/usr/lib/../lib64] ==> dir [/usr/lib/../lib64]
    arg [-L/usr/lib/gcc/x86_64-redhat-linux/8/../../..] ==> dir [/usr/lib/gcc/x86_64-redhat-linux/8/../../..]
    arg [-L/lustre/home/br-gkim/intel/oneapi/compiler/2024.1/bin/compiler/../../lib] ==> dir [/lustre/home/br-gkim/intel/oneapi/compiler/2024.1/bin/compiler/../../lib]
    arg [-L/lustre/home/br-gkim/intel/oneapi/compiler/2024.1/bin/compiler/../../opt/compiler/lib] ==> dir [/lustre/home/br-gkim/intel/oneapi/compiler/2024.1/bin/compiler/../../opt/compiler/lib]
    arg [-L/lib] ==> dir [/lib]
    arg [-L/usr/lib] ==> dir [/usr/lib]
    arg [-L/lustre/home/br-gkim/intel/oneapi/tbb/2021.12/env/../lib/intel64/gcc4.8] ==> dir [/lustre/home/br-gkim/intel/oneapi/tbb/2021.12/env/../lib/intel64/gcc4.8]
    arg [-L/lustre/home/br-gkim/intel/oneapi/mpi/2021.12/lib] ==> dir [/lustre/home/br-gkim/intel/oneapi/mpi/2021.12/lib]
    arg [-L/lustre/home/br-gkim/intel/oneapi/mkl/2024.1/lib/] ==> dir [/lustre/home/br-gkim/intel/oneapi/mkl/2024.1/lib/]
    arg [-L/lustre/home/br-gkim/intel/oneapi/ippcp/2021.11/lib/] ==> dir [/lustre/home/br-gkim/intel/oneapi/ippcp/2021.11/lib/]
    arg [-L/lustre/home/br-gkim/intel/oneapi/ipp/2021.11/lib] ==> dir [/lustre/home/br-gkim/intel/oneapi/ipp/2021.11/lib]
    arg [-L/lustre/home/br-gkim/intel/oneapi/dpl/2022.5/lib] ==> dir [/lustre/home/br-gkim/intel/oneapi/dpl/2022.5/lib]
    arg [-L/lustre/home/br-gkim/intel/oneapi/dnnl/2024.1/lib] ==> dir [/lustre/home/br-gkim/intel/oneapi/dnnl/2024.1/lib]
    arg [-L/lustre/home/br-gkim/intel/oneapi/dal/2024.2/lib] ==> dir [/lustre/home/br-gkim/intel/oneapi/dal/2024.2/lib]
    arg [-L/lustre/home/br-gkim/intel/oneapi/compiler/2024.1/lib] ==> dir [/lustre/home/br-gkim/intel/oneapi/compiler/2024.1/lib]
    arg [-L/lustre/home/br-gkim/intel/oneapi/ccl/2021.12/lib/] ==> dir [/lustre/home/br-gkim/intel/oneapi/ccl/2021.12/lib/]
    arg [CMakeFiles/cmTC_b0e0f.dir/CMakeCXXCompilerABI.cpp.o] ==> ignore
    arg [-Bstatic] ==> ignore
    arg [-lsvml] ==> lib [svml]
    arg [-Bdynamic] ==> ignore
    arg [-Bstatic] ==> ignore
    arg [-lirng] ==> lib [irng]
    arg [-Bdynamic] ==> ignore
    arg [-lstdc++] ==> lib [stdc++]
    arg [-Bstatic] ==> ignore
    arg [-limf] ==> lib [imf]
    arg [-Bdynamic] ==> ignore
    arg [-lm] ==> lib [m]
    arg [-lgcc_s] ==> lib [gcc_s]
    arg [-lgcc] ==> lib [gcc]
    arg [-Bstatic] ==> ignore
    arg [-lirc] ==> lib [irc]
    arg [-Bdynamic] ==> ignore
    arg [-ldl] ==> lib [dl]
    arg [-lgcc_s] ==> lib [gcc_s]
    arg [-lgcc] ==> lib [gcc]
    arg [-lc] ==> lib [c]
    arg [-lgcc_s] ==> lib [gcc_s]
    arg [-lgcc] ==> lib [gcc]
    arg [-Bstatic] ==> ignore
    arg [-lirc_s] ==> lib [irc_s]
    arg [-Bdynamic] ==> ignore
    arg [/usr/lib/gcc/x86_64-redhat-linux/8/crtend.o] ==> ignore
    arg [/usr/lib/gcc/x86_64-redhat-linux/8/../../../../lib64/crtn.o] ==> ignore
  collapse library dir [/lustre/home/br-gkim/intel/oneapi/compiler/2024.1/bin/compiler/../../lib] ==> [/lustre/home/br-gkim/intel/oneapi/compiler/2024.1/lib]
  collapse library dir [/lustre/home/br-gkim/intel/oneapi/compiler/2024.1/bin/compiler/../../lib] ==> [/lustre/home/br-gkim/intel/oneapi/compiler/2024.1/lib]
  collapse library dir [/lustre/home/br-gkim/intel/oneapi/compiler/2024.1/lib/clang/18/lib/x86_64-unknown-linux-gnu] ==> [/lustre/home/br-gkim/intel/oneapi/compiler/2024.1/lib/clang/18/lib/x86_64-unknown-linux-gnu]
  collapse library dir [/lustre/home/br-gkim/intel/oneapi/compiler/2024.1/bin/compiler/../../lib] ==> [/lustre/home/br-gkim/intel/oneapi/compiler/2024.1/lib]
  collapse library dir [/usr/lib/gcc/x86_64-redhat-linux/8] ==> [/usr/lib/gcc/x86_64-redhat-linux/8]
  collapse library dir [/usr/lib/gcc/x86_64-redhat-linux/8/../../../../lib64] ==> [/usr/lib64]
  collapse library dir [/lib/../lib64] ==> [/lib64]
  collapse library dir [/usr/lib/../lib64] ==> [/usr/lib64]
  collapse library dir [/usr/lib/gcc/x86_64-redhat-linux/8/../../..] ==> [/usr/lib]
  collapse library dir [/lustre/home/br-gkim/intel/oneapi/compiler/2024.1/bin/compiler/../../lib] ==> [/lustre/home/br-gkim/intel/oneapi/compiler/2024.1/lib]
  collapse library dir [/lustre/home/br-gkim/intel/oneapi/compiler/2024.1/bin/compiler/../../opt/compiler/lib] ==> [/lustre/home/br-gkim/intel/oneapi/compiler/2024.1/opt/compiler/lib]
  collapse library dir [/lib] ==> [/lib]
  collapse library dir [/usr/lib] ==> [/usr/lib]
  collapse library dir [/lustre/home/br-gkim/intel/oneapi/tbb/2021.12/env/../lib/intel64/gcc4.8] ==> [/lustre/home/br-gkim/intel/oneapi/tbb/2021.12/lib/intel64/gcc4.8]
  collapse library dir [/lustre/home/br-gkim/intel/oneapi/mpi/2021.12/lib] ==> [/lustre/home/br-gkim/intel/oneapi/mpi/2021.12/lib]
  collapse library dir [/lustre/home/br-gkim/intel/oneapi/mkl/2024.1/lib/] ==> [/lustre/home/br-gkim/intel/oneapi/mkl/2024.1/lib]
  collapse library dir [/lustre/home/br-gkim/intel/oneapi/ippcp/2021.11/lib/] ==> [/lustre/home/br-gkim/intel/oneapi/ippcp/2021.11/lib]
  collapse library dir [/lustre/home/br-gkim/intel/oneapi/ipp/2021.11/lib] ==> [/lustre/home/br-gkim/intel/oneapi/ipp/2021.11/lib]
  collapse library dir [/lustre/home/br-gkim/intel/oneapi/dpl/2022.5/lib] ==> [/lustre/home/br-gkim/intel/oneapi/dpl/2022.5/lib]
  collapse library dir [/lustre/home/br-gkim/intel/oneapi/dnnl/2024.1/lib] ==> [/lustre/home/br-gkim/intel/oneapi/dnnl/2024.1/lib]
  collapse library dir [/lustre/home/br-gkim/intel/oneapi/dal/2024.2/lib] ==> [/lustre/home/br-gkim/intel/oneapi/dal/2024.2/lib]
  collapse library dir [/lustre/home/br-gkim/intel/oneapi/compiler/2024.1/lib] ==> [/lustre/home/br-gkim/intel/oneapi/compiler/2024.1/lib]
  collapse library dir [/lustre/home/br-gkim/intel/oneapi/ccl/2021.12/lib/] ==> [/lustre/home/br-gkim/intel/oneapi/ccl/2021.12/lib]
  implicit libs: [svml;irng;stdc++;imf;m;gcc_s;gcc;irc;dl;gcc_s;gcc;c;gcc_s;gcc;irc_s]
  implicit dirs: [/lustre/home/br-gkim/intel/oneapi/compiler/2024.1/lib;/lustre/home/br-gkim/intel/oneapi/compiler/2024.1/lib/clang/18/lib/x86_64-unknown-linux-gnu;/usr/lib/gcc/x86_64-redhat-linux/8;/usr/lib64;/lib64;/usr/lib;/lustre/home/br-gkim/intel/oneapi/compiler/2024.1/opt/compiler/lib;/lib;/lustre/home/br-gkim/intel/oneapi/tbb/2021.12/lib/intel64/gcc4.8;/lustre/home/br-gkim/intel/oneapi/mpi/2021.12/lib;/lustre/home/br-gkim/intel/oneapi/mkl/2024.1/lib;/lustre/home/br-gkim/intel/oneapi/ippcp/2021.11/lib;/lustre/home/br-gkim/intel/oneapi/ipp/2021.11/lib;/lustre/home/br-gkim/intel/oneapi/dpl/2022.5/lib;/lustre/home/br-gkim/intel/oneapi/dnnl/2024.1/lib;/lustre/home/br-gkim/intel/oneapi/dal/2024.2/lib;/lustre/home/br-gkim/intel/oneapi/ccl/2021.12/lib]
  implicit fwks: []




Detecting CXX [-std=c++1z] compiler features compiled with the following output:
Change Dir: /home/br-gkim/project/Individual-Project/optimised/build/CMakeFiles/CMakeTmp

Run Build Command:"/usr/bin/gmake" "cmTC_2f135/fast"
/usr/bin/gmake -f CMakeFiles/cmTC_2f135.dir/build.make CMakeFiles/cmTC_2f135.dir/build
gmake[1]: Entering directory '/lustre/home/br-gkim/project/Individual-Project/optimised/build/CMakeFiles/CMakeTmp'
Building CXX object CMakeFiles/cmTC_2f135.dir/feature_tests.cxx.o
/lustre/home/br-gkim/intel/oneapi/compiler/2024.1/bin/icpx    -std=c++1z -o CMakeFiles/cmTC_2f135.dir/feature_tests.cxx.o -c /home/br-gkim/project/Individual-Project/optimised/build/CMakeFiles/feature_tests.cxx
Linking CXX executable cmTC_2f135
/usr/bin/cmake -E cmake_link_script CMakeFiles/cmTC_2f135.dir/link.txt --verbose=1
/lustre/home/br-gkim/intel/oneapi/compiler/2024.1/bin/icpx       CMakeFiles/cmTC_2f135.dir/feature_tests.cxx.o  -o cmTC_2f135 
gmake[1]: Leaving directory '/lustre/home/br-gkim/project/Individual-Project/optimised/build/CMakeFiles/CMakeTmp'


    Feature record: CXX_FEATURE:1cxx_aggregate_default_initializers
    Feature record: CXX_FEATURE:1cxx_alias_templates
    Feature record: CXX_FEATURE:1cxx_alignas
    Feature record: CXX_FEATURE:1cxx_alignof
    Feature record: CXX_FEATURE:1cxx_attributes
    Feature record: CXX_FEATURE:1cxx_attribute_deprecated
    Feature record: CXX_FEATURE:1cxx_auto_type
    Feature record: CXX_FEATURE:1cxx_binary_literals
    Feature record: CXX_FEATURE:1cxx_constexpr
    Feature record: CXX_FEATURE:1cxx_contextual_conversions
    Feature record: CXX_FEATURE:1cxx_decltype
    Feature record: CXX_FEATURE:1cxx_decltype_auto
    Feature record: CXX_FEATURE:1cxx_decltype_incomplete_return_types
    Feature record: CXX_FEATURE:1cxx_default_function_template_args
    Feature record: CXX_FEATURE:1cxx_defaulted_functions
    Feature record: CXX_FEATURE:1cxx_defaulted_move_initializers
    Feature record: CXX_FEATURE:1cxx_delegating_constructors
    Feature record: CXX_FEATURE:1cxx_deleted_functions
    Feature record: CXX_FEATURE:1cxx_digit_separators
    Feature record: CXX_FEATURE:1cxx_enum_forward_declarations
    Feature record: CXX_FEATURE:1cxx_explicit_conversions
    Feature record: CXX_FEATURE:1cxx_extended_friend_declarations
    Feature record: CXX_FEATURE:1cxx_extern_templates
    Feature record: CXX_FEATURE:1cxx_final
    Feature record: CXX_FEATURE:1cxx_func_identifier
    Feature record: CXX_FEATURE:1cxx_generalized_initializers
    Feature record: CXX_FEATURE:1cxx_generic_lambdas
    Feature record: CXX_FEATURE:1cxx_inheriting_constructors
    Feature record: CXX_FEATURE:1cxx_inline_namespaces
    Feature record: CXX_FEATURE:1cxx_lambdas
    Feature record: CXX_FEATURE:1cxx_lambda_init_captures
    Feature record: CXX_FEATURE:1cxx_local_type_template_args
    Feature record: CXX_FEATURE:1cxx_long_long_type
    Feature record: CXX_FEATURE:1cxx_noexcept
    Feature record: CXX_FEATURE:1cxx_nonstatic_member_init
    Feature record: CXX_FEATURE:1cxx_nullptr
    Feature record: CXX_FEATURE:1cxx_override
    Feature record: CXX_FEATURE:1cxx_range_for
    Feature record: CXX_FEATURE:1cxx_raw_string_literals
    Feature record: CXX_FEATURE:1cxx_reference_qualified_functions
    Feature record: CXX_FEATURE:1cxx_relaxed_constexpr
    Feature record: CXX_FEATURE:1cxx_return_type_deduction
    Feature record: CXX_FEATURE:1cxx_right_angle_brackets
    Feature record: CXX_FEATURE:1cxx_rvalue_references
    Feature record: CXX_FEATURE:1cxx_sizeof_member
    Feature record: CXX_FEATURE:1cxx_static_assert
    Feature record: CXX_FEATURE:1cxx_strong_enums
    Feature record: CXX_FEATURE:1cxx_template_template_parameters
    Feature record: CXX_FEATURE:1cxx_thread_local
    Feature record: CXX_FEATURE:1cxx_trailing_return_types
    Feature record: CXX_FEATURE:1cxx_unicode_literals
    Feature record: CXX_FEATURE:1cxx_uniform_initialization
    Feature record: CXX_FEATURE:1cxx_unrestricted_unions
    Feature record: CXX_FEATURE:1cxx_user_literals
    Feature record: CXX_FEATURE:1cxx_variable_templates
    Feature record: CXX_FEATURE:1cxx_variadic_macros
    Feature record: CXX_FEATURE:1cxx_variadic_templates


Detecting CXX [-std=c++14] compiler features compiled with the following output:
Change Dir: /home/br-gkim/project/Individual-Project/optimised/build/CMakeFiles/CMakeTmp

Run Build Command:"/usr/bin/gmake" "cmTC_ac399/fast"
/usr/bin/gmake -f CMakeFiles/cmTC_ac399.dir/build.make CMakeFiles/cmTC_ac399.dir/build
gmake[1]: Entering directory '/lustre/home/br-gkim/project/Individual-Project/optimised/build/CMakeFiles/CMakeTmp'
Building CXX object CMakeFiles/cmTC_ac399.dir/feature_tests.cxx.o
/lustre/home/br-gkim/intel/oneapi/compiler/2024.1/bin/icpx    -std=c++14 -o CMakeFiles/cmTC_ac399.dir/feature_tests.cxx.o -c /home/br-gkim/project/Individual-Project/optimised/build/CMakeFiles/feature_tests.cxx
Linking CXX executable cmTC_ac399
/usr/bin/cmake -E cmake_link_script CMakeFiles/cmTC_ac399.dir/link.txt --verbose=1
/lustre/home/br-gkim/intel/oneapi/compiler/2024.1/bin/icpx       CMakeFiles/cmTC_ac399.dir/feature_tests.cxx.o  -o cmTC_ac399 
gmake[1]: Leaving directory '/lustre/home/br-gkim/project/Individual-Project/optimised/build/CMakeFiles/CMakeTmp'


    Feature record: CXX_FEATURE:1cxx_aggregate_default_initializers
    Feature record: CXX_FEATURE:1cxx_alias_templates
    Feature record: CXX_FEATURE:1cxx_alignas
    Feature record: CXX_FEATURE:1cxx_alignof
    Feature record: CXX_FEATURE:1cxx_attributes
    Feature record: CXX_FEATURE:1cxx_attribute_deprecated
    Feature record: CXX_FEATURE:1cxx_auto_type
    Feature record: CXX_FEATURE:1cxx_binary_literals
    Feature record: CXX_FEATURE:1cxx_constexpr
    Feature record: CXX_FEATURE:1cxx_contextual_conversions
    Feature record: CXX_FEATURE:1cxx_decltype
    Feature record: CXX_FEATURE:1cxx_decltype_auto
    Feature record: CXX_FEATURE:1cxx_decltype_incomplete_return_types
    Feature record: CXX_FEATURE:1cxx_default_function_template_args
    Feature record: CXX_FEATURE:1cxx_defaulted_functions
    Feature record: CXX_FEATURE:1cxx_defaulted_move_initializers
    Feature record: CXX_FEATURE:1cxx_delegating_constructors
    Feature record: CXX_FEATURE:1cxx_deleted_functions
    Feature record: CXX_FEATURE:1cxx_digit_separators
    Feature record: CXX_FEATURE:1cxx_enum_forward_declarations
    Feature record: CXX_FEATURE:1cxx_explicit_conversions
    Feature record: CXX_FEATURE:1cxx_extended_friend_declarations
    Feature record: CXX_FEATURE:1cxx_extern_templates
    Feature record: CXX_FEATURE:1cxx_final
    Feature record: CXX_FEATURE:1cxx_func_identifier
    Feature record: CXX_FEATURE:1cxx_generalized_initializers
    Feature record: CXX_FEATURE:1cxx_generic_lambdas
    Feature record: CXX_FEATURE:1cxx_inheriting_constructors
    Feature record: CXX_FEATURE:1cxx_inline_namespaces
    Feature record: CXX_FEATURE:1cxx_lambdas
    Feature record: CXX_FEATURE:1cxx_lambda_init_captures
    Feature record: CXX_FEATURE:1cxx_local_type_template_args
    Feature record: CXX_FEATURE:1cxx_long_long_type
    Feature record: CXX_FEATURE:1cxx_noexcept
    Feature record: CXX_FEATURE:1cxx_nonstatic_member_init
    Feature record: CXX_FEATURE:1cxx_nullptr
    Feature record: CXX_FEATURE:1cxx_override
    Feature record: CXX_FEATURE:1cxx_range_for
    Feature record: CXX_FEATURE:1cxx_raw_string_literals
    Feature record: CXX_FEATURE:1cxx_reference_qualified_functions
    Feature record: CXX_FEATURE:1cxx_relaxed_constexpr
    Feature record: CXX_FEATURE:1cxx_return_type_deduction
    Feature record: CXX_FEATURE:1cxx_right_angle_brackets
    Feature record: CXX_FEATURE:1cxx_rvalue_references
    Feature record: CXX_FEATURE:1cxx_sizeof_member
    Feature record: CXX_FEATURE:1cxx_static_assert
    Feature record: CXX_FEATURE:1cxx_strong_enums
    Feature record: CXX_FEATURE:1cxx_template_template_parameters
    Feature record: CXX_FEATURE:1cxx_thread_local
    Feature record: CXX_FEATURE:1cxx_trailing_return_types
    Feature record: CXX_FEATURE:1cxx_unicode_literals
    Feature record: CXX_FEATURE:1cxx_uniform_initialization
    Feature record: CXX_FEATURE:1cxx_unrestricted_unions
    Feature record: CXX_FEATURE:1cxx_user_literals
    Feature record: CXX_FEATURE:1cxx_variable_templates
    Feature record: CXX_FEATURE:1cxx_variadic_macros
    Feature record: CXX_FEATURE:1cxx_variadic_templates


Detecting CXX [-std=c++11] compiler features compiled with the following output:
Change Dir: /home/br-gkim/project/Individual-Project/optimised/build/CMakeFiles/CMakeTmp

Run Build Command:"/usr/bin/gmake" "cmTC_d055b/fast"
/usr/bin/gmake -f CMakeFiles/cmTC_d055b.dir/build.make CMakeFiles/cmTC_d055b.dir/build
gmake[1]: Entering directory '/lustre/home/br-gkim/project/Individual-Project/optimised/build/CMakeFiles/CMakeTmp'
Building CXX object CMakeFiles/cmTC_d055b.dir/feature_tests.cxx.o
/lustre/home/br-gkim/intel/oneapi/compiler/2024.1/bin/icpx    -std=c++11 -o CMakeFiles/cmTC_d055b.dir/feature_tests.cxx.o -c /home/br-gkim/project/Individual-Project/optimised/build/CMakeFiles/feature_tests.cxx
Linking CXX executable cmTC_d055b
/usr/bin/cmake -E cmake_link_script CMakeFiles/cmTC_d055b.dir/link.txt --verbose=1
/lustre/home/br-gkim/intel/oneapi/compiler/2024.1/bin/icpx       CMakeFiles/cmTC_d055b.dir/feature_tests.cxx.o  -o cmTC_d055b 
gmake[1]: Leaving directory '/lustre/home/br-gkim/project/Individual-Project/optimised/build/CMakeFiles/CMakeTmp'


    Feature record: CXX_FEATURE:0cxx_aggregate_default_initializers
    Feature record: CXX_FEATURE:1cxx_alias_templates
    Feature record: CXX_FEATURE:1cxx_alignas
    Feature record: CXX_FEATURE:1cxx_alignof
    Feature record: CXX_FEATURE:1cxx_attributes
    Feature record: CXX_FEATURE:0cxx_attribute_deprecated
    Feature record: CXX_FEATURE:1cxx_auto_type
    Feature record: CXX_FEATURE:0cxx_binary_literals
    Feature record: CXX_FEATURE:1cxx_constexpr
    Feature record: CXX_FEATURE:0cxx_contextual_conversions
    Feature record: CXX_FEATURE:1cxx_decltype
    Feature record: CXX_FEATURE:0cxx_decltype_auto
    Feature record: CXX_FEATURE:1cxx_decltype_incomplete_return_types
    Feature record: CXX_FEATURE:1cxx_default_function_template_args
    Feature record: CXX_FEATURE:1cxx_defaulted_functions
    Feature record: CXX_FEATURE:1cxx_defaulted_move_initializers
    Feature record: CXX_FEATURE:1cxx_delegating_constructors
    Feature record: CXX_FEATURE:1cxx_deleted_functions
    Feature record: CXX_FEATURE:0cxx_digit_separators
    Feature record: CXX_FEATURE:1cxx_enum_forward_declarations
    Feature record: CXX_FEATURE:1cxx_explicit_conversions
    Feature record: CXX_FEATURE:1cxx_extended_friend_declarations
    Feature record: CXX_FEATURE:1cxx_extern_templates
    Feature record: CXX_FEATURE:1cxx_final
    Feature record: CXX_FEATURE:1cxx_func_identifier
    Feature record: CXX_FEATURE:1cxx_generalized_initializers
    Feature record: CXX_FEATURE:0cxx_generic_lambdas
    Feature record: CXX_FEATURE:1cxx_inheriting_constructors
    Feature record: CXX_FEATURE:1cxx_inline_namespaces
    Feature record: CXX_FEATURE:1cxx_lambdas
    Feature record: CXX_FEATURE:0cxx_lambda_init_captures
    Feature record: CXX_FEATURE:1cxx_local_type_template_args
    Feature record: CXX_FEATURE:1cxx_long_long_type
    Feature record: CXX_FEATURE:1cxx_noexcept
    Feature record: CXX_FEATURE:1cxx_nonstatic_member_init
    Feature record: CXX_FEATURE:1cxx_nullptr
    Feature record: CXX_FEATURE:1cxx_override
    Feature record: CXX_FEATURE:1cxx_range_for
    Feature record: CXX_FEATURE:1cxx_raw_string_literals
    Feature record: CXX_FEATURE:1cxx_reference_qualified_functions
    Feature record: CXX_FEATURE:0cxx_relaxed_constexpr
    Feature record: CXX_FEATURE:0cxx_return_type_deduction
    Feature record: CXX_FEATURE:1cxx_right_angle_brackets
    Feature record: CXX_FEATURE:1cxx_rvalue_references
    Feature record: CXX_FEATURE:1cxx_sizeof_member
    Feature record: CXX_FEATURE:1cxx_static_assert
    Feature record: CXX_FEATURE:1cxx_strong_enums
    Feature record: CXX_FEATURE:1cxx_template_template_parameters
    Feature record: CXX_FEATURE:1cxx_thread_local
    Feature record: CXX_FEATURE:1cxx_trailing_return_types
    Feature record: CXX_FEATURE:1cxx_unicode_literals
    Feature record: CXX_FEATURE:1cxx_uniform_initialization
    Feature record: CXX_FEATURE:1cxx_unrestricted_unions
    Feature record: CXX_FEATURE:1cxx_user_literals
    Feature record: CXX_FEATURE:0cxx_variable_templates
    Feature record: CXX_FEATURE:1cxx_variadic_macros
    Feature record: CXX_FEATURE:1cxx_variadic_templates


Detecting CXX [-std=c++98] compiler features compiled with the following output:
Change Dir: /home/br-gkim/project/Individual-Project/optimised/build/CMakeFiles/CMakeTmp

Run Build Command:"/usr/bin/gmake" "cmTC_06502/fast"
/usr/bin/gmake -f CMakeFiles/cmTC_06502.dir/build.make CMakeFiles/cmTC_06502.dir/build
gmake[1]: Entering directory '/lustre/home/br-gkim/project/Individual-Project/optimised/build/CMakeFiles/CMakeTmp'
Building CXX object CMakeFiles/cmTC_06502.dir/feature_tests.cxx.o
/lustre/home/br-gkim/intel/oneapi/compiler/2024.1/bin/icpx    -std=c++98 -o CMakeFiles/cmTC_06502.dir/feature_tests.cxx.o -c /home/br-gkim/project/Individual-Project/optimised/build/CMakeFiles/feature_tests.cxx
Linking CXX executable cmTC_06502
/usr/bin/cmake -E cmake_link_script CMakeFiles/cmTC_06502.dir/link.txt --verbose=1
/lustre/home/br-gkim/intel/oneapi/compiler/2024.1/bin/icpx       CMakeFiles/cmTC_06502.dir/feature_tests.cxx.o  -o cmTC_06502 
gmake[1]: Leaving directory '/lustre/home/br-gkim/project/Individual-Project/optimised/build/CMakeFiles/CMakeTmp'


    Feature record: CXX_FEATURE:0cxx_aggregate_default_initializers
    Feature record: CXX_FEATURE:0cxx_alias_templates
    Feature record: CXX_FEATURE:0cxx_alignas
    Feature record: CXX_FEATURE:0cxx_alignof
    Feature record: CXX_FEATURE:0cxx_attributes
    Feature record: CXX_FEATURE:0cxx_attribute_deprecated
    Feature record: CXX_FEATURE:0cxx_auto_type
    Feature record: CXX_FEATURE:0cxx_binary_literals
    Feature record: CXX_FEATURE:0cxx_constexpr
    Feature record: CXX_FEATURE:0cxx_contextual_conversions
    Feature record: CXX_FEATURE:0cxx_decltype
    Feature record: CXX_FEATURE:0cxx_decltype_auto
    Feature record: CXX_FEATURE:0cxx_decltype_incomplete_return_types
    Feature record: CXX_FEATURE:0cxx_default_function_template_args
    Feature record: CXX_FEATURE:0cxx_defaulted_functions
    Feature record: CXX_FEATURE:0cxx_defaulted_move_initializers
    Feature record: CXX_FEATURE:0cxx_delegating_constructors
    Feature record: CXX_FEATURE:0cxx_deleted_functions
    Feature record: CXX_FEATURE:0cxx_digit_separators
    Feature record: CXX_FEATURE:0cxx_enum_forward_declarations
    Feature record: CXX_FEATURE:0cxx_explicit_conversions
    Feature record: CXX_FEATURE:0cxx_extended_friend_declarations
    Feature record: CXX_FEATURE:0cxx_extern_templates
    Feature record: CXX_FEATURE:0cxx_final
    Feature record: CXX_FEATURE:0cxx_func_identifier
    Feature record: CXX_FEATURE:0cxx_generalized_initializers
    Feature record: CXX_FEATURE:0cxx_generic_lambdas
    Feature record: CXX_FEATURE:0cxx_inheriting_constructors
    Feature record: CXX_FEATURE:0cxx_inline_namespaces
    Feature record: CXX_FEATURE:0cxx_lambdas
    Feature record: CXX_FEATURE:0cxx_lambda_init_captures
    Feature record: CXX_FEATURE:0cxx_local_type_template_args
    Feature record: CXX_FEATURE:0cxx_long_long_type
    Feature record: CXX_FEATURE:0cxx_noexcept
    Feature record: CXX_FEATURE:0cxx_nonstatic_member_init
    Feature record: CXX_FEATURE:0cxx_nullptr
    Feature record: CXX_FEATURE:0cxx_override
    Feature record: CXX_FEATURE:0cxx_range_for
    Feature record: CXX_FEATURE:0cxx_raw_string_literals
    Feature record: CXX_FEATURE:0cxx_reference_qualified_functions
    Feature record: CXX_FEATURE:0cxx_relaxed_constexpr
    Feature record: CXX_FEATURE:0cxx_return_type_deduction
    Feature record: CXX_FEATURE:0cxx_right_angle_brackets
    Feature record: CXX_FEATURE:0cxx_rvalue_references
    Feature record: CXX_FEATURE:0cxx_sizeof_member
    Feature record: CXX_FEATURE:0cxx_static_assert
    Feature record: CXX_FEATURE:0cxx_strong_enums
    Feature record: CXX_FEATURE:1cxx_template_template_parameters
    Feature record: CXX_FEATURE:0cxx_thread_local
    Feature record: CXX_FEATURE:0cxx_trailing_return_types
    Feature record: CXX_FEATURE:0cxx_unicode_literals
    Feature record: CXX_FEATURE:0cxx_uniform_initialization
    Feature record: CXX_FEATURE:0cxx_unrestricted_unions
    Feature record: CXX_FEATURE:0cxx_user_literals
    Feature record: CXX_FEATURE:0cxx_variable_templates
    Feature record: CXX_FEATURE:0cxx_variadic_macros
    Feature record: CXX_FEATURE:0cxx_variadic_templates
