
1707776 : 0x26f5eef979aa36 : 1 : spill_jit_data :  Jit agent is not initialized
1707745 : 0x26f5eef979e298 : 2 : ittapi_config_mask_get :  --itt-config mask to be applied: 55
1707745 : 0x26f5eef97a0abf : 2 : ittapi_config_apply_per_lib :  ITTAPI function instrumented: __itt_domain_create
1707745 : 0x26f5eef97a156b : 2 : ittapi_config_apply_per_lib :  ITTAPI function instrumented: __itt_module_load_with_sections
1707745 : 0x26f5eef97a2253 : 2 : ittapi_config_apply_per_lib :  ITTAPI function not implemented: __itt_module_unload_with_sections
1707745 : 0x26f5eef97a2c99 : 2 : ittapi_config_apply_per_lib :  ITTAPI function instrumented: __itt_string_handle_create
1707745 : 0x26f5eef97a34a2 : 2 : ittapi_config_apply_per_lib :  ITTAPI function instrumented: __itt_counter_create
1707745 : 0x26f5eef97a3c52 : 2 : ittapi_config_apply_per_lib :  ITTAPI function instrumented: __itt_counter_create_typed
1707745 : 0x26f5eef97a444a : 2 : ittapi_config_apply_per_lib :  ITTAPI function instrumented: __itt_pause
1707745 : 0x26f5eef97a4bd4 : 2 : ittapi_config_apply_per_lib :  ITTAPI function instrumented: __itt_resume
1707745 : 0x26f5eef97ac0ad : 2 : ittapi_config_apply_per_lib :  ITTAPI function not implemented: __itt_pause_scoped
1707745 : 0x26f5eef97ac9fd : 2 : ittapi_config_apply_per_lib :  ITTAPI function not implemented: __itt_resume_scoped
1707745 : 0x26f5eef97ad1e6 : 2 : ittapi_config_apply_per_lib :  ITTAPI function instrumented: __itt_thread_set_name
1707745 : 0x26f5eef97ad97b : 2 : ittapi_config_apply_per_lib :  ITTAPI function instrumented: __itt_thread_ignore
1707745 : 0x26f5eef97ae155 : 2 : ittapi_config_apply_per_lib :  ITTAPI function instrumented: __itt_thr_name_set
1707745 : 0x26f5eef97b0d79 : 2 : ittapi_config_apply_per_lib :  ITTAPI function instrumented: __itt_thr_ignore
1707745 : 0x26f5eef97b155b : 2 : ittapi_config_apply_per_lib :  ITTAPI function instrumented: __itt_histogram_create
1707745 : 0x26f5eef97b1d0e : 2 : ittapi_config_apply_per_lib :  ITTAPI function instrumented: __itt_counter_create_v3
1707745 : 0x26f5eef97b24f5 : 2 : ittapi_config_apply_per_lib :  ITTAPI function instrumented: __itt_bind_context_metadata_to_counter
1707745 : 0x26f5eef97b2cee : 2 : ittapi_config_apply_per_lib :  ITTAPI function not implemented: __itt_enable_attach
1707745 : 0x26f5eef97b4685 : 2 : ittapi_config_apply_per_lib :  ITTAPI function instrumented: __itt_detach
1707745 : 0x26f5eef97b4ac9 : 2 : ittapi_config_apply_per_lib :  ITTAPI function NOT instrumented (not matched by --itt-config option): __itt_sync_create

1707745 : 0x26f5eef97b4f1c : 2 : ittapi_config_apply_per_lib :  ITTAPI function NOT instrumented (not matched by --itt-config option): __itt_sync_rename

1707745 : 0x26f5eef97b529e : 2 : ittapi_config_apply_per_lib :  ITTAPI function NOT instrumented (not matched by --itt-config option): __itt_sync_destroy

1707745 : 0x26f5eef97b564f : 2 : ittapi_config_apply_per_lib :  ITTAPI function NOT instrumented (not matched by --itt-config option): __itt_sync_prepare

1707745 : 0x26f5eef97b59dc : 2 : ittapi_config_apply_per_lib :  ITTAPI function NOT instrumented (not matched by --itt-config option): __itt_sync_cancel

1707745 : 0x26f5eef97b5dab : 2 : ittapi_config_apply_per_lib :  ITTAPI function NOT instrumented (not matched by --itt-config option): __itt_sync_acquired

1707745 : 0x26f5eef97b614f : 2 : ittapi_config_apply_per_lib :  ITTAPI function NOT instrumented (not matched by --itt-config option): __itt_sync_releasing

1707745 : 0x26f5eef97b6931 : 2 : ittapi_config_apply_per_lib :  ITTAPI function not implemented: __itt_suppress_push
1707745 : 0x26f5eef97b725d : 2 : ittapi_config_apply_per_lib :  ITTAPI function not implemented: __itt_suppress_pop
1707745 : 0x26f5eef97b8832 : 2 : ittapi_config_apply_per_lib :  ITTAPI function not implemented: __itt_suppress_mark_range
1707745 : 0x26f5eef97b9191 : 2 : ittapi_config_apply_per_lib :  ITTAPI function not implemented: __itt_suppress_clear_range
1707745 : 0x26f5eef97b957b : 2 : ittapi_config_apply_per_lib :  ITTAPI function NOT instrumented (not matched by --itt-config option): __itt_sync_prepare

1707745 : 0x26f5eef97b9942 : 2 : ittapi_config_apply_per_lib :  ITTAPI function NOT instrumented (not matched by --itt-config option): __itt_sync_cancel

1707745 : 0x26f5eef97b9cd4 : 2 : ittapi_config_apply_per_lib :  ITTAPI function NOT instrumented (not matched by --itt-config option): __itt_sync_acquired

1707745 : 0x26f5eef97ba05a : 2 : ittapi_config_apply_per_lib :  ITTAPI function NOT instrumented (not matched by --itt-config option): __itt_sync_releasing

1707745 : 0x26f5eef97ba469 : 2 : ittapi_config_apply_per_lib :  ITTAPI function NOT instrumented (not matched by --itt-config option): __itt_model_site_begin

1707745 : 0x26f5eef97ba839 : 2 : ittapi_config_apply_per_lib :  ITTAPI function NOT instrumented (not matched by --itt-config option): __itt_model_site_end

1707745 : 0x26f5eef97babe5 : 2 : ittapi_config_apply_per_lib :  ITTAPI function NOT instrumented (not matched by --itt-config option): __itt_model_task_begin

1707745 : 0x26f5eef97bbafb : 2 : ittapi_config_apply_per_lib :  ITTAPI function NOT instrumented (not matched by --itt-config option): __itt_model_task_end

1707745 : 0x26f5eef97bda60 : 2 : ittapi_config_apply_per_lib :  ITTAPI function NOT instrumented (not matched by --itt-config option): __itt_model_lock_acquire

1707745 : 0x26f5eef97bde70 : 2 : ittapi_config_apply_per_lib :  ITTAPI function NOT instrumented (not matched by --itt-config option): __itt_model_lock_release

1707745 : 0x26f5eef97be24d : 2 : ittapi_config_apply_per_lib :  ITTAPI function NOT instrumented (not matched by --itt-config option): __itt_model_record_allocation

1707745 : 0x26f5eef97be69c : 2 : ittapi_config_apply_per_lib :  ITTAPI function NOT instrumented (not matched by --itt-config option): __itt_model_record_deallocation

1707745 : 0x26f5eef97bea8f : 2 : ittapi_config_apply_per_lib :  ITTAPI function NOT instrumented (not matched by --itt-config option): __itt_model_induction_uses

1707745 : 0x26f5eef97bee50 : 2 : ittapi_config_apply_per_lib :  ITTAPI function NOT instrumented (not matched by --itt-config option): __itt_model_reduction_uses

1707745 : 0x26f5eef97bf269 : 2 : ittapi_config_apply_per_lib :  ITTAPI function NOT instrumented (not matched by --itt-config option): __itt_model_observe_uses

1707745 : 0x26f5eef97bf639 : 2 : ittapi_config_apply_per_lib :  ITTAPI function NOT instrumented (not matched by --itt-config option): __itt_model_clear_uses

1707745 : 0x26f5eef97bfa2a : 2 : ittapi_config_apply_per_lib :  ITTAPI function NOT instrumented (not matched by --itt-config option): __itt_model_site_beginA

1707745 : 0x26f5eef97bfdf8 : 2 : ittapi_config_apply_per_lib :  ITTAPI function NOT instrumented (not matched by --itt-config option): __itt_model_site_beginAL

1707745 : 0x26f5eef97c0e69 : 2 : ittapi_config_apply_per_lib :  ITTAPI function NOT instrumented (not matched by --itt-config option): __itt_model_task_beginA

1707745 : 0x26f5eef97c129b : 2 : ittapi_config_apply_per_lib :  ITTAPI function NOT instrumented (not matched by --itt-config option): __itt_model_task_beginAL

1707745 : 0x26f5eef97c16ba : 2 : ittapi_config_apply_per_lib :  ITTAPI function NOT instrumented (not matched by --itt-config option): __itt_model_iteration_taskA

1707745 : 0x26f5eef97c1a4c : 2 : ittapi_config_apply_per_lib :  ITTAPI function NOT instrumented (not matched by --itt-config option): __itt_model_iteration_taskAL

1707745 : 0x26f5eef97c1de3 : 2 : ittapi_config_apply_per_lib :  ITTAPI function NOT instrumented (not matched by --itt-config option): __itt_model_site_end_2

1707745 : 0x26f5eef97c219a : 2 : ittapi_config_apply_per_lib :  ITTAPI function NOT instrumented (not matched by --itt-config option): __itt_model_task_end_2

1707745 : 0x26f5eef97c258c : 2 : ittapi_config_apply_per_lib :  ITTAPI function NOT instrumented (not matched by --itt-config option): __itt_model_lock_acquire_2

1707745 : 0x26f5eef97c294e : 2 : ittapi_config_apply_per_lib :  ITTAPI function NOT instrumented (not matched by --itt-config option): __itt_model_lock_release_2

1707745 : 0x26f5eef97c2cf9 : 2 : ittapi_config_apply_per_lib :  ITTAPI function NOT instrumented (not matched by --itt-config option): __itt_model_aggregate_task

1707745 : 0x26f5eef97c30c6 : 2 : ittapi_config_apply_per_lib :  ITTAPI function NOT instrumented (not matched by --itt-config option): __itt_model_disable_push

1707745 : 0x26f5eef97c93f4 : 2 : ittapi_config_apply_per_lib :  ITTAPI function NOT instrumented (not matched by --itt-config option): __itt_model_disable_pop

1707745 : 0x26f5eef97ca1e6 : 2 : ittapi_config_apply_per_lib :  ITTAPI function instrumented: __itt_heap_function_create
1707745 : 0x26f5eef97cadf1 : 2 : ittapi_config_apply_per_lib :  ITTAPI function instrumented: __itt_heap_allocate_begin
1707745 : 0x26f5eef97cb9ba : 2 : ittapi_config_apply_per_lib :  ITTAPI function instrumented: __itt_heap_allocate_end
1707745 : 0x26f5eef97cc562 : 2 : ittapi_config_apply_per_lib :  ITTAPI function instrumented: __itt_heap_free_begin
1707745 : 0x26f5eef97cd0d8 : 2 : ittapi_config_apply_per_lib :  ITTAPI function instrumented: __itt_heap_free_end
1707745 : 0x26f5eef97cdc2d : 2 : ittapi_config_apply_per_lib :  ITTAPI function instrumented: __itt_heap_reallocate_begin
1707745 : 0x26f5eef97ce7b2 : 2 : ittapi_config_apply_per_lib :  ITTAPI function instrumented: __itt_heap_reallocate_end
1707745 : 0x26f5eef97cf47c : 2 : ittapi_config_apply_per_lib :  ITTAPI function not implemented: __itt_heap_internal_access_begin
1707745 : 0x26f5eef97d01fd : 2 : ittapi_config_apply_per_lib :  ITTAPI function not implemented: __itt_heap_internal_access_end
1707745 : 0x26f5eef97d2249 : 2 : ittapi_config_apply_per_lib :  ITTAPI function not implemented: __itt_heap_record_memory_growth_begin
1707745 : 0x26f5eef97d2f2c : 2 : ittapi_config_apply_per_lib :  ITTAPI function not implemented: __itt_heap_record_memory_growth_end
1707745 : 0x26f5eef97d3b9a : 2 : ittapi_config_apply_per_lib :  ITTAPI function not implemented: __itt_heap_reset_detection
1707745 : 0x26f5eef97d4849 : 2 : ittapi_config_apply_per_lib :  ITTAPI function not implemented: __itt_heap_record
1707745 : 0x26f5eef97d54d5 : 2 : ittapi_config_apply_per_lib :  ITTAPI function not implemented: __itt_id_create
1707745 : 0x26f5eef97d607f : 2 : ittapi_config_apply_per_lib :  ITTAPI function not implemented: __itt_id_destroy
1707745 : 0x26f5eef97d6c38 : 2 : ittapi_config_apply_per_lib :  ITTAPI function instrumented: __itt_get_timestamp
1707745 : 0x26f5eef97d7858 : 2 : ittapi_config_apply_per_lib :  ITTAPI function not implemented: __itt_region_begin
1707745 : 0x26f5eef97d8482 : 2 : ittapi_config_apply_per_lib :  ITTAPI function not implemented: __itt_region_end
1707745 : 0x26f5eef97d9057 : 2 : ittapi_config_apply_per_lib :  ITTAPI function instrumented: __itt_frame_begin_v3
1707745 : 0x26f5eef97daf54 : 2 : ittapi_config_apply_per_lib :  ITTAPI function instrumented: __itt_frame_end_v3
1707745 : 0x26f5eef97dbc14 : 2 : ittapi_config_apply_per_lib :  ITTAPI function instrumented: __itt_frame_submit_v3
1707745 : 0x26f5eef97dc8f8 : 2 : ittapi_config_apply_per_lib :  ITTAPI function not implemented: __itt_task_group
1707745 : 0x26f5eef97dd515 : 2 : ittapi_config_apply_per_lib :  ITTAPI function instrumented: __itt_task_begin
1707745 : 0x26f5eef97de068 : 2 : ittapi_config_apply_per_lib :  ITTAPI function instrumented: __itt_task_begin_fn
1707745 : 0x26f5eef97deb42 : 2 : ittapi_config_apply_per_lib :  ITTAPI function instrumented: __itt_task_end
1707745 : 0x26f5eef97df79e : 2 : ittapi_config_apply_per_lib :  ITTAPI function not implemented: __itt_counter_inc_v3
1707745 : 0x26f5eef97e040b : 2 : ittapi_config_apply_per_lib :  ITTAPI function not implemented: __itt_counter_inc_delta_v3
1707745 : 0x26f5eef97e0f5a : 2 : ittapi_config_apply_per_lib :  ITTAPI function not implemented: __itt_counter_dec_v3
1707745 : 0x26f5eef97e1b2f : 2 : ittapi_config_apply_per_lib :  ITTAPI function not implemented: __itt_counter_dec_delta_v3
1707745 : 0x26f5eef97e3b50 : 2 : ittapi_config_apply_per_lib :  ITTAPI function not implemented: __itt_marker
1707745 : 0x26f5eef97e475e : 2 : ittapi_config_apply_per_lib :  ITTAPI function instrumented: __itt_metadata_add
1707745 : 0x26f5eef97e535a : 2 : ittapi_config_apply_per_lib :  ITTAPI function not implemented: __itt_metadata_str_add
1707745 : 0x26f5eef97e5e9e : 2 : ittapi_config_apply_per_lib :  ITTAPI function not implemented: __itt_relation_add_to_current
1707745 : 0x26f5eef97e6ab6 : 2 : ittapi_config_apply_per_lib :  ITTAPI function not implemented: __itt_relation_add
1707745 : 0x26f5eef97e75f5 : 2 : ittapi_config_apply_per_lib :  ITTAPI function instrumented: __itt_event_create
1707745 : 0x26f5eef97e813c : 2 : ittapi_config_apply_per_lib :  ITTAPI function instrumented: __itt_event_start
1707745 : 0x26f5eef97e8bf4 : 2 : ittapi_config_apply_per_lib :  ITTAPI function instrumented: __itt_event_end
1707745 : 0x26f5eef97e9156 : 2 : ittapi_config_apply_per_lib :  ITTAPI function NOT instrumented (not matched by --itt-config option): __itt_sync_set_name

1707745 : 0x26f5eef97e975b : 2 : ittapi_config_apply_per_lib :  ITTAPI function NOT instrumented (not matched by --itt-config option): __itt_notify_sync_name

1707745 : 0x26f5eef97eb9a1 : 2 : ittapi_config_apply_per_lib :  ITTAPI function NOT instrumented (not matched by --itt-config option): __itt_notify_sync_prepare

1707745 : 0x26f5eef97ebfb9 : 2 : ittapi_config_apply_per_lib :  ITTAPI function NOT instrumented (not matched by --itt-config option): __itt_notify_sync_cancel

1707745 : 0x26f5eef97ec526 : 2 : ittapi_config_apply_per_lib :  ITTAPI function NOT instrumented (not matched by --itt-config option): __itt_notify_sync_acquired

1707745 : 0x26f5eef97eca38 : 2 : ittapi_config_apply_per_lib :  ITTAPI function NOT instrumented (not matched by --itt-config option): __itt_notify_sync_releasing

1707745 : 0x26f5eef97ed781 : 2 : ittapi_config_apply_per_lib :  ITTAPI function not implemented: __itt_memory_read
1707745 : 0x26f5eef97ee31c : 2 : ittapi_config_apply_per_lib :  ITTAPI function not implemented: __itt_memory_write
1707745 : 0x26f5eef97eeed3 : 2 : ittapi_config_apply_per_lib :  ITTAPI function not implemented: __itt_memory_update
1707745 : 0x26f5eef97efa4a : 2 : ittapi_config_apply_per_lib :  ITTAPI function not implemented: __itt_state_get
1707745 : 0x26f5eef97f05e2 : 2 : ittapi_config_apply_per_lib :  ITTAPI function not implemented: __itt_state_set
1707745 : 0x26f5eef97f1189 : 2 : ittapi_config_apply_per_lib :  ITTAPI function not implemented: __itt_obj_mode_set
1707745 : 0x26f5eef97f2fb2 : 2 : ittapi_config_apply_per_lib :  ITTAPI function not implemented: __itt_thr_mode_set
1707745 : 0x26f5eef97f3be5 : 2 : ittapi_config_apply_per_lib :  ITTAPI function instrumented: __itt_frame_create
1707745 : 0x26f5eef97f46d0 : 2 : ittapi_config_apply_per_lib :  ITTAPI function instrumented: __itt_pt_region_create
1707745 : 0x26f5eef97f524c : 2 : ittapi_config_apply_per_lib :  ITTAPI function instrumented: __itt_frame_begin
1707745 : 0x26f5eef97f5d4a : 2 : ittapi_config_apply_per_lib :  ITTAPI function instrumented: __itt_frame_end
1707745 : 0x26f5eef97f69a2 : 2 : ittapi_config_apply_per_lib :  ITTAPI function not implemented: __itt_counter_destroy
1707745 : 0x26f5eef97f74c5 : 2 : ittapi_config_apply_per_lib :  ITTAPI function instrumented: __itt_counter_inc
1707745 : 0x26f5eef97f800c : 2 : ittapi_config_apply_per_lib :  ITTAPI function instrumented: __itt_counter_inc_delta
1707745 : 0x26f5eef97f8aa4 : 2 : ittapi_config_apply_per_lib :  ITTAPI function instrumented: __itt_counter_dec
1707745 : 0x26f5eef97f95b3 : 2 : ittapi_config_apply_per_lib :  ITTAPI function instrumented: __itt_counter_dec_delta
1707745 : 0x26f5eef97fb379 : 2 : ittapi_config_apply_per_lib :  ITTAPI function instrumented: __itt_counter_set_value
1707745 : 0x26f5eef97fbf33 : 2 : ittapi_config_apply_per_lib :  ITTAPI function not implemented: __itt_counter_set_value_ex
1707745 : 0x26f5eef97fcacc : 2 : ittapi_config_apply_per_lib :  ITTAPI function not implemented: __itt_mark_create
1707745 : 0x26f5eef97fd658 : 2 : ittapi_config_apply_per_lib :  ITTAPI function not implemented: __itt_mark
1707745 : 0x26f5eef97fe28f : 2 : ittapi_config_apply_per_lib :  ITTAPI function not implemented: __itt_mark_off
1707745 : 0x26f5eef97fee21 : 2 : ittapi_config_apply_per_lib :  ITTAPI function not implemented: __itt_mark_global
1707745 : 0x26f5eef97ff99d : 2 : ittapi_config_apply_per_lib :  ITTAPI function not implemented: __itt_mark_global_off
1707745 : 0x26f5eef98005b3 : 2 : ittapi_config_apply_per_lib :  ITTAPI function instrumented: __itt_stack_caller_create
1707745 : 0x26f5eef9801122 : 2 : ittapi_config_apply_per_lib :  ITTAPI function instrumented: __itt_stack_caller_destroy
1707745 : 0x26f5eef9801c53 : 2 : ittapi_config_apply_per_lib :  ITTAPI function instrumented: __itt_stack_callee_enter
1707745 : 0x26f5eef98042cf : 2 : ittapi_config_apply_per_lib :  ITTAPI function instrumented: __itt_stack_callee_leave
1707745 : 0x26f5eef9804fb9 : 2 : ittapi_config_apply_per_lib :  ITTAPI function not implemented: __itt_clock_domain_create
1707745 : 0x26f5eef9805bc2 : 2 : ittapi_config_apply_per_lib :  ITTAPI function not implemented: __itt_clock_domain_reset
1707745 : 0x26f5eef98067eb : 2 : ittapi_config_apply_per_lib :  ITTAPI function not implemented: __itt_id_create_ex
1707745 : 0x26f5eef98073be : 2 : ittapi_config_apply_per_lib :  ITTAPI function not implemented: __itt_id_destroy_ex
1707745 : 0x26f5eef9807fdc : 2 : ittapi_config_apply_per_lib :  ITTAPI function not implemented: __itt_task_begin_ex
1707745 : 0x26f5eef9808b7f : 2 : ittapi_config_apply_per_lib :  ITTAPI function not implemented: __itt_task_begin_fn_ex
1707745 : 0x26f5eef98097ad : 2 : ittapi_config_apply_per_lib :  ITTAPI function not implemented: __itt_task_end_ex
1707745 : 0x26f5eef980a35e : 2 : ittapi_config_apply_per_lib :  ITTAPI function instrumented: __itt_task_begin_overlapped
1707745 : 0x26f5eef980af43 : 2 : ittapi_config_apply_per_lib :  ITTAPI function not implemented: __itt_task_begin_overlapped_ex
1707745 : 0x26f5eef980ce0f : 2 : ittapi_config_apply_per_lib :  ITTAPI function instrumented: __itt_task_end_overlapped
1707745 : 0x26f5eef980da26 : 2 : ittapi_config_apply_per_lib :  ITTAPI function not implemented: __itt_task_end_overlapped_ex
1707745 : 0x26f5eef980e5bb : 2 : ittapi_config_apply_per_lib :  ITTAPI function not implemented: __itt_marker_ex
1707745 : 0x26f5eef980f1f6 : 2 : ittapi_config_apply_per_lib :  ITTAPI function not implemented: __itt_metadata_add_with_scope
1707745 : 0x26f5eef980fe4c : 2 : ittapi_config_apply_per_lib :  ITTAPI function not implemented: __itt_metadata_str_add_with_scope
1707745 : 0x26f5eef98109f8 : 2 : ittapi_config_apply_per_lib :  ITTAPI function not implemented: __itt_relation_add_to_current_ex
1707745 : 0x26f5eef98115b9 : 2 : ittapi_config_apply_per_lib :  ITTAPI function not implemented: __itt_relation_add_ex
1707745 : 0x26f5eef98121c4 : 2 : ittapi_config_apply_per_lib :  ITTAPI function not implemented: __itt_track_group_create
1707745 : 0x26f5eef9812d0c : 2 : ittapi_config_apply_per_lib :  ITTAPI function not implemented: __itt_track_create
1707745 : 0x26f5eef981387a : 2 : ittapi_config_apply_per_lib :  ITTAPI function not implemented: __itt_set_track
1707745 : 0x26f5eef9815638 : 2 : ittapi_config_apply_per_lib :  ITTAPI function instrumented: __itt_api_version
1707745 : 0x26f5eef98162a1 : 2 : ittapi_config_apply_per_lib :  ITTAPI function not implemented: __itt_av_save
1707745 : 0x26f5eef9816e14 : 2 : ittapi_config_apply_per_lib :  ITTAPI function instrumented: __itt_module_load
1707745 : 0x26f5eef9817a26 : 2 : ittapi_config_apply_per_lib :  ITTAPI function not implemented: __itt_module_unload
1707745 : 0x26f5eef9817ff7 : 2 : ittapi_config_apply_per_lib :  ITTAPI function NOT instrumented (not matched by --itt-config option): __itt_histogram_submit

1707745 : 0x26f5eef9818bf0 : 2 : ittapi_config_apply_per_lib :  ITTAPI function instrumented: __itt_counter_set_value_v3
1707745 : 0x26f5eef98511a1 : 2 : ittapi_config_mask_get :  --itt-config mask to be applied: 55
1707745 : 0x26f5eef9851d04 : 2 : ittapi_config_apply_per_lib :  ITTAPI function instrumented: __itt_domain_create
1707745 : 0x26f5eef985254c : 2 : ittapi_config_apply_per_lib :  ITTAPI function instrumented: __itt_module_load_with_sections
1707745 : 0x26f5eef9852e69 : 2 : ittapi_config_apply_per_lib :  ITTAPI function not implemented: __itt_module_unload_with_sections
1707745 : 0x26f5eef98551da : 2 : ittapi_config_apply_per_lib :  ITTAPI function instrumented: __itt_string_handle_create
1707745 : 0x26f5eef98559c1 : 2 : ittapi_config_apply_per_lib :  ITTAPI function instrumented: __itt_counter_create
1707745 : 0x26f5eef98561b7 : 2 : ittapi_config_apply_per_lib :  ITTAPI function instrumented: __itt_counter_create_typed
1707745 : 0x26f5eef9856943 : 2 : ittapi_config_apply_per_lib :  ITTAPI function instrumented: __itt_pause
1707745 : 0x26f5eef9857141 : 2 : ittapi_config_apply_per_lib :  ITTAPI function instrumented: __itt_resume
1707745 : 0x26f5eef9857a26 : 2 : ittapi_config_apply_per_lib :  ITTAPI function not implemented: __itt_pause_scoped
1707745 : 0x26f5eef9858309 : 2 : ittapi_config_apply_per_lib :  ITTAPI function not implemented: __itt_resume_scoped
1707745 : 0x26f5eef9858abb : 2 : ittapi_config_apply_per_lib :  ITTAPI function instrumented: __itt_thread_set_name
1707745 : 0x26f5eef98592b1 : 2 : ittapi_config_apply_per_lib :  ITTAPI function instrumented: __itt_thread_ignore
1707745 : 0x26f5eef9859a37 : 2 : ittapi_config_apply_per_lib :  ITTAPI function instrumented: __itt_thr_name_set
1707745 : 0x26f5eef985af1c : 2 : ittapi_config_apply_per_lib :  ITTAPI function instrumented: __itt_thr_ignore
1707745 : 0x26f5eef985b84c : 2 : ittapi_config_apply_per_lib :  ITTAPI function instrumented: __itt_histogram_create
1707745 : 0x26f5eef985bfbc : 2 : ittapi_config_apply_per_lib :  ITTAPI function instrumented: __itt_counter_create_v3
1707745 : 0x26f5eef985c868 : 2 : ittapi_config_apply_per_lib :  ITTAPI function instrumented: __itt_bind_context_metadata_to_counter
1707745 : 0x26f5eef985d0e8 : 2 : ittapi_config_apply_per_lib :  ITTAPI function not implemented: __itt_enable_attach
1707745 : 0x26f5eef985d95a : 2 : ittapi_config_apply_per_lib :  ITTAPI function instrumented: __itt_detach
1707745 : 0x26f5eef985dd76 : 2 : ittapi_config_apply_per_lib :  ITTAPI function NOT instrumented (not matched by --itt-config option): __itt_sync_create

1707745 : 0x26f5eef985e18d : 2 : ittapi_config_apply_per_lib :  ITTAPI function NOT instrumented (not matched by --itt-config option): __itt_sync_rename

1707745 : 0x26f5eef985e5db : 2 : ittapi_config_apply_per_lib :  ITTAPI function NOT instrumented (not matched by --itt-config option): __itt_sync_destroy

1707745 : 0x26f5eef985e9d2 : 2 : ittapi_config_apply_per_lib :  ITTAPI function NOT instrumented (not matched by --itt-config option): __itt_sync_prepare

1707745 : 0x26f5eef985fa4b : 2 : ittapi_config_apply_per_lib :  ITTAPI function NOT instrumented (not matched by --itt-config option): __itt_sync_cancel

1707745 : 0x26f5eef985fe8f : 2 : ittapi_config_apply_per_lib :  ITTAPI function NOT instrumented (not matched by --itt-config option): __itt_sync_acquired

1707745 : 0x26f5eef9860245 : 2 : ittapi_config_apply_per_lib :  ITTAPI function NOT instrumented (not matched by --itt-config option): __itt_sync_releasing

1707745 : 0x26f5eef9860b4a : 2 : ittapi_config_apply_per_lib :  ITTAPI function not implemented: __itt_suppress_push
1707745 : 0x26f5eef986142c : 2 : ittapi_config_apply_per_lib :  ITTAPI function not implemented: __itt_suppress_pop
1707745 : 0x26f5eef9861c9b : 2 : ittapi_config_apply_per_lib :  ITTAPI function not implemented: __itt_suppress_mark_range
1707745 : 0x26f5eef9862544 : 2 : ittapi_config_apply_per_lib :  ITTAPI function not implemented: __itt_suppress_clear_range
1707745 : 0x26f5eef9862931 : 2 : ittapi_config_apply_per_lib :  ITTAPI function NOT instrumented (not matched by --itt-config option): __itt_sync_prepare

1707745 : 0x26f5eef9862d3b : 2 : ittapi_config_apply_per_lib :  ITTAPI function NOT instrumented (not matched by --itt-config option): __itt_sync_cancel

1707745 : 0x26f5eef9863102 : 2 : ittapi_config_apply_per_lib :  ITTAPI function NOT instrumented (not matched by --itt-config option): __itt_sync_acquired

1707745 : 0x26f5eef9864168 : 2 : ittapi_config_apply_per_lib :  ITTAPI function NOT instrumented (not matched by --itt-config option): __itt_sync_releasing

1707745 : 0x26f5eef9864596 : 2 : ittapi_config_apply_per_lib :  ITTAPI function NOT instrumented (not matched by --itt-config option): __itt_model_site_begin

1707745 : 0x26f5eef9864949 : 2 : ittapi_config_apply_per_lib :  ITTAPI function NOT instrumented (not matched by --itt-config option): __itt_model_site_end

1707745 : 0x26f5eef9864d29 : 2 : ittapi_config_apply_per_lib :  ITTAPI function NOT instrumented (not matched by --itt-config option): __itt_model_task_begin

1707745 : 0x26f5eef986517e : 2 : ittapi_config_apply_per_lib :  ITTAPI function NOT instrumented (not matched by --itt-config option): __itt_model_task_end

1707745 : 0x26f5eef986600b : 2 : ittapi_config_apply_per_lib :  ITTAPI function NOT instrumented (not matched by --itt-config option): __itt_model_lock_acquire

1707745 : 0x26f5eef98663f6 : 2 : ittapi_config_apply_per_lib :  ITTAPI function NOT instrumented (not matched by --itt-config option): __itt_model_lock_release

1707745 : 0x26f5eef98667e0 : 2 : ittapi_config_apply_per_lib :  ITTAPI function NOT instrumented (not matched by --itt-config option): __itt_model_record_allocation

1707745 : 0x26f5eef9866bc9 : 2 : ittapi_config_apply_per_lib :  ITTAPI function NOT instrumented (not matched by --itt-config option): __itt_model_record_deallocation

1707745 : 0x26f5eef9866f52 : 2 : ittapi_config_apply_per_lib :  ITTAPI function NOT instrumented (not matched by --itt-config option): __itt_model_induction_uses

1707745 : 0x26f5eef98685b7 : 2 : ittapi_config_apply_per_lib :  ITTAPI function NOT instrumented (not matched by --itt-config option): __itt_model_reduction_uses

1707745 : 0x26f5eef986899c : 2 : ittapi_config_apply_per_lib :  ITTAPI function NOT instrumented (not matched by --itt-config option): __itt_model_observe_uses

1707745 : 0x26f5eef9868da4 : 2 : ittapi_config_apply_per_lib :  ITTAPI function NOT instrumented (not matched by --itt-config option): __itt_model_clear_uses

1707745 : 0x26f5eef986916b : 2 : ittapi_config_apply_per_lib :  ITTAPI function NOT instrumented (not matched by --itt-config option): __itt_model_site_beginA

1707745 : 0x26f5eef9869578 : 2 : ittapi_config_apply_per_lib :  ITTAPI function NOT instrumented (not matched by --itt-config option): __itt_model_site_beginAL

1707745 : 0x26f5eef9869914 : 2 : ittapi_config_apply_per_lib :  ITTAPI function NOT instrumented (not matched by --itt-config option): __itt_model_task_beginA

1707745 : 0x26f5eef9869d01 : 2 : ittapi_config_apply_per_lib :  ITTAPI function NOT instrumented (not matched by --itt-config option): __itt_model_task_beginAL

1707745 : 0x26f5eef986a0ba : 2 : ittapi_config_apply_per_lib :  ITTAPI function NOT instrumented (not matched by --itt-config option): __itt_model_iteration_taskA

1707745 : 0x26f5eef986a452 : 2 : ittapi_config_apply_per_lib :  ITTAPI function NOT instrumented (not matched by --itt-config option): __itt_model_iteration_taskAL

1707745 : 0x26f5eef986a86b : 2 : ittapi_config_apply_per_lib :  ITTAPI function NOT instrumented (not matched by --itt-config option): __itt_model_site_end_2

1707745 : 0x26f5eef986b7fe : 2 : ittapi_config_apply_per_lib :  ITTAPI function NOT instrumented (not matched by --itt-config option): __itt_model_task_end_2

1707745 : 0x26f5eef986bbc7 : 2 : ittapi_config_apply_per_lib :  ITTAPI function NOT instrumented (not matched by --itt-config option): __itt_model_lock_acquire_2

1707745 : 0x26f5eef986bf66 : 2 : ittapi_config_apply_per_lib :  ITTAPI function NOT instrumented (not matched by --itt-config option): __itt_model_lock_release_2

1707745 : 0x26f5eef986c33f : 2 : ittapi_config_apply_per_lib :  ITTAPI function NOT instrumented (not matched by --itt-config option): __itt_model_aggregate_task

1707745 : 0x26f5eef986c72a : 2 : ittapi_config_apply_per_lib :  ITTAPI function NOT instrumented (not matched by --itt-config option): __itt_model_disable_push

1707745 : 0x26f5eef986cad6 : 2 : ittapi_config_apply_per_lib :  ITTAPI function NOT instrumented (not matched by --itt-config option): __itt_model_disable_pop

1707745 : 0x26f5eef986d37f : 2 : ittapi_config_apply_per_lib :  ITTAPI function instrumented: __itt_heap_function_create
1707745 : 0x26f5eef986db79 : 2 : ittapi_config_apply_per_lib :  ITTAPI function instrumented: __itt_heap_allocate_begin
1707745 : 0x26f5eef986e329 : 2 : ittapi_config_apply_per_lib :  ITTAPI function instrumented: __itt_heap_allocate_end
1707745 : 0x26f5eef986eac1 : 2 : ittapi_config_apply_per_lib :  ITTAPI function instrumented: __itt_heap_free_begin
1707745 : 0x26f5eef9870619 : 2 : ittapi_config_apply_per_lib :  ITTAPI function instrumented: __itt_heap_free_end
1707745 : 0x26f5eef9870eaf : 2 : ittapi_config_apply_per_lib :  ITTAPI function instrumented: __itt_heap_reallocate_begin
1707745 : 0x26f5eef9871644 : 2 : ittapi_config_apply_per_lib :  ITTAPI function instrumented: __itt_heap_reallocate_end
1707745 : 0x26f5eef9871ef9 : 2 : ittapi_config_apply_per_lib :  ITTAPI function not implemented: __itt_heap_internal_access_begin
1707745 : 0x26f5eef9872756 : 2 : ittapi_config_apply_per_lib :  ITTAPI function not implemented: __itt_heap_internal_access_end
1707745 : 0x26f5eef9872fdc : 2 : ittapi_config_apply_per_lib :  ITTAPI function not implemented: __itt_heap_record_memory_growth_begin
1707745 : 0x26f5eef9873814 : 2 : ittapi_config_apply_per_lib :  ITTAPI function not implemented: __itt_heap_record_memory_growth_end
1707745 : 0x26f5eef9874083 : 2 : ittapi_config_apply_per_lib :  ITTAPI function not implemented: __itt_heap_reset_detection
1707745 : 0x26f5eef98748e0 : 2 : ittapi_config_apply_per_lib :  ITTAPI function not implemented: __itt_heap_record
1707745 : 0x26f5eef9875149 : 2 : ittapi_config_apply_per_lib :  ITTAPI function not implemented: __itt_id_create
1707745 : 0x26f5eef987675c : 2 : ittapi_config_apply_per_lib :  ITTAPI function not implemented: __itt_id_destroy
1707745 : 0x26f5eef9876f83 : 2 : ittapi_config_apply_per_lib :  ITTAPI function instrumented: __itt_get_timestamp
1707745 : 0x26f5eef9877770 : 2 : ittapi_config_apply_per_lib :  ITTAPI function not implemented: __itt_region_begin
1707745 : 0x26f5eef9877f78 : 2 : ittapi_config_apply_per_lib :  ITTAPI function not implemented: __itt_region_end
1707745 : 0x26f5eef98787c3 : 2 : ittapi_config_apply_per_lib :  ITTAPI function instrumented: __itt_frame_begin_v3
1707745 : 0x26f5eef9878fb5 : 2 : ittapi_config_apply_per_lib :  ITTAPI function instrumented: __itt_frame_end_v3
1707745 : 0x26f5eef98797bc : 2 : ittapi_config_apply_per_lib :  ITTAPI function instrumented: __itt_frame_submit_v3
1707745 : 0x26f5eef987a073 : 2 : ittapi_config_apply_per_lib :  ITTAPI function not implemented: __itt_task_group
1707745 : 0x26f5eef987a88e : 2 : ittapi_config_apply_per_lib :  ITTAPI function instrumented: __itt_task_begin
1707745 : 0x26f5eef987b035 : 2 : ittapi_config_apply_per_lib :  ITTAPI function instrumented: __itt_task_begin_fn
1707745 : 0x26f5eef987c532 : 2 : ittapi_config_apply_per_lib :  ITTAPI function instrumented: __itt_task_end
1707745 : 0x26f5eef987cde8 : 2 : ittapi_config_apply_per_lib :  ITTAPI function not implemented: __itt_counter_inc_v3
1707745 : 0x26f5eef987d680 : 2 : ittapi_config_apply_per_lib :  ITTAPI function not implemented: __itt_counter_inc_delta_v3
1707745 : 0x26f5eef987dedf : 2 : ittapi_config_apply_per_lib :  ITTAPI function not implemented: __itt_counter_dec_v3
1707745 : 0x26f5eef987e709 : 2 : ittapi_config_apply_per_lib :  ITTAPI function not implemented: __itt_counter_dec_delta_v3
1707745 : 0x26f5eef987efcc : 2 : ittapi_config_apply_per_lib :  ITTAPI function not implemented: __itt_marker
1707745 : 0x26f5eef987f7c2 : 2 : ittapi_config_apply_per_lib :  ITTAPI function instrumented: __itt_metadata_add
1707745 : 0x26f5eef988004c : 2 : ittapi_config_apply_per_lib :  ITTAPI function not implemented: __itt_metadata_str_add
1707745 : 0x26f5eef988085b : 2 : ittapi_config_apply_per_lib :  ITTAPI function not implemented: __itt_relation_add_to_current
1707745 : 0x26f5eef988109c : 2 : ittapi_config_apply_per_lib :  ITTAPI function not implemented: __itt_relation_add
1707745 : 0x26f5eef98825a3 : 2 : ittapi_config_apply_per_lib :  ITTAPI function instrumented: __itt_event_create
1707745 : 0x26f5eef9882de4 : 2 : ittapi_config_apply_per_lib :  ITTAPI function instrumented: __itt_event_start
1707745 : 0x26f5eef98835e2 : 2 : ittapi_config_apply_per_lib :  ITTAPI function instrumented: __itt_event_end
1707745 : 0x26f5eef98839f3 : 2 : ittapi_config_apply_per_lib :  ITTAPI function NOT instrumented (not matched by --itt-config option): __itt_sync_set_name

1707745 : 0x26f5eef9883e08 : 2 : ittapi_config_apply_per_lib :  ITTAPI function NOT instrumented (not matched by --itt-config option): __itt_notify_sync_name

1707745 : 0x26f5eef98841e9 : 2 : ittapi_config_apply_per_lib :  ITTAPI function NOT instrumented (not matched by --itt-config option): __itt_notify_sync_prepare

1707745 : 0x26f5eef98845fd : 2 : ittapi_config_apply_per_lib :  ITTAPI function NOT instrumented (not matched by --itt-config option): __itt_notify_sync_cancel

1707745 : 0x26f5eef98849d9 : 2 : ittapi_config_apply_per_lib :  ITTAPI function NOT instrumented (not matched by --itt-config option): __itt_notify_sync_acquired

1707745 : 0x26f5eef9884dc1 : 2 : ittapi_config_apply_per_lib :  ITTAPI function NOT instrumented (not matched by --itt-config option): __itt_notify_sync_releasing

1707745 : 0x26f5eef988560d : 2 : ittapi_config_apply_per_lib :  ITTAPI function not implemented: __itt_memory_read
1707745 : 0x26f5eef9887755 : 2 : ittapi_config_apply_per_lib :  ITTAPI function not implemented: __itt_memory_write
1707745 : 0x26f5eef9887ff0 : 2 : ittapi_config_apply_per_lib :  ITTAPI function not implemented: __itt_memory_update
1707745 : 0x26f5eef9888804 : 2 : ittapi_config_apply_per_lib :  ITTAPI function not implemented: __itt_state_get
1707745 : 0x26f5eef9889009 : 2 : ittapi_config_apply_per_lib :  ITTAPI function not implemented: __itt_state_set
1707745 : 0x26f5eef9889859 : 2 : ittapi_config_apply_per_lib :  ITTAPI function not implemented: __itt_obj_mode_set
1707745 : 0x26f5eef988a074 : 2 : ittapi_config_apply_per_lib :  ITTAPI function not implemented: __itt_thr_mode_set
1707745 : 0x26f5eef988a8b0 : 2 : ittapi_config_apply_per_lib :  ITTAPI function instrumented: __itt_frame_create
1707745 : 0x26f5eef988b042 : 2 : ittapi_config_apply_per_lib :  ITTAPI function instrumented: __itt_pt_region_create
1707745 : 0x26f5eef988b838 : 2 : ittapi_config_apply_per_lib :  ITTAPI function instrumented: __itt_frame_begin
1707745 : 0x26f5eef988c054 : 2 : ittapi_config_apply_per_lib :  ITTAPI function instrumented: __itt_frame_end
1707745 : 0x26f5eef988d5e6 : 2 : ittapi_config_apply_per_lib :  ITTAPI function not implemented: __itt_counter_destroy
1707745 : 0x26f5eef988ddf6 : 2 : ittapi_config_apply_per_lib :  ITTAPI function instrumented: __itt_counter_inc
1707745 : 0x26f5eef988e595 : 2 : ittapi_config_apply_per_lib :  ITTAPI function instrumented: __itt_counter_inc_delta
1707745 : 0x26f5eef988ed55 : 2 : ittapi_config_apply_per_lib :  ITTAPI function instrumented: __itt_counter_dec
1707745 : 0x26f5eef988f512 : 2 : ittapi_config_apply_per_lib :  ITTAPI function instrumented: __itt_counter_dec_delta
1707745 : 0x26f5eef988fcd4 : 2 : ittapi_config_apply_per_lib :  ITTAPI function instrumented: __itt_counter_set_value
1707745 : 0x26f5eef98904ce : 2 : ittapi_config_apply_per_lib :  ITTAPI function not implemented: __itt_counter_set_value_ex
1707745 : 0x26f5eef9890cfc : 2 : ittapi_config_apply_per_lib :  ITTAPI function not implemented: __itt_mark_create
1707745 : 0x26f5eef9891540 : 2 : ittapi_config_apply_per_lib :  ITTAPI function not implemented: __itt_mark
1707745 : 0x26f5eef9891d77 : 2 : ittapi_config_apply_per_lib :  ITTAPI function not implemented: __itt_mark_off
1707745 : 0x26f5eef989327d : 2 : ittapi_config_apply_per_lib :  ITTAPI function not implemented: __itt_mark_global
1707745 : 0x26f5eef9893b06 : 2 : ittapi_config_apply_per_lib :  ITTAPI function not implemented: __itt_mark_global_off
1707745 : 0x26f5eef9894341 : 2 : ittapi_config_apply_per_lib :  ITTAPI function instrumented: __itt_stack_caller_create
1707745 : 0x26f5eef9894adc : 2 : ittapi_config_apply_per_lib :  ITTAPI function instrumented: __itt_stack_caller_destroy
1707745 : 0x26f5eef9895295 : 2 : ittapi_config_apply_per_lib :  ITTAPI function instrumented: __itt_stack_callee_enter
1707745 : 0x26f5eef9895a22 : 2 : ittapi_config_apply_per_lib :  ITTAPI function instrumented: __itt_stack_callee_leave
1707745 : 0x26f5eef9896263 : 2 : ittapi_config_apply_per_lib :  ITTAPI function not implemented: __itt_clock_domain_create
1707745 : 0x26f5eef9896ab7 : 2 : ittapi_config_apply_per_lib :  ITTAPI function not implemented: __itt_clock_domain_reset
1707745 : 0x26f5eef989732e : 2 : ittapi_config_apply_per_lib :  ITTAPI function not implemented: __itt_id_create_ex
1707745 : 0x26f5eef9897b3e : 2 : ittapi_config_apply_per_lib :  ITTAPI function not implemented: __itt_id_destroy_ex
1707745 : 0x26f5eef989965f : 2 : ittapi_config_apply_per_lib :  ITTAPI function not implemented: __itt_task_begin_ex
1707745 : 0x26f5eef9899eca : 2 : ittapi_config_apply_per_lib :  ITTAPI function not implemented: __itt_task_begin_fn_ex
1707745 : 0x26f5eef989a6ab : 2 : ittapi_config_apply_per_lib :  ITTAPI function not implemented: __itt_task_end_ex
1707745 : 0x26f5eef989ae98 : 2 : ittapi_config_apply_per_lib :  ITTAPI function instrumented: __itt_task_begin_overlapped
1707745 : 0x26f5eef989b69f : 2 : ittapi_config_apply_per_lib :  ITTAPI function not implemented: __itt_task_begin_overlapped_ex
1707745 : 0x26f5eef989be90 : 2 : ittapi_config_apply_per_lib :  ITTAPI function instrumented: __itt_task_end_overlapped
1707745 : 0x26f5eef989c67e : 2 : ittapi_config_apply_per_lib :  ITTAPI function not implemented: __itt_task_end_overlapped_ex
1707745 : 0x26f5eef989ce5f : 2 : ittapi_config_apply_per_lib :  ITTAPI function not implemented: __itt_marker_ex
1707745 : 0x26f5eef989d67b : 2 : ittapi_config_apply_per_lib :  ITTAPI function not implemented: __itt_metadata_add_with_scope
1707745 : 0x26f5eef989df01 : 2 : ittapi_config_apply_per_lib :  ITTAPI function not implemented: __itt_metadata_str_add_with_scope
1707745 : 0x26f5eef989f3aa : 2 : ittapi_config_apply_per_lib :  ITTAPI function not implemented: __itt_relation_add_to_current_ex
1707745 : 0x26f5eef989fbc9 : 2 : ittapi_config_apply_per_lib :  ITTAPI function not implemented: __itt_relation_add_ex
1707745 : 0x26f5eef98a03f8 : 2 : ittapi_config_apply_per_lib :  ITTAPI function not implemented: __itt_track_group_create
1707745 : 0x26f5eef98a0be3 : 2 : ittapi_config_apply_per_lib :  ITTAPI function not implemented: __itt_track_create
1707745 : 0x26f5eef98a13fe : 2 : ittapi_config_apply_per_lib :  ITTAPI function not implemented: __itt_set_track
1707745 : 0x26f5eef98a1bb7 : 2 : ittapi_config_apply_per_lib :  ITTAPI function instrumented: __itt_api_version
1707745 : 0x26f5eef98a23c0 : 2 : ittapi_config_apply_per_lib :  ITTAPI function not implemented: __itt_av_save
1707745 : 0x26f5eef98a2ba9 : 2 : ittapi_config_apply_per_lib :  ITTAPI function instrumented: __itt_module_load
1707745 : 0x26f5eef98a33bf : 2 : ittapi_config_apply_per_lib :  ITTAPI function not implemented: __itt_module_unload
1707745 : 0x26f5eef98a37ba : 2 : ittapi_config_apply_per_lib :  ITTAPI function NOT instrumented (not matched by --itt-config option): __itt_histogram_submit

1707745 : 0x26f5eef98a4be9 : 2 : ittapi_config_apply_per_lib :  ITTAPI function instrumented: __itt_counter_set_value_v3
1707745 : 0x26f5ef04c9214d : 2 : ittapi_config_mask_get :  --itt-config mask to be applied: 55
1707745 : 0x26f5ef04c945e6 : 2 : ittapi_config_apply_per_lib :  ITTAPI function instrumented: __itt_domain_create
1707745 : 0x26f5ef04c95362 : 2 : ittapi_config_apply_per_lib :  ITTAPI function instrumented: __itt_module_load_with_sections
1707745 : 0x26f5ef04c964e5 : 2 : ittapi_config_apply_per_lib :  ITTAPI function not implemented: __itt_module_unload_with_sections
1707745 : 0x26f5ef04c970f1 : 2 : ittapi_config_apply_per_lib :  ITTAPI function instrumented: __itt_string_handle_create
1707745 : 0x26f5ef04c97c54 : 2 : ittapi_config_apply_per_lib :  ITTAPI function instrumented: __itt_counter_create
1707745 : 0x26f5ef04c985c2 : 2 : ittapi_config_apply_per_lib :  ITTAPI function instrumented: __itt_counter_create_typed
1707745 : 0x26f5ef04c99037 : 2 : ittapi_config_apply_per_lib :  ITTAPI function instrumented: __itt_pause
1707745 : 0x26f5ef04c99b8e : 2 : ittapi_config_apply_per_lib :  ITTAPI function instrumented: __itt_resume
1707745 : 0x26f5ef04ca3ca0 : 2 : ittapi_config_apply_per_lib :  ITTAPI function instrumented: __itt_thread_set_name
1707745 : 0x26f5ef04ca4a12 : 2 : ittapi_config_apply_per_lib :  ITTAPI function instrumented: __itt_thread_ignore
1707745 : 0x26f5ef04ca5485 : 2 : ittapi_config_apply_per_lib :  ITTAPI function instrumented: __itt_thr_name_set
1707745 : 0x26f5ef04ca5eb3 : 2 : ittapi_config_apply_per_lib :  ITTAPI function instrumented: __itt_thr_ignore
1707745 : 0x26f5ef04ca6b62 : 2 : ittapi_config_apply_per_lib :  ITTAPI function not implemented: __itt_enable_attach
1707745 : 0x26f5ef04ca769f : 2 : ittapi_config_apply_per_lib :  ITTAPI function instrumented: __itt_detach
1707745 : 0x26f5ef04caa240 : 2 : ittapi_config_apply_per_lib :  ITTAPI function NOT instrumented (not matched by --itt-config option): __itt_sync_create

1707745 : 0x26f5ef04caa92c : 2 : ittapi_config_apply_per_lib :  ITTAPI function NOT instrumented (not matched by --itt-config option): __itt_sync_rename

1707745 : 0x26f5ef04caaea1 : 2 : ittapi_config_apply_per_lib :  ITTAPI function NOT instrumented (not matched by --itt-config option): __itt_sync_destroy

1707745 : 0x26f5ef04cab466 : 2 : ittapi_config_apply_per_lib :  ITTAPI function NOT instrumented (not matched by --itt-config option): __itt_sync_prepare

1707745 : 0x26f5ef04cad169 : 2 : ittapi_config_apply_per_lib :  ITTAPI function NOT instrumented (not matched by --itt-config option): __itt_sync_cancel

1707745 : 0x26f5ef04cad762 : 2 : ittapi_config_apply_per_lib :  ITTAPI function NOT instrumented (not matched by --itt-config option): __itt_sync_acquired

1707745 : 0x26f5ef04cadd5e : 2 : ittapi_config_apply_per_lib :  ITTAPI function NOT instrumented (not matched by --itt-config option): __itt_sync_releasing

1707745 : 0x26f5ef04caebca : 2 : ittapi_config_apply_per_lib :  ITTAPI function not implemented: __itt_suppress_push
1707745 : 0x26f5ef04cafb25 : 2 : ittapi_config_apply_per_lib :  ITTAPI function not implemented: __itt_suppress_pop
1707745 : 0x26f5ef04cb0893 : 2 : ittapi_config_apply_per_lib :  ITTAPI function not implemented: __itt_suppress_mark_range
1707745 : 0x26f5ef04cb15c2 : 2 : ittapi_config_apply_per_lib :  ITTAPI function not implemented: __itt_suppress_clear_range
1707745 : 0x26f5ef04cb1bf3 : 2 : ittapi_config_apply_per_lib :  ITTAPI function NOT instrumented (not matched by --itt-config option): __itt_sync_prepare

1707745 : 0x26f5ef04cb2185 : 2 : ittapi_config_apply_per_lib :  ITTAPI function NOT instrumented (not matched by --itt-config option): __itt_sync_cancel

1707745 : 0x26f5ef04cb26f7 : 2 : ittapi_config_apply_per_lib :  ITTAPI function NOT instrumented (not matched by --itt-config option): __itt_sync_acquired

1707745 : 0x26f5ef04cb3ef0 : 2 : ittapi_config_apply_per_lib :  ITTAPI function NOT instrumented (not matched by --itt-config option): __itt_sync_releasing

1707745 : 0x26f5ef04cb45cd : 2 : ittapi_config_apply_per_lib :  ITTAPI function NOT instrumented (not matched by --itt-config option): __itt_model_site_begin

1707745 : 0x26f5ef04cb4bc6 : 2 : ittapi_config_apply_per_lib :  ITTAPI function NOT instrumented (not matched by --itt-config option): __itt_model_site_end

1707745 : 0x26f5ef04cb518c : 2 : ittapi_config_apply_per_lib :  ITTAPI function NOT instrumented (not matched by --itt-config option): __itt_model_task_begin

1707745 : 0x26f5ef04cb57e0 : 2 : ittapi_config_apply_per_lib :  ITTAPI function NOT instrumented (not matched by --itt-config option): __itt_model_task_end

1707745 : 0x26f5ef04cb5d5d : 2 : ittapi_config_apply_per_lib :  ITTAPI function NOT instrumented (not matched by --itt-config option): __itt_model_lock_acquire

1707745 : 0x26f5ef04cb626a : 2 : ittapi_config_apply_per_lib :  ITTAPI function NOT instrumented (not matched by --itt-config option): __itt_model_lock_release

1707745 : 0x26f5ef04cb6824 : 2 : ittapi_config_apply_per_lib :  ITTAPI function NOT instrumented (not matched by --itt-config option): __itt_model_record_allocation

1707745 : 0x26f5ef04cb6e1e : 2 : ittapi_config_apply_per_lib :  ITTAPI function NOT instrumented (not matched by --itt-config option): __itt_model_record_deallocation

1707745 : 0x26f5ef04cb7385 : 2 : ittapi_config_apply_per_lib :  ITTAPI function NOT instrumented (not matched by --itt-config option): __itt_model_induction_uses

1707745 : 0x26f5ef04cb9565 : 2 : ittapi_config_apply_per_lib :  ITTAPI function NOT instrumented (not matched by --itt-config option): __itt_model_reduction_uses

1707745 : 0x26f5ef04cb9b33 : 2 : ittapi_config_apply_per_lib :  ITTAPI function NOT instrumented (not matched by --itt-config option): __itt_model_observe_uses

1707745 : 0x26f5ef04cba0f1 : 2 : ittapi_config_apply_per_lib :  ITTAPI function NOT instrumented (not matched by --itt-config option): __itt_model_clear_uses

1707745 : 0x26f5ef04cba6b3 : 2 : ittapi_config_apply_per_lib :  ITTAPI function NOT instrumented (not matched by --itt-config option): __itt_model_site_beginA

1707745 : 0x26f5ef04cbac26 : 2 : ittapi_config_apply_per_lib :  ITTAPI function NOT instrumented (not matched by --itt-config option): __itt_model_site_beginAL

1707745 : 0x26f5ef04cbb199 : 2 : ittapi_config_apply_per_lib :  ITTAPI function NOT instrumented (not matched by --itt-config option): __itt_model_task_beginA

1707745 : 0x26f5ef04cbb75d : 2 : ittapi_config_apply_per_lib :  ITTAPI function NOT instrumented (not matched by --itt-config option): __itt_model_task_beginAL

1707745 : 0x26f5ef04cbbdb9 : 2 : ittapi_config_apply_per_lib :  ITTAPI function NOT instrumented (not matched by --itt-config option): __itt_model_iteration_taskA

1707745 : 0x26f5ef04cbc311 : 2 : ittapi_config_apply_per_lib :  ITTAPI function NOT instrumented (not matched by --itt-config option): __itt_model_iteration_taskAL

1707745 : 0x26f5ef04cbc86e : 2 : ittapi_config_apply_per_lib :  ITTAPI function NOT instrumented (not matched by --itt-config option): __itt_model_site_end_2

1707745 : 0x26f5ef04cbe037 : 2 : ittapi_config_apply_per_lib :  ITTAPI function NOT instrumented (not matched by --itt-config option): __itt_model_task_end_2

1707745 : 0x26f5ef04cbf113 : 2 : ittapi_config_apply_per_lib :  ITTAPI function NOT instrumented (not matched by --itt-config option): __itt_model_lock_acquire_2

1707745 : 0x26f5ef04cbf6e4 : 2 : ittapi_config_apply_per_lib :  ITTAPI function NOT instrumented (not matched by --itt-config option): __itt_model_lock_release_2

1707745 : 0x26f5ef04cbfcda : 2 : ittapi_config_apply_per_lib :  ITTAPI function NOT instrumented (not matched by --itt-config option): __itt_model_aggregate_task

1707745 : 0x26f5ef04cc0216 : 2 : ittapi_config_apply_per_lib :  ITTAPI function NOT instrumented (not matched by --itt-config option): __itt_model_disable_push

1707745 : 0x26f5ef04cc077a : 2 : ittapi_config_apply_per_lib :  ITTAPI function NOT instrumented (not matched by --itt-config option): __itt_model_disable_pop

1707745 : 0x26f5ef04cc147b : 2 : ittapi_config_apply_per_lib :  ITTAPI function instrumented: __itt_heap_function_create
1707745 : 0x26f5ef04cc1fd4 : 2 : ittapi_config_apply_per_lib :  ITTAPI function instrumented: __itt_heap_allocate_begin
1707745 : 0x26f5ef04cc2b8d : 2 : ittapi_config_apply_per_lib :  ITTAPI function instrumented: __itt_heap_allocate_end
1707745 : 0x26f5ef04cc36e5 : 2 : ittapi_config_apply_per_lib :  ITTAPI function instrumented: __itt_heap_free_begin
1707745 : 0x26f5ef04cc5659 : 2 : ittapi_config_apply_per_lib :  ITTAPI function instrumented: __itt_heap_free_end
1707745 : 0x26f5ef04cc62f4 : 2 : ittapi_config_apply_per_lib :  ITTAPI function instrumented: __itt_heap_reallocate_begin
1707745 : 0x26f5ef04cc6eb0 : 2 : ittapi_config_apply_per_lib :  ITTAPI function instrumented: __itt_heap_reallocate_end
1707745 : 0x26f5ef04cc7c62 : 2 : ittapi_config_apply_per_lib :  ITTAPI function not implemented: __itt_heap_internal_access_begin
1707745 : 0x26f5ef04cc888b : 2 : ittapi_config_apply_per_lib :  ITTAPI function not implemented: __itt_heap_internal_access_end
1707745 : 0x26f5ef04cc95de : 2 : ittapi_config_apply_per_lib :  ITTAPI function not implemented: __itt_heap_record_memory_growth_begin
1707745 : 0x26f5ef04cca1d8 : 2 : ittapi_config_apply_per_lib :  ITTAPI function not implemented: __itt_heap_record_memory_growth_end
1707745 : 0x26f5ef04ccaea0 : 2 : ittapi_config_apply_per_lib :  ITTAPI function not implemented: __itt_heap_reset_detection
1707745 : 0x26f5ef04ccbadb : 2 : ittapi_config_apply_per_lib :  ITTAPI function not implemented: __itt_heap_record
1707745 : 0x26f5ef04ccc8aa : 2 : ittapi_config_apply_per_lib :  ITTAPI function not implemented: __itt_id_create
1707745 : 0x26f5ef04ccf0e3 : 2 : ittapi_config_apply_per_lib :  ITTAPI function not implemented: __itt_id_destroy
1707745 : 0x26f5ef04ccfcc5 : 2 : ittapi_config_apply_per_lib :  ITTAPI function instrumented: __itt_get_timestamp
1707745 : 0x26f5ef04cd0904 : 2 : ittapi_config_apply_per_lib :  ITTAPI function not implemented: __itt_region_begin
1707745 : 0x26f5ef04cd1461 : 2 : ittapi_config_apply_per_lib :  ITTAPI function not implemented: __itt_region_end
1707745 : 0x26f5ef04cd2056 : 2 : ittapi_config_apply_per_lib :  ITTAPI function instrumented: __itt_frame_begin_v3
1707745 : 0x26f5ef04cd2c08 : 2 : ittapi_config_apply_per_lib :  ITTAPI function instrumented: __itt_frame_end_v3
1707745 : 0x26f5ef04cd37a5 : 2 : ittapi_config_apply_per_lib :  ITTAPI function instrumented: __itt_frame_submit_v3
1707745 : 0x26f5ef04cd43d0 : 2 : ittapi_config_apply_per_lib :  ITTAPI function not implemented: __itt_task_group
1707745 : 0x26f5ef04cd507c : 2 : ittapi_config_apply_per_lib :  ITTAPI function instrumented: __itt_task_begin
1707745 : 0x26f5ef04cd5c03 : 2 : ittapi_config_apply_per_lib :  ITTAPI function instrumented: __itt_task_begin_fn
1707745 : 0x26f5ef04cd7cd9 : 2 : ittapi_config_apply_per_lib :  ITTAPI function instrumented: __itt_task_end
1707745 : 0x26f5ef04cd8a32 : 2 : ittapi_config_apply_per_lib :  ITTAPI function not implemented: __itt_counter_inc_v3
1707745 : 0x26f5ef04cd964e : 2 : ittapi_config_apply_per_lib :  ITTAPI function not implemented: __itt_counter_inc_delta_v3
1707745 : 0x26f5ef04cda3b9 : 2 : ittapi_config_apply_per_lib :  ITTAPI function not implemented: __itt_counter_dec_v3
1707745 : 0x26f5ef04cdb112 : 2 : ittapi_config_apply_per_lib :  ITTAPI function not implemented: __itt_counter_dec_delta_v3
1707745 : 0x26f5ef04cdbf48 : 2 : ittapi_config_apply_per_lib :  ITTAPI function not implemented: __itt_marker
1707745 : 0x26f5ef04cdcb0c : 2 : ittapi_config_apply_per_lib :  ITTAPI function instrumented: __itt_metadata_add
1707745 : 0x26f5ef04cdd787 : 2 : ittapi_config_apply_per_lib :  ITTAPI function not implemented: __itt_metadata_str_add
1707745 : 0x26f5ef04cde33e : 2 : ittapi_config_apply_per_lib :  ITTAPI function not implemented: __itt_relation_add_to_current
1707745 : 0x26f5ef04cdef1c : 2 : ittapi_config_apply_per_lib :  ITTAPI function not implemented: __itt_relation_add
1707745 : 0x26f5ef04ce0df9 : 2 : ittapi_config_apply_per_lib :  ITTAPI function instrumented: __itt_event_create
1707745 : 0x26f5ef04ce19c1 : 2 : ittapi_config_apply_per_lib :  ITTAPI function instrumented: __itt_event_start
1707745 : 0x26f5ef04ce2520 : 2 : ittapi_config_apply_per_lib :  ITTAPI function instrumented: __itt_event_end
1707745 : 0x26f5ef04ce2a91 : 2 : ittapi_config_apply_per_lib :  ITTAPI function NOT instrumented (not matched by --itt-config option): __itt_sync_set_name

1707745 : 0x26f5ef04ce307a : 2 : ittapi_config_apply_per_lib :  ITTAPI function NOT instrumented (not matched by --itt-config option): __itt_notify_sync_name

1707745 : 0x26f5ef04ce36be : 2 : ittapi_config_apply_per_lib :  ITTAPI function NOT instrumented (not matched by --itt-config option): __itt_notify_sync_prepare

1707745 : 0x26f5ef04ce3c43 : 2 : ittapi_config_apply_per_lib :  ITTAPI function NOT instrumented (not matched by --itt-config option): __itt_notify_sync_cancel

1707745 : 0x26f5ef04ce41d0 : 2 : ittapi_config_apply_per_lib :  ITTAPI function NOT instrumented (not matched by --itt-config option): __itt_notify_sync_acquired

1707745 : 0x26f5ef04ce46db : 2 : ittapi_config_apply_per_lib :  ITTAPI function NOT instrumented (not matched by --itt-config option): __itt_notify_sync_releasing

1707745 : 0x26f5ef04ce530e : 2 : ittapi_config_apply_per_lib :  ITTAPI function not implemented: __itt_memory_read
1707745 : 0x26f5ef04ce7aa6 : 2 : ittapi_config_apply_per_lib :  ITTAPI function not implemented: __itt_memory_write
1707745 : 0x26f5ef04ce8674 : 2 : ittapi_config_apply_per_lib :  ITTAPI function not implemented: __itt_memory_update
1707745 : 0x26f5ef04ce92c8 : 2 : ittapi_config_apply_per_lib :  ITTAPI function not implemented: __itt_state_get
1707745 : 0x26f5ef04ceb3dc : 2 : ittapi_config_apply_per_lib :  ITTAPI function not implemented: __itt_state_set
1707745 : 0x26f5ef04cec12f : 2 : ittapi_config_apply_per_lib :  ITTAPI function not implemented: __itt_obj_mode_set
1707745 : 0x26f5ef04cecc82 : 2 : ittapi_config_apply_per_lib :  ITTAPI function not implemented: __itt_thr_mode_set
1707745 : 0x26f5ef04ced7c8 : 2 : ittapi_config_apply_per_lib :  ITTAPI function instrumented: __itt_frame_create
1707745 : 0x26f5ef04cee255 : 2 : ittapi_config_apply_per_lib :  ITTAPI function instrumented: __itt_pt_region_create
1707745 : 0x26f5ef04ceeec8 : 2 : ittapi_config_apply_per_lib :  ITTAPI function instrumented: __itt_frame_begin
1707745 : 0x26f5ef04cef9d3 : 2 : ittapi_config_apply_per_lib :  ITTAPI function instrumented: __itt_frame_end
1707745 : 0x26f5ef04cf1a42 : 2 : ittapi_config_apply_per_lib :  ITTAPI function not implemented: __itt_counter_destroy
1707745 : 0x26f5ef04cf2648 : 2 : ittapi_config_apply_per_lib :  ITTAPI function instrumented: __itt_counter_inc
1707745 : 0x26f5ef04cf30ea : 2 : ittapi_config_apply_per_lib :  ITTAPI function instrumented: __itt_counter_inc_delta
1707745 : 0x26f5ef04cf3c41 : 2 : ittapi_config_apply_per_lib :  ITTAPI function instrumented: __itt_counter_dec
1707745 : 0x26f5ef04cf4759 : 2 : ittapi_config_apply_per_lib :  ITTAPI function instrumented: __itt_counter_dec_delta
1707745 : 0x26f5ef04cf52ae : 2 : ittapi_config_apply_per_lib :  ITTAPI function instrumented: __itt_counter_set_value
1707745 : 0x26f5ef04cf5db1 : 2 : ittapi_config_apply_per_lib :  ITTAPI function not implemented: __itt_counter_set_value_ex
1707745 : 0x26f5ef04cf69ae : 2 : ittapi_config_apply_per_lib :  ITTAPI function not implemented: __itt_mark_create
1707745 : 0x26f5ef04cf7568 : 2 : ittapi_config_apply_per_lib :  ITTAPI function not implemented: __itt_mark
1707745 : 0x26f5ef04cf8197 : 2 : ittapi_config_apply_per_lib :  ITTAPI function not implemented: __itt_mark_off
1707745 : 0x26f5ef04cfa0a0 : 2 : ittapi_config_apply_per_lib :  ITTAPI function not implemented: __itt_mark_global
1707745 : 0x26f5ef04cfae5c : 2 : ittapi_config_apply_per_lib :  ITTAPI function not implemented: __itt_mark_global_off
1707745 : 0x26f5ef04cfbada : 2 : ittapi_config_apply_per_lib :  ITTAPI function instrumented: __itt_stack_caller_create
1707745 : 0x26f5ef04cfc60a : 2 : ittapi_config_apply_per_lib :  ITTAPI function instrumented: __itt_stack_caller_destroy
1707745 : 0x26f5ef04cfd187 : 2 : ittapi_config_apply_per_lib :  ITTAPI function instrumented: __itt_stack_callee_enter
1707745 : 0x26f5ef04cfdc56 : 2 : ittapi_config_apply_per_lib :  ITTAPI function instrumented: __itt_stack_callee_leave
1707745 : 0x26f5ef04cfe8d9 : 2 : ittapi_config_apply_per_lib :  ITTAPI function not implemented: __itt_clock_domain_create
1707745 : 0x26f5ef04cff4c7 : 2 : ittapi_config_apply_per_lib :  ITTAPI function not implemented: __itt_clock_domain_reset
1707745 : 0x26f5ef04d000ec : 2 : ittapi_config_apply_per_lib :  ITTAPI function not implemented: __itt_id_create_ex
1707745 : 0x26f5ef04d00c97 : 2 : ittapi_config_apply_per_lib :  ITTAPI function not implemented: __itt_id_destroy_ex
1707745 : 0x26f5ef04d0328e : 2 : ittapi_config_apply_per_lib :  ITTAPI function not implemented: __itt_task_begin_ex
1707745 : 0x26f5ef04d03f49 : 2 : ittapi_config_apply_per_lib :  ITTAPI function not implemented: __itt_task_begin_fn_ex
1707745 : 0x26f5ef04d04ac4 : 2 : ittapi_config_apply_per_lib :  ITTAPI function not implemented: __itt_task_end_ex
1707745 : 0x26f5ef04d05688 : 2 : ittapi_config_apply_per_lib :  ITTAPI function instrumented: __itt_task_begin_overlapped
1707745 : 0x26f5ef04d06226 : 2 : ittapi_config_apply_per_lib :  ITTAPI function not implemented: __itt_task_begin_overlapped_ex
1707745 : 0x26f5ef04d06e0c : 2 : ittapi_config_apply_per_lib :  ITTAPI function instrumented: __itt_task_end_overlapped
1707745 : 0x26f5ef04d0798d : 2 : ittapi_config_apply_per_lib :  ITTAPI function not implemented: __itt_task_end_overlapped_ex
1707745 : 0x26f5ef04d08618 : 2 : ittapi_config_apply_per_lib :  ITTAPI function not implemented: __itt_marker_ex
1707745 : 0x26f5ef04d09338 : 2 : ittapi_config_apply_per_lib :  ITTAPI function not implemented: __itt_metadata_add_with_scope
1707745 : 0x26f5ef04d09fbd : 2 : ittapi_config_apply_per_lib :  ITTAPI function not implemented: __itt_metadata_str_add_with_scope
1707745 : 0x26f5ef04d0cb3f : 2 : ittapi_config_apply_per_lib :  ITTAPI function not implemented: __itt_relation_add_to_current_ex
1707745 : 0x26f5ef04d0d71e : 2 : ittapi_config_apply_per_lib :  ITTAPI function not implemented: __itt_relation_add_ex
1707745 : 0x26f5ef04d0e393 : 2 : ittapi_config_apply_per_lib :  ITTAPI function not implemented: __itt_track_group_create
1707745 : 0x26f5ef04d0ef01 : 2 : ittapi_config_apply_per_lib :  ITTAPI function not implemented: __itt_track_create
1707745 : 0x26f5ef04d0faa1 : 2 : ittapi_config_apply_per_lib :  ITTAPI function not implemented: __itt_set_track
1707745 : 0x26f5ef04d105b5 : 2 : ittapi_config_apply_per_lib :  ITTAPI function instrumented: __itt_api_version
1707745 : 0x26f5ef04d111ac : 2 : ittapi_config_apply_per_lib :  ITTAPI function not implemented: __itt_av_save
1707745 : 0x26f5ef04d11d04 : 2 : ittapi_config_apply_per_lib :  ITTAPI function instrumented: __itt_module_load
1707745 : 0x26f5ef04d12879 : 2 : ittapi_config_apply_per_lib :  ITTAPI function not implemented: __itt_module_unload