
1873880 : 0x2030a19ce620f0 : 1 : spill_jit_data :  Jit agent is not initialized
1873790 : 0x2030a19ce65d2d : 2 : ittapi_config_mask_get :  --itt-config mask to be applied: 55
1873790 : 0x2030a19ce67ba0 : 2 : ittapi_config_apply_per_lib :  ITTAPI function instrumented: __itt_domain_create
1873790 : 0x2030a19ce6872a : 2 : ittapi_config_apply_per_lib :  ITTAPI function instrumented: __itt_module_load_with_sections
1873790 : 0x2030a19ce69393 : 2 : ittapi_config_apply_per_lib :  ITTAPI function not implemented: __itt_module_unload_with_sections
1873790 : 0x2030a19ce69def : 2 : ittapi_config_apply_per_lib :  ITTAPI function instrumented: __itt_string_handle_create
1873790 : 0x2030a19ce6a662 : 2 : ittapi_config_apply_per_lib :  ITTAPI function instrumented: __itt_counter_create
1873790 : 0x2030a19ce6ae92 : 2 : ittapi_config_apply_per_lib :  ITTAPI function instrumented: __itt_counter_create_typed
1873790 : 0x2030a19ce6b686 : 2 : ittapi_config_apply_per_lib :  ITTAPI function instrumented: __itt_pause
1873790 : 0x2030a19ce6bea2 : 2 : ittapi_config_apply_per_lib :  ITTAPI function instrumented: __itt_resume
1873790 : 0x2030a19ce723a8 : 2 : ittapi_config_apply_per_lib :  ITTAPI function not implemented: __itt_pause_scoped
1873790 : 0x2030a19ce72d52 : 2 : ittapi_config_apply_per_lib :  ITTAPI function not implemented: __itt_resume_scoped
1873790 : 0x2030a19ce735f2 : 2 : ittapi_config_apply_per_lib :  ITTAPI function instrumented: __itt_thread_set_name
1873790 : 0x2030a19ce77f18 : 2 : ittapi_config_apply_per_lib :  ITTAPI function instrumented: __itt_thread_ignore
1873790 : 0x2030a19ce787bd : 2 : ittapi_config_apply_per_lib :  ITTAPI function instrumented: __itt_thr_name_set
1873790 : 0x2030a19ce78f9d : 2 : ittapi_config_apply_per_lib :  ITTAPI function instrumented: __itt_thr_ignore
1873790 : 0x2030a19ce7980d : 2 : ittapi_config_apply_per_lib :  ITTAPI function instrumented: __itt_histogram_create
1873790 : 0x2030a19ce79ffd : 2 : ittapi_config_apply_per_lib :  ITTAPI function instrumented: __itt_counter_create_v3
1873790 : 0x2030a19ce7a89c : 2 : ittapi_config_apply_per_lib :  ITTAPI function instrumented: __itt_bind_context_metadata_to_counter
1873790 : 0x2030a19ce7b105 : 2 : ittapi_config_apply_per_lib :  ITTAPI function not implemented: __itt_enable_attach
1873790 : 0x2030a19ce7d0d2 : 2 : ittapi_config_apply_per_lib :  ITTAPI function instrumented: __itt_detach
1873790 : 0x2030a19ce7d58d : 2 : ittapi_config_apply_per_lib :  ITTAPI function NOT instrumented (not matched by --itt-config option): __itt_sync_create

1873790 : 0x2030a19ce7d9f8 : 2 : ittapi_config_apply_per_lib :  ITTAPI function NOT instrumented (not matched by --itt-config option): __itt_sync_rename

1873790 : 0x2030a19ce7dda7 : 2 : ittapi_config_apply_per_lib :  ITTAPI function NOT instrumented (not matched by --itt-config option): __itt_sync_destroy

1873790 : 0x2030a19ce7e190 : 2 : ittapi_config_apply_per_lib :  ITTAPI function NOT instrumented (not matched by --itt-config option): __itt_sync_prepare

1873790 : 0x2030a19ce7e558 : 2 : ittapi_config_apply_per_lib :  ITTAPI function NOT instrumented (not matched by --itt-config option): __itt_sync_cancel

1873790 : 0x2030a19ce7e94d : 2 : ittapi_config_apply_per_lib :  ITTAPI function NOT instrumented (not matched by --itt-config option): __itt_sync_acquired

1873790 : 0x2030a19ce7ed1e : 2 : ittapi_config_apply_per_lib :  ITTAPI function NOT instrumented (not matched by --itt-config option): __itt_sync_releasing

1873790 : 0x2030a19ce7f583 : 2 : ittapi_config_apply_per_lib :  ITTAPI function not implemented: __itt_suppress_push
1873790 : 0x2030a19ce7ff42 : 2 : ittapi_config_apply_per_lib :  ITTAPI function not implemented: __itt_suppress_pop
1873790 : 0x2030a19ce8167d : 2 : ittapi_config_apply_per_lib :  ITTAPI function not implemented: __itt_suppress_mark_range
1873790 : 0x2030a19ce820ce : 2 : ittapi_config_apply_per_lib :  ITTAPI function not implemented: __itt_suppress_clear_range
1873790 : 0x2030a19ce8250a : 2 : ittapi_config_apply_per_lib :  ITTAPI function NOT instrumented (not matched by --itt-config option): __itt_sync_prepare

1873790 : 0x2030a19ce82994 : 2 : ittapi_config_apply_per_lib :  ITTAPI function NOT instrumented (not matched by --itt-config option): __itt_sync_cancel

1873790 : 0x2030a19ce82d35 : 2 : ittapi_config_apply_per_lib :  ITTAPI function NOT instrumented (not matched by --itt-config option): __itt_sync_acquired

1873790 : 0x2030a19ce830cd : 2 : ittapi_config_apply_per_lib :  ITTAPI function NOT instrumented (not matched by --itt-config option): __itt_sync_releasing

1873790 : 0x2030a19ce834df : 2 : ittapi_config_apply_per_lib :  ITTAPI function NOT instrumented (not matched by --itt-config option): __itt_model_site_begin

1873790 : 0x2030a19ce838c0 : 2 : ittapi_config_apply_per_lib :  ITTAPI function NOT instrumented (not matched by --itt-config option): __itt_model_site_end

1873790 : 0x2030a19ce83c8e : 2 : ittapi_config_apply_per_lib :  ITTAPI function NOT instrumented (not matched by --itt-config option): __itt_model_task_begin

1873790 : 0x2030a19ce84075 : 2 : ittapi_config_apply_per_lib :  ITTAPI function NOT instrumented (not matched by --itt-config option): __itt_model_task_end

1873790 : 0x2030a19ce85de8 : 2 : ittapi_config_apply_per_lib :  ITTAPI function NOT instrumented (not matched by --itt-config option): __itt_model_lock_acquire

1873790 : 0x2030a19ce86247 : 2 : ittapi_config_apply_per_lib :  ITTAPI function NOT instrumented (not matched by --itt-config option): __itt_model_lock_release

1873790 : 0x2030a19ce86638 : 2 : ittapi_config_apply_per_lib :  ITTAPI function NOT instrumented (not matched by --itt-config option): __itt_model_record_allocation

1873790 : 0x2030a19ce86a74 : 2 : ittapi_config_apply_per_lib :  ITTAPI function NOT instrumented (not matched by --itt-config option): __itt_model_record_deallocation

1873790 : 0x2030a19ce86e74 : 2 : ittapi_config_apply_per_lib :  ITTAPI function NOT instrumented (not matched by --itt-config option): __itt_model_induction_uses

1873790 : 0x2030a19ce87260 : 2 : ittapi_config_apply_per_lib :  ITTAPI function NOT instrumented (not matched by --itt-config option): __itt_model_reduction_uses

1873790 : 0x2030a19ce8767e : 2 : ittapi_config_apply_per_lib :  ITTAPI function NOT instrumented (not matched by --itt-config option): __itt_model_observe_uses

1873790 : 0x2030a19ce87a70 : 2 : ittapi_config_apply_per_lib :  ITTAPI function NOT instrumented (not matched by --itt-config option): __itt_model_clear_uses

1873790 : 0x2030a19ce87e74 : 2 : ittapi_config_apply_per_lib :  ITTAPI function NOT instrumented (not matched by --itt-config option): __itt_model_site_beginA

1873790 : 0x2030a19ce88255 : 2 : ittapi_config_apply_per_lib :  ITTAPI function NOT instrumented (not matched by --itt-config option): __itt_model_site_beginAL

1873790 : 0x2030a19ce89371 : 2 : ittapi_config_apply_per_lib :  ITTAPI function NOT instrumented (not matched by --itt-config option): __itt_model_task_beginA

1873790 : 0x2030a19ce897da : 2 : ittapi_config_apply_per_lib :  ITTAPI function NOT instrumented (not matched by --itt-config option): __itt_model_task_beginAL

1873790 : 0x2030a19ce89c2a : 2 : ittapi_config_apply_per_lib :  ITTAPI function NOT instrumented (not matched by --itt-config option): __itt_model_iteration_taskA

1873790 : 0x2030a19ce8a00c : 2 : ittapi_config_apply_per_lib :  ITTAPI function NOT instrumented (not matched by --itt-config option): __itt_model_iteration_taskAL

1873790 : 0x2030a19ce8a3f6 : 2 : ittapi_config_apply_per_lib :  ITTAPI function NOT instrumented (not matched by --itt-config option): __itt_model_site_end_2

1873790 : 0x2030a19ce8a8f0 : 2 : ittapi_config_apply_per_lib :  ITTAPI function NOT instrumented (not matched by --itt-config option): __itt_model_task_end_2

1873790 : 0x2030a19ce8acfd : 2 : ittapi_config_apply_per_lib :  ITTAPI function NOT instrumented (not matched by --itt-config option): __itt_model_lock_acquire_2

1873790 : 0x2030a19ce8b0ea : 2 : ittapi_config_apply_per_lib :  ITTAPI function NOT instrumented (not matched by --itt-config option): __itt_model_lock_release_2

1873790 : 0x2030a19ce8b4db : 2 : ittapi_config_apply_per_lib :  ITTAPI function NOT instrumented (not matched by --itt-config option): __itt_model_aggregate_task

1873790 : 0x2030a19ce8b96e : 2 : ittapi_config_apply_per_lib :  ITTAPI function NOT instrumented (not matched by --itt-config option): __itt_model_disable_push

1873790 : 0x2030a19ce8d170 : 2 : ittapi_config_apply_per_lib :  ITTAPI function NOT instrumented (not matched by --itt-config option): __itt_model_disable_pop

1873790 : 0x2030a19ce8dad3 : 2 : ittapi_config_apply_per_lib :  ITTAPI function instrumented: __itt_heap_function_create
1873790 : 0x2030a19ce8e34c : 2 : ittapi_config_apply_per_lib :  ITTAPI function instrumented: __itt_heap_allocate_begin
1873790 : 0x2030a19ce8eb91 : 2 : ittapi_config_apply_per_lib :  ITTAPI function instrumented: __itt_heap_allocate_end
1873790 : 0x2030a19ce8f372 : 2 : ittapi_config_apply_per_lib :  ITTAPI function instrumented: __itt_heap_free_begin
1873790 : 0x2030a19ce8fb77 : 2 : ittapi_config_apply_per_lib :  ITTAPI function instrumented: __itt_heap_free_end
1873790 : 0x2030a19ce9037a : 2 : ittapi_config_apply_per_lib :  ITTAPI function instrumented: __itt_heap_reallocate_begin
1873790 : 0x2030a19ce90b9d : 2 : ittapi_config_apply_per_lib :  ITTAPI function instrumented: __itt_heap_reallocate_end
1873790 : 0x2030a19ce9146f : 2 : ittapi_config_apply_per_lib :  ITTAPI function not implemented: __itt_heap_internal_access_begin
1873790 : 0x2030a19ce91d7c : 2 : ittapi_config_apply_per_lib :  ITTAPI function not implemented: __itt_heap_internal_access_end
1873790 : 0x2030a19ce9352a : 2 : ittapi_config_apply_per_lib :  ITTAPI function not implemented: __itt_heap_record_memory_growth_begin
1873790 : 0x2030a19ce93e57 : 2 : ittapi_config_apply_per_lib :  ITTAPI function not implemented: __itt_heap_record_memory_growth_end
1873790 : 0x2030a19ce946e8 : 2 : ittapi_config_apply_per_lib :  ITTAPI function not implemented: __itt_heap_reset_detection
1873790 : 0x2030a19ce95040 : 2 : ittapi_config_apply_per_lib :  ITTAPI function not implemented: __itt_heap_record
1873790 : 0x2030a19ce958e9 : 2 : ittapi_config_apply_per_lib :  ITTAPI function not implemented: __itt_id_create
1873790 : 0x2030a19ce9612c : 2 : ittapi_config_apply_per_lib :  ITTAPI function not implemented: __itt_id_destroy
1873790 : 0x2030a19ce96911 : 2 : ittapi_config_apply_per_lib :  ITTAPI function instrumented: __itt_get_timestamp
1873790 : 0x2030a19ce97190 : 2 : ittapi_config_apply_per_lib :  ITTAPI function not implemented: __itt_region_begin
1873790 : 0x2030a19ce97a2a : 2 : ittapi_config_apply_per_lib :  ITTAPI function not implemented: __itt_region_end
1873790 : 0x2030a19ce98214 : 2 : ittapi_config_apply_per_lib :  ITTAPI function instrumented: __itt_frame_begin_v3
1873790 : 0x2030a19ce999d4 : 2 : ittapi_config_apply_per_lib :  ITTAPI function instrumented: __itt_frame_end_v3
1873790 : 0x2030a19ce9a32c : 2 : ittapi_config_apply_per_lib :  ITTAPI function instrumented: __itt_frame_submit_v3
1873790 : 0x2030a19ce9ac8f : 2 : ittapi_config_apply_per_lib :  ITTAPI function not implemented: __itt_task_group
1873790 : 0x2030a19ce9b52a : 2 : ittapi_config_apply_per_lib :  ITTAPI function instrumented: __itt_task_begin
1873790 : 0x2030a19ce9bce9 : 2 : ittapi_config_apply_per_lib :  ITTAPI function instrumented: __itt_task_begin_fn
1873790 : 0x2030a19ce9c4ab : 2 : ittapi_config_apply_per_lib :  ITTAPI function instrumented: __itt_task_end
1873790 : 0x2030a19ce9cd68 : 2 : ittapi_config_apply_per_lib :  ITTAPI function not implemented: __itt_counter_inc_v3
1873790 : 0x2030a19ce9d631 : 2 : ittapi_config_apply_per_lib :  ITTAPI function not implemented: __itt_counter_inc_delta_v3
1873790 : 0x2030a19ce9de2f : 2 : ittapi_config_apply_per_lib :  ITTAPI function not implemented: __itt_counter_dec_v3
1873790 : 0x2030a19ce9e63a : 2 : ittapi_config_apply_per_lib :  ITTAPI function not implemented: __itt_counter_dec_delta_v3
1873790 : 0x2030a19ce9fdd3 : 2 : ittapi_config_apply_per_lib :  ITTAPI function not implemented: __itt_marker
1873790 : 0x2030a19cea060d : 2 : ittapi_config_apply_per_lib :  ITTAPI function instrumented: __itt_metadata_add
1873790 : 0x2030a19cea0e65 : 2 : ittapi_config_apply_per_lib :  ITTAPI function not implemented: __itt_metadata_str_add
1873790 : 0x2030a19cea1664 : 2 : ittapi_config_apply_per_lib :  ITTAPI function not implemented: __itt_relation_add_to_current
1873790 : 0x2030a19cea1ed1 : 2 : ittapi_config_apply_per_lib :  ITTAPI function not implemented: __itt_relation_add
1873790 : 0x2030a19cea2694 : 2 : ittapi_config_apply_per_lib :  ITTAPI function instrumented: __itt_event_create
1873790 : 0x2030a19cea2e73 : 2 : ittapi_config_apply_per_lib :  ITTAPI function instrumented: __itt_event_start
1873790 : 0x2030a19cea35ff : 2 : ittapi_config_apply_per_lib :  ITTAPI function instrumented: __itt_event_end
1873790 : 0x2030a19cea39dc : 2 : ittapi_config_apply_per_lib :  ITTAPI function NOT instrumented (not matched by --itt-config option): __itt_sync_set_name

1873790 : 0x2030a19cea3e33 : 2 : ittapi_config_apply_per_lib :  ITTAPI function NOT instrumented (not matched by --itt-config option): __itt_notify_sync_name

1873790 : 0x2030a19cea54fb : 2 : ittapi_config_apply_per_lib :  ITTAPI function NOT instrumented (not matched by --itt-config option): __itt_notify_sync_prepare

1873790 : 0x2030a19cea5941 : 2 : ittapi_config_apply_per_lib :  ITTAPI function NOT instrumented (not matched by --itt-config option): __itt_notify_sync_cancel

1873790 : 0x2030a19cea5d12 : 2 : ittapi_config_apply_per_lib :  ITTAPI function NOT instrumented (not matched by --itt-config option): __itt_notify_sync_acquired

1873790 : 0x2030a19cea609c : 2 : ittapi_config_apply_per_lib :  ITTAPI function NOT instrumented (not matched by --itt-config option): __itt_notify_sync_releasing

1873790 : 0x2030a19cea69b5 : 2 : ittapi_config_apply_per_lib :  ITTAPI function not implemented: __itt_memory_read
1873790 : 0x2030a19cea71fb : 2 : ittapi_config_apply_per_lib :  ITTAPI function not implemented: __itt_memory_write
1873790 : 0x2030a19cea7a2f : 2 : ittapi_config_apply_per_lib :  ITTAPI function not implemented: __itt_memory_update
1873790 : 0x2030a19cea8229 : 2 : ittapi_config_apply_per_lib :  ITTAPI function not implemented: __itt_state_get
1873790 : 0x2030a19cea8a63 : 2 : ittapi_config_apply_per_lib :  ITTAPI function not implemented: __itt_state_set
1873790 : 0x2030a19cea92b6 : 2 : ittapi_config_apply_per_lib :  ITTAPI function not implemented: __itt_obj_mode_set
1873790 : 0x2030a19ceaa8e5 : 2 : ittapi_config_apply_per_lib :  ITTAPI function not implemented: __itt_thr_mode_set
1873790 : 0x2030a19ceab125 : 2 : ittapi_config_apply_per_lib :  ITTAPI function instrumented: __itt_frame_create
1873790 : 0x2030a19ceab90c : 2 : ittapi_config_apply_per_lib :  ITTAPI function instrumented: __itt_pt_region_create
1873790 : 0x2030a19ceac127 : 2 : ittapi_config_apply_per_lib :  ITTAPI function instrumented: __itt_frame_begin
1873790 : 0x2030a19ceac8c0 : 2 : ittapi_config_apply_per_lib :  ITTAPI function instrumented: __itt_frame_end
1873790 : 0x2030a19cead18e : 2 : ittapi_config_apply_per_lib :  ITTAPI function not implemented: __itt_counter_destroy
1873790 : 0x2030a19cead949 : 2 : ittapi_config_apply_per_lib :  ITTAPI function instrumented: __itt_counter_inc
1873790 : 0x2030a19ceae139 : 2 : ittapi_config_apply_per_lib :  ITTAPI function instrumented: __itt_counter_inc_delta
1873790 : 0x2030a19ceae8f1 : 2 : ittapi_config_apply_per_lib :  ITTAPI function instrumented: __itt_counter_dec
1873790 : 0x2030a19ceaf0b0 : 2 : ittapi_config_apply_per_lib :  ITTAPI function instrumented: __itt_counter_dec_delta
1873790 : 0x2030a19ceb0624 : 2 : ittapi_config_apply_per_lib :  ITTAPI function instrumented: __itt_counter_set_value
1873790 : 0x2030a19ceb0e95 : 2 : ittapi_config_apply_per_lib :  ITTAPI function not implemented: __itt_counter_set_value_ex
1873790 : 0x2030a19ceb16c0 : 2 : ittapi_config_apply_per_lib :  ITTAPI function not implemented: __itt_mark_create
1873790 : 0x2030a19ceb1edc : 2 : ittapi_config_apply_per_lib :  ITTAPI function not implemented: __itt_mark
1873790 : 0x2030a19ceb2776 : 2 : ittapi_config_apply_per_lib :  ITTAPI function not implemented: __itt_mark_off
1873790 : 0x2030a19ceb2f94 : 2 : ittapi_config_apply_per_lib :  ITTAPI function not implemented: __itt_mark_global
1873790 : 0x2030a19ceb3789 : 2 : ittapi_config_apply_per_lib :  ITTAPI function not implemented: __itt_mark_global_off
1873790 : 0x2030a19ceb3fef : 2 : ittapi_config_apply_per_lib :  ITTAPI function instrumented: __itt_stack_caller_create
1873790 : 0x2030a19ceb480b : 2 : ittapi_config_apply_per_lib :  ITTAPI function instrumented: __itt_stack_caller_destroy
1873790 : 0x2030a19ceb501f : 2 : ittapi_config_apply_per_lib :  ITTAPI function instrumented: __itt_stack_callee_enter
1873790 : 0x2030a19ceb6d0a : 2 : ittapi_config_apply_per_lib :  ITTAPI function instrumented: __itt_stack_callee_leave
1873790 : 0x2030a19ceb75fb : 2 : ittapi_config_apply_per_lib :  ITTAPI function not implemented: __itt_clock_domain_create
1873790 : 0x2030a19ceb7e91 : 2 : ittapi_config_apply_per_lib :  ITTAPI function not implemented: __itt_clock_domain_reset
1873790 : 0x2030a19ceb8718 : 2 : ittapi_config_apply_per_lib :  ITTAPI function not implemented: __itt_id_create_ex
1873790 : 0x2030a19ceb8fa4 : 2 : ittapi_config_apply_per_lib :  ITTAPI function not implemented: __itt_id_destroy_ex
1873790 : 0x2030a19ceb9824 : 2 : ittapi_config_apply_per_lib :  ITTAPI function not implemented: __itt_task_begin_ex
1873790 : 0x2030a19ceba096 : 2 : ittapi_config_apply_per_lib :  ITTAPI function not implemented: __itt_task_begin_fn_ex
1873790 : 0x2030a19ceba8f5 : 2 : ittapi_config_apply_per_lib :  ITTAPI function not implemented: __itt_task_end_ex
1873790 : 0x2030a19cebb124 : 2 : ittapi_config_apply_per_lib :  ITTAPI function instrumented: __itt_task_begin_overlapped
1873790 : 0x2030a19cebb95e : 2 : ittapi_config_apply_per_lib :  ITTAPI function not implemented: __itt_task_begin_overlapped_ex
1873790 : 0x2030a19cebcfad : 2 : ittapi_config_apply_per_lib :  ITTAPI function instrumented: __itt_task_end_overlapped
1873790 : 0x2030a19cebd834 : 2 : ittapi_config_apply_per_lib :  ITTAPI function not implemented: __itt_task_end_overlapped_ex
1873790 : 0x2030a19cebe073 : 2 : ittapi_config_apply_per_lib :  ITTAPI function not implemented: __itt_marker_ex
1873790 : 0x2030a19cebe978 : 2 : ittapi_config_apply_per_lib :  ITTAPI function not implemented: __itt_metadata_add_with_scope
1873790 : 0x2030a19cebf23c : 2 : ittapi_config_apply_per_lib :  ITTAPI function not implemented: __itt_metadata_str_add_with_scope
1873790 : 0x2030a19cebfa88 : 2 : ittapi_config_apply_per_lib :  ITTAPI function not implemented: __itt_relation_add_to_current_ex
1873790 : 0x2030a19cec02d5 : 2 : ittapi_config_apply_per_lib :  ITTAPI function not implemented: __itt_relation_add_ex
1873790 : 0x2030a19cec0b35 : 2 : ittapi_config_apply_per_lib :  ITTAPI function not implemented: __itt_track_group_create
1873790 : 0x2030a19cec1370 : 2 : ittapi_config_apply_per_lib :  ITTAPI function not implemented: __itt_track_create
1873790 : 0x2030a19cec1b79 : 2 : ittapi_config_apply_per_lib :  ITTAPI function not implemented: __itt_set_track
1873790 : 0x2030a19cec31cb : 2 : ittapi_config_apply_per_lib :  ITTAPI function instrumented: __itt_api_version
1873790 : 0x2030a19cec3ac9 : 2 : ittapi_config_apply_per_lib :  ITTAPI function not implemented: __itt_av_save
1873790 : 0x2030a19cec42c3 : 2 : ittapi_config_apply_per_lib :  ITTAPI function instrumented: __itt_module_load
1873790 : 0x2030a19cec4b2b : 2 : ittapi_config_apply_per_lib :  ITTAPI function not implemented: __itt_module_unload
1873790 : 0x2030a19cec4f62 : 2 : ittapi_config_apply_per_lib :  ITTAPI function NOT instrumented (not matched by --itt-config option): __itt_histogram_submit

1873790 : 0x2030a19cec581b : 2 : ittapi_config_apply_per_lib :  ITTAPI function instrumented: __itt_counter_set_value_v3
1873790 : 0x2030a19cee95a8 : 2 : ittapi_config_mask_get :  --itt-config mask to be applied: 55
1873790 : 0x2030a19ceea149 : 2 : ittapi_config_apply_per_lib :  ITTAPI function instrumented: __itt_domain_create
1873790 : 0x2030a19ceeaa03 : 2 : ittapi_config_apply_per_lib :  ITTAPI function instrumented: __itt_module_load_with_sections
1873790 : 0x2030a19ceeb322 : 2 : ittapi_config_apply_per_lib :  ITTAPI function not implemented: __itt_module_unload_with_sections
1873790 : 0x2030a19ceed84f : 2 : ittapi_config_apply_per_lib :  ITTAPI function instrumented: __itt_string_handle_create
1873790 : 0x2030a19ceee09c : 2 : ittapi_config_apply_per_lib :  ITTAPI function instrumented: __itt_counter_create
1873790 : 0x2030a19ceee8ce : 2 : ittapi_config_apply_per_lib :  ITTAPI function instrumented: __itt_counter_create_typed
1873790 : 0x2030a19ceef08e : 2 : ittapi_config_apply_per_lib :  ITTAPI function instrumented: __itt_pause
1873790 : 0x2030a19ceef8d5 : 2 : ittapi_config_apply_per_lib :  ITTAPI function instrumented: __itt_resume
1873790 : 0x2030a19cef0152 : 2 : ittapi_config_apply_per_lib :  ITTAPI function not implemented: __itt_pause_scoped
1873790 : 0x2030a19cef0a1d : 2 : ittapi_config_apply_per_lib :  ITTAPI function not implemented: __itt_resume_scoped
1873790 : 0x2030a19cef1231 : 2 : ittapi_config_apply_per_lib :  ITTAPI function instrumented: __itt_thread_set_name
1873790 : 0x2030a19cef1a3b : 2 : ittapi_config_apply_per_lib :  ITTAPI function instrumented: __itt_thread_ignore
1873790 : 0x2030a19cef21a9 : 2 : ittapi_config_apply_per_lib :  ITTAPI function instrumented: __itt_thr_name_set
1873790 : 0x2030a19cef37e4 : 2 : ittapi_config_apply_per_lib :  ITTAPI function instrumented: __itt_thr_ignore
1873790 : 0x2030a19cef4070 : 2 : ittapi_config_apply_per_lib :  ITTAPI function instrumented: __itt_histogram_create
1873790 : 0x2030a19cef47de : 2 : ittapi_config_apply_per_lib :  ITTAPI function instrumented: __itt_counter_create_v3
1873790 : 0x2030a19cef509f : 2 : ittapi_config_apply_per_lib :  ITTAPI function instrumented: __itt_bind_context_metadata_to_counter
1873790 : 0x2030a19cef593e : 2 : ittapi_config_apply_per_lib :  ITTAPI function not implemented: __itt_enable_attach
1873790 : 0x2030a19cef613a : 2 : ittapi_config_apply_per_lib :  ITTAPI function instrumented: __itt_detach
1873790 : 0x2030a19cef6589 : 2 : ittapi_config_apply_per_lib :  ITTAPI function NOT instrumented (not matched by --itt-config option): __itt_sync_create

1873790 : 0x2030a19cef69b9 : 2 : ittapi_config_apply_per_lib :  ITTAPI function NOT instrumented (not matched by --itt-config option): __itt_sync_rename

1873790 : 0x2030a19cef6e17 : 2 : ittapi_config_apply_per_lib :  ITTAPI function NOT instrumented (not matched by --itt-config option): __itt_sync_destroy

1873790 : 0x2030a19cef721b : 2 : ittapi_config_apply_per_lib :  ITTAPI function NOT instrumented (not matched by --itt-config option): __itt_sync_prepare

1873790 : 0x2030a19cef8352 : 2 : ittapi_config_apply_per_lib :  ITTAPI function NOT instrumented (not matched by --itt-config option): __itt_sync_cancel

1873790 : 0x2030a19cef87d9 : 2 : ittapi_config_apply_per_lib :  ITTAPI function NOT instrumented (not matched by --itt-config option): __itt_sync_acquired

1873790 : 0x2030a19cef8ba9 : 2 : ittapi_config_apply_per_lib :  ITTAPI function NOT instrumented (not matched by --itt-config option): __itt_sync_releasing

1873790 : 0x2030a19cef94fb : 2 : ittapi_config_apply_per_lib :  ITTAPI function not implemented: __itt_suppress_push
1873790 : 0x2030a19cef9ded : 2 : ittapi_config_apply_per_lib :  ITTAPI function not implemented: __itt_suppress_pop
1873790 : 0x2030a19cefa674 : 2 : ittapi_config_apply_per_lib :  ITTAPI function not implemented: __itt_suppress_mark_range
1873790 : 0x2030a19cefaf0f : 2 : ittapi_config_apply_per_lib :  ITTAPI function not implemented: __itt_suppress_clear_range
1873790 : 0x2030a19cefb2f2 : 2 : ittapi_config_apply_per_lib :  ITTAPI function NOT instrumented (not matched by --itt-config option): __itt_sync_prepare

1873790 : 0x2030a19cefb740 : 2 : ittapi_config_apply_per_lib :  ITTAPI function NOT instrumented (not matched by --itt-config option): __itt_sync_cancel

1873790 : 0x2030a19cefbb4f : 2 : ittapi_config_apply_per_lib :  ITTAPI function NOT instrumented (not matched by --itt-config option): __itt_sync_acquired

1873790 : 0x2030a19cefcd1d : 2 : ittapi_config_apply_per_lib :  ITTAPI function NOT instrumented (not matched by --itt-config option): __itt_sync_releasing

1873790 : 0x2030a19cefd176 : 2 : ittapi_config_apply_per_lib :  ITTAPI function NOT instrumented (not matched by --itt-config option): __itt_model_site_begin

1873790 : 0x2030a19cefd55a : 2 : ittapi_config_apply_per_lib :  ITTAPI function NOT instrumented (not matched by --itt-config option): __itt_model_site_end

1873790 : 0x2030a19cefd923 : 2 : ittapi_config_apply_per_lib :  ITTAPI function NOT instrumented (not matched by --itt-config option): __itt_model_task_begin

1873790 : 0x2030a19cefdd7a : 2 : ittapi_config_apply_per_lib :  ITTAPI function NOT instrumented (not matched by --itt-config option): __itt_model_task_end

1873790 : 0x2030a19cefe7a3 : 2 : ittapi_config_apply_per_lib :  ITTAPI function NOT instrumented (not matched by --itt-config option): __itt_model_lock_acquire

1873790 : 0x2030a19cefebc8 : 2 : ittapi_config_apply_per_lib :  ITTAPI function NOT instrumented (not matched by --itt-config option): __itt_model_lock_release

1873790 : 0x2030a19cefefa5 : 2 : ittapi_config_apply_per_lib :  ITTAPI function NOT instrumented (not matched by --itt-config option): __itt_model_record_allocation

1873790 : 0x2030a19ceff3dc : 2 : ittapi_config_apply_per_lib :  ITTAPI function NOT instrumented (not matched by --itt-config option): __itt_model_record_deallocation

1873790 : 0x2030a19ceff76a : 2 : ittapi_config_apply_per_lib :  ITTAPI function NOT instrumented (not matched by --itt-config option): __itt_model_induction_uses

1873790 : 0x2030a19cf00ec5 : 2 : ittapi_config_apply_per_lib :  ITTAPI function NOT instrumented (not matched by --itt-config option): __itt_model_reduction_uses

1873790 : 0x2030a19cf012d3 : 2 : ittapi_config_apply_per_lib :  ITTAPI function NOT instrumented (not matched by --itt-config option): __itt_model_observe_uses

1873790 : 0x2030a19cf016ba : 2 : ittapi_config_apply_per_lib :  ITTAPI function NOT instrumented (not matched by --itt-config option): __itt_model_clear_uses

1873790 : 0x2030a19cf01a64 : 2 : ittapi_config_apply_per_lib :  ITTAPI function NOT instrumented (not matched by --itt-config option): __itt_model_site_beginA

1873790 : 0x2030a19cf01e62 : 2 : ittapi_config_apply_per_lib :  ITTAPI function NOT instrumented (not matched by --itt-config option): __itt_model_site_beginAL

1873790 : 0x2030a19cf0223d : 2 : ittapi_config_apply_per_lib :  ITTAPI function NOT instrumented (not matched by --itt-config option): __itt_model_task_beginA

1873790 : 0x2030a19cf0262b : 2 : ittapi_config_apply_per_lib :  ITTAPI function NOT instrumented (not matched by --itt-config option): __itt_model_task_beginAL

1873790 : 0x2030a19cf029ca : 2 : ittapi_config_apply_per_lib :  ITTAPI function NOT instrumented (not matched by --itt-config option): __itt_model_iteration_taskA

1873790 : 0x2030a19cf02dca : 2 : ittapi_config_apply_per_lib :  ITTAPI function NOT instrumented (not matched by --itt-config option): __itt_model_iteration_taskAL

1873790 : 0x2030a19cf031d1 : 2 : ittapi_config_apply_per_lib :  ITTAPI function NOT instrumented (not matched by --itt-config option): __itt_model_site_end_2

1873790 : 0x2030a19cf042fa : 2 : ittapi_config_apply_per_lib :  ITTAPI function NOT instrumented (not matched by --itt-config option): __itt_model_task_end_2

1873790 : 0x2030a19cf046d0 : 2 : ittapi_config_apply_per_lib :  ITTAPI function NOT instrumented (not matched by --itt-config option): __itt_model_lock_acquire_2

1873790 : 0x2030a19cf04a58 : 2 : ittapi_config_apply_per_lib :  ITTAPI function NOT instrumented (not matched by --itt-config option): __itt_model_lock_release_2

1873790 : 0x2030a19cf04df1 : 2 : ittapi_config_apply_per_lib :  ITTAPI function NOT instrumented (not matched by --itt-config option): __itt_model_aggregate_task

1873790 : 0x2030a19cf0528d : 2 : ittapi_config_apply_per_lib :  ITTAPI function NOT instrumented (not matched by --itt-config option): __itt_model_disable_push

1873790 : 0x2030a19cf05648 : 2 : ittapi_config_apply_per_lib :  ITTAPI function NOT instrumented (not matched by --itt-config option): __itt_model_disable_pop

1873790 : 0x2030a19cf05efd : 2 : ittapi_config_apply_per_lib :  ITTAPI function instrumented: __itt_heap_function_create
1873790 : 0x2030a19cf06756 : 2 : ittapi_config_apply_per_lib :  ITTAPI function instrumented: __itt_heap_allocate_begin
1873790 : 0x2030a19cf06e9e : 2 : ittapi_config_apply_per_lib :  ITTAPI function instrumented: __itt_heap_allocate_end
1873790 : 0x2030a19cf07664 : 2 : ittapi_config_apply_per_lib :  ITTAPI function instrumented: __itt_heap_free_begin
1873790 : 0x2030a19cf0922b : 2 : ittapi_config_apply_per_lib :  ITTAPI function instrumented: __itt_heap_free_end
1873790 : 0x2030a19cf09a74 : 2 : ittapi_config_apply_per_lib :  ITTAPI function instrumented: __itt_heap_reallocate_begin
1873790 : 0x2030a19cf0a256 : 2 : ittapi_config_apply_per_lib :  ITTAPI function instrumented: __itt_heap_reallocate_end
1873790 : 0x2030a19cf0ab05 : 2 : ittapi_config_apply_per_lib :  ITTAPI function not implemented: __itt_heap_internal_access_begin
1873790 : 0x2030a19cf0b3e4 : 2 : ittapi_config_apply_per_lib :  ITTAPI function not implemented: __itt_heap_internal_access_end
1873790 : 0x2030a19cf0bc48 : 2 : ittapi_config_apply_per_lib :  ITTAPI function not implemented: __itt_heap_record_memory_growth_begin
1873790 : 0x2030a19cf0c4f4 : 2 : ittapi_config_apply_per_lib :  ITTAPI function not implemented: __itt_heap_record_memory_growth_end
1873790 : 0x2030a19cf0cd5a : 2 : ittapi_config_apply_per_lib :  ITTAPI function not implemented: __itt_heap_reset_detection
1873790 : 0x2030a19cf0d627 : 2 : ittapi_config_apply_per_lib :  ITTAPI function not implemented: __itt_heap_record
1873790 : 0x2030a19cf0de81 : 2 : ittapi_config_apply_per_lib :  ITTAPI function not implemented: __itt_id_create
1873790 : 0x2030a19cf0f484 : 2 : ittapi_config_apply_per_lib :  ITTAPI function not implemented: __itt_id_destroy
1873790 : 0x2030a19cf0fd20 : 2 : ittapi_config_apply_per_lib :  ITTAPI function instrumented: __itt_get_timestamp
1873790 : 0x2030a19cf104d8 : 2 : ittapi_config_apply_per_lib :  ITTAPI function not implemented: __itt_region_begin
1873790 : 0x2030a19cf10dcb : 2 : ittapi_config_apply_per_lib :  ITTAPI function not implemented: __itt_region_end
1873790 : 0x2030a19cf115bb : 2 : ittapi_config_apply_per_lib :  ITTAPI function instrumented: __itt_frame_begin_v3
1873790 : 0x2030a19cf11e6f : 2 : ittapi_config_apply_per_lib :  ITTAPI function instrumented: __itt_frame_end_v3
1873790 : 0x2030a19cf12628 : 2 : ittapi_config_apply_per_lib :  ITTAPI function instrumented: __itt_frame_submit_v3
1873790 : 0x2030a19cf12f08 : 2 : ittapi_config_apply_per_lib :  ITTAPI function not implemented: __itt_task_group
1873790 : 0x2030a19cf1370b : 2 : ittapi_config_apply_per_lib :  ITTAPI function instrumented: __itt_task_begin
1873790 : 0x2030a19cf13f5f : 2 : ittapi_config_apply_per_lib :  ITTAPI function instrumented: __itt_task_begin_fn
1873790 : 0x2030a19cf154d8 : 2 : ittapi_config_apply_per_lib :  ITTAPI function instrumented: __itt_task_end
1873790 : 0x2030a19cf15d72 : 2 : ittapi_config_apply_per_lib :  ITTAPI function not implemented: __itt_counter_inc_v3
1873790 : 0x2030a19cf16685 : 2 : ittapi_config_apply_per_lib :  ITTAPI function not implemented: __itt_counter_inc_delta_v3
1873790 : 0x2030a19cf16eae : 2 : ittapi_config_apply_per_lib :  ITTAPI function not implemented: __itt_counter_dec_v3
1873790 : 0x2030a19cf17723 : 2 : ittapi_config_apply_per_lib :  ITTAPI function not implemented: __itt_counter_dec_delta_v3
1873790 : 0x2030a19cf17f82 : 2 : ittapi_config_apply_per_lib :  ITTAPI function not implemented: __itt_marker
1873790 : 0x2030a19cf187ea : 2 : ittapi_config_apply_per_lib :  ITTAPI function instrumented: __itt_metadata_add
1873790 : 0x2030a19cf1904e : 2 : ittapi_config_apply_per_lib :  ITTAPI function not implemented: __itt_metadata_str_add
1873790 : 0x2030a19cf198c9 : 2 : ittapi_config_apply_per_lib :  ITTAPI function not implemented: __itt_relation_add_to_current
1873790 : 0x2030a19cf1a0eb : 2 : ittapi_config_apply_per_lib :  ITTAPI function not implemented: __itt_relation_add
1873790 : 0x2030a19cf1b668 : 2 : ittapi_config_apply_per_lib :  ITTAPI function instrumented: __itt_event_create
1873790 : 0x2030a19cf1bf2d : 2 : ittapi_config_apply_per_lib :  ITTAPI function instrumented: __itt_event_start
1873790 : 0x2030a19cf1c6bc : 2 : ittapi_config_apply_per_lib :  ITTAPI function instrumented: __itt_event_end
1873790 : 0x2030a19cf1cb25 : 2 : ittapi_config_apply_per_lib :  ITTAPI function NOT instrumented (not matched by --itt-config option): __itt_sync_set_name

1873790 : 0x2030a19cf1cf67 : 2 : ittapi_config_apply_per_lib :  ITTAPI function NOT instrumented (not matched by --itt-config option): __itt_notify_sync_name

1873790 : 0x2030a19cf1d36a : 2 : ittapi_config_apply_per_lib :  ITTAPI function NOT instrumented (not matched by --itt-config option): __itt_notify_sync_prepare

1873790 : 0x2030a19cf1d759 : 2 : ittapi_config_apply_per_lib :  ITTAPI function NOT instrumented (not matched by --itt-config option): __itt_notify_sync_cancel

1873790 : 0x2030a19cf1db9c : 2 : ittapi_config_apply_per_lib :  ITTAPI function NOT instrumented (not matched by --itt-config option): __itt_notify_sync_acquired

1873790 : 0x2030a19cf1df9e : 2 : ittapi_config_apply_per_lib :  ITTAPI function NOT instrumented (not matched by --itt-config option): __itt_notify_sync_releasing

1873790 : 0x2030a19cf1e7d1 : 2 : ittapi_config_apply_per_lib :  ITTAPI function not implemented: __itt_memory_read
1873790 : 0x2030a19cf2041a : 2 : ittapi_config_apply_per_lib :  ITTAPI function not implemented: __itt_memory_write
1873790 : 0x2030a19cf20d24 : 2 : ittapi_config_apply_per_lib :  ITTAPI function not implemented: __itt_memory_update
1873790 : 0x2030a19cf21509 : 2 : ittapi_config_apply_per_lib :  ITTAPI function not implemented: __itt_state_get
1873790 : 0x2030a19cf21d7e : 2 : ittapi_config_apply_per_lib :  ITTAPI function not implemented: __itt_state_set
1873790 : 0x2030a19cf225ce : 2 : ittapi_config_apply_per_lib :  ITTAPI function not implemented: __itt_obj_mode_set
1873790 : 0x2030a19cf22e3a : 2 : ittapi_config_apply_per_lib :  ITTAPI function not implemented: __itt_thr_mode_set
1873790 : 0x2030a19cf235c7 : 2 : ittapi_config_apply_per_lib :  ITTAPI function instrumented: __itt_frame_create
1873790 : 0x2030a19cf23dc6 : 2 : ittapi_config_apply_per_lib :  ITTAPI function instrumented: __itt_pt_region_create
1873790 : 0x2030a19cf2458f : 2 : ittapi_config_apply_per_lib :  ITTAPI function instrumented: __itt_frame_begin
1873790 : 0x2030a19cf24def : 2 : ittapi_config_apply_per_lib :  ITTAPI function instrumented: __itt_frame_end
1873790 : 0x2030a19cf26431 : 2 : ittapi_config_apply_per_lib :  ITTAPI function not implemented: __itt_counter_destroy
1873790 : 0x2030a19cf26c45 : 2 : ittapi_config_apply_per_lib :  ITTAPI function instrumented: __itt_counter_inc
1873790 : 0x2030a19cf27465 : 2 : ittapi_config_apply_per_lib :  ITTAPI function instrumented: __itt_counter_inc_delta
1873790 : 0x2030a19cf27bda : 2 : ittapi_config_apply_per_lib :  ITTAPI function instrumented: __itt_counter_dec
1873790 : 0x2030a19cf283d6 : 2 : ittapi_config_apply_per_lib :  ITTAPI function instrumented: __itt_counter_dec_delta
1873790 : 0x2030a19cf28b3a : 2 : ittapi_config_apply_per_lib :  ITTAPI function instrumented: __itt_counter_set_value
1873790 : 0x2030a19cf29385 : 2 : ittapi_config_apply_per_lib :  ITTAPI function not implemented: __itt_counter_set_value_ex
1873790 : 0x2030a19cf29b85 : 2 : ittapi_config_apply_per_lib :  ITTAPI function not implemented: __itt_mark_create
1873790 : 0x2030a19cf2a446 : 2 : ittapi_config_apply_per_lib :  ITTAPI function not implemented: __itt_mark
1873790 : 0x2030a19cf2ac88 : 2 : ittapi_config_apply_per_lib :  ITTAPI function not implemented: __itt_mark_off
1873790 : 0x2030a19cf2c2f3 : 2 : ittapi_config_apply_per_lib :  ITTAPI function not implemented: __itt_mark_global
1873790 : 0x2030a19cf2cc18 : 2 : ittapi_config_apply_per_lib :  ITTAPI function not implemented: __itt_mark_global_off
1873790 : 0x2030a19cf2d45a : 2 : ittapi_config_apply_per_lib :  ITTAPI function instrumented: __itt_stack_caller_create
1873790 : 0x2030a19cf2dcb0 : 2 : ittapi_config_apply_per_lib :  ITTAPI function instrumented: __itt_stack_caller_destroy
1873790 : 0x2030a19cf2e47a : 2 : ittapi_config_apply_per_lib :  ITTAPI function instrumented: __itt_stack_callee_enter
1873790 : 0x2030a19cf2ec81 : 2 : ittapi_config_apply_per_lib :  ITTAPI function instrumented: __itt_stack_callee_leave
1873790 : 0x2030a19cf2f4a6 : 2 : ittapi_config_apply_per_lib :  ITTAPI function not implemented: __itt_clock_domain_create
1873790 : 0x2030a19cf2fd21 : 2 : ittapi_config_apply_per_lib :  ITTAPI function not implemented: __itt_clock_domain_reset
1873790 : 0x2030a19cf30556 : 2 : ittapi_config_apply_per_lib :  ITTAPI function not implemented: __itt_id_create_ex
1873790 : 0x2030a19cf30db0 : 2 : ittapi_config_apply_per_lib :  ITTAPI function not implemented: __itt_id_destroy_ex
1873790 : 0x2030a19cf329e4 : 2 : ittapi_config_apply_per_lib :  ITTAPI function not implemented: __itt_task_begin_ex
1873790 : 0x2030a19cf33237 : 2 : ittapi_config_apply_per_lib :  ITTAPI function not implemented: __itt_task_begin_fn_ex
1873790 : 0x2030a19cf33ab8 : 2 : ittapi_config_apply_per_lib :  ITTAPI function not implemented: __itt_task_end_ex
1873790 : 0x2030a19cf3427a : 2 : ittapi_config_apply_per_lib :  ITTAPI function instrumented: __itt_task_begin_overlapped
1873790 : 0x2030a19cf34ab9 : 2 : ittapi_config_apply_per_lib :  ITTAPI function not implemented: __itt_task_begin_overlapped_ex
1873790 : 0x2030a19cf35290 : 2 : ittapi_config_apply_per_lib :  ITTAPI function instrumented: __itt_task_end_overlapped
1873790 : 0x2030a19cf35b03 : 2 : ittapi_config_apply_per_lib :  ITTAPI function not implemented: __itt_task_end_overlapped_ex
1873790 : 0x2030a19cf362e7 : 2 : ittapi_config_apply_per_lib :  ITTAPI function not implemented: __itt_marker_ex
1873790 : 0x2030a19cf36b71 : 2 : ittapi_config_apply_per_lib :  ITTAPI function not implemented: __itt_metadata_add_with_scope
1873790 : 0x2030a19cf37378 : 2 : ittapi_config_apply_per_lib :  ITTAPI function not implemented: __itt_metadata_str_add_with_scope
1873790 : 0x2030a19cf389e8 : 2 : ittapi_config_apply_per_lib :  ITTAPI function not implemented: __itt_relation_add_to_current_ex
1873790 : 0x2030a19cf392c0 : 2 : ittapi_config_apply_per_lib :  ITTAPI function not implemented: __itt_relation_add_ex
1873790 : 0x2030a19cf39aa0 : 2 : ittapi_config_apply_per_lib :  ITTAPI function not implemented: __itt_track_group_create
1873790 : 0x2030a19cf3a300 : 2 : ittapi_config_apply_per_lib :  ITTAPI function not implemented: __itt_track_create
1873790 : 0x2030a19cf3ab05 : 2 : ittapi_config_apply_per_lib :  ITTAPI function not implemented: __itt_set_track
1873790 : 0x2030a19cf3b319 : 2 : ittapi_config_apply_per_lib :  ITTAPI function instrumented: __itt_api_version
1873790 : 0x2030a19cf3bb1e : 2 : ittapi_config_apply_per_lib :  ITTAPI function not implemented: __itt_av_save
1873790 : 0x2030a19cf3c343 : 2 : ittapi_config_apply_per_lib :  ITTAPI function instrumented: __itt_module_load
1873790 : 0x2030a19cf3cb3c : 2 : ittapi_config_apply_per_lib :  ITTAPI function not implemented: __itt_module_unload
1873790 : 0x2030a19cf3cf89 : 2 : ittapi_config_apply_per_lib :  ITTAPI function NOT instrumented (not matched by --itt-config option): __itt_histogram_submit

1873790 : 0x2030a19cf3e581 : 2 : ittapi_config_apply_per_lib :  ITTAPI function instrumented: __itt_counter_set_value_v3
1873790 : 0x2030a1a0b79d9c : 2 : ittapi_config_mask_get :  --itt-config mask to be applied: 55
1873790 : 0x2030a1a0b7cc64 : 2 : ittapi_config_apply_per_lib :  ITTAPI function instrumented: __itt_domain_create
1873790 : 0x2030a1a0b7d80a : 2 : ittapi_config_apply_per_lib :  ITTAPI function instrumented: __itt_module_load_with_sections
1873790 : 0x2030a1a0b7e5c9 : 2 : ittapi_config_apply_per_lib :  ITTAPI function not implemented: __itt_module_unload_with_sections
1873790 : 0x2030a1a0b7efc0 : 2 : ittapi_config_apply_per_lib :  ITTAPI function instrumented: __itt_string_handle_create
1873790 : 0x2030a1a0b7fa00 : 2 : ittapi_config_apply_per_lib :  ITTAPI function instrumented: __itt_counter_create
1873790 : 0x2030a1a0b80198 : 2 : ittapi_config_apply_per_lib :  ITTAPI function instrumented: __itt_counter_create_typed
1873790 : 0x2030a1a0b80966 : 2 : ittapi_config_apply_per_lib :  ITTAPI function instrumented: __itt_pause
1873790 : 0x2030a1a0b812a0 : 2 : ittapi_config_apply_per_lib :  ITTAPI function instrumented: __itt_resume
1873790 : 0x2030a1a0b89b18 : 2 : ittapi_config_apply_per_lib :  ITTAPI function instrumented: __itt_thread_set_name
1873790 : 0x2030a1a0b8a522 : 2 : ittapi_config_apply_per_lib :  ITTAPI function instrumented: __itt_thread_ignore
1873790 : 0x2030a1a0b8ae11 : 2 : ittapi_config_apply_per_lib :  ITTAPI function instrumented: __itt_thr_name_set
1873790 : 0x2030a1a0b8b5a8 : 2 : ittapi_config_apply_per_lib :  ITTAPI function instrumented: __itt_thr_ignore
1873790 : 0x2030a1a0b8bfbb : 2 : ittapi_config_apply_per_lib :  ITTAPI function not implemented: __itt_enable_attach
1873790 : 0x2030a1a0b8c880 : 2 : ittapi_config_apply_per_lib :  ITTAPI function instrumented: __itt_detach
1873790 : 0x2030a1a0b8cde2 : 2 : ittapi_config_apply_per_lib :  ITTAPI function NOT instrumented (not matched by --itt-config option): __itt_sync_create

1873790 : 0x2030a1a0b8f6b2 : 2 : ittapi_config_apply_per_lib :  ITTAPI function NOT instrumented (not matched by --itt-config option): __itt_sync_rename

1873790 : 0x2030a1a0b8faaa : 2 : ittapi_config_apply_per_lib :  ITTAPI function NOT instrumented (not matched by --itt-config option): __itt_sync_destroy

1873790 : 0x2030a1a0b8fec2 : 2 : ittapi_config_apply_per_lib :  ITTAPI function NOT instrumented (not matched by --itt-config option): __itt_sync_prepare

1873790 : 0x2030a1a0b9133a : 2 : ittapi_config_apply_per_lib :  ITTAPI function NOT instrumented (not matched by --itt-config option): __itt_sync_cancel

1873790 : 0x2030a1a0b91745 : 2 : ittapi_config_apply_per_lib :  ITTAPI function NOT instrumented (not matched by --itt-config option): __itt_sync_acquired

1873790 : 0x2030a1a0b91c2c : 2 : ittapi_config_apply_per_lib :  ITTAPI function NOT instrumented (not matched by --itt-config option): __itt_sync_releasing

1873790 : 0x2030a1a0b92676 : 2 : ittapi_config_apply_per_lib :  ITTAPI function not implemented: __itt_suppress_push
1873790 : 0x2030a1a0b930ae : 2 : ittapi_config_apply_per_lib :  ITTAPI function not implemented: __itt_suppress_pop
1873790 : 0x2030a1a0b9397e : 2 : ittapi_config_apply_per_lib :  ITTAPI function not implemented: __itt_suppress_mark_range
1873790 : 0x2030a1a0b94234 : 2 : ittapi_config_apply_per_lib :  ITTAPI function not implemented: __itt_suppress_clear_range
1873790 : 0x2030a1a0b94637 : 2 : ittapi_config_apply_per_lib :  ITTAPI function NOT instrumented (not matched by --itt-config option): __itt_sync_prepare

1873790 : 0x2030a1a0b949d4 : 2 : ittapi_config_apply_per_lib :  ITTAPI function NOT instrumented (not matched by --itt-config option): __itt_sync_cancel

1873790 : 0x2030a1a0b94d70 : 2 : ittapi_config_apply_per_lib :  ITTAPI function NOT instrumented (not matched by --itt-config option): __itt_sync_acquired

1873790 : 0x2030a1a0b95e81 : 2 : ittapi_config_apply_per_lib :  ITTAPI function NOT instrumented (not matched by --itt-config option): __itt_sync_releasing

1873790 : 0x2030a1a0b9634a : 2 : ittapi_config_apply_per_lib :  ITTAPI function NOT instrumented (not matched by --itt-config option): __itt_model_site_begin

1873790 : 0x2030a1a0b967e1 : 2 : ittapi_config_apply_per_lib :  ITTAPI function NOT instrumented (not matched by --itt-config option): __itt_model_site_end

1873790 : 0x2030a1a0b96b8f : 2 : ittapi_config_apply_per_lib :  ITTAPI function NOT instrumented (not matched by --itt-config option): __itt_model_task_begin

1873790 : 0x2030a1a0b97028 : 2 : ittapi_config_apply_per_lib :  ITTAPI function NOT instrumented (not matched by --itt-config option): __itt_model_task_end

1873790 : 0x2030a1a0b973a4 : 2 : ittapi_config_apply_per_lib :  ITTAPI function NOT instrumented (not matched by --itt-config option): __itt_model_lock_acquire

1873790 : 0x2030a1a0b9775b : 2 : ittapi_config_apply_per_lib :  ITTAPI function NOT instrumented (not matched by --itt-config option): __itt_model_lock_release

1873790 : 0x2030a1a0b97aef : 2 : ittapi_config_apply_per_lib :  ITTAPI function NOT instrumented (not matched by --itt-config option): __itt_model_record_allocation

1873790 : 0x2030a1a0b97f1c : 2 : ittapi_config_apply_per_lib :  ITTAPI function NOT instrumented (not matched by --itt-config option): __itt_model_record_deallocation

1873790 : 0x2030a1a0b982c5 : 2 : ittapi_config_apply_per_lib :  ITTAPI function NOT instrumented (not matched by --itt-config option): __itt_model_induction_uses

1873790 : 0x2030a1a0b99b68 : 2 : ittapi_config_apply_per_lib :  ITTAPI function NOT instrumented (not matched by --itt-config option): __itt_model_reduction_uses

1873790 : 0x2030a1a0b9a00c : 2 : ittapi_config_apply_per_lib :  ITTAPI function NOT instrumented (not matched by --itt-config option): __itt_model_observe_uses

1873790 : 0x2030a1a0b9a466 : 2 : ittapi_config_apply_per_lib :  ITTAPI function NOT instrumented (not matched by --itt-config option): __itt_model_clear_uses

1873790 : 0x2030a1a0b9a822 : 2 : ittapi_config_apply_per_lib :  ITTAPI function NOT instrumented (not matched by --itt-config option): __itt_model_site_beginA

1873790 : 0x2030a1a0b9abab : 2 : ittapi_config_apply_per_lib :  ITTAPI function NOT instrumented (not matched by --itt-config option): __itt_model_site_beginAL

1873790 : 0x2030a1a0b9af62 : 2 : ittapi_config_apply_per_lib :  ITTAPI function NOT instrumented (not matched by --itt-config option): __itt_model_task_beginA

1873790 : 0x2030a1a0b9b3ca : 2 : ittapi_config_apply_per_lib :  ITTAPI function NOT instrumented (not matched by --itt-config option): __itt_model_task_beginAL

1873790 : 0x2030a1a0b9b855 : 2 : ittapi_config_apply_per_lib :  ITTAPI function NOT instrumented (not matched by --itt-config option): __itt_model_iteration_taskA

1873790 : 0x2030a1a0b9bbf3 : 2 : ittapi_config_apply_per_lib :  ITTAPI function NOT instrumented (not matched by --itt-config option): __itt_model_iteration_taskAL

1873790 : 0x2030a1a0b9bf94 : 2 : ittapi_config_apply_per_lib :  ITTAPI function NOT instrumented (not matched by --itt-config option): __itt_model_site_end_2

1873790 : 0x2030a1a0b9d124 : 2 : ittapi_config_apply_per_lib :  ITTAPI function NOT instrumented (not matched by --itt-config option): __itt_model_task_end_2

1873790 : 0x2030a1a0b9e061 : 2 : ittapi_config_apply_per_lib :  ITTAPI function NOT instrumented (not matched by --itt-config option): __itt_model_lock_acquire_2

1873790 : 0x2030a1a0b9e45f : 2 : ittapi_config_apply_per_lib :  ITTAPI function NOT instrumented (not matched by --itt-config option): __itt_model_lock_release_2

1873790 : 0x2030a1a0b9e8b8 : 2 : ittapi_config_apply_per_lib :  ITTAPI function NOT instrumented (not matched by --itt-config option): __itt_model_aggregate_task

1873790 : 0x2030a1a0b9ec69 : 2 : ittapi_config_apply_per_lib :  ITTAPI function NOT instrumented (not matched by --itt-config option): __itt_model_disable_push

1873790 : 0x2030a1a0b9f049 : 2 : ittapi_config_apply_per_lib :  ITTAPI function NOT instrumented (not matched by --itt-config option): __itt_model_disable_pop

1873790 : 0x2030a1a0b9f945 : 2 : ittapi_config_apply_per_lib :  ITTAPI function instrumented: __itt_heap_function_create
1873790 : 0x2030a1a0ba0138 : 2 : ittapi_config_apply_per_lib :  ITTAPI function instrumented: __itt_heap_allocate_begin
1873790 : 0x2030a1a0ba0977 : 2 : ittapi_config_apply_per_lib :  ITTAPI function instrumented: __itt_heap_allocate_end
1873790 : 0x2030a1a0ba38ea : 2 : ittapi_config_apply_per_lib :  ITTAPI function instrumented: __itt_heap_free_begin
1873790 : 0x2030a1a0ba4cc2 : 2 : ittapi_config_apply_per_lib :  ITTAPI function instrumented: __itt_heap_free_end
1873790 : 0x2030a1a0ba54cf : 2 : ittapi_config_apply_per_lib :  ITTAPI function instrumented: __itt_heap_reallocate_begin
1873790 : 0x2030a1a0ba5c70 : 2 : ittapi_config_apply_per_lib :  ITTAPI function instrumented: __itt_heap_reallocate_end
1873790 : 0x2030a1a0ba6619 : 2 : ittapi_config_apply_per_lib :  ITTAPI function not implemented: __itt_heap_internal_access_begin
1873790 : 0x2030a1a0ba6e2e : 2 : ittapi_config_apply_per_lib :  ITTAPI function not implemented: __itt_heap_internal_access_end
1873790 : 0x2030a1a0ba76b5 : 2 : ittapi_config_apply_per_lib :  ITTAPI function not implemented: __itt_heap_record_memory_growth_begin
1873790 : 0x2030a1a0ba7e0f : 2 : ittapi_config_apply_per_lib :  ITTAPI function not implemented: __itt_heap_record_memory_growth_end
1873790 : 0x2030a1a0ba8627 : 2 : ittapi_config_apply_per_lib :  ITTAPI function not implemented: __itt_heap_reset_detection
1873790 : 0x2030a1a0ba8e89 : 2 : ittapi_config_apply_per_lib :  ITTAPI function not implemented: __itt_heap_record
1873790 : 0x2030a1a0ba9768 : 2 : ittapi_config_apply_per_lib :  ITTAPI function not implemented: __itt_id_create
1873790 : 0x2030a1a0bab3d1 : 2 : ittapi_config_apply_per_lib :  ITTAPI function not implemented: __itt_id_destroy
1873790 : 0x2030a1a0babb40 : 2 : ittapi_config_apply_per_lib :  ITTAPI function instrumented: __itt_get_timestamp
1873790 : 0x2030a1a0bac308 : 2 : ittapi_config_apply_per_lib :  ITTAPI function not implemented: __itt_region_begin
1873790 : 0x2030a1a0bacb05 : 2 : ittapi_config_apply_per_lib :  ITTAPI function not implemented: __itt_region_end
1873790 : 0x2030a1a0bad2bf : 2 : ittapi_config_apply_per_lib :  ITTAPI function instrumented: __itt_frame_begin_v3
1873790 : 0x2030a1a0bada4c : 2 : ittapi_config_apply_per_lib :  ITTAPI function instrumented: __itt_frame_end_v3
1873790 : 0x2030a1a0bae225 : 2 : ittapi_config_apply_per_lib :  ITTAPI function instrumented: __itt_frame_submit_v3
1873790 : 0x2030a1a0baea0f : 2 : ittapi_config_apply_per_lib :  ITTAPI function not implemented: __itt_task_group
1873790 : 0x2030a1a0baf246 : 2 : ittapi_config_apply_per_lib :  ITTAPI function instrumented: __itt_task_begin
1873790 : 0x2030a1a0bafa13 : 2 : ittapi_config_apply_per_lib :  ITTAPI function instrumented: __itt_task_begin_fn
1873790 : 0x2030a1a0bb0fbd : 2 : ittapi_config_apply_per_lib :  ITTAPI function instrumented: __itt_task_end
1873790 : 0x2030a1a0bb188a : 2 : ittapi_config_apply_per_lib :  ITTAPI function not implemented: __itt_counter_inc_v3
1873790 : 0x2030a1a0bb2026 : 2 : ittapi_config_apply_per_lib :  ITTAPI function not implemented: __itt_counter_inc_delta_v3
1873790 : 0x2030a1a0bb29a6 : 2 : ittapi_config_apply_per_lib :  ITTAPI function not implemented: __itt_counter_dec_v3
1873790 : 0x2030a1a0bb3156 : 2 : ittapi_config_apply_per_lib :  ITTAPI function not implemented: __itt_counter_dec_delta_v3
1873790 : 0x2030a1a0bb3980 : 2 : ittapi_config_apply_per_lib :  ITTAPI function not implemented: __itt_marker
1873790 : 0x2030a1a0bb4160 : 2 : ittapi_config_apply_per_lib :  ITTAPI function instrumented: __itt_metadata_add
1873790 : 0x2030a1a0bb495a : 2 : ittapi_config_apply_per_lib :  ITTAPI function not implemented: __itt_metadata_str_add
1873790 : 0x2030a1a0bb50d5 : 2 : ittapi_config_apply_per_lib :  ITTAPI function not implemented: __itt_relation_add_to_current
1873790 : 0x2030a1a0bb586c : 2 : ittapi_config_apply_per_lib :  ITTAPI function not implemented: __itt_relation_add
1873790 : 0x2030a1a0bb6c7f : 2 : ittapi_config_apply_per_lib :  ITTAPI function instrumented: __itt_event_create
1873790 : 0x2030a1a0bb73fb : 2 : ittapi_config_apply_per_lib :  ITTAPI function instrumented: __itt_event_start
1873790 : 0x2030a1a0bb7b85 : 2 : ittapi_config_apply_per_lib :  ITTAPI function instrumented: __itt_event_end
1873790 : 0x2030a1a0bb7f1b : 2 : ittapi_config_apply_per_lib :  ITTAPI function NOT instrumented (not matched by --itt-config option): __itt_sync_set_name

1873790 : 0x2030a1a0bb831e : 2 : ittapi_config_apply_per_lib :  ITTAPI function NOT instrumented (not matched by --itt-config option): __itt_notify_sync_name

1873790 : 0x2030a1a0bb87d5 : 2 : ittapi_config_apply_per_lib :  ITTAPI function NOT instrumented (not matched by --itt-config option): __itt_notify_sync_prepare

1873790 : 0x2030a1a0bb8b7b : 2 : ittapi_config_apply_per_lib :  ITTAPI function NOT instrumented (not matched by --itt-config option): __itt_notify_sync_cancel

1873790 : 0x2030a1a0bb8f71 : 2 : ittapi_config_apply_per_lib :  ITTAPI function NOT instrumented (not matched by --itt-config option): __itt_notify_sync_acquired

1873790 : 0x2030a1a0bb92f5 : 2 : ittapi_config_apply_per_lib :  ITTAPI function NOT instrumented (not matched by --itt-config option): __itt_notify_sync_releasing

1873790 : 0x2030a1a0bb9af9 : 2 : ittapi_config_apply_per_lib :  ITTAPI function not implemented: __itt_memory_read
1873790 : 0x2030a1a0bbb531 : 2 : ittapi_config_apply_per_lib :  ITTAPI function not implemented: __itt_memory_write
1873790 : 0x2030a1a0bbbcbb : 2 : ittapi_config_apply_per_lib :  ITTAPI function not implemented: __itt_memory_update
1873790 : 0x2030a1a0bbc4a9 : 2 : ittapi_config_apply_per_lib :  ITTAPI function not implemented: __itt_state_get
1873790 : 0x2030a1a0bbcc38 : 2 : ittapi_config_apply_per_lib :  ITTAPI function not implemented: __itt_state_set
1873790 : 0x2030a1a0bbd498 : 2 : ittapi_config_apply_per_lib :  ITTAPI function not implemented: __itt_obj_mode_set
1873790 : 0x2030a1a0bbdbc5 : 2 : ittapi_config_apply_per_lib :  ITTAPI function not implemented: __itt_thr_mode_set
1873790 : 0x2030a1a0bbe3df : 2 : ittapi_config_apply_per_lib :  ITTAPI function instrumented: __itt_frame_create
1873790 : 0x2030a1a0bbeaf5 : 2 : ittapi_config_apply_per_lib :  ITTAPI function instrumented: __itt_pt_region_create
1873790 : 0x2030a1a0bbf45e : 2 : ittapi_config_apply_per_lib :  ITTAPI function instrumented: __itt_frame_begin
1873790 : 0x2030a1a0bbfb83 : 2 : ittapi_config_apply_per_lib :  ITTAPI function instrumented: __itt_frame_end
1873790 : 0x2030a1a0bc1063 : 2 : ittapi_config_apply_per_lib :  ITTAPI function not implemented: __itt_counter_destroy
1873790 : 0x2030a1a0bc180a : 2 : ittapi_config_apply_per_lib :  ITTAPI function instrumented: __itt_counter_inc
1873790 : 0x2030a1a0bc1ee8 : 2 : ittapi_config_apply_per_lib :  ITTAPI function instrumented: __itt_counter_inc_delta
1873790 : 0x2030a1a0bc2621 : 2 : ittapi_config_apply_per_lib :  ITTAPI function instrumented: __itt_counter_dec
1873790 : 0x2030a1a0bc2d62 : 2 : ittapi_config_apply_per_lib :  ITTAPI function instrumented: __itt_counter_dec_delta
1873790 : 0x2030a1a0bc34bd : 2 : ittapi_config_apply_per_lib :  ITTAPI function instrumented: __itt_counter_set_value
1873790 : 0x2030a1a0bc3bca : 2 : ittapi_config_apply_per_lib :  ITTAPI function not implemented: __itt_counter_set_value_ex
1873790 : 0x2030a1a0bc4344 : 2 : ittapi_config_apply_per_lib :  ITTAPI function not implemented: __itt_mark_create
1873790 : 0x2030a1a0bc4ad1 : 2 : ittapi_config_apply_per_lib :  ITTAPI function not implemented: __itt_mark
1873790 : 0x2030a1a0bc529a : 2 : ittapi_config_apply_per_lib :  ITTAPI function not implemented: __itt_mark_off
1873790 : 0x2030a1a0bc66a3 : 2 : ittapi_config_apply_per_lib :  ITTAPI function not implemented: __itt_mark_global
1873790 : 0x2030a1a0bc6e1a : 2 : ittapi_config_apply_per_lib :  ITTAPI function not implemented: __itt_mark_global_off
1873790 : 0x2030a1a0bc768e : 2 : ittapi_config_apply_per_lib :  ITTAPI function instrumented: __itt_stack_caller_create
1873790 : 0x2030a1a0bc7da0 : 2 : ittapi_config_apply_per_lib :  ITTAPI function instrumented: __itt_stack_caller_destroy
1873790 : 0x2030a1a0bc84db : 2 : ittapi_config_apply_per_lib :  ITTAPI function instrumented: __itt_stack_callee_enter
1873790 : 0x2030a1a0bc8bb1 : 2 : ittapi_config_apply_per_lib :  ITTAPI function instrumented: __itt_stack_callee_leave
1873790 : 0x2030a1a0bc93a7 : 2 : ittapi_config_apply_per_lib :  ITTAPI function not implemented: __itt_clock_domain_create
1873790 : 0x2030a1a0bc9b36 : 2 : ittapi_config_apply_per_lib :  ITTAPI function not implemented: __itt_clock_domain_reset
1873790 : 0x2030a1a0bca2d8 : 2 : ittapi_config_apply_per_lib :  ITTAPI function not implemented: __itt_id_create_ex
1873790 : 0x2030a1a0bcaa23 : 2 : ittapi_config_apply_per_lib :  ITTAPI function not implemented: __itt_id_destroy_ex
1873790 : 0x2030a1a0bcbe61 : 2 : ittapi_config_apply_per_lib :  ITTAPI function not implemented: __itt_task_begin_ex
1873790 : 0x2030a1a0bcc63d : 2 : ittapi_config_apply_per_lib :  ITTAPI function not implemented: __itt_task_begin_fn_ex
1873790 : 0x2030a1a0bccdb8 : 2 : ittapi_config_apply_per_lib :  ITTAPI function not implemented: __itt_task_end_ex
1873790 : 0x2030a1a0bcd54b : 2 : ittapi_config_apply_per_lib :  ITTAPI function instrumented: __itt_task_begin_overlapped
1873790 : 0x2030a1a0bcdcad : 2 : ittapi_config_apply_per_lib :  ITTAPI function not implemented: __itt_task_begin_overlapped_ex
1873790 : 0x2030a1a0bce422 : 2 : ittapi_config_apply_per_lib :  ITTAPI function instrumented: __itt_task_end_overlapped
1873790 : 0x2030a1a0bceb67 : 2 : ittapi_config_apply_per_lib :  ITTAPI function not implemented: __itt_task_end_overlapped_ex
1873790 : 0x2030a1a0bcf384 : 2 : ittapi_config_apply_per_lib :  ITTAPI function not implemented: __itt_marker_ex
1873790 : 0x2030a1a0bcfbb4 : 2 : ittapi_config_apply_per_lib :  ITTAPI function not implemented: __itt_metadata_add_with_scope
1873790 : 0x2030a1a0bd03d9 : 2 : ittapi_config_apply_per_lib :  ITTAPI function not implemented: __itt_metadata_str_add_with_scope
1873790 : 0x2030a1a0bd1e15 : 2 : ittapi_config_apply_per_lib :  ITTAPI function not implemented: __itt_relation_add_to_current_ex
1873790 : 0x2030a1a0bd25cc : 2 : ittapi_config_apply_per_lib :  ITTAPI function not implemented: __itt_relation_add_ex
1873790 : 0x2030a1a0bd2dda : 2 : ittapi_config_apply_per_lib :  ITTAPI function not implemented: __itt_track_group_create
1873790 : 0x2030a1a0bd3550 : 2 : ittapi_config_apply_per_lib :  ITTAPI function not implemented: __itt_track_create
1873790 : 0x2030a1a0bd3cb2 : 2 : ittapi_config_apply_per_lib :  ITTAPI function not implemented: __itt_set_track
1873790 : 0x2030a1a0bd450b : 2 : ittapi_config_apply_per_lib :  ITTAPI function instrumented: __itt_api_version
1873790 : 0x2030a1a0bd4cf7 : 2 : ittapi_config_apply_per_lib :  ITTAPI function not implemented: __itt_av_save
1873790 : 0x2030a1a0bd5454 : 2 : ittapi_config_apply_per_lib :  ITTAPI function instrumented: __itt_module_load
1873790 : 0x2030a1a0bd5bbd : 2 : ittapi_config_apply_per_lib :  ITTAPI function not implemented: __itt_module_unload