
1710015 : 0x26f6966acd36c6 : 1 : spill_jit_data :  Jit agent is not initialized
1709997 : 0x26f6966acd7919 : 2 : ittapi_config_mask_get :  --itt-config mask to be applied: 55
1709997 : 0x26f6966acd9b4d : 2 : ittapi_config_apply_per_lib :  ITTAPI function instrumented: __itt_domain_create
1709997 : 0x26f6966acdab52 : 2 : ittapi_config_apply_per_lib :  ITTAPI function instrumented: __itt_module_load_with_sections
1709997 : 0x26f6966acdbcb3 : 2 : ittapi_config_apply_per_lib :  ITTAPI function not implemented: __itt_module_unload_with_sections
1709997 : 0x26f6966acdc9a5 : 2 : ittapi_config_apply_per_lib :  ITTAPI function instrumented: __itt_string_handle_create
1709997 : 0x26f6966acdd52c : 2 : ittapi_config_apply_per_lib :  ITTAPI function instrumented: __itt_counter_create
1709997 : 0x26f6966acddfe4 : 2 : ittapi_config_apply_per_lib :  ITTAPI function instrumented: __itt_counter_create_typed
1709997 : 0x26f6966acdea0c : 2 : ittapi_config_apply_per_lib :  ITTAPI function instrumented: __itt_pause
1709997 : 0x26f6966acdf51f : 2 : ittapi_config_apply_per_lib :  ITTAPI function instrumented: __itt_resume
1709997 : 0x26f6966ace606e : 2 : ittapi_config_apply_per_lib :  ITTAPI function instrumented: __itt_thread_set_name
1709997 : 0x26f6966ace6c37 : 2 : ittapi_config_apply_per_lib :  ITTAPI function instrumented: __itt_thread_ignore
1709997 : 0x26f6966ace76f1 : 2 : ittapi_config_apply_per_lib :  ITTAPI function instrumented: __itt_thr_name_set
1709997 : 0x26f6966ace8186 : 2 : ittapi_config_apply_per_lib :  ITTAPI function instrumented: __itt_thr_ignore
1709997 : 0x26f6966ace8c7a : 2 : ittapi_config_apply_per_lib :  ITTAPI function instrumented: __itt_histogram_create
1709997 : 0x26f6966ace99e9 : 2 : ittapi_config_apply_per_lib :  ITTAPI function not implemented: __itt_enable_attach
1709997 : 0x26f6966acea51f : 2 : ittapi_config_apply_per_lib :  ITTAPI function instrumented: __itt_detach
1709997 : 0x26f6966aceab20 : 2 : ittapi_config_apply_per_lib :  ITTAPI function NOT instrumented (not matched by --itt-config option): __itt_sync_create

1709997 : 0x26f6966aceb0e4 : 2 : ittapi_config_apply_per_lib :  ITTAPI function NOT instrumented (not matched by --itt-config option): __itt_sync_rename

1709997 : 0x26f6966aceb6b8 : 2 : ittapi_config_apply_per_lib :  ITTAPI function NOT instrumented (not matched by --itt-config option): __itt_sync_destroy

1709997 : 0x26f6966aced30b : 2 : ittapi_config_apply_per_lib :  ITTAPI function NOT instrumented (not matched by --itt-config option): __itt_sync_prepare

1709997 : 0x26f6966aced998 : 2 : ittapi_config_apply_per_lib :  ITTAPI function NOT instrumented (not matched by --itt-config option): __itt_sync_cancel

1709997 : 0x26f6966acedf00 : 2 : ittapi_config_apply_per_lib :  ITTAPI function NOT instrumented (not matched by --itt-config option): __itt_sync_acquired

1709997 : 0x26f6966acee42d : 2 : ittapi_config_apply_per_lib :  ITTAPI function NOT instrumented (not matched by --itt-config option): __itt_sync_releasing

1709997 : 0x26f6966acef1ae : 2 : ittapi_config_apply_per_lib :  ITTAPI function not implemented: __itt_suppress_push
1709997 : 0x26f6966acefdf0 : 2 : ittapi_config_apply_per_lib :  ITTAPI function not implemented: __itt_suppress_pop
1709997 : 0x26f6966acf0942 : 2 : ittapi_config_apply_per_lib :  ITTAPI function not implemented: __itt_suppress_mark_range
1709997 : 0x26f6966acf14ed : 2 : ittapi_config_apply_per_lib :  ITTAPI function not implemented: __itt_suppress_clear_range
1709997 : 0x26f6966acf1a56 : 2 : ittapi_config_apply_per_lib :  ITTAPI function NOT instrumented (not matched by --itt-config option): __itt_sync_prepare

1709997 : 0x26f6966acf201d : 2 : ittapi_config_apply_per_lib :  ITTAPI function NOT instrumented (not matched by --itt-config option): __itt_sync_cancel

1709997 : 0x26f6966acf3777 : 2 : ittapi_config_apply_per_lib :  ITTAPI function NOT instrumented (not matched by --itt-config option): __itt_sync_acquired

1709997 : 0x26f6966acf3dc0 : 2 : ittapi_config_apply_per_lib :  ITTAPI function NOT instrumented (not matched by --itt-config option): __itt_sync_releasing

1709997 : 0x26f6966acf431a : 2 : ittapi_config_apply_per_lib :  ITTAPI function NOT instrumented (not matched by --itt-config option): __itt_model_site_begin

1709997 : 0x26f6966acf48a1 : 2 : ittapi_config_apply_per_lib :  ITTAPI function NOT instrumented (not matched by --itt-config option): __itt_model_site_end

1709997 : 0x26f6966acf4de8 : 2 : ittapi_config_apply_per_lib :  ITTAPI function NOT instrumented (not matched by --itt-config option): __itt_model_task_begin

1709997 : 0x26f6966acf53fa : 2 : ittapi_config_apply_per_lib :  ITTAPI function NOT instrumented (not matched by --itt-config option): __itt_model_task_end

1709997 : 0x26f6966acf59a7 : 2 : ittapi_config_apply_per_lib :  ITTAPI function NOT instrumented (not matched by --itt-config option): __itt_model_lock_acquire

1709997 : 0x26f6966acf6006 : 2 : ittapi_config_apply_per_lib :  ITTAPI function NOT instrumented (not matched by --itt-config option): __itt_model_lock_release

1709997 : 0x26f6966acf6533 : 2 : ittapi_config_apply_per_lib :  ITTAPI function NOT instrumented (not matched by --itt-config option): __itt_model_record_allocation

1709997 : 0x26f6966acf6a7e : 2 : ittapi_config_apply_per_lib :  ITTAPI function NOT instrumented (not matched by --itt-config option): __itt_model_record_deallocation

1709997 : 0x26f6966acf8df7 : 2 : ittapi_config_apply_per_lib :  ITTAPI function NOT instrumented (not matched by --itt-config option): __itt_model_induction_uses

1709997 : 0x26f6966acf93cb : 2 : ittapi_config_apply_per_lib :  ITTAPI function NOT instrumented (not matched by --itt-config option): __itt_model_reduction_uses

1709997 : 0x26f6966acf98c0 : 2 : ittapi_config_apply_per_lib :  ITTAPI function NOT instrumented (not matched by --itt-config option): __itt_model_observe_uses

1709997 : 0x26f6966acf9d8c : 2 : ittapi_config_apply_per_lib :  ITTAPI function NOT instrumented (not matched by --itt-config option): __itt_model_clear_uses

1709997 : 0x26f6966acfa247 : 2 : ittapi_config_apply_per_lib :  ITTAPI function NOT instrumented (not matched by --itt-config option): __itt_model_site_beginA

1709997 : 0x26f6966acfa779 : 2 : ittapi_config_apply_per_lib :  ITTAPI function NOT instrumented (not matched by --itt-config option): __itt_model_site_beginAL

1709997 : 0x26f6966acfaca8 : 2 : ittapi_config_apply_per_lib :  ITTAPI function NOT instrumented (not matched by --itt-config option): __itt_model_task_beginA

1709997 : 0x26f6966acfb1db : 2 : ittapi_config_apply_per_lib :  ITTAPI function NOT instrumented (not matched by --itt-config option): __itt_model_task_beginAL

1709997 : 0x26f6966acfb6b1 : 2 : ittapi_config_apply_per_lib :  ITTAPI function NOT instrumented (not matched by --itt-config option): __itt_model_iteration_taskA

1709997 : 0x26f6966acfbc1e : 2 : ittapi_config_apply_per_lib :  ITTAPI function NOT instrumented (not matched by --itt-config option): __itt_model_iteration_taskAL

1709997 : 0x26f6966acfd2ff : 2 : ittapi_config_apply_per_lib :  ITTAPI function NOT instrumented (not matched by --itt-config option): __itt_model_site_end_2

1709997 : 0x26f6966acfd95e : 2 : ittapi_config_apply_per_lib :  ITTAPI function NOT instrumented (not matched by --itt-config option): __itt_model_task_end_2

1709997 : 0x26f6966acfde66 : 2 : ittapi_config_apply_per_lib :  ITTAPI function NOT instrumented (not matched by --itt-config option): __itt_model_lock_acquire_2

1709997 : 0x26f6966acfe337 : 2 : ittapi_config_apply_per_lib :  ITTAPI function NOT instrumented (not matched by --itt-config option): __itt_model_lock_release_2

1709997 : 0x26f6966acfe855 : 2 : ittapi_config_apply_per_lib :  ITTAPI function NOT instrumented (not matched by --itt-config option): __itt_model_aggregate_task

1709997 : 0x26f6966acfed96 : 2 : ittapi_config_apply_per_lib :  ITTAPI function NOT instrumented (not matched by --itt-config option): __itt_model_disable_push

1709997 : 0x26f6966acff2a1 : 2 : ittapi_config_apply_per_lib :  ITTAPI function NOT instrumented (not matched by --itt-config option): __itt_model_disable_pop

1709997 : 0x26f6966acffdb3 : 2 : ittapi_config_apply_per_lib :  ITTAPI function instrumented: __itt_heap_function_create
1709997 : 0x26f6966ad008dd : 2 : ittapi_config_apply_per_lib :  ITTAPI function instrumented: __itt_heap_allocate_begin
1709997 : 0x26f6966ad012c0 : 2 : ittapi_config_apply_per_lib :  ITTAPI function instrumented: __itt_heap_allocate_end
1709997 : 0x26f6966ad0396d : 2 : ittapi_config_apply_per_lib :  ITTAPI function instrumented: __itt_heap_free_begin
1709997 : 0x26f6966ad0449b : 2 : ittapi_config_apply_per_lib :  ITTAPI function instrumented: __itt_heap_free_end
1709997 : 0x26f6966ad04e6e : 2 : ittapi_config_apply_per_lib :  ITTAPI function instrumented: __itt_heap_reallocate_begin
1709997 : 0x26f6966ad0585b : 2 : ittapi_config_apply_per_lib :  ITTAPI function instrumented: __itt_heap_reallocate_end
1709997 : 0x26f6966ad063f8 : 2 : ittapi_config_apply_per_lib :  ITTAPI function not implemented: __itt_heap_internal_access_begin
1709997 : 0x26f6966ad06f71 : 2 : ittapi_config_apply_per_lib :  ITTAPI function not implemented: __itt_heap_internal_access_end
1709997 : 0x26f6966ad07a90 : 2 : ittapi_config_apply_per_lib :  ITTAPI function not implemented: __itt_heap_record_memory_growth_begin
1709997 : 0x26f6966ad085ce : 2 : ittapi_config_apply_per_lib :  ITTAPI function not implemented: __itt_heap_record_memory_growth_end
1709997 : 0x26f6966ad0911a : 2 : ittapi_config_apply_per_lib :  ITTAPI function not implemented: __itt_heap_reset_detection
1709997 : 0x26f6966ad09d0f : 2 : ittapi_config_apply_per_lib :  ITTAPI function not implemented: __itt_heap_record
1709997 : 0x26f6966ad0bb6d : 2 : ittapi_config_apply_per_lib :  ITTAPI function not implemented: __itt_id_create
1709997 : 0x26f6966ad0c6bf : 2 : ittapi_config_apply_per_lib :  ITTAPI function not implemented: __itt_id_destroy
1709997 : 0x26f6966ad0d231 : 2 : ittapi_config_apply_per_lib :  ITTAPI function instrumented: __itt_get_timestamp
1709997 : 0x26f6966ad0dcf1 : 2 : ittapi_config_apply_per_lib :  ITTAPI function not implemented: __itt_region_begin
1709997 : 0x26f6966ad0e81c : 2 : ittapi_config_apply_per_lib :  ITTAPI function not implemented: __itt_region_end
1709997 : 0x26f6966ad0f294 : 2 : ittapi_config_apply_per_lib :  ITTAPI function instrumented: __itt_frame_begin_v3
1709997 : 0x26f6966ad0fd7f : 2 : ittapi_config_apply_per_lib :  ITTAPI function instrumented: __itt_frame_end_v3
1709997 : 0x26f6966ad107e6 : 2 : ittapi_config_apply_per_lib :  ITTAPI function instrumented: __itt_frame_submit_v3
1709997 : 0x26f6966ad113a9 : 2 : ittapi_config_apply_per_lib :  ITTAPI function not implemented: __itt_task_group
1709997 : 0x26f6966ad11e26 : 2 : ittapi_config_apply_per_lib :  ITTAPI function instrumented: __itt_task_begin
1709997 : 0x26f6966ad13b4e : 2 : ittapi_config_apply_per_lib :  ITTAPI function instrumented: __itt_task_begin_fn
1709997 : 0x26f6966ad146a0 : 2 : ittapi_config_apply_per_lib :  ITTAPI function instrumented: __itt_task_end
1709997 : 0x26f6966ad151fc : 2 : ittapi_config_apply_per_lib :  ITTAPI function not implemented: __itt_counter_inc_v3
1709997 : 0x26f6966ad15e06 : 2 : ittapi_config_apply_per_lib :  ITTAPI function not implemented: __itt_counter_inc_delta_v3
1709997 : 0x26f6966ad16905 : 2 : ittapi_config_apply_per_lib :  ITTAPI function not implemented: __itt_counter_dec_v3
1709997 : 0x26f6966ad1745e : 2 : ittapi_config_apply_per_lib :  ITTAPI function not implemented: __itt_counter_dec_delta_v3
1709997 : 0x26f6966ad17fb2 : 2 : ittapi_config_apply_per_lib :  ITTAPI function not implemented: __itt_marker
1709997 : 0x26f6966ad18add : 2 : ittapi_config_apply_per_lib :  ITTAPI function instrumented: __itt_metadata_add
1709997 : 0x26f6966ad19601 : 2 : ittapi_config_apply_per_lib :  ITTAPI function not implemented: __itt_metadata_str_add
1709997 : 0x26f6966ad1a179 : 2 : ittapi_config_apply_per_lib :  ITTAPI function not implemented: __itt_relation_add_to_current
1709997 : 0x26f6966ad1bfa7 : 2 : ittapi_config_apply_per_lib :  ITTAPI function not implemented: __itt_relation_add
1709997 : 0x26f6966ad1ca65 : 2 : ittapi_config_apply_per_lib :  ITTAPI function instrumented: __itt_event_create
1709997 : 0x26f6966ad1d53e : 2 : ittapi_config_apply_per_lib :  ITTAPI function instrumented: __itt_event_start
1709997 : 0x26f6966ad1dfcd : 2 : ittapi_config_apply_per_lib :  ITTAPI function instrumented: __itt_event_end
1709997 : 0x26f6966ad1e5d3 : 2 : ittapi_config_apply_per_lib :  ITTAPI function NOT instrumented (not matched by --itt-config option): __itt_sync_set_name

1709997 : 0x26f6966ad1eb80 : 2 : ittapi_config_apply_per_lib :  ITTAPI function NOT instrumented (not matched by --itt-config option): __itt_notify_sync_name

1709997 : 0x26f6966ad1f0f2 : 2 : ittapi_config_apply_per_lib :  ITTAPI function NOT instrumented (not matched by --itt-config option): __itt_notify_sync_prepare

1709997 : 0x26f6966ad1f60f : 2 : ittapi_config_apply_per_lib :  ITTAPI function NOT instrumented (not matched by --itt-config option): __itt_notify_sync_cancel

1709997 : 0x26f6966ad1fbd0 : 2 : ittapi_config_apply_per_lib :  ITTAPI function NOT instrumented (not matched by --itt-config option): __itt_notify_sync_acquired

1709997 : 0x26f6966ad2014b : 2 : ittapi_config_apply_per_lib :  ITTAPI function NOT instrumented (not matched by --itt-config option): __itt_notify_sync_releasing

1709997 : 0x26f6966ad22704 : 2 : ittapi_config_apply_per_lib :  ITTAPI function not implemented: __itt_memory_read
1709997 : 0x26f6966ad232a0 : 2 : ittapi_config_apply_per_lib :  ITTAPI function not implemented: __itt_memory_write
1709997 : 0x26f6966ad23e60 : 2 : ittapi_config_apply_per_lib :  ITTAPI function not implemented: __itt_memory_update
1709997 : 0x26f6966ad249d7 : 2 : ittapi_config_apply_per_lib :  ITTAPI function not implemented: __itt_state_get
1709997 : 0x26f6966ad254f1 : 2 : ittapi_config_apply_per_lib :  ITTAPI function not implemented: __itt_state_set
1709997 : 0x26f6966ad25ff6 : 2 : ittapi_config_apply_per_lib :  ITTAPI function not implemented: __itt_obj_mode_set
1709997 : 0x26f6966ad26b5e : 2 : ittapi_config_apply_per_lib :  ITTAPI function not implemented: __itt_thr_mode_set
1709997 : 0x26f6966ad27586 : 2 : ittapi_config_apply_per_lib :  ITTAPI function instrumented: __itt_frame_create
1709997 : 0x26f6966ad2801a : 2 : ittapi_config_apply_per_lib :  ITTAPI function instrumented: __itt_pt_region_create
1709997 : 0x26f6966ad28a9b : 2 : ittapi_config_apply_per_lib :  ITTAPI function instrumented: __itt_frame_begin
1709997 : 0x26f6966ad2a7b8 : 2 : ittapi_config_apply_per_lib :  ITTAPI function instrumented: __itt_frame_end
1709997 : 0x26f6966ad2b407 : 2 : ittapi_config_apply_per_lib :  ITTAPI function not implemented: __itt_counter_destroy
1709997 : 0x26f6966ad2be2d : 2 : ittapi_config_apply_per_lib :  ITTAPI function instrumented: __itt_counter_inc
1709997 : 0x26f6966ad2c883 : 2 : ittapi_config_apply_per_lib :  ITTAPI function instrumented: __itt_counter_inc_delta
1709997 : 0x26f6966ad2d274 : 2 : ittapi_config_apply_per_lib :  ITTAPI function instrumented: __itt_counter_dec
1709997 : 0x26f6966ad2dd25 : 2 : ittapi_config_apply_per_lib :  ITTAPI function instrumented: __itt_counter_dec_delta
1709997 : 0x26f6966ad2e6ea : 2 : ittapi_config_apply_per_lib :  ITTAPI function instrumented: __itt_counter_set_value
1709997 : 0x26f6966ad2f1e8 : 2 : ittapi_config_apply_per_lib :  ITTAPI function not implemented: __itt_counter_set_value_ex
1709997 : 0x26f6966ad2fcda : 2 : ittapi_config_apply_per_lib :  ITTAPI function not implemented: __itt_mark_create
1709997 : 0x26f6966ad30879 : 2 : ittapi_config_apply_per_lib :  ITTAPI function not implemented: __itt_mark
1709997 : 0x26f6966ad32667 : 2 : ittapi_config_apply_per_lib :  ITTAPI function not implemented: __itt_mark_off
1709997 : 0x26f6966ad3317d : 2 : ittapi_config_apply_per_lib :  ITTAPI function not implemented: __itt_mark_global
1709997 : 0x26f6966ad33d43 : 2 : ittapi_config_apply_per_lib :  ITTAPI function not implemented: __itt_mark_global_off
1709997 : 0x26f6966ad34844 : 2 : ittapi_config_apply_per_lib :  ITTAPI function instrumented: __itt_stack_caller_create
1709997 : 0x26f6966ad3533d : 2 : ittapi_config_apply_per_lib :  ITTAPI function instrumented: __itt_stack_caller_destroy
1709997 : 0x26f6966ad35d77 : 2 : ittapi_config_apply_per_lib :  ITTAPI function instrumented: __itt_stack_callee_enter
1709997 : 0x26f6966ad367d1 : 2 : ittapi_config_apply_per_lib :  ITTAPI function instrumented: __itt_stack_callee_leave
1709997 : 0x26f6966ad37310 : 2 : ittapi_config_apply_per_lib :  ITTAPI function not implemented: __itt_clock_domain_create
1709997 : 0x26f6966ad37ec7 : 2 : ittapi_config_apply_per_lib :  ITTAPI function not implemented: __itt_clock_domain_reset
1709997 : 0x26f6966ad389aa : 2 : ittapi_config_apply_per_lib :  ITTAPI function not implemented: __itt_id_create_ex
1709997 : 0x26f6966ad3aec7 : 2 : ittapi_config_apply_per_lib :  ITTAPI function not implemented: __itt_id_destroy_ex
1709997 : 0x26f6966ad3baf3 : 2 : ittapi_config_apply_per_lib :  ITTAPI function not implemented: __itt_task_begin_ex
1709997 : 0x26f6966ad3c5d1 : 2 : ittapi_config_apply_per_lib :  ITTAPI function not implemented: __itt_task_begin_fn_ex
1709997 : 0x26f6966ad3d0c9 : 2 : ittapi_config_apply_per_lib :  ITTAPI function not implemented: __itt_task_end_ex
1709997 : 0x26f6966ad3db62 : 2 : ittapi_config_apply_per_lib :  ITTAPI function instrumented: __itt_task_begin_overlapped
1709997 : 0x26f6966ad3e68c : 2 : ittapi_config_apply_per_lib :  ITTAPI function not implemented: __itt_task_begin_overlapped_ex
1709997 : 0x26f6966ad3f09d : 2 : ittapi_config_apply_per_lib :  ITTAPI function instrumented: __itt_task_end_overlapped
1709997 : 0x26f6966ad3fb4c : 2 : ittapi_config_apply_per_lib :  ITTAPI function not implemented: __itt_task_end_overlapped_ex
1709997 : 0x26f6966ad40659 : 2 : ittapi_config_apply_per_lib :  ITTAPI function not implemented: __itt_marker_ex
1709997 : 0x26f6966ad4121c : 2 : ittapi_config_apply_per_lib :  ITTAPI function not implemented: __itt_metadata_add_with_scope
1709997 : 0x26f6966ad43043 : 2 : ittapi_config_apply_per_lib :  ITTAPI function not implemented: __itt_metadata_str_add_with_scope
1709997 : 0x26f6966ad43b2c : 2 : ittapi_config_apply_per_lib :  ITTAPI function not implemented: __itt_relation_add_to_current_ex
1709997 : 0x26f6966ad4467f : 2 : ittapi_config_apply_per_lib :  ITTAPI function not implemented: __itt_relation_add_ex
1709997 : 0x26f6966ad45169 : 2 : ittapi_config_apply_per_lib :  ITTAPI function not implemented: __itt_track_group_create
1709997 : 0x26f6966ad45c7e : 2 : ittapi_config_apply_per_lib :  ITTAPI function not implemented: __itt_track_create
1709997 : 0x26f6966ad466b7 : 2 : ittapi_config_apply_per_lib :  ITTAPI function not implemented: __itt_set_track
1709997 : 0x26f6966ad471a8 : 2 : ittapi_config_apply_per_lib :  ITTAPI function instrumented: __itt_api_version
1709997 : 0x26f6966ad47c9d : 2 : ittapi_config_apply_per_lib :  ITTAPI function not implemented: __itt_av_save
1709997 : 0x26f6966ad4874c : 2 : ittapi_config_apply_per_lib :  ITTAPI function instrumented: __itt_module_load
1709997 : 0x26f6966ad49228 : 2 : ittapi_config_apply_per_lib :  ITTAPI function not implemented: __itt_module_unload
1709997 : 0x26f6966ad4a969 : 2 : ittapi_config_apply_per_lib :  ITTAPI function NOT instrumented (not matched by --itt-config option): __itt_histogram_submit

1709997 : 0x26f6966adae389 : 2 : ittapi_config_mask_get :  --itt-config mask to be applied: 55
1709997 : 0x26f6966adaf375 : 2 : ittapi_config_apply_per_lib :  ITTAPI function instrumented: __itt_domain_create
1709997 : 0x26f6966adaff94 : 2 : ittapi_config_apply_per_lib :  ITTAPI function instrumented: __itt_module_load_with_sections
1709997 : 0x26f6966adb0c9d : 2 : ittapi_config_apply_per_lib :  ITTAPI function not implemented: __itt_module_unload_with_sections
1709997 : 0x26f6966adb1816 : 2 : ittapi_config_apply_per_lib :  ITTAPI function instrumented: __itt_string_handle_create
1709997 : 0x26f6966adb2239 : 2 : ittapi_config_apply_per_lib :  ITTAPI function instrumented: __itt_counter_create
1709997 : 0x26f6966adb2caf : 2 : ittapi_config_apply_per_lib :  ITTAPI function instrumented: __itt_counter_create_typed
1709997 : 0x26f6966adb3699 : 2 : ittapi_config_apply_per_lib :  ITTAPI function instrumented: __itt_pause
1709997 : 0x26f6966adb412b : 2 : ittapi_config_apply_per_lib :  ITTAPI function instrumented: __itt_resume
1709997 : 0x26f6966adb8026 : 2 : ittapi_config_apply_per_lib :  ITTAPI function not implemented: __itt_pause_scoped
1709997 : 0x26f6966adb8bf2 : 2 : ittapi_config_apply_per_lib :  ITTAPI function not implemented: __itt_resume_scoped
1709997 : 0x26f6966adb9719 : 2 : ittapi_config_apply_per_lib :  ITTAPI function instrumented: __itt_thread_set_name
1709997 : 0x26f6966adba17f : 2 : ittapi_config_apply_per_lib :  ITTAPI function instrumented: __itt_thread_ignore
1709997 : 0x26f6966adbac6a : 2 : ittapi_config_apply_per_lib :  ITTAPI function instrumented: __itt_thr_name_set
1709997 : 0x26f6966adbb6ee : 2 : ittapi_config_apply_per_lib :  ITTAPI function instrumented: __itt_thr_ignore
1709997 : 0x26f6966adbc14e : 2 : ittapi_config_apply_per_lib :  ITTAPI function instrumented: __itt_histogram_create
1709997 : 0x26f6966adbcb6f : 2 : ittapi_config_apply_per_lib :  ITTAPI function instrumented: __itt_counter_create_v3
1709997 : 0x26f6966adbd68b : 2 : ittapi_config_apply_per_lib :  ITTAPI function instrumented: __itt_bind_context_metadata_to_counter
1709997 : 0x26f6966adbe198 : 2 : ittapi_config_apply_per_lib :  ITTAPI function not implemented: __itt_enable_attach
1709997 : 0x26f6966adc00a9 : 2 : ittapi_config_apply_per_lib :  ITTAPI function instrumented: __itt_detach
1709997 : 0x26f6966adc0764 : 2 : ittapi_config_apply_per_lib :  ITTAPI function NOT instrumented (not matched by --itt-config option): __itt_sync_create

1709997 : 0x26f6966adc0d1e : 2 : ittapi_config_apply_per_lib :  ITTAPI function NOT instrumented (not matched by --itt-config option): __itt_sync_rename

1709997 : 0x26f6966adc125c : 2 : ittapi_config_apply_per_lib :  ITTAPI function NOT instrumented (not matched by --itt-config option): __itt_sync_destroy

1709997 : 0x26f6966adc1798 : 2 : ittapi_config_apply_per_lib :  ITTAPI function NOT instrumented (not matched by --itt-config option): __itt_sync_prepare

1709997 : 0x26f6966adc1d3a : 2 : ittapi_config_apply_per_lib :  ITTAPI function NOT instrumented (not matched by --itt-config option): __itt_sync_cancel

1709997 : 0x26f6966adc227c : 2 : ittapi_config_apply_per_lib :  ITTAPI function NOT instrumented (not matched by --itt-config option): __itt_sync_acquired

1709997 : 0x26f6966adc27bf : 2 : ittapi_config_apply_per_lib :  ITTAPI function NOT instrumented (not matched by --itt-config option): __itt_sync_releasing

1709997 : 0x26f6966adc338f : 2 : ittapi_config_apply_per_lib :  ITTAPI function not implemented: __itt_suppress_push
1709997 : 0x26f6966adc3f59 : 2 : ittapi_config_apply_per_lib :  ITTAPI function not implemented: __itt_suppress_pop
1709997 : 0x26f6966adc5d94 : 2 : ittapi_config_apply_per_lib :  ITTAPI function not implemented: __itt_suppress_mark_range
1709997 : 0x26f6966adc6a17 : 2 : ittapi_config_apply_per_lib :  ITTAPI function not implemented: __itt_suppress_clear_range
1709997 : 0x26f6966adc6fb5 : 2 : ittapi_config_apply_per_lib :  ITTAPI function NOT instrumented (not matched by --itt-config option): __itt_sync_prepare

1709997 : 0x26f6966adc74d2 : 2 : ittapi_config_apply_per_lib :  ITTAPI function NOT instrumented (not matched by --itt-config option): __itt_sync_cancel

1709997 : 0x26f6966adc79b2 : 2 : ittapi_config_apply_per_lib :  ITTAPI function NOT instrumented (not matched by --itt-config option): __itt_sync_acquired

1709997 : 0x26f6966adc7eff : 2 : ittapi_config_apply_per_lib :  ITTAPI function NOT instrumented (not matched by --itt-config option): __itt_sync_releasing

1709997 : 0x26f6966adc8491 : 2 : ittapi_config_apply_per_lib :  ITTAPI function NOT instrumented (not matched by --itt-config option): __itt_model_site_begin

1709997 : 0x26f6966adc89f1 : 2 : ittapi_config_apply_per_lib :  ITTAPI function NOT instrumented (not matched by --itt-config option): __itt_model_site_end

1709997 : 0x26f6966adc8f2a : 2 : ittapi_config_apply_per_lib :  ITTAPI function NOT instrumented (not matched by --itt-config option): __itt_model_task_begin

1709997 : 0x26f6966adc9556 : 2 : ittapi_config_apply_per_lib :  ITTAPI function NOT instrumented (not matched by --itt-config option): __itt_model_task_end

1709997 : 0x26f6966adcb586 : 2 : ittapi_config_apply_per_lib :  ITTAPI function NOT instrumented (not matched by --itt-config option): __itt_model_lock_acquire

1709997 : 0x26f6966adcbc8f : 2 : ittapi_config_apply_per_lib :  ITTAPI function NOT instrumented (not matched by --itt-config option): __itt_model_lock_release

1709997 : 0x26f6966adcc1d1 : 2 : ittapi_config_apply_per_lib :  ITTAPI function NOT instrumented (not matched by --itt-config option): __itt_model_record_allocation

1709997 : 0x26f6966adcc6c6 : 2 : ittapi_config_apply_per_lib :  ITTAPI function NOT instrumented (not matched by --itt-config option): __itt_model_record_deallocation

1709997 : 0x26f6966adccbb4 : 2 : ittapi_config_apply_per_lib :  ITTAPI function NOT instrumented (not matched by --itt-config option): __itt_model_induction_uses

1709997 : 0x26f6966adcd128 : 2 : ittapi_config_apply_per_lib :  ITTAPI function NOT instrumented (not matched by --itt-config option): __itt_model_reduction_uses

1709997 : 0x26f6966adcd642 : 2 : ittapi_config_apply_per_lib :  ITTAPI function NOT instrumented (not matched by --itt-config option): __itt_model_observe_uses

1709997 : 0x26f6966adcdb4b : 2 : ittapi_config_apply_per_lib :  ITTAPI function NOT instrumented (not matched by --itt-config option): __itt_model_clear_uses

1709997 : 0x26f6966adce03c : 2 : ittapi_config_apply_per_lib :  ITTAPI function NOT instrumented (not matched by --itt-config option): __itt_model_site_beginA

1709997 : 0x26f6966adce583 : 2 : ittapi_config_apply_per_lib :  ITTAPI function NOT instrumented (not matched by --itt-config option): __itt_model_site_beginAL

1709997 : 0x26f6966adcfd17 : 2 : ittapi_config_apply_per_lib :  ITTAPI function NOT instrumented (not matched by --itt-config option): __itt_model_task_beginA

1709997 : 0x26f6966add033b : 2 : ittapi_config_apply_per_lib :  ITTAPI function NOT instrumented (not matched by --itt-config option): __itt_model_task_beginAL

1709997 : 0x26f6966add0811 : 2 : ittapi_config_apply_per_lib :  ITTAPI function NOT instrumented (not matched by --itt-config option): __itt_model_iteration_taskA

1709997 : 0x26f6966add0d0f : 2 : ittapi_config_apply_per_lib :  ITTAPI function NOT instrumented (not matched by --itt-config option): __itt_model_iteration_taskAL

1709997 : 0x26f6966add11ae : 2 : ittapi_config_apply_per_lib :  ITTAPI function NOT instrumented (not matched by --itt-config option): __itt_model_site_end_2

1709997 : 0x26f6966add1740 : 2 : ittapi_config_apply_per_lib :  ITTAPI function NOT instrumented (not matched by --itt-config option): __itt_model_task_end_2

1709997 : 0x26f6966add1c30 : 2 : ittapi_config_apply_per_lib :  ITTAPI function NOT instrumented (not matched by --itt-config option): __itt_model_lock_acquire_2

1709997 : 0x26f6966add210b : 2 : ittapi_config_apply_per_lib :  ITTAPI function NOT instrumented (not matched by --itt-config option): __itt_model_lock_release_2

1709997 : 0x26f6966add25de : 2 : ittapi_config_apply_per_lib :  ITTAPI function NOT instrumented (not matched by --itt-config option): __itt_model_aggregate_task

1709997 : 0x26f6966add2b14 : 2 : ittapi_config_apply_per_lib :  ITTAPI function NOT instrumented (not matched by --itt-config option): __itt_model_disable_push

1709997 : 0x26f6966add4150 : 2 : ittapi_config_apply_per_lib :  ITTAPI function NOT instrumented (not matched by --itt-config option): __itt_model_disable_pop

1709997 : 0x26f6966add4d16 : 2 : ittapi_config_apply_per_lib :  ITTAPI function instrumented: __itt_heap_function_create
1709997 : 0x26f6966add575d : 2 : ittapi_config_apply_per_lib :  ITTAPI function instrumented: __itt_heap_allocate_begin
1709997 : 0x26f6966add618b : 2 : ittapi_config_apply_per_lib :  ITTAPI function instrumented: __itt_heap_allocate_end
1709997 : 0x26f6966add6b4a : 2 : ittapi_config_apply_per_lib :  ITTAPI function instrumented: __itt_heap_free_begin
1709997 : 0x26f6966add7592 : 2 : ittapi_config_apply_per_lib :  ITTAPI function instrumented: __itt_heap_free_end
1709997 : 0x26f6966add7f9d : 2 : ittapi_config_apply_per_lib :  ITTAPI function instrumented: __itt_heap_reallocate_begin
1709997 : 0x26f6966add89b5 : 2 : ittapi_config_apply_per_lib :  ITTAPI function instrumented: __itt_heap_reallocate_end
1709997 : 0x26f6966add94dd : 2 : ittapi_config_apply_per_lib :  ITTAPI function not implemented: __itt_heap_internal_access_begin
1709997 : 0x26f6966adda043 : 2 : ittapi_config_apply_per_lib :  ITTAPI function not implemented: __itt_heap_internal_access_end
1709997 : 0x26f6966addc81a : 2 : ittapi_config_apply_per_lib :  ITTAPI function not implemented: __itt_heap_record_memory_growth_begin
1709997 : 0x26f6966addd391 : 2 : ittapi_config_apply_per_lib :  ITTAPI function not implemented: __itt_heap_record_memory_growth_end
1709997 : 0x26f6966adddf01 : 2 : ittapi_config_apply_per_lib :  ITTAPI function not implemented: __itt_heap_reset_detection
1709997 : 0x26f6966addea4e : 2 : ittapi_config_apply_per_lib :  ITTAPI function not implemented: __itt_heap_record
1709997 : 0x26f6966addf5c8 : 2 : ittapi_config_apply_per_lib :  ITTAPI function not implemented: __itt_id_create
1709997 : 0x26f6966ade008c : 2 : ittapi_config_apply_per_lib :  ITTAPI function not implemented: __itt_id_destroy
1709997 : 0x26f6966ade0bf0 : 2 : ittapi_config_apply_per_lib :  ITTAPI function instrumented: __itt_get_timestamp
1709997 : 0x26f6966ade16de : 2 : ittapi_config_apply_per_lib :  ITTAPI function not implemented: __itt_region_begin
1709997 : 0x26f6966ade220f : 2 : ittapi_config_apply_per_lib :  ITTAPI function not implemented: __itt_region_end
1709997 : 0x26f6966ade2c76 : 2 : ittapi_config_apply_per_lib :  ITTAPI function instrumented: __itt_frame_begin_v3
1709997 : 0x26f6966ade4abd : 2 : ittapi_config_apply_per_lib :  ITTAPI function instrumented: __itt_frame_end_v3
1709997 : 0x26f6966ade560c : 2 : ittapi_config_apply_per_lib :  ITTAPI function instrumented: __itt_frame_submit_v3
1709997 : 0x26f6966ade6148 : 2 : ittapi_config_apply_per_lib :  ITTAPI function not implemented: __itt_task_group
1709997 : 0x26f6966ade6c6c : 2 : ittapi_config_apply_per_lib :  ITTAPI function instrumented: __itt_task_begin
1709997 : 0x26f6966ade76a6 : 2 : ittapi_config_apply_per_lib :  ITTAPI function instrumented: __itt_task_begin_fn
1709997 : 0x26f6966ade8169 : 2 : ittapi_config_apply_per_lib :  ITTAPI function instrumented: __itt_task_end
1709997 : 0x26f6966ade8c79 : 2 : ittapi_config_apply_per_lib :  ITTAPI function not implemented: __itt_counter_inc_v3
1709997 : 0x26f6966ade983f : 2 : ittapi_config_apply_per_lib :  ITTAPI function not implemented: __itt_counter_inc_delta_v3
1709997 : 0x26f6966adea3ab : 2 : ittapi_config_apply_per_lib :  ITTAPI function not implemented: __itt_counter_dec_v3
1709997 : 0x26f6966adeaed1 : 2 : ittapi_config_apply_per_lib :  ITTAPI function not implemented: __itt_counter_dec_delta_v3
1709997 : 0x26f6966adeccfb : 2 : ittapi_config_apply_per_lib :  ITTAPI function not implemented: __itt_marker
1709997 : 0x26f6966aded7e6 : 2 : ittapi_config_apply_per_lib :  ITTAPI function instrumented: __itt_metadata_add
1709997 : 0x26f6966adee385 : 2 : ittapi_config_apply_per_lib :  ITTAPI function not implemented: __itt_metadata_str_add
1709997 : 0x26f6966adeee50 : 2 : ittapi_config_apply_per_lib :  ITTAPI function not implemented: __itt_relation_add_to_current
1709997 : 0x26f6966adef981 : 2 : ittapi_config_apply_per_lib :  ITTAPI function not implemented: __itt_relation_add
1709997 : 0x26f6966adf03f4 : 2 : ittapi_config_apply_per_lib :  ITTAPI function instrumented: __itt_event_create
1709997 : 0x26f6966adf0ecc : 2 : ittapi_config_apply_per_lib :  ITTAPI function instrumented: __itt_event_start
1709997 : 0x26f6966adf1903 : 2 : ittapi_config_apply_per_lib :  ITTAPI function instrumented: __itt_event_end
1709997 : 0x26f6966adf1ed3 : 2 : ittapi_config_apply_per_lib :  ITTAPI function NOT instrumented (not matched by --itt-config option): __itt_sync_set_name

1709997 : 0x26f6966adf248c : 2 : ittapi_config_apply_per_lib :  ITTAPI function NOT instrumented (not matched by --itt-config option): __itt_notify_sync_name

1709997 : 0x26f6966adf3c92 : 2 : ittapi_config_apply_per_lib :  ITTAPI function NOT instrumented (not matched by --itt-config option): __itt_notify_sync_prepare

1709997 : 0x26f6966adf429b : 2 : ittapi_config_apply_per_lib :  ITTAPI function NOT instrumented (not matched by --itt-config option): __itt_notify_sync_cancel

1709997 : 0x26f6966adf47da : 2 : ittapi_config_apply_per_lib :  ITTAPI function NOT instrumented (not matched by --itt-config option): __itt_notify_sync_acquired

1709997 : 0x26f6966adf4ce2 : 2 : ittapi_config_apply_per_lib :  ITTAPI function NOT instrumented (not matched by --itt-config option): __itt_notify_sync_releasing

1709997 : 0x26f6966adf589b : 2 : ittapi_config_apply_per_lib :  ITTAPI function not implemented: __itt_memory_read
1709997 : 0x26f6966adf63be : 2 : ittapi_config_apply_per_lib :  ITTAPI function not implemented: __itt_memory_write
1709997 : 0x26f6966adf6f98 : 2 : ittapi_config_apply_per_lib :  ITTAPI function not implemented: __itt_memory_update
1709997 : 0x26f6966adf7a74 : 2 : ittapi_config_apply_per_lib :  ITTAPI function not implemented: __itt_state_get
1709997 : 0x26f6966adf85e3 : 2 : ittapi_config_apply_per_lib :  ITTAPI function not implemented: __itt_state_set
1709997 : 0x26f6966adf90e2 : 2 : ittapi_config_apply_per_lib :  ITTAPI function not implemented: __itt_obj_mode_set
1709997 : 0x26f6966adfb764 : 2 : ittapi_config_apply_per_lib :  ITTAPI function not implemented: __itt_thr_mode_set
1709997 : 0x26f6966adfc2f6 : 2 : ittapi_config_apply_per_lib :  ITTAPI function instrumented: __itt_frame_create
1709997 : 0x26f6966adfcced : 2 : ittapi_config_apply_per_lib :  ITTAPI function instrumented: __itt_pt_region_create
1709997 : 0x26f6966adfd7cc : 2 : ittapi_config_apply_per_lib :  ITTAPI function instrumented: __itt_frame_begin
1709997 : 0x26f6966adfe25c : 2 : ittapi_config_apply_per_lib :  ITTAPI function instrumented: __itt_frame_end
1709997 : 0x26f6966adfee29 : 2 : ittapi_config_apply_per_lib :  ITTAPI function not implemented: __itt_counter_destroy
1709997 : 0x26f6966adff86c : 2 : ittapi_config_apply_per_lib :  ITTAPI function instrumented: __itt_counter_inc
1709997 : 0x26f6966ae00310 : 2 : ittapi_config_apply_per_lib :  ITTAPI function instrumented: __itt_counter_inc_delta
1709997 : 0x26f6966ae00d3a : 2 : ittapi_config_apply_per_lib :  ITTAPI function instrumented: __itt_counter_dec
1709997 : 0x26f6966ae0181f : 2 : ittapi_config_apply_per_lib :  ITTAPI function instrumented: __itt_counter_dec_delta
1709997 : 0x26f6966ae0356a : 2 : ittapi_config_apply_per_lib :  ITTAPI function instrumented: __itt_counter_set_value
1709997 : 0x26f6966ae040d5 : 2 : ittapi_config_apply_per_lib :  ITTAPI function not implemented: __itt_counter_set_value_ex
1709997 : 0x26f6966ae04bfa : 2 : ittapi_config_apply_per_lib :  ITTAPI function not implemented: __itt_mark_create
1709997 : 0x26f6966ae05759 : 2 : ittapi_config_apply_per_lib :  ITTAPI function not implemented: __itt_mark
1709997 : 0x26f6966ae062c0 : 2 : ittapi_config_apply_per_lib :  ITTAPI function not implemented: __itt_mark_off
1709997 : 0x26f6966ae06d5b : 2 : ittapi_config_apply_per_lib :  ITTAPI function not implemented: __itt_mark_global
1709997 : 0x26f6966ae078d2 : 2 : ittapi_config_apply_per_lib :  ITTAPI function not implemented: __itt_mark_global_off
1709997 : 0x26f6966ae083df : 2 : ittapi_config_apply_per_lib :  ITTAPI function instrumented: __itt_stack_caller_create
1709997 : 0x26f6966ae08efa : 2 : ittapi_config_apply_per_lib :  ITTAPI function instrumented: __itt_stack_caller_destroy
1709997 : 0x26f6966ae09960 : 2 : ittapi_config_apply_per_lib :  ITTAPI function instrumented: __itt_stack_callee_enter
1709997 : 0x26f6966ae0b695 : 2 : ittapi_config_apply_per_lib :  ITTAPI function instrumented: __itt_stack_callee_leave
1709997 : 0x26f6966ae0c2ca : 2 : ittapi_config_apply_per_lib :  ITTAPI function not implemented: __itt_clock_domain_create
1709997 : 0x26f6966ae0cdbb : 2 : ittapi_config_apply_per_lib :  ITTAPI function not implemented: __itt_clock_domain_reset
1709997 : 0x26f6966ae0d90c : 2 : ittapi_config_apply_per_lib :  ITTAPI function not implemented: __itt_id_create_ex
1709997 : 0x26f6966ae0e437 : 2 : ittapi_config_apply_per_lib :  ITTAPI function not implemented: __itt_id_destroy_ex
1709997 : 0x26f6966ae0ef51 : 2 : ittapi_config_apply_per_lib :  ITTAPI function not implemented: __itt_task_begin_ex
1709997 : 0x26f6966ae0fa30 : 2 : ittapi_config_apply_per_lib :  ITTAPI function not implemented: __itt_task_begin_fn_ex
1709997 : 0x26f6966ae10529 : 2 : ittapi_config_apply_per_lib :  ITTAPI function not implemented: __itt_task_end_ex
1709997 : 0x26f6966ae10f9f : 2 : ittapi_config_apply_per_lib :  ITTAPI function instrumented: __itt_task_begin_overlapped
1709997 : 0x26f6966ae11ad8 : 2 : ittapi_config_apply_per_lib :  ITTAPI function not implemented: __itt_task_begin_overlapped_ex
1709997 : 0x26f6966ae14149 : 2 : ittapi_config_apply_per_lib :  ITTAPI function instrumented: __itt_task_end_overlapped
1709997 : 0x26f6966ae14cc8 : 2 : ittapi_config_apply_per_lib :  ITTAPI function not implemented: __itt_task_end_overlapped_ex
1709997 : 0x26f6966ae15836 : 2 : ittapi_config_apply_per_lib :  ITTAPI function not implemented: __itt_marker_ex
1709997 : 0x26f6966ae16352 : 2 : ittapi_config_apply_per_lib :  ITTAPI function not implemented: __itt_metadata_add_with_scope
1709997 : 0x26f6966ae16f25 : 2 : ittapi_config_apply_per_lib :  ITTAPI function not implemented: __itt_metadata_str_add_with_scope
1709997 : 0x26f6966ae17a0b : 2 : ittapi_config_apply_per_lib :  ITTAPI function not implemented: __itt_relation_add_to_current_ex
1709997 : 0x26f6966ae18546 : 2 : ittapi_config_apply_per_lib :  ITTAPI function not implemented: __itt_relation_add_ex
1709997 : 0x26f6966ae19033 : 2 : ittapi_config_apply_per_lib :  ITTAPI function not implemented: __itt_track_group_create
1709997 : 0x26f6966ae19b46 : 2 : ittapi_config_apply_per_lib :  ITTAPI function not implemented: __itt_track_create
1709997 : 0x26f6966ae1a5ee : 2 : ittapi_config_apply_per_lib :  ITTAPI function not implemented: __itt_set_track
1709997 : 0x26f6966ae1c395 : 2 : ittapi_config_apply_per_lib :  ITTAPI function instrumented: __itt_api_version
1709997 : 0x26f6966ae1cf9c : 2 : ittapi_config_apply_per_lib :  ITTAPI function not implemented: __itt_av_save
1709997 : 0x26f6966ae1d9d0 : 2 : ittapi_config_apply_per_lib :  ITTAPI function instrumented: __itt_module_load
1709997 : 0x26f6966ae1e517 : 2 : ittapi_config_apply_per_lib :  ITTAPI function not implemented: __itt_module_unload
1709997 : 0x26f6966ae1ea71 : 2 : ittapi_config_apply_per_lib :  ITTAPI function NOT instrumented (not matched by --itt-config option): __itt_histogram_submit

1709997 : 0x26f6966ae1f560 : 2 : ittapi_config_apply_per_lib :  ITTAPI function instrumented: __itt_counter_set_value_v3