threads_spec: cpu
Using CPUID GenuineIntel-6-55-7
DEBUGINFOD_URLS=
Compression enabled, disabling build id collection at the end of the session.
nr_threads: 40
thread_masks[0]: 0x555555ff3ba0: maps mask[40]: 0
thread_masks[0]: 0x555555ff3bb0: affinity mask[40]: 0
thread_masks[1]: 0x555555ff3bc0: maps mask[40]: 1
thread_masks[1]: 0x555555ff3bd0: affinity mask[40]: 1
thread_masks[2]: 0x555555ff3be0: maps mask[40]: 2
thread_masks[2]: 0x555555ff3bf0: affinity mask[40]: 2
thread_masks[3]: 0x555555ff3c00: maps mask[40]: 3
thread_masks[3]: 0x555555ff3c10: affinity mask[40]: 3
thread_masks[4]: 0x555555ff3c20: maps mask[40]: 4
thread_masks[4]: 0x555555ff3c30: affinity mask[40]: 4
thread_masks[5]: 0x555555ff3c40: maps mask[40]: 5
thread_masks[5]: 0x555555ff3c50: affinity mask[40]: 5
thread_masks[6]: 0x555555ff3c60: maps mask[40]: 6
thread_masks[6]: 0x555555ff3c70: affinity mask[40]: 6
thread_masks[7]: 0x555555ff3c80: maps mask[40]: 7
thread_masks[7]: 0x555555ff3c90: affinity mask[40]: 7
thread_masks[8]: 0x555555ff3ca0: maps mask[40]: 8
thread_masks[8]: 0x555555ff3cb0: affinity mask[40]: 8
thread_masks[9]: 0x555555ff3cc0: maps mask[40]: 9
thread_masks[9]: 0x555555ff3cd0: affinity mask[40]: 9
thread_masks[10]: 0x555555ff3ce0: maps mask[40]: 10
thread_masks[10]: 0x555555ff3cf0: affinity mask[40]: 10
thread_masks[11]: 0x555555ff3d00: maps mask[40]: 11
thread_masks[11]: 0x555555ff3d10: affinity mask[40]: 11
thread_masks[12]: 0x555555ff3d20: maps mask[40]: 12
thread_masks[12]: 0x555555ff3d30: affinity mask[40]: 12
thread_masks[13]: 0x555555ff3d40: maps mask[40]: 13
thread_masks[13]: 0x555555ff3d50: affinity mask[40]: 13
thread_masks[14]: 0x555555ff3d60: maps mask[40]: 14
thread_masks[14]: 0x555555ff3d70: affinity mask[40]: 14
thread_masks[15]: 0x555555ff3d80: maps mask[40]: 15
thread_masks[15]: 0x555555ff3d90: affinity mask[40]: 15
thread_masks[16]: 0x555555ff3da0: maps mask[40]: 16
thread_masks[16]: 0x555555ff3db0: affinity mask[40]: 16
thread_masks[17]: 0x555555ff3dc0: maps mask[40]: 17
thread_masks[17]: 0x555555ff3dd0: affinity mask[40]: 17
thread_masks[18]: 0x555555ff3de0: maps mask[40]: 18
thread_masks[18]: 0x555555ff3df0: affinity mask[40]: 18
thread_masks[19]: 0x555555ff3e00: maps mask[40]: 19
thread_masks[19]: 0x555555ff3e10: affinity mask[40]: 19
thread_masks[20]: 0x555555ff3e20: maps mask[40]: 20
thread_masks[20]: 0x555555ff3e30: affinity mask[40]: 20
thread_masks[21]: 0x555555ff3e40: maps mask[40]: 21
thread_masks[21]: 0x555555ff3e50: affinity mask[40]: 21
thread_masks[22]: 0x555555ff3e60: maps mask[40]: 22
thread_masks[22]: 0x555555ff3e70: affinity mask[40]: 22
thread_masks[23]: 0x555555ff3e80: maps mask[40]: 23
thread_masks[23]: 0x555555ff3e90: affinity mask[40]: 23
thread_masks[24]: 0x555555ff3ea0: maps mask[40]: 24
thread_masks[24]: 0x555555ff3eb0: affinity mask[40]: 24
thread_masks[25]: 0x555555ff3ec0: maps mask[40]: 25
thread_masks[25]: 0x555555ff3ed0: affinity mask[40]: 25
thread_masks[26]: 0x555555ff3ee0: maps mask[40]: 26
thread_masks[26]: 0x555555ff3ef0: affinity mask[40]: 26
thread_masks[27]: 0x555555ff3f00: maps mask[40]: 27
thread_masks[27]: 0x555555ff3f10: affinity mask[40]: 27
thread_masks[28]: 0x555555ff3f20: maps mask[40]: 28
thread_masks[28]: 0x555555ff3f30: affinity mask[40]: 28
thread_masks[29]: 0x555555ff3f40: maps mask[40]: 29
thread_masks[29]: 0x555555ff3f50: affinity mask[40]: 29
thread_masks[30]: 0x555555ff3f60: maps mask[40]: 30
thread_masks[30]: 0x555555ff3f70: affinity mask[40]: 30
thread_masks[31]: 0x555555ff3f80: maps mask[40]: 31
thread_masks[31]: 0x555555ff3f90: affinity mask[40]: 31
thread_masks[32]: 0x555555ff3fa0: maps mask[40]: 32
thread_masks[32]: 0x555555ff3fb0: affinity mask[40]: 32
thread_masks[33]: 0x555555ff3fc0: maps mask[40]: 33
thread_masks[33]: 0x555555ff3fd0: affinity mask[40]: 33
thread_masks[34]: 0x555555ff3fe0: maps mask[40]: 34
thread_masks[34]: 0x555555ff3ff0: affinity mask[40]: 34
thread_masks[35]: 0x555555ff4000: maps mask[40]: 35
thread_masks[35]: 0x555555ff4010: affinity mask[40]: 35
thread_masks[36]: 0x555555ff4020: maps mask[40]: 36
thread_masks[36]: 0x555555ff4030: affinity mask[40]: 36
thread_masks[37]: 0x555555ff4040: maps mask[40]: 37
thread_masks[37]: 0x555555ff4050: affinity mask[40]: 37
thread_masks[38]: 0x555555ff4060: maps mask[40]: 38
thread_masks[38]: 0x555555ff4070: affinity mask[40]: 38
thread_masks[39]: 0x555555ff4080: maps mask[40]: 39
thread_masks[39]: 0x555555ff4090: affinity mask[40]: 39
nr_cblocks: 0
affinity: SYS
mmap flush: 1
comp level: 1
Problems creating module maps, continuing anyway...
WARNING: Kernel address maps (/proc/{kallsyms,modules}) are restricted,
check /proc/sys/kernel/kptr_restrict and /proc/sys/kernel/perf_event_paranoid.

Samples in kernel functions may not be resolved if a suitable vmlinux
file is not found in the buildid cache or in the vmlinux path.

Samples in kernel modules won't be resolved at all.

If some relocation was applied (e.g. kexec) symbols may be misresolved
even with a suitable vmlinux or kallsyms file.

mmap size 528384B
Couldn't record kernel reference relocation symbol
Symbol resolution may be skewed if relocation was used (e.g. kexec).
Check /proc/kallsyms permission or run as root.
couldn't open /proc/1/task/1/maps
couldn't open /proc/1917/task/1917/maps
couldn't open /proc/1978/task/1978/maps
couldn't open /proc/2118/task/2118/maps
couldn't open /proc/2168/task/2168/maps
couldn't open /proc/2518/task/2518/maps
couldn't open /proc/2529/task/2529/maps
couldn't open /proc/2530/task/2530/maps
couldn't open /proc/2537/task/2537/maps
couldn't open /proc/2563/task/2563/maps
couldn't open /proc/2571/task/2571/maps
couldn't open /proc/2579/task/2579/maps
couldn't open /proc/2601/task/2601/maps
couldn't open /proc/2606/task/2606/maps
couldn't open /proc/2627/task/2627/maps
couldn't open /proc/2693/task/2693/maps
couldn't open /proc/2699/task/2699/maps
couldn't open /proc/2704/task/2704/maps
couldn't open /proc/2705/task/2705/maps
couldn't open /proc/2706/task/2706/maps
couldn't open /proc/2769/task/2769/maps
couldn't open /proc/2770/task/2770/maps
couldn't open /proc/2771/task/2771/maps
couldn't open /proc/2773/task/2773/maps
couldn't open /proc/2774/task/2774/maps
couldn't open /proc/2816/task/2816/maps
couldn't open /proc/3117/task/3117/maps
couldn't open /proc/3119/task/3119/maps
couldn't open /proc/3121/task/3121/maps
couldn't open /proc/3122/task/3122/maps
couldn't open /proc/3156/task/3156/maps
couldn't open /proc/3249/task/3249/maps
couldn't open /proc/3251/task/3251/maps
couldn't open /proc/3435/task/3435/maps
couldn't open /proc/4018/task/4018/maps
couldn't open /proc/1872149/task/1872149/maps
couldn't open /proc/1872150/task/1872150/maps
couldn't open /proc/1872173/task/1872173/maps
couldn't open /proc/1884405/task/1884405/maps
couldn't open /proc/3662156/task/3662156/maps
couldn't open /proc/3662176/task/3662176/maps
threads[1890925]: started on cpu1
threads[1890926]: started on cpu2
threads[1890927]: started on cpu3
threads[1890928]: started on cpu4
threads[1890929]: started on cpu5
threads[1890930]: started on cpu6
threads[1890931]: started on cpu7
threads[1890932]: started on cpu8
threads[1890933]: started on cpu9
threads[1890934]: started on cpu10
threads[1890935]: started on cpu11
threads[1890936]: started on cpu12
threads[1890937]: started on cpu13
threads[1890938]: started on cpu14
threads[1890939]: started on cpu15
threads[1890940]: started on cpu16
threads[1890941]: started on cpu17
threads[1890942]: started on cpu18
threads[1890943]: started on cpu19
threads[1890944]: started on cpu20
threads[1890945]: started on cpu21
threads[1890946]: started on cpu22
threads[1890947]: started on cpu23
threads[1890948]: started on cpu24
threads[1890949]: started on cpu25
threads[1890950]: started on cpu26
threads[1890951]: started on cpu27
threads[1890952]: started on cpu28
threads[1890953]: started on cpu29
threads[1890954]: started on cpu30
threads[1890955]: started on cpu31
threads[1890956]: started on cpu32
threads[1890957]: started on cpu33
threads[1890958]: started on cpu34
threads[1890959]: started on cpu35
threads[1890960]: started on cpu36
threads[1890961]: started on cpu37
threads[1890962]: started on cpu38
threads[1890963]: started on cpu39
threads[1890923]: started on cpu0

1890924:perf-sync:ready:SYS=9070927580229461
[ perf record: Woken up 81 times to write data ]
threads[1890923]: samples=6, wakes=3, transferred=590232, compressed=85777
threads[1890925]: samples=6, wakes=4, transferred=650760, compressed=85072
threads[1890926]: samples=7, wakes=4, transferred=751888, compressed=106637
threads[1890927]: samples=8, wakes=4, transferred=681656, compressed=86371
threads[1890928]: samples=6, wakes=4, transferred=556064, compressed=76734
threads[1890929]: samples=8, wakes=4, transferred=563224, compressed=78259
threads[1890930]: samples=8, wakes=4, transferred=564656, compressed=78775
threads[1890931]: samples=7, wakes=4, transferred=560776, compressed=77851
threads[1890932]: samples=7, wakes=4, transferred=561864, compressed=78007
threads[1890933]: samples=5, wakes=4, transferred=557120, compressed=77037
threads[1890934]: samples=7, wakes=4, transferred=559984, compressed=77545
threads[1890935]: samples=8, wakes=4, transferred=556952, compressed=76796
threads[1890936]: samples=6, wakes=4, transferred=559000, compressed=77301
threads[1890937]: samples=8, wakes=4, transferred=557840, compressed=77448
threads[1890938]: samples=6, wakes=4, transferred=555328, compressed=77084
threads[1890939]: samples=8, wakes=4, transferred=553728, compressed=76577
threads[1890940]: samples=6, wakes=4, transferred=562528, compressed=78064
threads[1890941]: samples=7, wakes=4, transferred=556328, compressed=77158
threads[1890942]: samples=6, wakes=4, transferred=569216, compressed=78977
threads[1890943]: samples=7, wakes=4, transferred=556480, compressed=76834
threads[1890944]: samples=6, wakes=4, transferred=615192, compressed=90685
threads[1890945]: samples=7, wakes=4, transferred=553096, compressed=76578
threads[1890946]: samples=8, wakes=4, transferred=561496, compressed=78399
threads[1890947]: samples=8, wakes=4, transferred=560176, compressed=77983
threads[1890948]: samples=7, wakes=4, transferred=560888, compressed=79518
threads[1890949]: samples=8, wakes=4, transferred=606824, compressed=87519
threads[1890950]: samples=8, wakes=4, transferred=558128, compressed=77385
threads[1890951]: samples=8, wakes=4, transferred=560168, compressed=77874
threads[1890952]: samples=8, wakes=4, transferred=557976, compressed=77627
threads[1890953]: samples=8, wakes=4, transferred=554336, compressed=77157
threads[1890954]: samples=8, wakes=4, transferred=551600, compressed=76394
threads[1890955]: samples=7, wakes=4, transferred=552408, compressed=76783
threads[1890956]: samples=6, wakes=4, transferred=548576, compressed=75834
threads[1890957]: samples=7, wakes=4, transferred=549288, compressed=75905
threads[1890958]: samples=6, wakes=4, transferred=553176, compressed=77610
threads[1890959]: samples=8, wakes=4, transferred=545392, compressed=75131
threads[1890960]: samples=5, wakes=4, transferred=547256, compressed=75510
threads[1890961]: samples=7, wakes=4, transferred=603544, compressed=84186
threads[1890962]: samples=6, wakes=4, transferred=554456, compressed=77443
threads[1890963]: samples=7, wakes=4, transferred=585920, compressed=82654
failed to write feature HYBRID_TOPOLOGY
[ perf record: Captured and wrote 3.371 MB /var/tmp/pbs.85622.gw4head/amplxe-tmp-br-gkim/amplxe-res-1890812-196407824892494524/data.0/system-wide.perf, compressed (original 21.844 MB, ratio is 7.197) ]
