
1890976 : 0x2039f8023d9b3f : 1 : spill_jit_data :  Jit agent is not initialized
1890866 : 0x2039f8023dbd5b : 2 : ittapi_config_mask_get :  --itt-config mask to be applied: 39
1890866 : 0x2039f8023dd9b2 : 2 : ittapi_config_apply_per_lib :  ITTAPI function instrumented: __itt_domain_create
1890866 : 0x2039f8023de0d9 : 2 : ittapi_config_apply_per_lib :  ITTAPI function instrumented: __itt_module_load_with_sections
1890866 : 0x2039f8023debc8 : 2 : ittapi_config_apply_per_lib :  ITTAPI function not implemented: __itt_module_unload_with_sections
1890866 : 0x2039f8023df221 : 2 : ittapi_config_apply_per_lib :  ITTAPI function instrumented: __itt_string_handle_create
1890866 : 0x2039f8023df704 : 2 : ittapi_config_apply_per_lib :  ITTAPI function instrumented: __itt_counter_create
1890866 : 0x2039f8023dfc31 : 2 : ittapi_config_apply_per_lib :  ITTAPI function instrumented: __itt_counter_create_typed
1890866 : 0x2039f8023e012c : 2 : ittapi_config_apply_per_lib :  ITTAPI function instrumented: __itt_pause
1890866 : 0x2039f8023e059e : 2 : ittapi_config_apply_per_lib :  ITTAPI function instrumented: __itt_resume
1890866 : 0x2039f8023e6dd2 : 2 : ittapi_config_apply_per_lib :  ITTAPI function not implemented: __itt_pause_scoped
1890866 : 0x2039f8023e7417 : 2 : ittapi_config_apply_per_lib :  ITTAPI function not implemented: __itt_resume_scoped
1890866 : 0x2039f8023e7918 : 2 : ittapi_config_apply_per_lib :  ITTAPI function instrumented: __itt_thread_set_name
1890866 : 0x2039f8023e7de3 : 2 : ittapi_config_apply_per_lib :  ITTAPI function instrumented: __itt_thread_ignore
1890866 : 0x2039f8023e827c : 2 : ittapi_config_apply_per_lib :  ITTAPI function instrumented: __itt_thr_name_set
1890866 : 0x2039f8023e872e : 2 : ittapi_config_apply_per_lib :  ITTAPI function instrumented: __itt_thr_ignore
1890866 : 0x2039f8023e8c16 : 2 : ittapi_config_apply_per_lib :  ITTAPI function instrumented: __itt_histogram_create
1890866 : 0x2039f8023e90ce : 2 : ittapi_config_apply_per_lib :  ITTAPI function instrumented: __itt_counter_create_v3
1890866 : 0x2039f8023e9596 : 2 : ittapi_config_apply_per_lib :  ITTAPI function instrumented: __itt_bind_context_metadata_to_counter
1890866 : 0x2039f8023e9a92 : 2 : ittapi_config_apply_per_lib :  ITTAPI function not implemented: __itt_enable_attach
1890866 : 0x2039f8023eac83 : 2 : ittapi_config_apply_per_lib :  ITTAPI function instrumented: __itt_detach
1890866 : 0x2039f8023eb047 : 2 : ittapi_config_apply_per_lib :  ITTAPI function NOT instrumented (not matched by --itt-config option): __itt_sync_create

1890866 : 0x2039f8023eb3de : 2 : ittapi_config_apply_per_lib :  ITTAPI function NOT instrumented (not matched by --itt-config option): __itt_sync_rename

1890866 : 0x2039f8023eb76a : 2 : ittapi_config_apply_per_lib :  ITTAPI function NOT instrumented (not matched by --itt-config option): __itt_sync_destroy

1890866 : 0x2039f8023ebae3 : 2 : ittapi_config_apply_per_lib :  ITTAPI function NOT instrumented (not matched by --itt-config option): __itt_sync_prepare

1890866 : 0x2039f8023ebe2d : 2 : ittapi_config_apply_per_lib :  ITTAPI function NOT instrumented (not matched by --itt-config option): __itt_sync_cancel

1890866 : 0x2039f8023ec163 : 2 : ittapi_config_apply_per_lib :  ITTAPI function NOT instrumented (not matched by --itt-config option): __itt_sync_acquired

1890866 : 0x2039f8023ec4eb : 2 : ittapi_config_apply_per_lib :  ITTAPI function NOT instrumented (not matched by --itt-config option): __itt_sync_releasing

1890866 : 0x2039f8023ec9b1 : 2 : ittapi_config_apply_per_lib :  ITTAPI function not implemented: __itt_suppress_push
1890866 : 0x2039f8023ecfdd : 2 : ittapi_config_apply_per_lib :  ITTAPI function not implemented: __itt_suppress_pop
1890866 : 0x2039f8023edfae : 2 : ittapi_config_apply_per_lib :  ITTAPI function not implemented: __itt_suppress_mark_range
1890866 : 0x2039f8023ee655 : 2 : ittapi_config_apply_per_lib :  ITTAPI function not implemented: __itt_suppress_clear_range
1890866 : 0x2039f8023ee9a8 : 2 : ittapi_config_apply_per_lib :  ITTAPI function NOT instrumented (not matched by --itt-config option): __itt_sync_prepare

1890866 : 0x2039f8023eed4b : 2 : ittapi_config_apply_per_lib :  ITTAPI function NOT instrumented (not matched by --itt-config option): __itt_sync_cancel

1890866 : 0x2039f8023ef085 : 2 : ittapi_config_apply_per_lib :  ITTAPI function NOT instrumented (not matched by --itt-config option): __itt_sync_acquired

1890866 : 0x2039f8023ef3b9 : 2 : ittapi_config_apply_per_lib :  ITTAPI function NOT instrumented (not matched by --itt-config option): __itt_sync_releasing

1890866 : 0x2039f8023ef717 : 2 : ittapi_config_apply_per_lib :  ITTAPI function NOT instrumented (not matched by --itt-config option): __itt_model_site_begin

1890866 : 0x2039f8023efaae : 2 : ittapi_config_apply_per_lib :  ITTAPI function NOT instrumented (not matched by --itt-config option): __itt_model_site_end

1890866 : 0x2039f8023efde9 : 2 : ittapi_config_apply_per_lib :  ITTAPI function NOT instrumented (not matched by --itt-config option): __itt_model_task_begin

1890866 : 0x2039f8023f015b : 2 : ittapi_config_apply_per_lib :  ITTAPI function NOT instrumented (not matched by --itt-config option): __itt_model_task_end

1890866 : 0x2039f8023f1a0d : 2 : ittapi_config_apply_per_lib :  ITTAPI function NOT instrumented (not matched by --itt-config option): __itt_model_lock_acquire

1890866 : 0x2039f8023f1d98 : 2 : ittapi_config_apply_per_lib :  ITTAPI function NOT instrumented (not matched by --itt-config option): __itt_model_lock_release

1890866 : 0x2039f8023f20df : 2 : ittapi_config_apply_per_lib :  ITTAPI function NOT instrumented (not matched by --itt-config option): __itt_model_record_allocation

1890866 : 0x2039f8023f24ae : 2 : ittapi_config_apply_per_lib :  ITTAPI function NOT instrumented (not matched by --itt-config option): __itt_model_record_deallocation

1890866 : 0x2039f8023f2873 : 2 : ittapi_config_apply_per_lib :  ITTAPI function NOT instrumented (not matched by --itt-config option): __itt_model_induction_uses

1890866 : 0x2039f8023f2c09 : 2 : ittapi_config_apply_per_lib :  ITTAPI function NOT instrumented (not matched by --itt-config option): __itt_model_reduction_uses

1890866 : 0x2039f8023f2f94 : 2 : ittapi_config_apply_per_lib :  ITTAPI function NOT instrumented (not matched by --itt-config option): __itt_model_observe_uses

1890866 : 0x2039f8023f334a : 2 : ittapi_config_apply_per_lib :  ITTAPI function NOT instrumented (not matched by --itt-config option): __itt_model_clear_uses

1890866 : 0x2039f8023f36e5 : 2 : ittapi_config_apply_per_lib :  ITTAPI function NOT instrumented (not matched by --itt-config option): __itt_model_site_beginA

1890866 : 0x2039f8023f3a5d : 2 : ittapi_config_apply_per_lib :  ITTAPI function NOT instrumented (not matched by --itt-config option): __itt_model_site_beginAL

1890866 : 0x2039f8023f47d4 : 2 : ittapi_config_apply_per_lib :  ITTAPI function NOT instrumented (not matched by --itt-config option): __itt_model_task_beginA

1890866 : 0x2039f8023f4ba7 : 2 : ittapi_config_apply_per_lib :  ITTAPI function NOT instrumented (not matched by --itt-config option): __itt_model_task_beginAL

1890866 : 0x2039f8023f4f14 : 2 : ittapi_config_apply_per_lib :  ITTAPI function NOT instrumented (not matched by --itt-config option): __itt_model_iteration_taskA

1890866 : 0x2039f8023f52ae : 2 : ittapi_config_apply_per_lib :  ITTAPI function NOT instrumented (not matched by --itt-config option): __itt_model_iteration_taskAL

1890866 : 0x2039f8023f5626 : 2 : ittapi_config_apply_per_lib :  ITTAPI function NOT instrumented (not matched by --itt-config option): __itt_model_site_end_2

1890866 : 0x2039f8023f59a9 : 2 : ittapi_config_apply_per_lib :  ITTAPI function NOT instrumented (not matched by --itt-config option): __itt_model_task_end_2

1890866 : 0x2039f8023f5ce3 : 2 : ittapi_config_apply_per_lib :  ITTAPI function NOT instrumented (not matched by --itt-config option): __itt_model_lock_acquire_2

1890866 : 0x2039f8023f6085 : 2 : ittapi_config_apply_per_lib :  ITTAPI function NOT instrumented (not matched by --itt-config option): __itt_model_lock_release_2

1890866 : 0x2039f8023f63f4 : 2 : ittapi_config_apply_per_lib :  ITTAPI function NOT instrumented (not matched by --itt-config option): __itt_model_aggregate_task

1890866 : 0x2039f8023f675e : 2 : ittapi_config_apply_per_lib :  ITTAPI function NOT instrumented (not matched by --itt-config option): __itt_model_disable_push

1890866 : 0x2039f8023f7cbb : 2 : ittapi_config_apply_per_lib :  ITTAPI function NOT instrumented (not matched by --itt-config option): __itt_model_disable_pop

1890866 : 0x2039f8023f81ff : 2 : ittapi_config_apply_per_lib :  ITTAPI function instrumented: __itt_heap_function_create
1890866 : 0x2039f8023f86e2 : 2 : ittapi_config_apply_per_lib :  ITTAPI function instrumented: __itt_heap_allocate_begin
1890866 : 0x2039f8023f8c3d : 2 : ittapi_config_apply_per_lib :  ITTAPI function instrumented: __itt_heap_allocate_end
1890866 : 0x2039f8023f9102 : 2 : ittapi_config_apply_per_lib :  ITTAPI function instrumented: __itt_heap_free_begin
1890866 : 0x2039f8023f958b : 2 : ittapi_config_apply_per_lib :  ITTAPI function instrumented: __itt_heap_free_end
1890866 : 0x2039f8023f9a3d : 2 : ittapi_config_apply_per_lib :  ITTAPI function instrumented: __itt_heap_reallocate_begin
1890866 : 0x2039f8023f9f04 : 2 : ittapi_config_apply_per_lib :  ITTAPI function instrumented: __itt_heap_reallocate_end
1890866 : 0x2039f8023fa469 : 2 : ittapi_config_apply_per_lib :  ITTAPI function not implemented: __itt_heap_internal_access_begin
1890866 : 0x2039f8023fa9ad : 2 : ittapi_config_apply_per_lib :  ITTAPI function not implemented: __itt_heap_internal_access_end
1890866 : 0x2039f8023fb983 : 2 : ittapi_config_apply_per_lib :  ITTAPI function not implemented: __itt_heap_record_memory_growth_begin
1890866 : 0x2039f8023fbedd : 2 : ittapi_config_apply_per_lib :  ITTAPI function not implemented: __itt_heap_record_memory_growth_end
1890866 : 0x2039f8023fc411 : 2 : ittapi_config_apply_per_lib :  ITTAPI function not implemented: __itt_heap_reset_detection
1890866 : 0x2039f8023fcaba : 2 : ittapi_config_apply_per_lib :  ITTAPI function not implemented: __itt_heap_record
1890866 : 0x2039f8023fd010 : 2 : ittapi_config_apply_per_lib :  ITTAPI function not implemented: __itt_id_create
1890866 : 0x2039f8023fd4fc : 2 : ittapi_config_apply_per_lib :  ITTAPI function not implemented: __itt_id_destroy
1890866 : 0x2039f8023fda31 : 2 : ittapi_config_apply_per_lib :  ITTAPI function instrumented: __itt_get_timestamp
1890866 : 0x2039f8023fdf7d : 2 : ittapi_config_apply_per_lib :  ITTAPI function not implemented: __itt_region_begin
1890866 : 0x2039f8023fe461 : 2 : ittapi_config_apply_per_lib :  ITTAPI function not implemented: __itt_region_end
1890866 : 0x2039f8023fe96b : 2 : ittapi_config_apply_per_lib :  ITTAPI function instrumented: __itt_frame_begin_v3
1890866 : 0x2039f8023ff893 : 2 : ittapi_config_apply_per_lib :  ITTAPI function instrumented: __itt_frame_end_v3
1890866 : 0x2039f8023ffd9c : 2 : ittapi_config_apply_per_lib :  ITTAPI function instrumented: __itt_frame_submit_v3
1890866 : 0x2039f80240035d : 2 : ittapi_config_apply_per_lib :  ITTAPI function not implemented: __itt_task_group
1890866 : 0x2039f802400868 : 2 : ittapi_config_apply_per_lib :  ITTAPI function instrumented: __itt_task_begin
1890866 : 0x2039f802400d07 : 2 : ittapi_config_apply_per_lib :  ITTAPI function instrumented: __itt_task_begin_fn
1890866 : 0x2039f80240115f : 2 : ittapi_config_apply_per_lib :  ITTAPI function instrumented: __itt_task_end
1890866 : 0x2039f802401669 : 2 : ittapi_config_apply_per_lib :  ITTAPI function not implemented: __itt_counter_inc_v3
1890866 : 0x2039f802401bc4 : 2 : ittapi_config_apply_per_lib :  ITTAPI function not implemented: __itt_counter_inc_delta_v3
1890866 : 0x2039f80240205f : 2 : ittapi_config_apply_per_lib :  ITTAPI function not implemented: __itt_counter_dec_v3
1890866 : 0x2039f802402528 : 2 : ittapi_config_apply_per_lib :  ITTAPI function not implemented: __itt_counter_dec_delta_v3
1890866 : 0x2039f802403532 : 2 : ittapi_config_apply_per_lib :  ITTAPI function not implemented: __itt_marker
1890866 : 0x2039f802403a73 : 2 : ittapi_config_apply_per_lib :  ITTAPI function instrumented: __itt_metadata_add
1890866 : 0x2039f802403f56 : 2 : ittapi_config_apply_per_lib :  ITTAPI function not implemented: __itt_metadata_str_add
1890866 : 0x2039f80240443d : 2 : ittapi_config_apply_per_lib :  ITTAPI function not implemented: __itt_relation_add_to_current
1890866 : 0x2039f8024048e4 : 2 : ittapi_config_apply_per_lib :  ITTAPI function not implemented: __itt_relation_add
1890866 : 0x2039f802404d37 : 2 : ittapi_config_apply_per_lib :  ITTAPI function instrumented: __itt_event_create
1890866 : 0x2039f80240518b : 2 : ittapi_config_apply_per_lib :  ITTAPI function instrumented: __itt_event_start
1890866 : 0x2039f802405602 : 2 : ittapi_config_apply_per_lib :  ITTAPI function instrumented: __itt_event_end
1890866 : 0x2039f802405969 : 2 : ittapi_config_apply_per_lib :  ITTAPI function NOT instrumented (not matched by --itt-config option): __itt_sync_set_name

1890866 : 0x2039f802405ced : 2 : ittapi_config_apply_per_lib :  ITTAPI function NOT instrumented (not matched by --itt-config option): __itt_notify_sync_name

1890866 : 0x2039f80240764d : 2 : ittapi_config_apply_per_lib :  ITTAPI function NOT instrumented (not matched by --itt-config option): __itt_notify_sync_prepare

1890866 : 0x2039f8024079d2 : 2 : ittapi_config_apply_per_lib :  ITTAPI function NOT instrumented (not matched by --itt-config option): __itt_notify_sync_cancel

1890866 : 0x2039f802407d09 : 2 : ittapi_config_apply_per_lib :  ITTAPI function NOT instrumented (not matched by --itt-config option): __itt_notify_sync_acquired

1890866 : 0x2039f802408093 : 2 : ittapi_config_apply_per_lib :  ITTAPI function NOT instrumented (not matched by --itt-config option): __itt_notify_sync_releasing

1890866 : 0x2039f8024085bf : 2 : ittapi_config_apply_per_lib :  ITTAPI function not implemented: __itt_memory_read
1890866 : 0x2039f802408aa1 : 2 : ittapi_config_apply_per_lib :  ITTAPI function not implemented: __itt_memory_write
1890866 : 0x2039f802408f30 : 2 : ittapi_config_apply_per_lib :  ITTAPI function not implemented: __itt_memory_update
1890866 : 0x2039f80240940c : 2 : ittapi_config_apply_per_lib :  ITTAPI function not implemented: __itt_state_get
1890866 : 0x2039f8024098de : 2 : ittapi_config_apply_per_lib :  ITTAPI function not implemented: __itt_state_set
1890866 : 0x2039f802409dc5 : 2 : ittapi_config_apply_per_lib :  ITTAPI function not implemented: __itt_obj_mode_set
1890866 : 0x2039f80240aca5 : 2 : ittapi_config_apply_per_lib :  ITTAPI function not implemented: __itt_thr_mode_set
1890866 : 0x2039f80240b126 : 2 : ittapi_config_apply_per_lib :  ITTAPI function instrumented: __itt_frame_create
1890866 : 0x2039f80240b5a9 : 2 : ittapi_config_apply_per_lib :  ITTAPI function instrumented: __itt_pt_region_create
1890866 : 0x2039f80240ba57 : 2 : ittapi_config_apply_per_lib :  ITTAPI function instrumented: __itt_frame_begin
1890866 : 0x2039f80240bed4 : 2 : ittapi_config_apply_per_lib :  ITTAPI function instrumented: __itt_frame_end
1890866 : 0x2039f80240c3b2 : 2 : ittapi_config_apply_per_lib :  ITTAPI function not implemented: __itt_counter_destroy
1890866 : 0x2039f80240c7ff : 2 : ittapi_config_apply_per_lib :  ITTAPI function instrumented: __itt_counter_inc
1890866 : 0x2039f80240cc7a : 2 : ittapi_config_apply_per_lib :  ITTAPI function instrumented: __itt_counter_inc_delta
1890866 : 0x2039f80240d0c9 : 2 : ittapi_config_apply_per_lib :  ITTAPI function instrumented: __itt_counter_dec
1890866 : 0x2039f80240d503 : 2 : ittapi_config_apply_per_lib :  ITTAPI function instrumented: __itt_counter_dec_delta
1890866 : 0x2039f80240e402 : 2 : ittapi_config_apply_per_lib :  ITTAPI function instrumented: __itt_counter_set_value
1890866 : 0x2039f80240e8cd : 2 : ittapi_config_apply_per_lib :  ITTAPI function not implemented: __itt_counter_set_value_ex
1890866 : 0x2039f80240ed50 : 2 : ittapi_config_apply_per_lib :  ITTAPI function not implemented: __itt_mark_create
1890866 : 0x2039f80240f240 : 2 : ittapi_config_apply_per_lib :  ITTAPI function not implemented: __itt_mark
1890866 : 0x2039f80240f727 : 2 : ittapi_config_apply_per_lib :  ITTAPI function not implemented: __itt_mark_off
1890866 : 0x2039f80240fbcd : 2 : ittapi_config_apply_per_lib :  ITTAPI function not implemented: __itt_mark_global
1890866 : 0x2039f80241006f : 2 : ittapi_config_apply_per_lib :  ITTAPI function not implemented: __itt_mark_global_off
1890866 : 0x2039f802410450 : 2 : ittapi_config_apply_per_lib :  ITTAPI function NOT instrumented (not matched by --itt-config option): __itt_stack_caller_create

1890866 : 0x2039f8024107fd : 2 : ittapi_config_apply_per_lib :  ITTAPI function NOT instrumented (not matched by --itt-config option): __itt_stack_caller_destroy

1890866 : 0x2039f802410b5f : 2 : ittapi_config_apply_per_lib :  ITTAPI function NOT instrumented (not matched by --itt-config option): __itt_stack_callee_enter

1890866 : 0x2039f802412130 : 2 : ittapi_config_apply_per_lib :  ITTAPI function NOT instrumented (not matched by --itt-config option): __itt_stack_callee_leave

1890866 : 0x2039f8024126c0 : 2 : ittapi_config_apply_per_lib :  ITTAPI function not implemented: __itt_clock_domain_create
1890866 : 0x2039f802412b95 : 2 : ittapi_config_apply_per_lib :  ITTAPI function not implemented: __itt_clock_domain_reset
1890866 : 0x2039f80241308a : 2 : ittapi_config_apply_per_lib :  ITTAPI function not implemented: __itt_id_create_ex
1890866 : 0x2039f80241356e : 2 : ittapi_config_apply_per_lib :  ITTAPI function not implemented: __itt_id_destroy_ex
1890866 : 0x2039f802413a39 : 2 : ittapi_config_apply_per_lib :  ITTAPI function not implemented: __itt_task_begin_ex
1890866 : 0x2039f802413f12 : 2 : ittapi_config_apply_per_lib :  ITTAPI function not implemented: __itt_task_begin_fn_ex
1890866 : 0x2039f802414400 : 2 : ittapi_config_apply_per_lib :  ITTAPI function not implemented: __itt_task_end_ex
1890866 : 0x2039f8024148ad : 2 : ittapi_config_apply_per_lib :  ITTAPI function instrumented: __itt_task_begin_overlapped
1890866 : 0x2039f802414d87 : 2 : ittapi_config_apply_per_lib :  ITTAPI function not implemented: __itt_task_begin_overlapped_ex
1890866 : 0x2039f802415cab : 2 : ittapi_config_apply_per_lib :  ITTAPI function instrumented: __itt_task_end_overlapped
1890866 : 0x2039f8024161a5 : 2 : ittapi_config_apply_per_lib :  ITTAPI function not implemented: __itt_task_end_overlapped_ex
1890866 : 0x2039f802416631 : 2 : ittapi_config_apply_per_lib :  ITTAPI function not implemented: __itt_marker_ex
1890866 : 0x2039f802416c33 : 2 : ittapi_config_apply_per_lib :  ITTAPI function not implemented: __itt_metadata_add_with_scope
1890866 : 0x2039f80241713b : 2 : ittapi_config_apply_per_lib :  ITTAPI function not implemented: __itt_metadata_str_add_with_scope
1890866 : 0x2039f80241761c : 2 : ittapi_config_apply_per_lib :  ITTAPI function not implemented: __itt_relation_add_to_current_ex
1890866 : 0x2039f802417abb : 2 : ittapi_config_apply_per_lib :  ITTAPI function not implemented: __itt_relation_add_ex
1890866 : 0x2039f802417fb8 : 2 : ittapi_config_apply_per_lib :  ITTAPI function not implemented: __itt_track_group_create
1890866 : 0x2039f802418442 : 2 : ittapi_config_apply_per_lib :  ITTAPI function not implemented: __itt_track_create
1890866 : 0x2039f802418904 : 2 : ittapi_config_apply_per_lib :  ITTAPI function not implemented: __itt_set_track
1890866 : 0x2039f802419844 : 2 : ittapi_config_apply_per_lib :  ITTAPI function instrumented: __itt_api_version
1890866 : 0x2039f802419d20 : 2 : ittapi_config_apply_per_lib :  ITTAPI function not implemented: __itt_av_save
1890866 : 0x2039f80241a1a8 : 2 : ittapi_config_apply_per_lib :  ITTAPI function instrumented: __itt_module_load
1890866 : 0x2039f80241a6c3 : 2 : ittapi_config_apply_per_lib :  ITTAPI function not implemented: __itt_module_unload
1890866 : 0x2039f80241aa5a : 2 : ittapi_config_apply_per_lib :  ITTAPI function NOT instrumented (not matched by --itt-config option): __itt_histogram_submit

1890866 : 0x2039f80241af5a : 2 : ittapi_config_apply_per_lib :  ITTAPI function instrumented: __itt_counter_set_value_v3
1890866 : 0x2039f8060f9b54 : 2 : ittapi_config_mask_get :  --itt-config mask to be applied: 39
1890866 : 0x2039f8060fd97d : 2 : ittapi_config_apply_per_lib :  ITTAPI function instrumented: __itt_domain_create
1890866 : 0x2039f8060ff441 : 2 : ittapi_config_apply_per_lib :  ITTAPI function instrumented: __itt_module_load_with_sections
1890866 : 0x2039f80610179a : 2 : ittapi_config_apply_per_lib :  ITTAPI function not implemented: __itt_module_unload_with_sections
1890866 : 0x2039f806111f9d : 2 : ittapi_config_apply_per_lib :  ITTAPI function instrumented: __itt_string_handle_create
1890866 : 0x2039f8061135b2 : 2 : ittapi_config_apply_per_lib :  ITTAPI function instrumented: __itt_counter_create
1890866 : 0x2039f80611481e : 2 : ittapi_config_apply_per_lib :  ITTAPI function instrumented: __itt_counter_create_typed
1890866 : 0x2039f806115be9 : 2 : ittapi_config_apply_per_lib :  ITTAPI function instrumented: __itt_pause
1890866 : 0x2039f806116f2c : 2 : ittapi_config_apply_per_lib :  ITTAPI function instrumented: __itt_resume
1890866 : 0x2039f8061189fd : 2 : ittapi_config_apply_per_lib :  ITTAPI function not implemented: __itt_pause_scoped
1890866 : 0x2039f80611a0f3 : 2 : ittapi_config_apply_per_lib :  ITTAPI function not implemented: __itt_resume_scoped
1890866 : 0x2039f80611b48c : 2 : ittapi_config_apply_per_lib :  ITTAPI function instrumented: __itt_thread_set_name
1890866 : 0x2039f80611c749 : 2 : ittapi_config_apply_per_lib :  ITTAPI function instrumented: __itt_thread_ignore
1890866 : 0x2039f80611db6a : 2 : ittapi_config_apply_per_lib :  ITTAPI function instrumented: __itt_thr_name_set
1890866 : 0x2039f806122234 : 2 : ittapi_config_apply_per_lib :  ITTAPI function instrumented: __itt_thr_ignore
1890866 : 0x2039f8061236f4 : 2 : ittapi_config_apply_per_lib :  ITTAPI function instrumented: __itt_histogram_create
1890866 : 0x2039f8061248b3 : 2 : ittapi_config_apply_per_lib :  ITTAPI function instrumented: __itt_counter_create_v3
1890866 : 0x2039f806125ce9 : 2 : ittapi_config_apply_per_lib :  ITTAPI function instrumented: __itt_bind_context_metadata_to_counter
1890866 : 0x2039f8061273b5 : 2 : ittapi_config_apply_per_lib :  ITTAPI function not implemented: __itt_enable_attach
1890866 : 0x2039f80612885a : 2 : ittapi_config_apply_per_lib :  ITTAPI function instrumented: __itt_detach
1890866 : 0x2039f80613eba4 : 2 : ittapi_config_apply_per_lib :  ITTAPI function NOT instrumented (not matched by --itt-config option): __itt_sync_create

1890866 : 0x2039f80613f142 : 2 : ittapi_config_apply_per_lib :  ITTAPI function NOT instrumented (not matched by --itt-config option): __itt_sync_rename

1890866 : 0x2039f80613f68d : 2 : ittapi_config_apply_per_lib :  ITTAPI function NOT instrumented (not matched by --itt-config option): __itt_sync_destroy

1890866 : 0x2039f80613fae1 : 2 : ittapi_config_apply_per_lib :  ITTAPI function NOT instrumented (not matched by --itt-config option): __itt_sync_prepare

1890866 : 0x2039f806141503 : 2 : ittapi_config_apply_per_lib :  ITTAPI function NOT instrumented (not matched by --itt-config option): __itt_sync_cancel

1890866 : 0x2039f806141a4d : 2 : ittapi_config_apply_per_lib :  ITTAPI function NOT instrumented (not matched by --itt-config option): __itt_sync_acquired

1890866 : 0x2039f806141e9b : 2 : ittapi_config_apply_per_lib :  ITTAPI function NOT instrumented (not matched by --itt-config option): __itt_sync_releasing

1890866 : 0x2039f8061426d9 : 2 : ittapi_config_apply_per_lib :  ITTAPI function not implemented: __itt_suppress_push
1890866 : 0x2039f806142f5b : 2 : ittapi_config_apply_per_lib :  ITTAPI function not implemented: __itt_suppress_pop
1890866 : 0x2039f8061435d8 : 2 : ittapi_config_apply_per_lib :  ITTAPI function not implemented: __itt_suppress_mark_range
1890866 : 0x2039f806143da9 : 2 : ittapi_config_apply_per_lib :  ITTAPI function not implemented: __itt_suppress_clear_range
1890866 : 0x2039f806144226 : 2 : ittapi_config_apply_per_lib :  ITTAPI function NOT instrumented (not matched by --itt-config option): __itt_sync_prepare

1890866 : 0x2039f806144743 : 2 : ittapi_config_apply_per_lib :  ITTAPI function NOT instrumented (not matched by --itt-config option): __itt_sync_cancel

1890866 : 0x2039f806144be2 : 2 : ittapi_config_apply_per_lib :  ITTAPI function NOT instrumented (not matched by --itt-config option): __itt_sync_acquired

1890866 : 0x2039f806146bbe : 2 : ittapi_config_apply_per_lib :  ITTAPI function NOT instrumented (not matched by --itt-config option): __itt_sync_releasing

1890866 : 0x2039f806147121 : 2 : ittapi_config_apply_per_lib :  ITTAPI function NOT instrumented (not matched by --itt-config option): __itt_model_site_begin

1890866 : 0x2039f80614758f : 2 : ittapi_config_apply_per_lib :  ITTAPI function NOT instrumented (not matched by --itt-config option): __itt_model_site_end

1890866 : 0x2039f806147a70 : 2 : ittapi_config_apply_per_lib :  ITTAPI function NOT instrumented (not matched by --itt-config option): __itt_model_task_begin

1890866 : 0x2039f806147fc7 : 2 : ittapi_config_apply_per_lib :  ITTAPI function NOT instrumented (not matched by --itt-config option): __itt_model_task_end

1890866 : 0x2039f8062178b4 : 2 : ittapi_config_apply_per_lib :  ITTAPI function NOT instrumented (not matched by --itt-config option): __itt_model_lock_acquire

1890866 : 0x2039f80621b027 : 2 : ittapi_config_apply_per_lib :  ITTAPI function NOT instrumented (not matched by --itt-config option): __itt_model_lock_release

1890866 : 0x2039f80621c195 : 2 : ittapi_config_apply_per_lib :  ITTAPI function NOT instrumented (not matched by --itt-config option): __itt_model_record_allocation

1890866 : 0x2039f80621d0ef : 2 : ittapi_config_apply_per_lib :  ITTAPI function NOT instrumented (not matched by --itt-config option): __itt_model_record_deallocation

1890866 : 0x2039f80622eef6 : 2 : ittapi_config_apply_per_lib :  ITTAPI function NOT instrumented (not matched by --itt-config option): __itt_model_induction_uses

1890866 : 0x2039f806240c46 : 2 : ittapi_config_apply_per_lib :  ITTAPI function NOT instrumented (not matched by --itt-config option): __itt_model_reduction_uses

1890866 : 0x2039f806241d7a : 2 : ittapi_config_apply_per_lib :  ITTAPI function NOT instrumented (not matched by --itt-config option): __itt_model_observe_uses

1890866 : 0x2039f806242d09 : 2 : ittapi_config_apply_per_lib :  ITTAPI function NOT instrumented (not matched by --itt-config option): __itt_model_clear_uses

1890866 : 0x2039f806243a45 : 2 : ittapi_config_apply_per_lib :  ITTAPI function NOT instrumented (not matched by --itt-config option): __itt_model_site_beginA

1890866 : 0x2039f8062447b1 : 2 : ittapi_config_apply_per_lib :  ITTAPI function NOT instrumented (not matched by --itt-config option): __itt_model_site_beginAL

1890866 : 0x2039f80624556a : 2 : ittapi_config_apply_per_lib :  ITTAPI function NOT instrumented (not matched by --itt-config option): __itt_model_task_beginA

1890866 : 0x2039f8062463da : 2 : ittapi_config_apply_per_lib :  ITTAPI function NOT instrumented (not matched by --itt-config option): __itt_model_task_beginAL

1890866 : 0x2039f80624717e : 2 : ittapi_config_apply_per_lib :  ITTAPI function NOT instrumented (not matched by --itt-config option): __itt_model_iteration_taskA

1890866 : 0x2039f806247f83 : 2 : ittapi_config_apply_per_lib :  ITTAPI function NOT instrumented (not matched by --itt-config option): __itt_model_iteration_taskAL

1890866 : 0x2039f806248dbc : 2 : ittapi_config_apply_per_lib :  ITTAPI function NOT instrumented (not matched by --itt-config option): __itt_model_site_end_2

1890866 : 0x2039f80624ca7c : 2 : ittapi_config_apply_per_lib :  ITTAPI function NOT instrumented (not matched by --itt-config option): __itt_model_task_end_2

1890866 : 0x2039f80624d830 : 2 : ittapi_config_apply_per_lib :  ITTAPI function NOT instrumented (not matched by --itt-config option): __itt_model_lock_acquire_2

1890866 : 0x2039f80624e6c7 : 2 : ittapi_config_apply_per_lib :  ITTAPI function NOT instrumented (not matched by --itt-config option): __itt_model_lock_release_2

1890866 : 0x2039f80624f515 : 2 : ittapi_config_apply_per_lib :  ITTAPI function NOT instrumented (not matched by --itt-config option): __itt_model_aggregate_task

1890866 : 0x2039f806250285 : 2 : ittapi_config_apply_per_lib :  ITTAPI function NOT instrumented (not matched by --itt-config option): __itt_model_disable_push

1890866 : 0x2039f806250fd5 : 2 : ittapi_config_apply_per_lib :  ITTAPI function NOT instrumented (not matched by --itt-config option): __itt_model_disable_pop

1890866 : 0x2039f8062541dc : 2 : ittapi_config_apply_per_lib :  ITTAPI function instrumented: __itt_heap_function_create
1890866 : 0x2039f806255946 : 2 : ittapi_config_apply_per_lib :  ITTAPI function instrumented: __itt_heap_allocate_begin
1890866 : 0x2039f806256c91 : 2 : ittapi_config_apply_per_lib :  ITTAPI function instrumented: __itt_heap_allocate_end
1890866 : 0x2039f806257e90 : 2 : ittapi_config_apply_per_lib :  ITTAPI function instrumented: __itt_heap_free_begin
1890866 : 0x2039f80625f08d : 2 : ittapi_config_apply_per_lib :  ITTAPI function instrumented: __itt_heap_free_end
1890866 : 0x2039f80626043e : 2 : ittapi_config_apply_per_lib :  ITTAPI function instrumented: __itt_heap_reallocate_begin
1890866 : 0x2039f806261716 : 2 : ittapi_config_apply_per_lib :  ITTAPI function instrumented: __itt_heap_reallocate_end
1890866 : 0x2039f8062636a6 : 2 : ittapi_config_apply_per_lib :  ITTAPI function not implemented: __itt_heap_internal_access_begin
1890866 : 0x2039f806264fa5 : 2 : ittapi_config_apply_per_lib :  ITTAPI function not implemented: __itt_heap_internal_access_end
1890866 : 0x2039f8062665aa : 2 : ittapi_config_apply_per_lib :  ITTAPI function not implemented: __itt_heap_record_memory_growth_begin
1890866 : 0x2039f806267a75 : 2 : ittapi_config_apply_per_lib :  ITTAPI function not implemented: __itt_heap_record_memory_growth_end
1890866 : 0x2039f806268e5f : 2 : ittapi_config_apply_per_lib :  ITTAPI function not implemented: __itt_heap_reset_detection
1890866 : 0x2039f80626a42c : 2 : ittapi_config_apply_per_lib :  ITTAPI function not implemented: __itt_heap_record
1890866 : 0x2039f80626b9e1 : 2 : ittapi_config_apply_per_lib :  ITTAPI function not implemented: __itt_id_create
1890866 : 0x2039f80626fbab : 2 : ittapi_config_apply_per_lib :  ITTAPI function not implemented: __itt_id_destroy
1890866 : 0x2039f806271099 : 2 : ittapi_config_apply_per_lib :  ITTAPI function instrumented: __itt_get_timestamp
1890866 : 0x2039f806272542 : 2 : ittapi_config_apply_per_lib :  ITTAPI function not implemented: __itt_region_begin
1890866 : 0x2039f806273966 : 2 : ittapi_config_apply_per_lib :  ITTAPI function not implemented: __itt_region_end
1890866 : 0x2039f806274ede : 2 : ittapi_config_apply_per_lib :  ITTAPI function instrumented: __itt_frame_begin_v3
1890866 : 0x2039f8062763c3 : 2 : ittapi_config_apply_per_lib :  ITTAPI function instrumented: __itt_frame_end_v3
1890866 : 0x2039f8062778af : 2 : ittapi_config_apply_per_lib :  ITTAPI function instrumented: __itt_frame_submit_v3
1890866 : 0x2039f806278f65 : 2 : ittapi_config_apply_per_lib :  ITTAPI function not implemented: __itt_task_group
1890866 : 0x2039f80627a32a : 2 : ittapi_config_apply_per_lib :  ITTAPI function instrumented: __itt_task_begin
1890866 : 0x2039f80627b5fc : 2 : ittapi_config_apply_per_lib :  ITTAPI function instrumented: __itt_task_begin_fn
1890866 : 0x2039f80627f502 : 2 : ittapi_config_apply_per_lib :  ITTAPI function instrumented: __itt_task_end
1890866 : 0x2039f806280b44 : 2 : ittapi_config_apply_per_lib :  ITTAPI function not implemented: __itt_counter_inc_v3
1890866 : 0x2039f806282292 : 2 : ittapi_config_apply_per_lib :  ITTAPI function not implemented: __itt_counter_inc_delta_v3
1890866 : 0x2039f80628368c : 2 : ittapi_config_apply_per_lib :  ITTAPI function not implemented: __itt_counter_dec_v3
1890866 : 0x2039f806284a62 : 2 : ittapi_config_apply_per_lib :  ITTAPI function not implemented: __itt_counter_dec_delta_v3
1890866 : 0x2039f806285f9e : 2 : ittapi_config_apply_per_lib :  ITTAPI function not implemented: __itt_marker
1890866 : 0x2039f806287386 : 2 : ittapi_config_apply_per_lib :  ITTAPI function instrumented: __itt_metadata_add
1890866 : 0x2039f806288887 : 2 : ittapi_config_apply_per_lib :  ITTAPI function not implemented: __itt_metadata_str_add
1890866 : 0x2039f806289ca3 : 2 : ittapi_config_apply_per_lib :  ITTAPI function not implemented: __itt_relation_add_to_current
1890866 : 0x2039f80628b093 : 2 : ittapi_config_apply_per_lib :  ITTAPI function not implemented: __itt_relation_add
1890866 : 0x2039f8062903d8 : 2 : ittapi_config_apply_per_lib :  ITTAPI function instrumented: __itt_event_create
1890866 : 0x2039f8062917b9 : 2 : ittapi_config_apply_per_lib :  ITTAPI function instrumented: __itt_event_start
1890866 : 0x2039f806292b60 : 2 : ittapi_config_apply_per_lib :  ITTAPI function instrumented: __itt_event_end
1890866 : 0x2039f80629399d : 2 : ittapi_config_apply_per_lib :  ITTAPI function NOT instrumented (not matched by --itt-config option): __itt_sync_set_name

1890866 : 0x2039f80629485a : 2 : ittapi_config_apply_per_lib :  ITTAPI function NOT instrumented (not matched by --itt-config option): __itt_notify_sync_name

1890866 : 0x2039f80629568a : 2 : ittapi_config_apply_per_lib :  ITTAPI function NOT instrumented (not matched by --itt-config option): __itt_notify_sync_prepare

1890866 : 0x2039f8062965e8 : 2 : ittapi_config_apply_per_lib :  ITTAPI function NOT instrumented (not matched by --itt-config option): __itt_notify_sync_cancel

1890866 : 0x2039f806297398 : 2 : ittapi_config_apply_per_lib :  ITTAPI function NOT instrumented (not matched by --itt-config option): __itt_notify_sync_acquired

1890866 : 0x2039f8062981b5 : 2 : ittapi_config_apply_per_lib :  ITTAPI function NOT instrumented (not matched by --itt-config option): __itt_notify_sync_releasing

1890866 : 0x2039f806299608 : 2 : ittapi_config_apply_per_lib :  ITTAPI function not implemented: __itt_memory_read
1890866 : 0x2039f80629d6c9 : 2 : ittapi_config_apply_per_lib :  ITTAPI function not implemented: __itt_memory_write
1890866 : 0x2039f80629ec66 : 2 : ittapi_config_apply_per_lib :  ITTAPI function not implemented: __itt_memory_update
1890866 : 0x2039f8062a0274 : 2 : ittapi_config_apply_per_lib :  ITTAPI function not implemented: __itt_state_get
1890866 : 0x2039f8062a15de : 2 : ittapi_config_apply_per_lib :  ITTAPI function not implemented: __itt_state_set
1890866 : 0x2039f8062a2ad7 : 2 : ittapi_config_apply_per_lib :  ITTAPI function not implemented: __itt_obj_mode_set
1890866 : 0x2039f8062a3dce : 2 : ittapi_config_apply_per_lib :  ITTAPI function not implemented: __itt_thr_mode_set
1890866 : 0x2039f8062a51ae : 2 : ittapi_config_apply_per_lib :  ITTAPI function instrumented: __itt_frame_create
1890866 : 0x2039f8062a645d : 2 : ittapi_config_apply_per_lib :  ITTAPI function instrumented: __itt_pt_region_create
1890866 : 0x2039f8062a7722 : 2 : ittapi_config_apply_per_lib :  ITTAPI function instrumented: __itt_frame_begin
1890866 : 0x2039f8062a8cdd : 2 : ittapi_config_apply_per_lib :  ITTAPI function instrumented: __itt_frame_end
1890866 : 0x2039f8062acca0 : 2 : ittapi_config_apply_per_lib :  ITTAPI function not implemented: __itt_counter_destroy
1890866 : 0x2039f8062ae083 : 2 : ittapi_config_apply_per_lib :  ITTAPI function instrumented: __itt_counter_inc
1890866 : 0x2039f8062af47f : 2 : ittapi_config_apply_per_lib :  ITTAPI function instrumented: __itt_counter_inc_delta
1890866 : 0x2039f8062b06fb : 2 : ittapi_config_apply_per_lib :  ITTAPI function instrumented: __itt_counter_dec
1890866 : 0x2039f8062b19f9 : 2 : ittapi_config_apply_per_lib :  ITTAPI function instrumented: __itt_counter_dec_delta
1890866 : 0x2039f8062b2bfc : 2 : ittapi_config_apply_per_lib :  ITTAPI function instrumented: __itt_counter_set_value
1890866 : 0x2039f8062b4085 : 2 : ittapi_config_apply_per_lib :  ITTAPI function not implemented: __itt_counter_set_value_ex
1890866 : 0x2039f8062b541d : 2 : ittapi_config_apply_per_lib :  ITTAPI function not implemented: __itt_mark_create
1890866 : 0x2039f8062b68a9 : 2 : ittapi_config_apply_per_lib :  ITTAPI function not implemented: __itt_mark
1890866 : 0x2039f8062b7ca8 : 2 : ittapi_config_apply_per_lib :  ITTAPI function not implemented: __itt_mark_off
1890866 : 0x2039f8062bbca3 : 2 : ittapi_config_apply_per_lib :  ITTAPI function not implemented: __itt_mark_global
1890866 : 0x2039f8062bd200 : 2 : ittapi_config_apply_per_lib :  ITTAPI function not implemented: __itt_mark_global_off
1890866 : 0x2039f8062be1e2 : 2 : ittapi_config_apply_per_lib :  ITTAPI function NOT instrumented (not matched by --itt-config option): __itt_stack_caller_create

1890866 : 0x2039f8062befc6 : 2 : ittapi_config_apply_per_lib :  ITTAPI function NOT instrumented (not matched by --itt-config option): __itt_stack_caller_destroy

1890866 : 0x2039f8062bfd1a : 2 : ittapi_config_apply_per_lib :  ITTAPI function NOT instrumented (not matched by --itt-config option): __itt_stack_callee_enter

1890866 : 0x2039f8062c0a01 : 2 : ittapi_config_apply_per_lib :  ITTAPI function NOT instrumented (not matched by --itt-config option): __itt_stack_callee_leave

1890866 : 0x2039f8062c1ebe : 2 : ittapi_config_apply_per_lib :  ITTAPI function not implemented: __itt_clock_domain_create
1890866 : 0x2039f8062c336f : 2 : ittapi_config_apply_per_lib :  ITTAPI function not implemented: __itt_clock_domain_reset
1890866 : 0x2039f8062c472b : 2 : ittapi_config_apply_per_lib :  ITTAPI function not implemented: __itt_id_create_ex
1890866 : 0x2039f8062c5abf : 2 : ittapi_config_apply_per_lib :  ITTAPI function not implemented: __itt_id_destroy_ex
1890866 : 0x2039f8062cad76 : 2 : ittapi_config_apply_per_lib :  ITTAPI function not implemented: __itt_task_begin_ex
1890866 : 0x2039f8062cc27c : 2 : ittapi_config_apply_per_lib :  ITTAPI function not implemented: __itt_task_begin_fn_ex
1890866 : 0x2039f8062cd674 : 2 : ittapi_config_apply_per_lib :  ITTAPI function not implemented: __itt_task_end_ex
1890866 : 0x2039f8062ce984 : 2 : ittapi_config_apply_per_lib :  ITTAPI function instrumented: __itt_task_begin_overlapped
1890866 : 0x2039f8062cfd3b : 2 : ittapi_config_apply_per_lib :  ITTAPI function not implemented: __itt_task_begin_overlapped_ex
1890866 : 0x2039f8062d0ff7 : 2 : ittapi_config_apply_per_lib :  ITTAPI function instrumented: __itt_task_end_overlapped
1890866 : 0x2039f8062d24e2 : 2 : ittapi_config_apply_per_lib :  ITTAPI function not implemented: __itt_task_end_overlapped_ex
1890866 : 0x2039f8062d386f : 2 : ittapi_config_apply_per_lib :  ITTAPI function not implemented: __itt_marker_ex
1890866 : 0x2039f8062d4d2f : 2 : ittapi_config_apply_per_lib :  ITTAPI function not implemented: __itt_metadata_add_with_scope
1890866 : 0x2039f8062d61f8 : 2 : ittapi_config_apply_per_lib :  ITTAPI function not implemented: __itt_metadata_str_add_with_scope
1890866 : 0x2039f8062da126 : 2 : ittapi_config_apply_per_lib :  ITTAPI function not implemented: __itt_relation_add_to_current_ex
1890866 : 0x2039f8062db52a : 2 : ittapi_config_apply_per_lib :  ITTAPI function not implemented: __itt_relation_add_ex
1890866 : 0x2039f8062dcaef : 2 : ittapi_config_apply_per_lib :  ITTAPI function not implemented: __itt_track_group_create
1890866 : 0x2039f8062dde8b : 2 : ittapi_config_apply_per_lib :  ITTAPI function not implemented: __itt_track_create
1890866 : 0x2039f8062df186 : 2 : ittapi_config_apply_per_lib :  ITTAPI function not implemented: __itt_set_track
1890866 : 0x2039f8062e046d : 2 : ittapi_config_apply_per_lib :  ITTAPI function instrumented: __itt_api_version
1890866 : 0x2039f8062e195d : 2 : ittapi_config_apply_per_lib :  ITTAPI function not implemented: __itt_av_save
1890866 : 0x2039f8062e2c56 : 2 : ittapi_config_apply_per_lib :  ITTAPI function instrumented: __itt_module_load
1890866 : 0x2039f8062e3f41 : 2 : ittapi_config_apply_per_lib :  ITTAPI function not implemented: __itt_module_unload
1890866 : 0x2039f8062e4dd4 : 2 : ittapi_config_apply_per_lib :  ITTAPI function NOT instrumented (not matched by --itt-config option): __itt_histogram_submit

1890866 : 0x2039f8062e8bbb : 2 : ittapi_config_apply_per_lib :  ITTAPI function instrumented: __itt_counter_set_value_v3
1890866 : 0x2039f81ea9d680 : 2 : ittapi_config_mask_get :  --itt-config mask to be applied: 39
1890866 : 0x2039f81ea9ee05 : 2 : ittapi_config_apply_per_lib :  ITTAPI function instrumented: __itt_domain_create
1890866 : 0x2039f81ea9f6cb : 2 : ittapi_config_apply_per_lib :  ITTAPI function instrumented: __itt_module_load_with_sections
1890866 : 0x2039f81eaa0241 : 2 : ittapi_config_apply_per_lib :  ITTAPI function not implemented: __itt_module_unload_with_sections
1890866 : 0x2039f81eaa099a : 2 : ittapi_config_apply_per_lib :  ITTAPI function instrumented: __itt_string_handle_create
1890866 : 0x2039f81eaa10cb : 2 : ittapi_config_apply_per_lib :  ITTAPI function instrumented: __itt_counter_create
1890866 : 0x2039f81eaa15db : 2 : ittapi_config_apply_per_lib :  ITTAPI function instrumented: __itt_counter_create_typed
1890866 : 0x2039f81eaa1c1b : 2 : ittapi_config_apply_per_lib :  ITTAPI function instrumented: __itt_pause
1890866 : 0x2039f81eaa22c8 : 2 : ittapi_config_apply_per_lib :  ITTAPI function instrumented: __itt_resume
1890866 : 0x2039f81eaa8828 : 2 : ittapi_config_apply_per_lib :  ITTAPI function instrumented: __itt_thread_set_name
1890866 : 0x2039f81eaa90d3 : 2 : ittapi_config_apply_per_lib :  ITTAPI function instrumented: __itt_thread_ignore
1890866 : 0x2039f81eaa9726 : 2 : ittapi_config_apply_per_lib :  ITTAPI function instrumented: __itt_thr_name_set
1890866 : 0x2039f81eaa9cfe : 2 : ittapi_config_apply_per_lib :  ITTAPI function instrumented: __itt_thr_ignore
1890866 : 0x2039f81eaaa4e5 : 2 : ittapi_config_apply_per_lib :  ITTAPI function not implemented: __itt_enable_attach
1890866 : 0x2039f81eaaab44 : 2 : ittapi_config_apply_per_lib :  ITTAPI function instrumented: __itt_detach
1890866 : 0x2039f81eaab0ba : 2 : ittapi_config_apply_per_lib :  ITTAPI function NOT instrumented (not matched by --itt-config option): __itt_sync_create

1890866 : 0x2039f81eaab5e6 : 2 : ittapi_config_apply_per_lib :  ITTAPI function NOT instrumented (not matched by --itt-config option): __itt_sync_rename

1890866 : 0x2039f81eaaba48 : 2 : ittapi_config_apply_per_lib :  ITTAPI function NOT instrumented (not matched by --itt-config option): __itt_sync_destroy

1890866 : 0x2039f81eaabef5 : 2 : ittapi_config_apply_per_lib :  ITTAPI function NOT instrumented (not matched by --itt-config option): __itt_sync_prepare

1890866 : 0x2039f81eaad3aa : 2 : ittapi_config_apply_per_lib :  ITTAPI function NOT instrumented (not matched by --itt-config option): __itt_sync_cancel

1890866 : 0x2039f81eaad886 : 2 : ittapi_config_apply_per_lib :  ITTAPI function NOT instrumented (not matched by --itt-config option): __itt_sync_acquired

1890866 : 0x2039f81eaaddb5 : 2 : ittapi_config_apply_per_lib :  ITTAPI function NOT instrumented (not matched by --itt-config option): __itt_sync_releasing

1890866 : 0x2039f81eaae4da : 2 : ittapi_config_apply_per_lib :  ITTAPI function not implemented: __itt_suppress_push
1890866 : 0x2039f81eaaedfd : 2 : ittapi_config_apply_per_lib :  ITTAPI function not implemented: __itt_suppress_pop
1890866 : 0x2039f81eaaf488 : 2 : ittapi_config_apply_per_lib :  ITTAPI function not implemented: __itt_suppress_mark_range
1890866 : 0x2039f81eaafc8d : 2 : ittapi_config_apply_per_lib :  ITTAPI function not implemented: __itt_suppress_clear_range
1890866 : 0x2039f81eab0137 : 2 : ittapi_config_apply_per_lib :  ITTAPI function NOT instrumented (not matched by --itt-config option): __itt_sync_prepare

1890866 : 0x2039f81eab0573 : 2 : ittapi_config_apply_per_lib :  ITTAPI function NOT instrumented (not matched by --itt-config option): __itt_sync_cancel

1890866 : 0x2039f81eab09df : 2 : ittapi_config_apply_per_lib :  ITTAPI function NOT instrumented (not matched by --itt-config option): __itt_sync_acquired

1890866 : 0x2039f81eab1b4f : 2 : ittapi_config_apply_per_lib :  ITTAPI function NOT instrumented (not matched by --itt-config option): __itt_sync_releasing

1890866 : 0x2039f81eab2051 : 2 : ittapi_config_apply_per_lib :  ITTAPI function NOT instrumented (not matched by --itt-config option): __itt_model_site_begin

1890866 : 0x2039f81eab25e5 : 2 : ittapi_config_apply_per_lib :  ITTAPI function NOT instrumented (not matched by --itt-config option): __itt_model_site_end

1890866 : 0x2039f81eab2a2e : 2 : ittapi_config_apply_per_lib :  ITTAPI function NOT instrumented (not matched by --itt-config option): __itt_model_task_begin

1890866 : 0x2039f81eab2f57 : 2 : ittapi_config_apply_per_lib :  ITTAPI function NOT instrumented (not matched by --itt-config option): __itt_model_task_end

1890866 : 0x2039f81eab33b3 : 2 : ittapi_config_apply_per_lib :  ITTAPI function NOT instrumented (not matched by --itt-config option): __itt_model_lock_acquire

1890866 : 0x2039f81eab380f : 2 : ittapi_config_apply_per_lib :  ITTAPI function NOT instrumented (not matched by --itt-config option): __itt_model_lock_release

1890866 : 0x2039f81eab3c7e : 2 : ittapi_config_apply_per_lib :  ITTAPI function NOT instrumented (not matched by --itt-config option): __itt_model_record_allocation

1890866 : 0x2039f81eab4144 : 2 : ittapi_config_apply_per_lib :  ITTAPI function NOT instrumented (not matched by --itt-config option): __itt_model_record_deallocation

1890866 : 0x2039f81eab456e : 2 : ittapi_config_apply_per_lib :  ITTAPI function NOT instrumented (not matched by --itt-config option): __itt_model_induction_uses

1890866 : 0x2039f81eab621b : 2 : ittapi_config_apply_per_lib :  ITTAPI function NOT instrumented (not matched by --itt-config option): __itt_model_reduction_uses

1890866 : 0x2039f81eab66c1 : 2 : ittapi_config_apply_per_lib :  ITTAPI function NOT instrumented (not matched by --itt-config option): __itt_model_observe_uses

1890866 : 0x2039f81eab6bb3 : 2 : ittapi_config_apply_per_lib :  ITTAPI function NOT instrumented (not matched by --itt-config option): __itt_model_clear_uses

1890866 : 0x2039f81eab7033 : 2 : ittapi_config_apply_per_lib :  ITTAPI function NOT instrumented (not matched by --itt-config option): __itt_model_site_beginA

1890866 : 0x2039f81eab743c : 2 : ittapi_config_apply_per_lib :  ITTAPI function NOT instrumented (not matched by --itt-config option): __itt_model_site_beginAL

1890866 : 0x2039f81eab787e : 2 : ittapi_config_apply_per_lib :  ITTAPI function NOT instrumented (not matched by --itt-config option): __itt_model_task_beginA

1890866 : 0x2039f81eab7d3e : 2 : ittapi_config_apply_per_lib :  ITTAPI function NOT instrumented (not matched by --itt-config option): __itt_model_task_beginAL

1890866 : 0x2039f81eab81d0 : 2 : ittapi_config_apply_per_lib :  ITTAPI function NOT instrumented (not matched by --itt-config option): __itt_model_iteration_taskA

1890866 : 0x2039f81eab85da : 2 : ittapi_config_apply_per_lib :  ITTAPI function NOT instrumented (not matched by --itt-config option): __itt_model_iteration_taskAL

1890866 : 0x2039f81eab89fa : 2 : ittapi_config_apply_per_lib :  ITTAPI function NOT instrumented (not matched by --itt-config option): __itt_model_site_end_2

1890866 : 0x2039f81eab9b4b : 2 : ittapi_config_apply_per_lib :  ITTAPI function NOT instrumented (not matched by --itt-config option): __itt_model_task_end_2

1890866 : 0x2039f81eb3b822 : 2 : ittapi_config_apply_per_lib :  ITTAPI function NOT instrumented (not matched by --itt-config option): __itt_model_lock_acquire_2

1890866 : 0x2039f81eb3cf8c : 2 : ittapi_config_apply_per_lib :  ITTAPI function NOT instrumented (not matched by --itt-config option): __itt_model_lock_release_2

1890866 : 0x2039f81eb3dd88 : 2 : ittapi_config_apply_per_lib :  ITTAPI function NOT instrumented (not matched by --itt-config option): __itt_model_aggregate_task

1890866 : 0x2039f81eb3eb38 : 2 : ittapi_config_apply_per_lib :  ITTAPI function NOT instrumented (not matched by --itt-config option): __itt_model_disable_push

1890866 : 0x2039f81eb3fa60 : 2 : ittapi_config_apply_per_lib :  ITTAPI function NOT instrumented (not matched by --itt-config option): __itt_model_disable_pop

1890866 : 0x2039f81eb41432 : 2 : ittapi_config_apply_per_lib :  ITTAPI function instrumented: __itt_heap_function_create
1890866 : 0x2039f81eb42879 : 2 : ittapi_config_apply_per_lib :  ITTAPI function instrumented: __itt_heap_allocate_begin
1890866 : 0x2039f81eb43a69 : 2 : ittapi_config_apply_per_lib :  ITTAPI function instrumented: __itt_heap_allocate_end
1890866 : 0x2039f81eb44ce8 : 2 : ittapi_config_apply_per_lib :  ITTAPI function instrumented: __itt_heap_free_begin
1890866 : 0x2039f81eb4b50a : 2 : ittapi_config_apply_per_lib :  ITTAPI function instrumented: __itt_heap_free_end
1890866 : 0x2039f81eb4ca99 : 2 : ittapi_config_apply_per_lib :  ITTAPI function instrumented: __itt_heap_reallocate_begin
1890866 : 0x2039f81eb4dd56 : 2 : ittapi_config_apply_per_lib :  ITTAPI function instrumented: __itt_heap_reallocate_end
1890866 : 0x2039f81eb4f728 : 2 : ittapi_config_apply_per_lib :  ITTAPI function not implemented: __itt_heap_internal_access_begin
1890866 : 0x2039f81eb50cef : 2 : ittapi_config_apply_per_lib :  ITTAPI function not implemented: __itt_heap_internal_access_end
1890866 : 0x2039f81eb52415 : 2 : ittapi_config_apply_per_lib :  ITTAPI function not implemented: __itt_heap_record_memory_growth_begin
1890866 : 0x2039f81eb538ac : 2 : ittapi_config_apply_per_lib :  ITTAPI function not implemented: __itt_heap_record_memory_growth_end
1890866 : 0x2039f81eb54de1 : 2 : ittapi_config_apply_per_lib :  ITTAPI function not implemented: __itt_heap_reset_detection
1890866 : 0x2039f81eb5637e : 2 : ittapi_config_apply_per_lib :  ITTAPI function not implemented: __itt_heap_record
1890866 : 0x2039f81eb57b0d : 2 : ittapi_config_apply_per_lib :  ITTAPI function not implemented: __itt_id_create
1890866 : 0x2039f81eb5d684 : 2 : ittapi_config_apply_per_lib :  ITTAPI function not implemented: __itt_id_destroy
1890866 : 0x2039f81eb5ec2d : 2 : ittapi_config_apply_per_lib :  ITTAPI function instrumented: __itt_get_timestamp
1890866 : 0x2039f81eb6006d : 2 : ittapi_config_apply_per_lib :  ITTAPI function not implemented: __itt_region_begin
1890866 : 0x2039f81eb614e7 : 2 : ittapi_config_apply_per_lib :  ITTAPI function not implemented: __itt_region_end
1890866 : 0x2039f81eb62851 : 2 : ittapi_config_apply_per_lib :  ITTAPI function instrumented: __itt_frame_begin_v3
1890866 : 0x2039f81eb63d91 : 2 : ittapi_config_apply_per_lib :  ITTAPI function instrumented: __itt_frame_end_v3
1890866 : 0x2039f81eb65001 : 2 : ittapi_config_apply_per_lib :  ITTAPI function instrumented: __itt_frame_submit_v3
1890866 : 0x2039f81eb6662a : 2 : ittapi_config_apply_per_lib :  ITTAPI function not implemented: __itt_task_group
1890866 : 0x2039f81eb678c1 : 2 : ittapi_config_apply_per_lib :  ITTAPI function instrumented: __itt_task_begin
1890866 : 0x2039f81eb68cb5 : 2 : ittapi_config_apply_per_lib :  ITTAPI function instrumented: __itt_task_begin_fn
1890866 : 0x2039f81eb6cabb : 2 : ittapi_config_apply_per_lib :  ITTAPI function instrumented: __itt_task_end
1890866 : 0x2039f81eb6e13e : 2 : ittapi_config_apply_per_lib :  ITTAPI function not implemented: __itt_counter_inc_v3
1890866 : 0x2039f81eb6f782 : 2 : ittapi_config_apply_per_lib :  ITTAPI function not implemented: __itt_counter_inc_delta_v3
1890866 : 0x2039f81eb70c76 : 2 : ittapi_config_apply_per_lib :  ITTAPI function not implemented: __itt_counter_dec_v3
1890866 : 0x2039f81eb72021 : 2 : ittapi_config_apply_per_lib :  ITTAPI function not implemented: __itt_counter_dec_delta_v3
1890866 : 0x2039f81eb73777 : 2 : ittapi_config_apply_per_lib :  ITTAPI function not implemented: __itt_marker
1890866 : 0x2039f81eb74c06 : 2 : ittapi_config_apply_per_lib :  ITTAPI function instrumented: __itt_metadata_add
1890866 : 0x2039f81eb76125 : 2 : ittapi_config_apply_per_lib :  ITTAPI function not implemented: __itt_metadata_str_add
1890866 : 0x2039f81eb775b5 : 2 : ittapi_config_apply_per_lib :  ITTAPI function not implemented: __itt_relation_add_to_current
1890866 : 0x2039f81eb78aee : 2 : ittapi_config_apply_per_lib :  ITTAPI function not implemented: __itt_relation_add
1890866 : 0x2039f81eb7c77f : 2 : ittapi_config_apply_per_lib :  ITTAPI function instrumented: __itt_event_create
1890866 : 0x2039f81eb7dc2f : 2 : ittapi_config_apply_per_lib :  ITTAPI function instrumented: __itt_event_start
1890866 : 0x2039f81eb7ed7f : 2 : ittapi_config_apply_per_lib :  ITTAPI function instrumented: __itt_event_end
1890866 : 0x2039f81eb7fad7 : 2 : ittapi_config_apply_per_lib :  ITTAPI function NOT instrumented (not matched by --itt-config option): __itt_sync_set_name

1890866 : 0x2039f81eb809a2 : 2 : ittapi_config_apply_per_lib :  ITTAPI function NOT instrumented (not matched by --itt-config option): __itt_notify_sync_name

1890866 : 0x2039f81eb81931 : 2 : ittapi_config_apply_per_lib :  ITTAPI function NOT instrumented (not matched by --itt-config option): __itt_notify_sync_prepare

1890866 : 0x2039f81eb8273f : 2 : ittapi_config_apply_per_lib :  ITTAPI function NOT instrumented (not matched by --itt-config option): __itt_notify_sync_cancel

1890866 : 0x2039f81eb83585 : 2 : ittapi_config_apply_per_lib :  ITTAPI function NOT instrumented (not matched by --itt-config option): __itt_notify_sync_acquired

1890866 : 0x2039f81eb842e9 : 2 : ittapi_config_apply_per_lib :  ITTAPI function NOT instrumented (not matched by --itt-config option): __itt_notify_sync_releasing

1890866 : 0x2039f81eb85827 : 2 : ittapi_config_apply_per_lib :  ITTAPI function not implemented: __itt_memory_read
1890866 : 0x2039f81eb8aa60 : 2 : ittapi_config_apply_per_lib :  ITTAPI function not implemented: __itt_memory_write
1890866 : 0x2039f81eb8c01f : 2 : ittapi_config_apply_per_lib :  ITTAPI function not implemented: __itt_memory_update
1890866 : 0x2039f81eb8d43f : 2 : ittapi_config_apply_per_lib :  ITTAPI function not implemented: __itt_state_get
1890866 : 0x2039f81eb8e8d3 : 2 : ittapi_config_apply_per_lib :  ITTAPI function not implemented: __itt_state_set
1890866 : 0x2039f81eb8fcbc : 2 : ittapi_config_apply_per_lib :  ITTAPI function not implemented: __itt_obj_mode_set
1890866 : 0x2039f81eb91216 : 2 : ittapi_config_apply_per_lib :  ITTAPI function not implemented: __itt_thr_mode_set
1890866 : 0x2039f81eb92474 : 2 : ittapi_config_apply_per_lib :  ITTAPI function instrumented: __itt_frame_create
1890866 : 0x2039f81eb9361a : 2 : ittapi_config_apply_per_lib :  ITTAPI function instrumented: __itt_pt_region_create
1890866 : 0x2039f81eb948d1 : 2 : ittapi_config_apply_per_lib :  ITTAPI function instrumented: __itt_frame_begin
1890866 : 0x2039f81eb95c69 : 2 : ittapi_config_apply_per_lib :  ITTAPI function instrumented: __itt_frame_end
1890866 : 0x2039f81eb99b6b : 2 : ittapi_config_apply_per_lib :  ITTAPI function not implemented: __itt_counter_destroy
1890866 : 0x2039f81eb9dbc2 : 2 : ittapi_config_apply_per_lib :  ITTAPI function instrumented: __itt_counter_inc
1890866 : 0x2039f81eb9e126 : 2 : ittapi_config_apply_per_lib :  ITTAPI function instrumented: __itt_counter_inc_delta
1890866 : 0x2039f81eb9e642 : 2 : ittapi_config_apply_per_lib :  ITTAPI function instrumented: __itt_counter_dec
1890866 : 0x2039f81eb9ebef : 2 : ittapi_config_apply_per_lib :  ITTAPI function instrumented: __itt_counter_dec_delta
1890866 : 0x2039f81eb9f174 : 2 : ittapi_config_apply_per_lib :  ITTAPI function instrumented: __itt_counter_set_value
1890866 : 0x2039f81eb9f71d : 2 : ittapi_config_apply_per_lib :  ITTAPI function not implemented: __itt_counter_set_value_ex
1890866 : 0x2039f81eb9fcdc : 2 : ittapi_config_apply_per_lib :  ITTAPI function not implemented: __itt_mark_create
1890866 : 0x2039f81eba030a : 2 : ittapi_config_apply_per_lib :  ITTAPI function not implemented: __itt_mark
1890866 : 0x2039f81eba0955 : 2 : ittapi_config_apply_per_lib :  ITTAPI function not implemented: __itt_mark_off
1890866 : 0x2039f81eba1cd7 : 2 : ittapi_config_apply_per_lib :  ITTAPI function not implemented: __itt_mark_global
1890866 : 0x2039f81eba2389 : 2 : ittapi_config_apply_per_lib :  ITTAPI function not implemented: __itt_mark_global_off
1890866 : 0x2039f81eba283c : 2 : ittapi_config_apply_per_lib :  ITTAPI function NOT instrumented (not matched by --itt-config option): __itt_stack_caller_create

1890866 : 0x2039f81eba2c75 : 2 : ittapi_config_apply_per_lib :  ITTAPI function NOT instrumented (not matched by --itt-config option): __itt_stack_caller_destroy

1890866 : 0x2039f81eba3075 : 2 : ittapi_config_apply_per_lib :  ITTAPI function NOT instrumented (not matched by --itt-config option): __itt_stack_callee_enter

1890866 : 0x2039f81eba351e : 2 : ittapi_config_apply_per_lib :  ITTAPI function NOT instrumented (not matched by --itt-config option): __itt_stack_callee_leave

1890866 : 0x2039f81eba3c2e : 2 : ittapi_config_apply_per_lib :  ITTAPI function not implemented: __itt_clock_domain_create
1890866 : 0x2039f81eba4288 : 2 : ittapi_config_apply_per_lib :  ITTAPI function not implemented: __itt_clock_domain_reset
1890866 : 0x2039f81eba4846 : 2 : ittapi_config_apply_per_lib :  ITTAPI function not implemented: __itt_id_create_ex
1890866 : 0x2039f81eba4eeb : 2 : ittapi_config_apply_per_lib :  ITTAPI function not implemented: __itt_id_destroy_ex
1890866 : 0x2039f81eba6a6e : 2 : ittapi_config_apply_per_lib :  ITTAPI function not implemented: __itt_task_begin_ex
1890866 : 0x2039f81eba70f2 : 2 : ittapi_config_apply_per_lib :  ITTAPI function not implemented: __itt_task_begin_fn_ex
1890866 : 0x2039f81eba7742 : 2 : ittapi_config_apply_per_lib :  ITTAPI function not implemented: __itt_task_end_ex
1890866 : 0x2039f81eba7d1c : 2 : ittapi_config_apply_per_lib :  ITTAPI function instrumented: __itt_task_begin_overlapped
1890866 : 0x2039f81eba838b : 2 : ittapi_config_apply_per_lib :  ITTAPI function not implemented: __itt_task_begin_overlapped_ex
1890866 : 0x2039f81eba89a5 : 2 : ittapi_config_apply_per_lib :  ITTAPI function instrumented: __itt_task_end_overlapped
1890866 : 0x2039f81eba9002 : 2 : ittapi_config_apply_per_lib :  ITTAPI function not implemented: __itt_task_end_overlapped_ex
1890866 : 0x2039f81eba96b4 : 2 : ittapi_config_apply_per_lib :  ITTAPI function not implemented: __itt_marker_ex
1890866 : 0x2039f81eba9d10 : 2 : ittapi_config_apply_per_lib :  ITTAPI function not implemented: __itt_metadata_add_with_scope
1890866 : 0x2039f81ebaa40a : 2 : ittapi_config_apply_per_lib :  ITTAPI function not implemented: __itt_metadata_str_add_with_scope
1890866 : 0x2039f81ebab7b1 : 2 : ittapi_config_apply_per_lib :  ITTAPI function not implemented: __itt_relation_add_to_current_ex
1890866 : 0x2039f81ebabe48 : 2 : ittapi_config_apply_per_lib :  ITTAPI function not implemented: __itt_relation_add_ex
1890866 : 0x2039f81ebac4a3 : 2 : ittapi_config_apply_per_lib :  ITTAPI function not implemented: __itt_track_group_create
1890866 : 0x2039f81ebaca02 : 2 : ittapi_config_apply_per_lib :  ITTAPI function not implemented: __itt_track_create
1890866 : 0x2039f81ebacfa2 : 2 : ittapi_config_apply_per_lib :  ITTAPI function not implemented: __itt_set_track
1890866 : 0x2039f81ebad595 : 2 : ittapi_config_apply_per_lib :  ITTAPI function instrumented: __itt_api_version
1890866 : 0x2039f81ebadba3 : 2 : ittapi_config_apply_per_lib :  ITTAPI function not implemented: __itt_av_save
1890866 : 0x2039f81ebae171 : 2 : ittapi_config_apply_per_lib :  ITTAPI function instrumented: __itt_module_load
1890866 : 0x2039f81ebae71c : 2 : ittapi_config_apply_per_lib :  ITTAPI function not implemented: __itt_module_unload