
1874527 : 0x2030c87bbbd990 : 1 : spill_jit_data :  Jit agent is not initialized
1874423 : 0x2030c87bbc0753 : 2 : ittapi_config_mask_get :  --itt-config mask to be applied: 39
1874423 : 0x2030c87bbc2db9 : 2 : ittapi_config_apply_per_lib :  ITTAPI function instrumented: __itt_domain_create
1874423 : 0x2030c87bbc379b : 2 : ittapi_config_apply_per_lib :  ITTAPI function instrumented: __itt_module_load_with_sections
1874423 : 0x2030c87bbc4429 : 2 : ittapi_config_apply_per_lib :  ITTAPI function not implemented: __itt_module_unload_with_sections
1874423 : 0x2030c87bbc4ee1 : 2 : ittapi_config_apply_per_lib :  ITTAPI function instrumented: __itt_string_handle_create
1874423 : 0x2030c87bbc55f0 : 2 : ittapi_config_apply_per_lib :  ITTAPI function instrumented: __itt_counter_create
1874423 : 0x2030c87bbc5b6d : 2 : ittapi_config_apply_per_lib :  ITTAPI function instrumented: __itt_counter_create_typed
1874423 : 0x2030c87bbc61b1 : 2 : ittapi_config_apply_per_lib :  ITTAPI function instrumented: __itt_pause
1874423 : 0x2030c87bbc6803 : 2 : ittapi_config_apply_per_lib :  ITTAPI function instrumented: __itt_resume
1874423 : 0x2030c87bbce19c : 2 : ittapi_config_apply_per_lib :  ITTAPI function not implemented: __itt_pause_scoped
1874423 : 0x2030c87bbcea4d : 2 : ittapi_config_apply_per_lib :  ITTAPI function not implemented: __itt_resume_scoped
1874423 : 0x2030c87bbcf00b : 2 : ittapi_config_apply_per_lib :  ITTAPI function instrumented: __itt_thread_set_name
1874423 : 0x2030c87bbcf572 : 2 : ittapi_config_apply_per_lib :  ITTAPI function instrumented: __itt_thread_ignore
1874423 : 0x2030c87bbcfb04 : 2 : ittapi_config_apply_per_lib :  ITTAPI function instrumented: __itt_thr_name_set
1874423 : 0x2030c87bbd0104 : 2 : ittapi_config_apply_per_lib :  ITTAPI function instrumented: __itt_thr_ignore
1874423 : 0x2030c87bbd0686 : 2 : ittapi_config_apply_per_lib :  ITTAPI function instrumented: __itt_histogram_create
1874423 : 0x2030c87bbd0bc7 : 2 : ittapi_config_apply_per_lib :  ITTAPI function instrumented: __itt_counter_create_v3
1874423 : 0x2030c87bbd1181 : 2 : ittapi_config_apply_per_lib :  ITTAPI function instrumented: __itt_bind_context_metadata_to_counter
1874423 : 0x2030c87bbd17a0 : 2 : ittapi_config_apply_per_lib :  ITTAPI function not implemented: __itt_enable_attach
1874423 : 0x2030c87bbd2d58 : 2 : ittapi_config_apply_per_lib :  ITTAPI function instrumented: __itt_detach
1874423 : 0x2030c87bbd322c : 2 : ittapi_config_apply_per_lib :  ITTAPI function NOT instrumented (not matched by --itt-config option): __itt_sync_create

1874423 : 0x2030c87bbd3663 : 2 : ittapi_config_apply_per_lib :  ITTAPI function NOT instrumented (not matched by --itt-config option): __itt_sync_rename

1874423 : 0x2030c87bbd3a10 : 2 : ittapi_config_apply_per_lib :  ITTAPI function NOT instrumented (not matched by --itt-config option): __itt_sync_destroy

1874423 : 0x2030c87bbd3df6 : 2 : ittapi_config_apply_per_lib :  ITTAPI function NOT instrumented (not matched by --itt-config option): __itt_sync_prepare

1874423 : 0x2030c87bbd4238 : 2 : ittapi_config_apply_per_lib :  ITTAPI function NOT instrumented (not matched by --itt-config option): __itt_sync_cancel

1874423 : 0x2030c87bbd4623 : 2 : ittapi_config_apply_per_lib :  ITTAPI function NOT instrumented (not matched by --itt-config option): __itt_sync_acquired

1874423 : 0x2030c87bbd4a2c : 2 : ittapi_config_apply_per_lib :  ITTAPI function NOT instrumented (not matched by --itt-config option): __itt_sync_releasing

1874423 : 0x2030c87bbd500b : 2 : ittapi_config_apply_per_lib :  ITTAPI function not implemented: __itt_suppress_push
1874423 : 0x2030c87bbd56ef : 2 : ittapi_config_apply_per_lib :  ITTAPI function not implemented: __itt_suppress_pop
1874423 : 0x2030c87bbd69e6 : 2 : ittapi_config_apply_per_lib :  ITTAPI function not implemented: __itt_suppress_mark_range
1874423 : 0x2030c87bbd7139 : 2 : ittapi_config_apply_per_lib :  ITTAPI function not implemented: __itt_suppress_clear_range
1874423 : 0x2030c87bbd7527 : 2 : ittapi_config_apply_per_lib :  ITTAPI function NOT instrumented (not matched by --itt-config option): __itt_sync_prepare

1874423 : 0x2030c87bbd790d : 2 : ittapi_config_apply_per_lib :  ITTAPI function NOT instrumented (not matched by --itt-config option): __itt_sync_cancel

1874423 : 0x2030c87bbd7cd9 : 2 : ittapi_config_apply_per_lib :  ITTAPI function NOT instrumented (not matched by --itt-config option): __itt_sync_acquired

1874423 : 0x2030c87bbd8116 : 2 : ittapi_config_apply_per_lib :  ITTAPI function NOT instrumented (not matched by --itt-config option): __itt_sync_releasing

1874423 : 0x2030c87bbd853f : 2 : ittapi_config_apply_per_lib :  ITTAPI function NOT instrumented (not matched by --itt-config option): __itt_model_site_begin

1874423 : 0x2030c87bbd89bd : 2 : ittapi_config_apply_per_lib :  ITTAPI function NOT instrumented (not matched by --itt-config option): __itt_model_site_end

1874423 : 0x2030c87bbd8d80 : 2 : ittapi_config_apply_per_lib :  ITTAPI function NOT instrumented (not matched by --itt-config option): __itt_model_task_begin

1874423 : 0x2030c87bbd91e1 : 2 : ittapi_config_apply_per_lib :  ITTAPI function NOT instrumented (not matched by --itt-config option): __itt_model_task_end

1874423 : 0x2030c87bbdad82 : 2 : ittapi_config_apply_per_lib :  ITTAPI function NOT instrumented (not matched by --itt-config option): __itt_model_lock_acquire

1874423 : 0x2030c87bbdb24a : 2 : ittapi_config_apply_per_lib :  ITTAPI function NOT instrumented (not matched by --itt-config option): __itt_model_lock_release

1874423 : 0x2030c87bbdb64d : 2 : ittapi_config_apply_per_lib :  ITTAPI function NOT instrumented (not matched by --itt-config option): __itt_model_record_allocation

1874423 : 0x2030c87bbdba81 : 2 : ittapi_config_apply_per_lib :  ITTAPI function NOT instrumented (not matched by --itt-config option): __itt_model_record_deallocation

1874423 : 0x2030c87bbdbedf : 2 : ittapi_config_apply_per_lib :  ITTAPI function NOT instrumented (not matched by --itt-config option): __itt_model_induction_uses

1874423 : 0x2030c87bbdc367 : 2 : ittapi_config_apply_per_lib :  ITTAPI function NOT instrumented (not matched by --itt-config option): __itt_model_reduction_uses

1874423 : 0x2030c87bbdc787 : 2 : ittapi_config_apply_per_lib :  ITTAPI function NOT instrumented (not matched by --itt-config option): __itt_model_observe_uses

1874423 : 0x2030c87bbdcb8e : 2 : ittapi_config_apply_per_lib :  ITTAPI function NOT instrumented (not matched by --itt-config option): __itt_model_clear_uses

1874423 : 0x2030c87bbdcfdc : 2 : ittapi_config_apply_per_lib :  ITTAPI function NOT instrumented (not matched by --itt-config option): __itt_model_site_beginA

1874423 : 0x2030c87bbdd455 : 2 : ittapi_config_apply_per_lib :  ITTAPI function NOT instrumented (not matched by --itt-config option): __itt_model_site_beginAL

1874423 : 0x2030c87bbde3fd : 2 : ittapi_config_apply_per_lib :  ITTAPI function NOT instrumented (not matched by --itt-config option): __itt_model_task_beginA

1874423 : 0x2030c87bbde8c5 : 2 : ittapi_config_apply_per_lib :  ITTAPI function NOT instrumented (not matched by --itt-config option): __itt_model_task_beginAL

1874423 : 0x2030c87bbded07 : 2 : ittapi_config_apply_per_lib :  ITTAPI function NOT instrumented (not matched by --itt-config option): __itt_model_iteration_taskA

1874423 : 0x2030c87bbdf114 : 2 : ittapi_config_apply_per_lib :  ITTAPI function NOT instrumented (not matched by --itt-config option): __itt_model_iteration_taskAL

1874423 : 0x2030c87bbdf516 : 2 : ittapi_config_apply_per_lib :  ITTAPI function NOT instrumented (not matched by --itt-config option): __itt_model_site_end_2

1874423 : 0x2030c87bbdf99d : 2 : ittapi_config_apply_per_lib :  ITTAPI function NOT instrumented (not matched by --itt-config option): __itt_model_task_end_2

1874423 : 0x2030c87bbdfd87 : 2 : ittapi_config_apply_per_lib :  ITTAPI function NOT instrumented (not matched by --itt-config option): __itt_model_lock_acquire_2

1874423 : 0x2030c87bbe0186 : 2 : ittapi_config_apply_per_lib :  ITTAPI function NOT instrumented (not matched by --itt-config option): __itt_model_lock_release_2

1874423 : 0x2030c87bbe0599 : 2 : ittapi_config_apply_per_lib :  ITTAPI function NOT instrumented (not matched by --itt-config option): __itt_model_aggregate_task

1874423 : 0x2030c87bbe09fd : 2 : ittapi_config_apply_per_lib :  ITTAPI function NOT instrumented (not matched by --itt-config option): __itt_model_disable_push

1874423 : 0x2030c87bbe21bd : 2 : ittapi_config_apply_per_lib :  ITTAPI function NOT instrumented (not matched by --itt-config option): __itt_model_disable_pop

1874423 : 0x2030c87bbe288d : 2 : ittapi_config_apply_per_lib :  ITTAPI function instrumented: __itt_heap_function_create
1874423 : 0x2030c87bbe2f23 : 2 : ittapi_config_apply_per_lib :  ITTAPI function instrumented: __itt_heap_allocate_begin
1874423 : 0x2030c87bbe34ed : 2 : ittapi_config_apply_per_lib :  ITTAPI function instrumented: __itt_heap_allocate_end
1874423 : 0x2030c87bbe3a49 : 2 : ittapi_config_apply_per_lib :  ITTAPI function instrumented: __itt_heap_free_begin
1874423 : 0x2030c87bbe3ff4 : 2 : ittapi_config_apply_per_lib :  ITTAPI function instrumented: __itt_heap_free_end
1874423 : 0x2030c87bbe45bd : 2 : ittapi_config_apply_per_lib :  ITTAPI function instrumented: __itt_heap_reallocate_begin
1874423 : 0x2030c87bbe4b21 : 2 : ittapi_config_apply_per_lib :  ITTAPI function instrumented: __itt_heap_reallocate_end
1874423 : 0x2030c87bbe519a : 2 : ittapi_config_apply_per_lib :  ITTAPI function not implemented: __itt_heap_internal_access_begin
1874423 : 0x2030c87bbe5869 : 2 : ittapi_config_apply_per_lib :  ITTAPI function not implemented: __itt_heap_internal_access_end
1874423 : 0x2030c87bbe6b2b : 2 : ittapi_config_apply_per_lib :  ITTAPI function not implemented: __itt_heap_record_memory_growth_begin
1874423 : 0x2030c87bbe71f8 : 2 : ittapi_config_apply_per_lib :  ITTAPI function not implemented: __itt_heap_record_memory_growth_end
1874423 : 0x2030c87bbe7860 : 2 : ittapi_config_apply_per_lib :  ITTAPI function not implemented: __itt_heap_reset_detection
1874423 : 0x2030c87bbe7eb7 : 2 : ittapi_config_apply_per_lib :  ITTAPI function not implemented: __itt_heap_record
1874423 : 0x2030c87bbe84b0 : 2 : ittapi_config_apply_per_lib :  ITTAPI function not implemented: __itt_id_create
1874423 : 0x2030c87bbe8ae1 : 2 : ittapi_config_apply_per_lib :  ITTAPI function not implemented: __itt_id_destroy
1874423 : 0x2030c87bbe9046 : 2 : ittapi_config_apply_per_lib :  ITTAPI function instrumented: __itt_get_timestamp
1874423 : 0x2030c87bbe9668 : 2 : ittapi_config_apply_per_lib :  ITTAPI function not implemented: __itt_region_begin
1874423 : 0x2030c87bbe9c41 : 2 : ittapi_config_apply_per_lib :  ITTAPI function not implemented: __itt_region_end
1874423 : 0x2030c87bbea236 : 2 : ittapi_config_apply_per_lib :  ITTAPI function instrumented: __itt_frame_begin_v3
1874423 : 0x2030c87bbeb468 : 2 : ittapi_config_apply_per_lib :  ITTAPI function instrumented: __itt_frame_end_v3
1874423 : 0x2030c87bbebc20 : 2 : ittapi_config_apply_per_lib :  ITTAPI function instrumented: __itt_frame_submit_v3
1874423 : 0x2030c87bbec335 : 2 : ittapi_config_apply_per_lib :  ITTAPI function not implemented: __itt_task_group
1874423 : 0x2030c87bbec91f : 2 : ittapi_config_apply_per_lib :  ITTAPI function instrumented: __itt_task_begin
1874423 : 0x2030c87bbece78 : 2 : ittapi_config_apply_per_lib :  ITTAPI function instrumented: __itt_task_begin_fn
1874423 : 0x2030c87bbed3ee : 2 : ittapi_config_apply_per_lib :  ITTAPI function instrumented: __itt_task_end
1874423 : 0x2030c87bbeda36 : 2 : ittapi_config_apply_per_lib :  ITTAPI function not implemented: __itt_counter_inc_v3
1874423 : 0x2030c87bbee083 : 2 : ittapi_config_apply_per_lib :  ITTAPI function not implemented: __itt_counter_inc_delta_v3
1874423 : 0x2030c87bbee649 : 2 : ittapi_config_apply_per_lib :  ITTAPI function not implemented: __itt_counter_dec_v3
1874423 : 0x2030c87bbeec5e : 2 : ittapi_config_apply_per_lib :  ITTAPI function not implemented: __itt_counter_dec_delta_v3
1874423 : 0x2030c87bbefef6 : 2 : ittapi_config_apply_per_lib :  ITTAPI function not implemented: __itt_marker
1874423 : 0x2030c87bbf04f4 : 2 : ittapi_config_apply_per_lib :  ITTAPI function instrumented: __itt_metadata_add
1874423 : 0x2030c87bbf0aea : 2 : ittapi_config_apply_per_lib :  ITTAPI function not implemented: __itt_metadata_str_add
1874423 : 0x2030c87bbf1069 : 2 : ittapi_config_apply_per_lib :  ITTAPI function not implemented: __itt_relation_add_to_current
1874423 : 0x2030c87bbf1611 : 2 : ittapi_config_apply_per_lib :  ITTAPI function not implemented: __itt_relation_add
1874423 : 0x2030c87bbf1ba2 : 2 : ittapi_config_apply_per_lib :  ITTAPI function instrumented: __itt_event_create
1874423 : 0x2030c87bbf20a8 : 2 : ittapi_config_apply_per_lib :  ITTAPI function instrumented: __itt_event_start
1874423 : 0x2030c87bbf25ac : 2 : ittapi_config_apply_per_lib :  ITTAPI function instrumented: __itt_event_end
1874423 : 0x2030c87bbf2999 : 2 : ittapi_config_apply_per_lib :  ITTAPI function NOT instrumented (not matched by --itt-config option): __itt_sync_set_name

1874423 : 0x2030c87bbf2e0d : 2 : ittapi_config_apply_per_lib :  ITTAPI function NOT instrumented (not matched by --itt-config option): __itt_notify_sync_name

1874423 : 0x2030c87bbf441a : 2 : ittapi_config_apply_per_lib :  ITTAPI function NOT instrumented (not matched by --itt-config option): __itt_notify_sync_prepare

1874423 : 0x2030c87bbf4898 : 2 : ittapi_config_apply_per_lib :  ITTAPI function NOT instrumented (not matched by --itt-config option): __itt_notify_sync_cancel

1874423 : 0x2030c87bbf4c63 : 2 : ittapi_config_apply_per_lib :  ITTAPI function NOT instrumented (not matched by --itt-config option): __itt_notify_sync_acquired

1874423 : 0x2030c87bbf5011 : 2 : ittapi_config_apply_per_lib :  ITTAPI function NOT instrumented (not matched by --itt-config option): __itt_notify_sync_releasing

1874423 : 0x2030c87bbf5613 : 2 : ittapi_config_apply_per_lib :  ITTAPI function not implemented: __itt_memory_read
1874423 : 0x2030c87bbf5c21 : 2 : ittapi_config_apply_per_lib :  ITTAPI function not implemented: __itt_memory_write
1874423 : 0x2030c87bbf61cf : 2 : ittapi_config_apply_per_lib :  ITTAPI function not implemented: __itt_memory_update
1874423 : 0x2030c87bbf6765 : 2 : ittapi_config_apply_per_lib :  ITTAPI function not implemented: __itt_state_get
1874423 : 0x2030c87bbf6d10 : 2 : ittapi_config_apply_per_lib :  ITTAPI function not implemented: __itt_state_set
1874423 : 0x2030c87bbf733f : 2 : ittapi_config_apply_per_lib :  ITTAPI function not implemented: __itt_obj_mode_set
1874423 : 0x2030c87bbf85d3 : 2 : ittapi_config_apply_per_lib :  ITTAPI function not implemented: __itt_thr_mode_set
1874423 : 0x2030c87bbf8bf0 : 2 : ittapi_config_apply_per_lib :  ITTAPI function instrumented: __itt_frame_create
1874423 : 0x2030c87bbf916c : 2 : ittapi_config_apply_per_lib :  ITTAPI function instrumented: __itt_pt_region_create
1874423 : 0x2030c87bbf96ac : 2 : ittapi_config_apply_per_lib :  ITTAPI function instrumented: __itt_frame_begin
1874423 : 0x2030c87bbf9bb7 : 2 : ittapi_config_apply_per_lib :  ITTAPI function instrumented: __itt_frame_end
1874423 : 0x2030c87bbfa225 : 2 : ittapi_config_apply_per_lib :  ITTAPI function not implemented: __itt_counter_destroy
1874423 : 0x2030c87bbfa767 : 2 : ittapi_config_apply_per_lib :  ITTAPI function instrumented: __itt_counter_inc
1874423 : 0x2030c87bbfd991 : 2 : ittapi_config_apply_per_lib :  ITTAPI function instrumented: __itt_counter_inc_delta
1874423 : 0x2030c87bbfdf06 : 2 : ittapi_config_apply_per_lib :  ITTAPI function instrumented: __itt_counter_dec
1874423 : 0x2030c87bbfe4a5 : 2 : ittapi_config_apply_per_lib :  ITTAPI function instrumented: __itt_counter_dec_delta
1874423 : 0x2030c87bbff6b8 : 2 : ittapi_config_apply_per_lib :  ITTAPI function instrumented: __itt_counter_set_value
1874423 : 0x2030c87bbffcbe : 2 : ittapi_config_apply_per_lib :  ITTAPI function not implemented: __itt_counter_set_value_ex
1874423 : 0x2030c87bc00229 : 2 : ittapi_config_apply_per_lib :  ITTAPI function not implemented: __itt_mark_create
1874423 : 0x2030c87bc007c0 : 2 : ittapi_config_apply_per_lib :  ITTAPI function not implemented: __itt_mark
1874423 : 0x2030c87bc00d59 : 2 : ittapi_config_apply_per_lib :  ITTAPI function not implemented: __itt_mark_off
1874423 : 0x2030c87bc01360 : 2 : ittapi_config_apply_per_lib :  ITTAPI function not implemented: __itt_mark_global
1874423 : 0x2030c87bc018f7 : 2 : ittapi_config_apply_per_lib :  ITTAPI function not implemented: __itt_mark_global_off
1874423 : 0x2030c87bc01d6d : 2 : ittapi_config_apply_per_lib :  ITTAPI function NOT instrumented (not matched by --itt-config option): __itt_stack_caller_create

1874423 : 0x2030c87bc0216c : 2 : ittapi_config_apply_per_lib :  ITTAPI function NOT instrumented (not matched by --itt-config option): __itt_stack_caller_destroy

1874423 : 0x2030c87bc025d9 : 2 : ittapi_config_apply_per_lib :  ITTAPI function NOT instrumented (not matched by --itt-config option): __itt_stack_callee_enter

1874423 : 0x2030c87bc03c98 : 2 : ittapi_config_apply_per_lib :  ITTAPI function NOT instrumented (not matched by --itt-config option): __itt_stack_callee_leave

1874423 : 0x2030c87bc04384 : 2 : ittapi_config_apply_per_lib :  ITTAPI function not implemented: __itt_clock_domain_create
1874423 : 0x2030c87bc0498c : 2 : ittapi_config_apply_per_lib :  ITTAPI function not implemented: __itt_clock_domain_reset
1874423 : 0x2030c87bc04f59 : 2 : ittapi_config_apply_per_lib :  ITTAPI function not implemented: __itt_id_create_ex
1874423 : 0x2030c87bc0552d : 2 : ittapi_config_apply_per_lib :  ITTAPI function not implemented: __itt_id_destroy_ex
1874423 : 0x2030c87bc05b6c : 2 : ittapi_config_apply_per_lib :  ITTAPI function not implemented: __itt_task_begin_ex
1874423 : 0x2030c87bc06154 : 2 : ittapi_config_apply_per_lib :  ITTAPI function not implemented: __itt_task_begin_fn_ex
1874423 : 0x2030c87bc06733 : 2 : ittapi_config_apply_per_lib :  ITTAPI function not implemented: __itt_task_end_ex
1874423 : 0x2030c87bc06cd2 : 2 : ittapi_config_apply_per_lib :  ITTAPI function instrumented: __itt_task_begin_overlapped
1874423 : 0x2030c87bc072e5 : 2 : ittapi_config_apply_per_lib :  ITTAPI function not implemented: __itt_task_begin_overlapped_ex
1874423 : 0x2030c87bc0845f : 2 : ittapi_config_apply_per_lib :  ITTAPI function instrumented: __itt_task_end_overlapped
1874423 : 0x2030c87bc08a9b : 2 : ittapi_config_apply_per_lib :  ITTAPI function not implemented: __itt_task_end_overlapped_ex
1874423 : 0x2030c87bc09019 : 2 : ittapi_config_apply_per_lib :  ITTAPI function not implemented: __itt_marker_ex
1874423 : 0x2030c87bc0962c : 2 : ittapi_config_apply_per_lib :  ITTAPI function not implemented: __itt_metadata_add_with_scope
1874423 : 0x2030c87bc09c15 : 2 : ittapi_config_apply_per_lib :  ITTAPI function not implemented: __itt_metadata_str_add_with_scope
1874423 : 0x2030c87bc0a250 : 2 : ittapi_config_apply_per_lib :  ITTAPI function not implemented: __itt_relation_add_to_current_ex
1874423 : 0x2030c87bc0a7f2 : 2 : ittapi_config_apply_per_lib :  ITTAPI function not implemented: __itt_relation_add_ex
1874423 : 0x2030c87bc0ade9 : 2 : ittapi_config_apply_per_lib :  ITTAPI function not implemented: __itt_track_group_create
1874423 : 0x2030c87bc0b376 : 2 : ittapi_config_apply_per_lib :  ITTAPI function not implemented: __itt_track_create
1874423 : 0x2030c87bc0b990 : 2 : ittapi_config_apply_per_lib :  ITTAPI function not implemented: __itt_set_track
1874423 : 0x2030c87bc0caa9 : 2 : ittapi_config_apply_per_lib :  ITTAPI function instrumented: __itt_api_version
1874423 : 0x2030c87bc0d112 : 2 : ittapi_config_apply_per_lib :  ITTAPI function not implemented: __itt_av_save
1874423 : 0x2030c87bc0d67d : 2 : ittapi_config_apply_per_lib :  ITTAPI function instrumented: __itt_module_load
1874423 : 0x2030c87bc0dc03 : 2 : ittapi_config_apply_per_lib :  ITTAPI function not implemented: __itt_module_unload
1874423 : 0x2030c87bc0e033 : 2 : ittapi_config_apply_per_lib :  ITTAPI function NOT instrumented (not matched by --itt-config option): __itt_histogram_submit

1874423 : 0x2030c87bc0e626 : 2 : ittapi_config_apply_per_lib :  ITTAPI function instrumented: __itt_counter_set_value_v3
1874423 : 0x2030c87bc1edff : 2 : ittapi_config_mask_get :  --itt-config mask to be applied: 39
1874423 : 0x2030c87bc1f6ec : 2 : ittapi_config_apply_per_lib :  ITTAPI function instrumented: __itt_domain_create
1874423 : 0x2030c87bc1fd35 : 2 : ittapi_config_apply_per_lib :  ITTAPI function instrumented: __itt_module_load_with_sections
1874423 : 0x2030c87bc203f6 : 2 : ittapi_config_apply_per_lib :  ITTAPI function not implemented: __itt_module_unload_with_sections
1874423 : 0x2030c87bc223b2 : 2 : ittapi_config_apply_per_lib :  ITTAPI function instrumented: __itt_string_handle_create
1874423 : 0x2030c87bc22947 : 2 : ittapi_config_apply_per_lib :  ITTAPI function instrumented: __itt_counter_create
1874423 : 0x2030c87bc22ed6 : 2 : ittapi_config_apply_per_lib :  ITTAPI function instrumented: __itt_counter_create_typed
1874423 : 0x2030c87bc234b8 : 2 : ittapi_config_apply_per_lib :  ITTAPI function instrumented: __itt_pause
1874423 : 0x2030c87bc23a43 : 2 : ittapi_config_apply_per_lib :  ITTAPI function instrumented: __itt_resume
1874423 : 0x2030c87bc24092 : 2 : ittapi_config_apply_per_lib :  ITTAPI function not implemented: __itt_pause_scoped
1874423 : 0x2030c87bc2466b : 2 : ittapi_config_apply_per_lib :  ITTAPI function not implemented: __itt_resume_scoped
1874423 : 0x2030c87bc24c42 : 2 : ittapi_config_apply_per_lib :  ITTAPI function instrumented: __itt_thread_set_name
1874423 : 0x2030c87bc25180 : 2 : ittapi_config_apply_per_lib :  ITTAPI function instrumented: __itt_thread_ignore
1874423 : 0x2030c87bc256d9 : 2 : ittapi_config_apply_per_lib :  ITTAPI function instrumented: __itt_thr_name_set
1874423 : 0x2030c87bc268e4 : 2 : ittapi_config_apply_per_lib :  ITTAPI function instrumented: __itt_thr_ignore
1874423 : 0x2030c87bc26e85 : 2 : ittapi_config_apply_per_lib :  ITTAPI function instrumented: __itt_histogram_create
1874423 : 0x2030c87bc2739e : 2 : ittapi_config_apply_per_lib :  ITTAPI function instrumented: __itt_counter_create_v3
1874423 : 0x2030c87bc27a66 : 2 : ittapi_config_apply_per_lib :  ITTAPI function instrumented: __itt_bind_context_metadata_to_counter
1874423 : 0x2030c87bc28074 : 2 : ittapi_config_apply_per_lib :  ITTAPI function not implemented: __itt_enable_attach
1874423 : 0x2030c87bc285c3 : 2 : ittapi_config_apply_per_lib :  ITTAPI function instrumented: __itt_detach
1874423 : 0x2030c87bc28a01 : 2 : ittapi_config_apply_per_lib :  ITTAPI function NOT instrumented (not matched by --itt-config option): __itt_sync_create

1874423 : 0x2030c87bc28f08 : 2 : ittapi_config_apply_per_lib :  ITTAPI function NOT instrumented (not matched by --itt-config option): __itt_sync_rename

1874423 : 0x2030c87bc2933a : 2 : ittapi_config_apply_per_lib :  ITTAPI function NOT instrumented (not matched by --itt-config option): __itt_sync_destroy

1874423 : 0x2030c87bc29759 : 2 : ittapi_config_apply_per_lib :  ITTAPI function NOT instrumented (not matched by --itt-config option): __itt_sync_prepare

1874423 : 0x2030c87bc2a795 : 2 : ittapi_config_apply_per_lib :  ITTAPI function NOT instrumented (not matched by --itt-config option): __itt_sync_cancel

1874423 : 0x2030c87bc2abea : 2 : ittapi_config_apply_per_lib :  ITTAPI function NOT instrumented (not matched by --itt-config option): __itt_sync_acquired

1874423 : 0x2030c87bc2b005 : 2 : ittapi_config_apply_per_lib :  ITTAPI function NOT instrumented (not matched by --itt-config option): __itt_sync_releasing

1874423 : 0x2030c87bc2b6c1 : 2 : ittapi_config_apply_per_lib :  ITTAPI function not implemented: __itt_suppress_push
1874423 : 0x2030c87bc2bd64 : 2 : ittapi_config_apply_per_lib :  ITTAPI function not implemented: __itt_suppress_pop
1874423 : 0x2030c87bc2c366 : 2 : ittapi_config_apply_per_lib :  ITTAPI function not implemented: __itt_suppress_mark_range
1874423 : 0x2030c87bc2c9e8 : 2 : ittapi_config_apply_per_lib :  ITTAPI function not implemented: __itt_suppress_clear_range
1874423 : 0x2030c87bc2ce62 : 2 : ittapi_config_apply_per_lib :  ITTAPI function NOT instrumented (not matched by --itt-config option): __itt_sync_prepare

1874423 : 0x2030c87bc2d26c : 2 : ittapi_config_apply_per_lib :  ITTAPI function NOT instrumented (not matched by --itt-config option): __itt_sync_cancel

1874423 : 0x2030c87bc2d6be : 2 : ittapi_config_apply_per_lib :  ITTAPI function NOT instrumented (not matched by --itt-config option): __itt_sync_acquired

1874423 : 0x2030c87bc2ee78 : 2 : ittapi_config_apply_per_lib :  ITTAPI function NOT instrumented (not matched by --itt-config option): __itt_sync_releasing

1874423 : 0x2030c87bc2f303 : 2 : ittapi_config_apply_per_lib :  ITTAPI function NOT instrumented (not matched by --itt-config option): __itt_model_site_begin

1874423 : 0x2030c87bc2f728 : 2 : ittapi_config_apply_per_lib :  ITTAPI function NOT instrumented (not matched by --itt-config option): __itt_model_site_end

1874423 : 0x2030c87bc2fbeb : 2 : ittapi_config_apply_per_lib :  ITTAPI function NOT instrumented (not matched by --itt-config option): __itt_model_task_begin

1874423 : 0x2030c87bc30021 : 2 : ittapi_config_apply_per_lib :  ITTAPI function NOT instrumented (not matched by --itt-config option): __itt_model_task_end

1874423 : 0x2030c87bc30bd7 : 2 : ittapi_config_apply_per_lib :  ITTAPI function NOT instrumented (not matched by --itt-config option): __itt_model_lock_acquire

1874423 : 0x2030c87bc310b3 : 2 : ittapi_config_apply_per_lib :  ITTAPI function NOT instrumented (not matched by --itt-config option): __itt_model_lock_release

1874423 : 0x2030c87bc314a8 : 2 : ittapi_config_apply_per_lib :  ITTAPI function NOT instrumented (not matched by --itt-config option): __itt_model_record_allocation

1874423 : 0x2030c87bc3188e : 2 : ittapi_config_apply_per_lib :  ITTAPI function NOT instrumented (not matched by --itt-config option): __itt_model_record_deallocation

1874423 : 0x2030c87bc31ce8 : 2 : ittapi_config_apply_per_lib :  ITTAPI function NOT instrumented (not matched by --itt-config option): __itt_model_induction_uses

1874423 : 0x2030c87bc32d4f : 2 : ittapi_config_apply_per_lib :  ITTAPI function NOT instrumented (not matched by --itt-config option): __itt_model_reduction_uses

1874423 : 0x2030c87bc33157 : 2 : ittapi_config_apply_per_lib :  ITTAPI function NOT instrumented (not matched by --itt-config option): __itt_model_observe_uses

1874423 : 0x2030c87bc33604 : 2 : ittapi_config_apply_per_lib :  ITTAPI function NOT instrumented (not matched by --itt-config option): __itt_model_clear_uses

1874423 : 0x2030c87bc33a00 : 2 : ittapi_config_apply_per_lib :  ITTAPI function NOT instrumented (not matched by --itt-config option): __itt_model_site_beginA

1874423 : 0x2030c87bc33dc8 : 2 : ittapi_config_apply_per_lib :  ITTAPI function NOT instrumented (not matched by --itt-config option): __itt_model_site_beginAL

1874423 : 0x2030c87bc34210 : 2 : ittapi_config_apply_per_lib :  ITTAPI function NOT instrumented (not matched by --itt-config option): __itt_model_task_beginA

1874423 : 0x2030c87bc3464f : 2 : ittapi_config_apply_per_lib :  ITTAPI function NOT instrumented (not matched by --itt-config option): __itt_model_task_beginAL

1874423 : 0x2030c87bc34a2e : 2 : ittapi_config_apply_per_lib :  ITTAPI function NOT instrumented (not matched by --itt-config option): __itt_model_iteration_taskA

1874423 : 0x2030c87bc34e14 : 2 : ittapi_config_apply_per_lib :  ITTAPI function NOT instrumented (not matched by --itt-config option): __itt_model_iteration_taskAL

1874423 : 0x2030c87bc3522e : 2 : ittapi_config_apply_per_lib :  ITTAPI function NOT instrumented (not matched by --itt-config option): __itt_model_site_end_2

1874423 : 0x2030c87bc3621c : 2 : ittapi_config_apply_per_lib :  ITTAPI function NOT instrumented (not matched by --itt-config option): __itt_model_task_end_2

1874423 : 0x2030c87bc3666c : 2 : ittapi_config_apply_per_lib :  ITTAPI function NOT instrumented (not matched by --itt-config option): __itt_model_lock_acquire_2

1874423 : 0x2030c87bc36ac7 : 2 : ittapi_config_apply_per_lib :  ITTAPI function NOT instrumented (not matched by --itt-config option): __itt_model_lock_release_2

1874423 : 0x2030c87bc36ea9 : 2 : ittapi_config_apply_per_lib :  ITTAPI function NOT instrumented (not matched by --itt-config option): __itt_model_aggregate_task

1874423 : 0x2030c87bc3728c : 2 : ittapi_config_apply_per_lib :  ITTAPI function NOT instrumented (not matched by --itt-config option): __itt_model_disable_push

1874423 : 0x2030c87bc37650 : 2 : ittapi_config_apply_per_lib :  ITTAPI function NOT instrumented (not matched by --itt-config option): __itt_model_disable_pop

1874423 : 0x2030c87bc37c5a : 2 : ittapi_config_apply_per_lib :  ITTAPI function instrumented: __itt_heap_function_create
1874423 : 0x2030c87bc381fb : 2 : ittapi_config_apply_per_lib :  ITTAPI function instrumented: __itt_heap_allocate_begin
1874423 : 0x2030c87bc38785 : 2 : ittapi_config_apply_per_lib :  ITTAPI function instrumented: __itt_heap_allocate_end
1874423 : 0x2030c87bc38ccf : 2 : ittapi_config_apply_per_lib :  ITTAPI function instrumented: __itt_heap_free_begin
1874423 : 0x2030c87bc3a5eb : 2 : ittapi_config_apply_per_lib :  ITTAPI function instrumented: __itt_heap_free_end
1874423 : 0x2030c87bc3ab9b : 2 : ittapi_config_apply_per_lib :  ITTAPI function instrumented: __itt_heap_reallocate_begin
1874423 : 0x2030c87bc3b102 : 2 : ittapi_config_apply_per_lib :  ITTAPI function instrumented: __itt_heap_reallocate_end
1874423 : 0x2030c87bc3b72d : 2 : ittapi_config_apply_per_lib :  ITTAPI function not implemented: __itt_heap_internal_access_begin
1874423 : 0x2030c87bc3bd3f : 2 : ittapi_config_apply_per_lib :  ITTAPI function not implemented: __itt_heap_internal_access_end
1874423 : 0x2030c87bc3c358 : 2 : ittapi_config_apply_per_lib :  ITTAPI function not implemented: __itt_heap_record_memory_growth_begin
1874423 : 0x2030c87bc3c953 : 2 : ittapi_config_apply_per_lib :  ITTAPI function not implemented: __itt_heap_record_memory_growth_end
1874423 : 0x2030c87bc3cf07 : 2 : ittapi_config_apply_per_lib :  ITTAPI function not implemented: __itt_heap_reset_detection
1874423 : 0x2030c87bc3d52f : 2 : ittapi_config_apply_per_lib :  ITTAPI function not implemented: __itt_heap_record
1874423 : 0x2030c87bc3db09 : 2 : ittapi_config_apply_per_lib :  ITTAPI function not implemented: __itt_id_create
1874423 : 0x2030c87bc3ed87 : 2 : ittapi_config_apply_per_lib :  ITTAPI function not implemented: __itt_id_destroy
1874423 : 0x2030c87bc3f313 : 2 : ittapi_config_apply_per_lib :  ITTAPI function instrumented: __itt_get_timestamp
1874423 : 0x2030c87bc3f8e3 : 2 : ittapi_config_apply_per_lib :  ITTAPI function not implemented: __itt_region_begin
1874423 : 0x2030c87bc3fe88 : 2 : ittapi_config_apply_per_lib :  ITTAPI function not implemented: __itt_region_end
1874423 : 0x2030c87bc4042b : 2 : ittapi_config_apply_per_lib :  ITTAPI function instrumented: __itt_frame_begin_v3
1874423 : 0x2030c87bc409e2 : 2 : ittapi_config_apply_per_lib :  ITTAPI function instrumented: __itt_frame_end_v3
1874423 : 0x2030c87bc40f80 : 2 : ittapi_config_apply_per_lib :  ITTAPI function instrumented: __itt_frame_submit_v3
1874423 : 0x2030c87bc4158f : 2 : ittapi_config_apply_per_lib :  ITTAPI function not implemented: __itt_task_group
1874423 : 0x2030c87bc41ae6 : 2 : ittapi_config_apply_per_lib :  ITTAPI function instrumented: __itt_task_begin
1874423 : 0x2030c87bc4204f : 2 : ittapi_config_apply_per_lib :  ITTAPI function instrumented: __itt_task_begin_fn
1874423 : 0x2030c87bc43207 : 2 : ittapi_config_apply_per_lib :  ITTAPI function instrumented: __itt_task_end
1874423 : 0x2030c87bc43845 : 2 : ittapi_config_apply_per_lib :  ITTAPI function not implemented: __itt_counter_inc_v3
1874423 : 0x2030c87bc43ec4 : 2 : ittapi_config_apply_per_lib :  ITTAPI function not implemented: __itt_counter_inc_delta_v3
1874423 : 0x2030c87bc444a2 : 2 : ittapi_config_apply_per_lib :  ITTAPI function not implemented: __itt_counter_dec_v3
1874423 : 0x2030c87bc44a4e : 2 : ittapi_config_apply_per_lib :  ITTAPI function not implemented: __itt_counter_dec_delta_v3
1874423 : 0x2030c87bc45047 : 2 : ittapi_config_apply_per_lib :  ITTAPI function not implemented: __itt_marker
1874423 : 0x2030c87bc455e3 : 2 : ittapi_config_apply_per_lib :  ITTAPI function instrumented: __itt_metadata_add
1874423 : 0x2030c87bc45be0 : 2 : ittapi_config_apply_per_lib :  ITTAPI function not implemented: __itt_metadata_str_add
1874423 : 0x2030c87bc4621b : 2 : ittapi_config_apply_per_lib :  ITTAPI function not implemented: __itt_relation_add_to_current
1874423 : 0x2030c87bc467f3 : 2 : ittapi_config_apply_per_lib :  ITTAPI function not implemented: __itt_relation_add
1874423 : 0x2030c87bc47fe4 : 2 : ittapi_config_apply_per_lib :  ITTAPI function instrumented: __itt_event_create
1874423 : 0x2030c87bc4857d : 2 : ittapi_config_apply_per_lib :  ITTAPI function instrumented: __itt_event_start
1874423 : 0x2030c87bc48b36 : 2 : ittapi_config_apply_per_lib :  ITTAPI function instrumented: __itt_event_end
1874423 : 0x2030c87bc48f68 : 2 : ittapi_config_apply_per_lib :  ITTAPI function NOT instrumented (not matched by --itt-config option): __itt_sync_set_name

1874423 : 0x2030c87bc493bb : 2 : ittapi_config_apply_per_lib :  ITTAPI function NOT instrumented (not matched by --itt-config option): __itt_notify_sync_name

1874423 : 0x2030c87bc497e0 : 2 : ittapi_config_apply_per_lib :  ITTAPI function NOT instrumented (not matched by --itt-config option): __itt_notify_sync_prepare

1874423 : 0x2030c87bc49c40 : 2 : ittapi_config_apply_per_lib :  ITTAPI function NOT instrumented (not matched by --itt-config option): __itt_notify_sync_cancel

1874423 : 0x2030c87bc4a062 : 2 : ittapi_config_apply_per_lib :  ITTAPI function NOT instrumented (not matched by --itt-config option): __itt_notify_sync_acquired

1874423 : 0x2030c87bc4a475 : 2 : ittapi_config_apply_per_lib :  ITTAPI function NOT instrumented (not matched by --itt-config option): __itt_notify_sync_releasing

1874423 : 0x2030c87bc4aa5d : 2 : ittapi_config_apply_per_lib :  ITTAPI function not implemented: __itt_memory_read
1874423 : 0x2030c87bc4bd10 : 2 : ittapi_config_apply_per_lib :  ITTAPI function not implemented: __itt_memory_write
1874423 : 0x2030c87bc4c31f : 2 : ittapi_config_apply_per_lib :  ITTAPI function not implemented: __itt_memory_update
1874423 : 0x2030c87bc4c8fc : 2 : ittapi_config_apply_per_lib :  ITTAPI function not implemented: __itt_state_get
1874423 : 0x2030c87bc4ceb8 : 2 : ittapi_config_apply_per_lib :  ITTAPI function not implemented: __itt_state_set
1874423 : 0x2030c87bc4d4df : 2 : ittapi_config_apply_per_lib :  ITTAPI function not implemented: __itt_obj_mode_set
1874423 : 0x2030c87bc4da57 : 2 : ittapi_config_apply_per_lib :  ITTAPI function not implemented: __itt_thr_mode_set
1874423 : 0x2030c87bc4e00e : 2 : ittapi_config_apply_per_lib :  ITTAPI function instrumented: __itt_frame_create
1874423 : 0x2030c87bc4e528 : 2 : ittapi_config_apply_per_lib :  ITTAPI function instrumented: __itt_pt_region_create
1874423 : 0x2030c87bc4ea5b : 2 : ittapi_config_apply_per_lib :  ITTAPI function instrumented: __itt_frame_begin
1874423 : 0x2030c87bc4efb4 : 2 : ittapi_config_apply_per_lib :  ITTAPI function instrumented: __itt_frame_end
1874423 : 0x2030c87bc5026f : 2 : ittapi_config_apply_per_lib :  ITTAPI function not implemented: __itt_counter_destroy
1874423 : 0x2030c87bc51276 : 2 : ittapi_config_apply_per_lib :  ITTAPI function instrumented: __itt_counter_inc
1874423 : 0x2030c87bc51879 : 2 : ittapi_config_apply_per_lib :  ITTAPI function instrumented: __itt_counter_inc_delta
1874423 : 0x2030c87bc51d93 : 2 : ittapi_config_apply_per_lib :  ITTAPI function instrumented: __itt_counter_dec
1874423 : 0x2030c87bc522e8 : 2 : ittapi_config_apply_per_lib :  ITTAPI function instrumented: __itt_counter_dec_delta
1874423 : 0x2030c87bc52809 : 2 : ittapi_config_apply_per_lib :  ITTAPI function instrumented: __itt_counter_set_value
1874423 : 0x2030c87bc52e23 : 2 : ittapi_config_apply_per_lib :  ITTAPI function not implemented: __itt_counter_set_value_ex
1874423 : 0x2030c87bc533f3 : 2 : ittapi_config_apply_per_lib :  ITTAPI function not implemented: __itt_mark_create
1874423 : 0x2030c87bc539de : 2 : ittapi_config_apply_per_lib :  ITTAPI function not implemented: __itt_mark
1874423 : 0x2030c87bc53fb0 : 2 : ittapi_config_apply_per_lib :  ITTAPI function not implemented: __itt_mark_off
1874423 : 0x2030c87bc5531f : 2 : ittapi_config_apply_per_lib :  ITTAPI function not implemented: __itt_mark_global
1874423 : 0x2030c87bc55946 : 2 : ittapi_config_apply_per_lib :  ITTAPI function not implemented: __itt_mark_global_off
1874423 : 0x2030c87bc55dd2 : 2 : ittapi_config_apply_per_lib :  ITTAPI function NOT instrumented (not matched by --itt-config option): __itt_stack_caller_create

1874423 : 0x2030c87bc561a0 : 2 : ittapi_config_apply_per_lib :  ITTAPI function NOT instrumented (not matched by --itt-config option): __itt_stack_caller_destroy

1874423 : 0x2030c87bc5655e : 2 : ittapi_config_apply_per_lib :  ITTAPI function NOT instrumented (not matched by --itt-config option): __itt_stack_callee_enter

1874423 : 0x2030c87bc5690f : 2 : ittapi_config_apply_per_lib :  ITTAPI function NOT instrumented (not matched by --itt-config option): __itt_stack_callee_leave

1874423 : 0x2030c87bc56f14 : 2 : ittapi_config_apply_per_lib :  ITTAPI function not implemented: __itt_clock_domain_create
1874423 : 0x2030c87bc574f8 : 2 : ittapi_config_apply_per_lib :  ITTAPI function not implemented: __itt_clock_domain_reset
1874423 : 0x2030c87bc57aab : 2 : ittapi_config_apply_per_lib :  ITTAPI function not implemented: __itt_id_create_ex
1874423 : 0x2030c87bc5806e : 2 : ittapi_config_apply_per_lib :  ITTAPI function not implemented: __itt_id_destroy_ex
1874423 : 0x2030c87bc59981 : 2 : ittapi_config_apply_per_lib :  ITTAPI function not implemented: __itt_task_begin_ex
1874423 : 0x2030c87bc59f6e : 2 : ittapi_config_apply_per_lib :  ITTAPI function not implemented: __itt_task_begin_fn_ex
1874423 : 0x2030c87bc5a578 : 2 : ittapi_config_apply_per_lib :  ITTAPI function not implemented: __itt_task_end_ex
1874423 : 0x2030c87bc5aacc : 2 : ittapi_config_apply_per_lib :  ITTAPI function instrumented: __itt_task_begin_overlapped
1874423 : 0x2030c87bc5b076 : 2 : ittapi_config_apply_per_lib :  ITTAPI function not implemented: __itt_task_begin_overlapped_ex
1874423 : 0x2030c87bc5b625 : 2 : ittapi_config_apply_per_lib :  ITTAPI function instrumented: __itt_task_end_overlapped
1874423 : 0x2030c87bc5bc39 : 2 : ittapi_config_apply_per_lib :  ITTAPI function not implemented: __itt_task_end_overlapped_ex
1874423 : 0x2030c87bc5c1cb : 2 : ittapi_config_apply_per_lib :  ITTAPI function not implemented: __itt_marker_ex
1874423 : 0x2030c87bc5c7b9 : 2 : ittapi_config_apply_per_lib :  ITTAPI function not implemented: __itt_metadata_add_with_scope
1874423 : 0x2030c87bc5cd94 : 2 : ittapi_config_apply_per_lib :  ITTAPI function not implemented: __itt_metadata_str_add_with_scope
1874423 : 0x2030c87bc5e039 : 2 : ittapi_config_apply_per_lib :  ITTAPI function not implemented: __itt_relation_add_to_current_ex
1874423 : 0x2030c87bc5e614 : 2 : ittapi_config_apply_per_lib :  ITTAPI function not implemented: __itt_relation_add_ex
1874423 : 0x2030c87bc5ec1f : 2 : ittapi_config_apply_per_lib :  ITTAPI function not implemented: __itt_track_group_create
1874423 : 0x2030c87bc5f1d1 : 2 : ittapi_config_apply_per_lib :  ITTAPI function not implemented: __itt_track_create
1874423 : 0x2030c87bc5f742 : 2 : ittapi_config_apply_per_lib :  ITTAPI function not implemented: __itt_set_track
1874423 : 0x2030c87bc5fc89 : 2 : ittapi_config_apply_per_lib :  ITTAPI function instrumented: __itt_api_version
1874423 : 0x2030c87bc6029a : 2 : ittapi_config_apply_per_lib :  ITTAPI function not implemented: __itt_av_save
1874423 : 0x2030c87bc607f6 : 2 : ittapi_config_apply_per_lib :  ITTAPI function instrumented: __itt_module_load
1874423 : 0x2030c87bc60d74 : 2 : ittapi_config_apply_per_lib :  ITTAPI function not implemented: __itt_module_unload
1874423 : 0x2030c87bc611af : 2 : ittapi_config_apply_per_lib :  ITTAPI function NOT instrumented (not matched by --itt-config option): __itt_histogram_submit

1874423 : 0x2030c87bc62430 : 2 : ittapi_config_apply_per_lib :  ITTAPI function instrumented: __itt_counter_set_value_v3
1874423 : 0x2030c87c8b5411 : 2 : ittapi_config_mask_get :  --itt-config mask to be applied: 39
1874423 : 0x2030c87c8b6972 : 2 : ittapi_config_apply_per_lib :  ITTAPI function instrumented: __itt_domain_create
1874423 : 0x2030c87c8b73c6 : 2 : ittapi_config_apply_per_lib :  ITTAPI function instrumented: __itt_module_load_with_sections
1874423 : 0x2030c87c8b7ef4 : 2 : ittapi_config_apply_per_lib :  ITTAPI function not implemented: __itt_module_unload_with_sections
1874423 : 0x2030c87c8b8648 : 2 : ittapi_config_apply_per_lib :  ITTAPI function instrumented: __itt_string_handle_create
1874423 : 0x2030c87c8b8cdf : 2 : ittapi_config_apply_per_lib :  ITTAPI function instrumented: __itt_counter_create
1874423 : 0x2030c87c8b9258 : 2 : ittapi_config_apply_per_lib :  ITTAPI function instrumented: __itt_counter_create_typed
1874423 : 0x2030c87c8b989c : 2 : ittapi_config_apply_per_lib :  ITTAPI function instrumented: __itt_pause
1874423 : 0x2030c87c8b9eb3 : 2 : ittapi_config_apply_per_lib :  ITTAPI function instrumented: __itt_resume
1874423 : 0x2030c87c8bf70f : 2 : ittapi_config_apply_per_lib :  ITTAPI function instrumented: __itt_thread_set_name
1874423 : 0x2030c87c8bff12 : 2 : ittapi_config_apply_per_lib :  ITTAPI function instrumented: __itt_thread_ignore
1874423 : 0x2030c87c8c0496 : 2 : ittapi_config_apply_per_lib :  ITTAPI function instrumented: __itt_thr_name_set
1874423 : 0x2030c87c8c0abc : 2 : ittapi_config_apply_per_lib :  ITTAPI function instrumented: __itt_thr_ignore
1874423 : 0x2030c87c8c1268 : 2 : ittapi_config_apply_per_lib :  ITTAPI function not implemented: __itt_enable_attach
1874423 : 0x2030c87c8c1914 : 2 : ittapi_config_apply_per_lib :  ITTAPI function instrumented: __itt_detach
1874423 : 0x2030c87c8c1dfb : 2 : ittapi_config_apply_per_lib :  ITTAPI function NOT instrumented (not matched by --itt-config option): __itt_sync_create

1874423 : 0x2030c87c8c234b : 2 : ittapi_config_apply_per_lib :  ITTAPI function NOT instrumented (not matched by --itt-config option): __itt_sync_rename

1874423 : 0x2030c87c8c27b1 : 2 : ittapi_config_apply_per_lib :  ITTAPI function NOT instrumented (not matched by --itt-config option): __itt_sync_destroy

1874423 : 0x2030c87c8c2c61 : 2 : ittapi_config_apply_per_lib :  ITTAPI function NOT instrumented (not matched by --itt-config option): __itt_sync_prepare

1874423 : 0x2030c87c8c3f32 : 2 : ittapi_config_apply_per_lib :  ITTAPI function NOT instrumented (not matched by --itt-config option): __itt_sync_cancel

1874423 : 0x2030c87c8c43f2 : 2 : ittapi_config_apply_per_lib :  ITTAPI function NOT instrumented (not matched by --itt-config option): __itt_sync_acquired

1874423 : 0x2030c87c8c483c : 2 : ittapi_config_apply_per_lib :  ITTAPI function NOT instrumented (not matched by --itt-config option): __itt_sync_releasing

1874423 : 0x2030c87c8c4f6d : 2 : ittapi_config_apply_per_lib :  ITTAPI function not implemented: __itt_suppress_push
1874423 : 0x2030c87c8c574d : 2 : ittapi_config_apply_per_lib :  ITTAPI function not implemented: __itt_suppress_pop
1874423 : 0x2030c87c8c5d92 : 2 : ittapi_config_apply_per_lib :  ITTAPI function not implemented: __itt_suppress_mark_range
1874423 : 0x2030c87c8c6413 : 2 : ittapi_config_apply_per_lib :  ITTAPI function not implemented: __itt_suppress_clear_range
1874423 : 0x2030c87c8c6893 : 2 : ittapi_config_apply_per_lib :  ITTAPI function NOT instrumented (not matched by --itt-config option): __itt_sync_prepare

1874423 : 0x2030c87c8c6c93 : 2 : ittapi_config_apply_per_lib :  ITTAPI function NOT instrumented (not matched by --itt-config option): __itt_sync_cancel

1874423 : 0x2030c87c8c7079 : 2 : ittapi_config_apply_per_lib :  ITTAPI function NOT instrumented (not matched by --itt-config option): __itt_sync_acquired

1874423 : 0x2030c87c8c80e5 : 2 : ittapi_config_apply_per_lib :  ITTAPI function NOT instrumented (not matched by --itt-config option): __itt_sync_releasing

1874423 : 0x2030c87c8c8597 : 2 : ittapi_config_apply_per_lib :  ITTAPI function NOT instrumented (not matched by --itt-config option): __itt_model_site_begin

1874423 : 0x2030c87c8c8a65 : 2 : ittapi_config_apply_per_lib :  ITTAPI function NOT instrumented (not matched by --itt-config option): __itt_model_site_end

1874423 : 0x2030c87c8c8ea2 : 2 : ittapi_config_apply_per_lib :  ITTAPI function NOT instrumented (not matched by --itt-config option): __itt_model_task_begin

1874423 : 0x2030c87c8c93b7 : 2 : ittapi_config_apply_per_lib :  ITTAPI function NOT instrumented (not matched by --itt-config option): __itt_model_task_end

1874423 : 0x2030c87c8c97b3 : 2 : ittapi_config_apply_per_lib :  ITTAPI function NOT instrumented (not matched by --itt-config option): __itt_model_lock_acquire

1874423 : 0x2030c87c8c9b7a : 2 : ittapi_config_apply_per_lib :  ITTAPI function NOT instrumented (not matched by --itt-config option): __itt_model_lock_release

1874423 : 0x2030c87c8c9fd6 : 2 : ittapi_config_apply_per_lib :  ITTAPI function NOT instrumented (not matched by --itt-config option): __itt_model_record_allocation

1874423 : 0x2030c87c8ca459 : 2 : ittapi_config_apply_per_lib :  ITTAPI function NOT instrumented (not matched by --itt-config option): __itt_model_record_deallocation

1874423 : 0x2030c87c8ca850 : 2 : ittapi_config_apply_per_lib :  ITTAPI function NOT instrumented (not matched by --itt-config option): __itt_model_induction_uses

1874423 : 0x2030c87c8cc009 : 2 : ittapi_config_apply_per_lib :  ITTAPI function NOT instrumented (not matched by --itt-config option): __itt_model_reduction_uses

1874423 : 0x2030c87c8cc463 : 2 : ittapi_config_apply_per_lib :  ITTAPI function NOT instrumented (not matched by --itt-config option): __itt_model_observe_uses

1874423 : 0x2030c87c8cc8ae : 2 : ittapi_config_apply_per_lib :  ITTAPI function NOT instrumented (not matched by --itt-config option): __itt_model_clear_uses

1874423 : 0x2030c87c8ccd25 : 2 : ittapi_config_apply_per_lib :  ITTAPI function NOT instrumented (not matched by --itt-config option): __itt_model_site_beginA

1874423 : 0x2030c87c8cd0fa : 2 : ittapi_config_apply_per_lib :  ITTAPI function NOT instrumented (not matched by --itt-config option): __itt_model_site_beginAL

1874423 : 0x2030c87c8cd51a : 2 : ittapi_config_apply_per_lib :  ITTAPI function NOT instrumented (not matched by --itt-config option): __itt_model_task_beginA

1874423 : 0x2030c87c8cd970 : 2 : ittapi_config_apply_per_lib :  ITTAPI function NOT instrumented (not matched by --itt-config option): __itt_model_task_beginAL

1874423 : 0x2030c87c8cddea : 2 : ittapi_config_apply_per_lib :  ITTAPI function NOT instrumented (not matched by --itt-config option): __itt_model_iteration_taskA

1874423 : 0x2030c87c8ce1b9 : 2 : ittapi_config_apply_per_lib :  ITTAPI function NOT instrumented (not matched by --itt-config option): __itt_model_iteration_taskAL

1874423 : 0x2030c87c8ce5aa : 2 : ittapi_config_apply_per_lib :  ITTAPI function NOT instrumented (not matched by --itt-config option): __itt_model_site_end_2

1874423 : 0x2030c87c8cf571 : 2 : ittapi_config_apply_per_lib :  ITTAPI function NOT instrumented (not matched by --itt-config option): __itt_model_task_end_2

1874423 : 0x2030c87c8d03bf : 2 : ittapi_config_apply_per_lib :  ITTAPI function NOT instrumented (not matched by --itt-config option): __itt_model_lock_acquire_2

1874423 : 0x2030c87c8d07b5 : 2 : ittapi_config_apply_per_lib :  ITTAPI function NOT instrumented (not matched by --itt-config option): __itt_model_lock_release_2

1874423 : 0x2030c87c8d0c3f : 2 : ittapi_config_apply_per_lib :  ITTAPI function NOT instrumented (not matched by --itt-config option): __itt_model_aggregate_task

1874423 : 0x2030c87c8d104a : 2 : ittapi_config_apply_per_lib :  ITTAPI function NOT instrumented (not matched by --itt-config option): __itt_model_disable_push

1874423 : 0x2030c87c8d1439 : 2 : ittapi_config_apply_per_lib :  ITTAPI function NOT instrumented (not matched by --itt-config option): __itt_model_disable_pop

1874423 : 0x2030c87c8d1aa4 : 2 : ittapi_config_apply_per_lib :  ITTAPI function instrumented: __itt_heap_function_create
1874423 : 0x2030c87c8d210f : 2 : ittapi_config_apply_per_lib :  ITTAPI function instrumented: __itt_heap_allocate_begin
1874423 : 0x2030c87c8d2665 : 2 : ittapi_config_apply_per_lib :  ITTAPI function instrumented: __itt_heap_allocate_end
1874423 : 0x2030c87c8d2bb5 : 2 : ittapi_config_apply_per_lib :  ITTAPI function instrumented: __itt_heap_free_begin
1874423 : 0x2030c87c8d3de3 : 2 : ittapi_config_apply_per_lib :  ITTAPI function instrumented: __itt_heap_free_end
1874423 : 0x2030c87c8d439f : 2 : ittapi_config_apply_per_lib :  ITTAPI function instrumented: __itt_heap_reallocate_begin
1874423 : 0x2030c87c8d4932 : 2 : ittapi_config_apply_per_lib :  ITTAPI function instrumented: __itt_heap_reallocate_end
1874423 : 0x2030c87c8d5019 : 2 : ittapi_config_apply_per_lib :  ITTAPI function not implemented: __itt_heap_internal_access_begin
1874423 : 0x2030c87c8d566c : 2 : ittapi_config_apply_per_lib :  ITTAPI function not implemented: __itt_heap_internal_access_end
1874423 : 0x2030c87c8d5cb5 : 2 : ittapi_config_apply_per_lib :  ITTAPI function not implemented: __itt_heap_record_memory_growth_begin
1874423 : 0x2030c87c8d626d : 2 : ittapi_config_apply_per_lib :  ITTAPI function not implemented: __itt_heap_record_memory_growth_end
1874423 : 0x2030c87c8d692f : 2 : ittapi_config_apply_per_lib :  ITTAPI function not implemented: __itt_heap_reset_detection
1874423 : 0x2030c87c8d6fbc : 2 : ittapi_config_apply_per_lib :  ITTAPI function not implemented: __itt_heap_record
1874423 : 0x2030c87c8d7684 : 2 : ittapi_config_apply_per_lib :  ITTAPI function not implemented: __itt_id_create
1874423 : 0x2030c87c8d9177 : 2 : ittapi_config_apply_per_lib :  ITTAPI function not implemented: __itt_id_destroy
1874423 : 0x2030c87c8d96fa : 2 : ittapi_config_apply_per_lib :  ITTAPI function instrumented: __itt_get_timestamp
1874423 : 0x2030c87c8d9cdd : 2 : ittapi_config_apply_per_lib :  ITTAPI function not implemented: __itt_region_begin
1874423 : 0x2030c87c8da36e : 2 : ittapi_config_apply_per_lib :  ITTAPI function not implemented: __itt_region_end
1874423 : 0x2030c87c8da8f5 : 2 : ittapi_config_apply_per_lib :  ITTAPI function instrumented: __itt_frame_begin_v3
1874423 : 0x2030c87c8daebd : 2 : ittapi_config_apply_per_lib :  ITTAPI function instrumented: __itt_frame_end_v3
1874423 : 0x2030c87c8db453 : 2 : ittapi_config_apply_per_lib :  ITTAPI function instrumented: __itt_frame_submit_v3
1874423 : 0x2030c87c8dbaee : 2 : ittapi_config_apply_per_lib :  ITTAPI function not implemented: __itt_task_group
1874423 : 0x2030c87c8dc0ea : 2 : ittapi_config_apply_per_lib :  ITTAPI function instrumented: __itt_task_begin
1874423 : 0x2030c87c8dc6ae : 2 : ittapi_config_apply_per_lib :  ITTAPI function instrumented: __itt_task_begin_fn
1874423 : 0x2030c87c8dd946 : 2 : ittapi_config_apply_per_lib :  ITTAPI function instrumented: __itt_task_end
1874423 : 0x2030c87c8ddf8f : 2 : ittapi_config_apply_per_lib :  ITTAPI function not implemented: __itt_counter_inc_v3
1874423 : 0x2030c87c8de5d0 : 2 : ittapi_config_apply_per_lib :  ITTAPI function not implemented: __itt_counter_inc_delta_v3
1874423 : 0x2030c87c8dec65 : 2 : ittapi_config_apply_per_lib :  ITTAPI function not implemented: __itt_counter_dec_v3
1874423 : 0x2030c87c8df22e : 2 : ittapi_config_apply_per_lib :  ITTAPI function not implemented: __itt_counter_dec_delta_v3
1874423 : 0x2030c87c8df806 : 2 : ittapi_config_apply_per_lib :  ITTAPI function not implemented: __itt_marker
1874423 : 0x2030c87c8dfde6 : 2 : ittapi_config_apply_per_lib :  ITTAPI function instrumented: __itt_metadata_add
1874423 : 0x2030c87c8e0405 : 2 : ittapi_config_apply_per_lib :  ITTAPI function not implemented: __itt_metadata_str_add
1874423 : 0x2030c87c8e09fa : 2 : ittapi_config_apply_per_lib :  ITTAPI function not implemented: __itt_relation_add_to_current
1874423 : 0x2030c87c8e0f97 : 2 : ittapi_config_apply_per_lib :  ITTAPI function not implemented: __itt_relation_add
1874423 : 0x2030c87c8e21d5 : 2 : ittapi_config_apply_per_lib :  ITTAPI function instrumented: __itt_event_create
1874423 : 0x2030c87c8e2762 : 2 : ittapi_config_apply_per_lib :  ITTAPI function instrumented: __itt_event_start
1874423 : 0x2030c87c8e2c68 : 2 : ittapi_config_apply_per_lib :  ITTAPI function instrumented: __itt_event_end
1874423 : 0x2030c87c8e30c7 : 2 : ittapi_config_apply_per_lib :  ITTAPI function NOT instrumented (not matched by --itt-config option): __itt_sync_set_name

1874423 : 0x2030c87c8e3582 : 2 : ittapi_config_apply_per_lib :  ITTAPI function NOT instrumented (not matched by --itt-config option): __itt_notify_sync_name

1874423 : 0x2030c87c8e397c : 2 : ittapi_config_apply_per_lib :  ITTAPI function NOT instrumented (not matched by --itt-config option): __itt_notify_sync_prepare

1874423 : 0x2030c87c8e3d7e : 2 : ittapi_config_apply_per_lib :  ITTAPI function NOT instrumented (not matched by --itt-config option): __itt_notify_sync_cancel

1874423 : 0x2030c87c8e421b : 2 : ittapi_config_apply_per_lib :  ITTAPI function NOT instrumented (not matched by --itt-config option): __itt_notify_sync_acquired

1874423 : 0x2030c87c8e462c : 2 : ittapi_config_apply_per_lib :  ITTAPI function NOT instrumented (not matched by --itt-config option): __itt_notify_sync_releasing

1874423 : 0x2030c87c8e4bff : 2 : ittapi_config_apply_per_lib :  ITTAPI function not implemented: __itt_memory_read
1874423 : 0x2030c87c8e663d : 2 : ittapi_config_apply_per_lib :  ITTAPI function not implemented: __itt_memory_write
1874423 : 0x2030c87c8e6c75 : 2 : ittapi_config_apply_per_lib :  ITTAPI function not implemented: __itt_memory_update
1874423 : 0x2030c87c8e7280 : 2 : ittapi_config_apply_per_lib :  ITTAPI function not implemented: __itt_state_get
1874423 : 0x2030c87c8e78f2 : 2 : ittapi_config_apply_per_lib :  ITTAPI function not implemented: __itt_state_set
1874423 : 0x2030c87c8e7ed1 : 2 : ittapi_config_apply_per_lib :  ITTAPI function not implemented: __itt_obj_mode_set
1874423 : 0x2030c87c8e851f : 2 : ittapi_config_apply_per_lib :  ITTAPI function not implemented: __itt_thr_mode_set
1874423 : 0x2030c87c8e8a5e : 2 : ittapi_config_apply_per_lib :  ITTAPI function instrumented: __itt_frame_create
1874423 : 0x2030c87c8e9030 : 2 : ittapi_config_apply_per_lib :  ITTAPI function instrumented: __itt_pt_region_create
1874423 : 0x2030c87c8e9630 : 2 : ittapi_config_apply_per_lib :  ITTAPI function instrumented: __itt_frame_begin
1874423 : 0x2030c87c8e9bb4 : 2 : ittapi_config_apply_per_lib :  ITTAPI function instrumented: __itt_frame_end
1874423 : 0x2030c87c8eaedd : 2 : ittapi_config_apply_per_lib :  ITTAPI function not implemented: __itt_counter_destroy
1874423 : 0x2030c87c8eb436 : 2 : ittapi_config_apply_per_lib :  ITTAPI function instrumented: __itt_counter_inc
1874423 : 0x2030c87c8eb9c6 : 2 : ittapi_config_apply_per_lib :  ITTAPI function instrumented: __itt_counter_inc_delta
1874423 : 0x2030c87c8ebf97 : 2 : ittapi_config_apply_per_lib :  ITTAPI function instrumented: __itt_counter_dec
1874423 : 0x2030c87c8ec4e2 : 2 : ittapi_config_apply_per_lib :  ITTAPI function instrumented: __itt_counter_dec_delta
1874423 : 0x2030c87c8ec9ea : 2 : ittapi_config_apply_per_lib :  ITTAPI function instrumented: __itt_counter_set_value
1874423 : 0x2030c87c8ecf66 : 2 : ittapi_config_apply_per_lib :  ITTAPI function not implemented: __itt_counter_set_value_ex
1874423 : 0x2030c87c8ed54b : 2 : ittapi_config_apply_per_lib :  ITTAPI function not implemented: __itt_mark_create
1874423 : 0x2030c87c8edb3b : 2 : ittapi_config_apply_per_lib :  ITTAPI function not implemented: __itt_mark
1874423 : 0x2030c87c8ee118 : 2 : ittapi_config_apply_per_lib :  ITTAPI function not implemented: __itt_mark_off
1874423 : 0x2030c87c8ef380 : 2 : ittapi_config_apply_per_lib :  ITTAPI function not implemented: __itt_mark_global
1874423 : 0x2030c87c8ef977 : 2 : ittapi_config_apply_per_lib :  ITTAPI function not implemented: __itt_mark_global_off
1874423 : 0x2030c87c8f3871 : 2 : ittapi_config_apply_per_lib :  ITTAPI function NOT instrumented (not matched by --itt-config option): __itt_stack_caller_create

1874423 : 0x2030c87c8f3cd8 : 2 : ittapi_config_apply_per_lib :  ITTAPI function NOT instrumented (not matched by --itt-config option): __itt_stack_caller_destroy

1874423 : 0x2030c87c8f40bb : 2 : ittapi_config_apply_per_lib :  ITTAPI function NOT instrumented (not matched by --itt-config option): __itt_stack_callee_enter

1874423 : 0x2030c87c8f4482 : 2 : ittapi_config_apply_per_lib :  ITTAPI function NOT instrumented (not matched by --itt-config option): __itt_stack_callee_leave

1874423 : 0x2030c87c8f4b86 : 2 : ittapi_config_apply_per_lib :  ITTAPI function not implemented: __itt_clock_domain_create
1874423 : 0x2030c87c8f51c9 : 2 : ittapi_config_apply_per_lib :  ITTAPI function not implemented: __itt_clock_domain_reset
1874423 : 0x2030c87c8f5774 : 2 : ittapi_config_apply_per_lib :  ITTAPI function not implemented: __itt_id_create_ex
1874423 : 0x2030c87c8f5d51 : 2 : ittapi_config_apply_per_lib :  ITTAPI function not implemented: __itt_id_destroy_ex
1874423 : 0x2030c87c8f7abd : 2 : ittapi_config_apply_per_lib :  ITTAPI function not implemented: __itt_task_begin_ex
1874423 : 0x2030c87c8f8101 : 2 : ittapi_config_apply_per_lib :  ITTAPI function not implemented: __itt_task_begin_fn_ex
1874423 : 0x2030c87c8f876f : 2 : ittapi_config_apply_per_lib :  ITTAPI function not implemented: __itt_task_end_ex
1874423 : 0x2030c87c8f8d43 : 2 : ittapi_config_apply_per_lib :  ITTAPI function instrumented: __itt_task_begin_overlapped
1874423 : 0x2030c87c8f9395 : 2 : ittapi_config_apply_per_lib :  ITTAPI function not implemented: __itt_task_begin_overlapped_ex
1874423 : 0x2030c87c8f9914 : 2 : ittapi_config_apply_per_lib :  ITTAPI function instrumented: __itt_task_end_overlapped
1874423 : 0x2030c87c8f9f79 : 2 : ittapi_config_apply_per_lib :  ITTAPI function not implemented: __itt_task_end_overlapped_ex
1874423 : 0x2030c87c8fa6db : 2 : ittapi_config_apply_per_lib :  ITTAPI function not implemented: __itt_marker_ex
1874423 : 0x2030c87c8facf2 : 2 : ittapi_config_apply_per_lib :  ITTAPI function not implemented: __itt_metadata_add_with_scope
1874423 : 0x2030c87c8fb33f : 2 : ittapi_config_apply_per_lib :  ITTAPI function not implemented: __itt_metadata_str_add_with_scope
1874423 : 0x2030c87c8fc63f : 2 : ittapi_config_apply_per_lib :  ITTAPI function not implemented: __itt_relation_add_to_current_ex
1874423 : 0x2030c87c8fcc72 : 2 : ittapi_config_apply_per_lib :  ITTAPI function not implemented: __itt_relation_add_ex
1874423 : 0x2030c87c8fd2f2 : 2 : ittapi_config_apply_per_lib :  ITTAPI function not implemented: __itt_track_group_create
1874423 : 0x2030c87c8fd85f : 2 : ittapi_config_apply_per_lib :  ITTAPI function not implemented: __itt_track_create
1874423 : 0x2030c87c8fdde4 : 2 : ittapi_config_apply_per_lib :  ITTAPI function not implemented: __itt_set_track
1874423 : 0x2030c87c8fe3b8 : 2 : ittapi_config_apply_per_lib :  ITTAPI function instrumented: __itt_api_version
1874423 : 0x2030c87c8fe9ef : 2 : ittapi_config_apply_per_lib :  ITTAPI function not implemented: __itt_av_save
1874423 : 0x2030c87c8fef93 : 2 : ittapi_config_apply_per_lib :  ITTAPI function instrumented: __itt_module_load
1874423 : 0x2030c87c8ff56a : 2 : ittapi_config_apply_per_lib :  ITTAPI function not implemented: __itt_module_unload