
3504167 : 0x26d1bfd19d9ca7 : 1 : spill_jit_data :  Jit agent is not initialized
3504138 : 0x26d1bfd19de1b5 : 2 : ittapi_config_mask_get :  --itt-config mask to be applied: 55
3504138 : 0x26d1bfd19e0987 : 2 : ittapi_config_apply_per_lib :  ITTAPI function instrumented: __itt_domain_create
3504138 : 0x26d1bfd19e154a : 2 : ittapi_config_apply_per_lib :  ITTAPI function instrumented: __itt_module_load_with_sections
3504138 : 0x26d1bfd19e2330 : 2 : ittapi_config_apply_per_lib :  ITTAPI function not implemented: __itt_module_unload_with_sections
3504138 : 0x26d1bfd19e2e4c : 2 : ittapi_config_apply_per_lib :  ITTAPI function instrumented: __itt_string_handle_create
3504138 : 0x26d1bfd19e37fd : 2 : ittapi_config_apply_per_lib :  ITTAPI function instrumented: __itt_counter_create
3504138 : 0x26d1bfd19e40f5 : 2 : ittapi_config_apply_per_lib :  ITTAPI function instrumented: __itt_counter_create_typed
3504138 : 0x26d1bfd19e4a54 : 2 : ittapi_config_apply_per_lib :  ITTAPI function instrumented: __itt_pause
3504138 : 0x26d1bfd19e531c : 2 : ittapi_config_apply_per_lib :  ITTAPI function instrumented: __itt_resume
3504138 : 0x26d1bfd19ec98d : 2 : ittapi_config_apply_per_lib :  ITTAPI function not implemented: __itt_pause_scoped
3504138 : 0x26d1bfd19ed552 : 2 : ittapi_config_apply_per_lib :  ITTAPI function not implemented: __itt_resume_scoped
3504138 : 0x26d1bfd19edeb0 : 2 : ittapi_config_apply_per_lib :  ITTAPI function instrumented: __itt_thread_set_name
3504138 : 0x26d1bfd19ee82d : 2 : ittapi_config_apply_per_lib :  ITTAPI function instrumented: __itt_thread_ignore
3504138 : 0x26d1bfd19ef152 : 2 : ittapi_config_apply_per_lib :  ITTAPI function instrumented: __itt_thr_name_set
3504138 : 0x26d1bfd19f213b : 2 : ittapi_config_apply_per_lib :  ITTAPI function instrumented: __itt_thr_ignore
3504138 : 0x26d1bfd19f3cbc : 2 : ittapi_config_apply_per_lib :  ITTAPI function instrumented: __itt_histogram_create
3504138 : 0x26d1bfd19f47c8 : 2 : ittapi_config_apply_per_lib :  ITTAPI function instrumented: __itt_counter_create_v3
3504138 : 0x26d1bfd19f521a : 2 : ittapi_config_apply_per_lib :  ITTAPI function instrumented: __itt_bind_context_metadata_to_counter
3504138 : 0x26d1bfd19f5d94 : 2 : ittapi_config_apply_per_lib :  ITTAPI function not implemented: __itt_enable_attach
3504138 : 0x26d1bfd19f85f2 : 2 : ittapi_config_apply_per_lib :  ITTAPI function instrumented: __itt_detach
3504138 : 0x26d1bfd19f8bcc : 2 : ittapi_config_apply_per_lib :  ITTAPI function NOT instrumented (not matched by --itt-config option): __itt_sync_create

3504138 : 0x26d1bfd19f9104 : 2 : ittapi_config_apply_per_lib :  ITTAPI function NOT instrumented (not matched by --itt-config option): __itt_sync_rename

3504138 : 0x26d1bfd19f9626 : 2 : ittapi_config_apply_per_lib :  ITTAPI function NOT instrumented (not matched by --itt-config option): __itt_sync_destroy

3504138 : 0x26d1bfd19f9b2b : 2 : ittapi_config_apply_per_lib :  ITTAPI function NOT instrumented (not matched by --itt-config option): __itt_sync_prepare

3504138 : 0x26d1bfd19f9fe3 : 2 : ittapi_config_apply_per_lib :  ITTAPI function NOT instrumented (not matched by --itt-config option): __itt_sync_cancel

3504138 : 0x26d1bfd19fa484 : 2 : ittapi_config_apply_per_lib :  ITTAPI function NOT instrumented (not matched by --itt-config option): __itt_sync_acquired

3504138 : 0x26d1bfd19fa9a5 : 2 : ittapi_config_apply_per_lib :  ITTAPI function NOT instrumented (not matched by --itt-config option): __itt_sync_releasing

3504138 : 0x26d1bfd19fb484 : 2 : ittapi_config_apply_per_lib :  ITTAPI function not implemented: __itt_suppress_push
3504138 : 0x26d1bfd19fc096 : 2 : ittapi_config_apply_per_lib :  ITTAPI function not implemented: __itt_suppress_pop
3504138 : 0x26d1bfd19fde93 : 2 : ittapi_config_apply_per_lib :  ITTAPI function not implemented: __itt_suppress_mark_range
3504138 : 0x26d1bfd19feaa2 : 2 : ittapi_config_apply_per_lib :  ITTAPI function not implemented: __itt_suppress_clear_range
3504138 : 0x26d1bfd19fefb3 : 2 : ittapi_config_apply_per_lib :  ITTAPI function NOT instrumented (not matched by --itt-config option): __itt_sync_prepare

3504138 : 0x26d1bfd19ff4f0 : 2 : ittapi_config_apply_per_lib :  ITTAPI function NOT instrumented (not matched by --itt-config option): __itt_sync_cancel

3504138 : 0x26d1bfd19ff9ba : 2 : ittapi_config_apply_per_lib :  ITTAPI function NOT instrumented (not matched by --itt-config option): __itt_sync_acquired

3504138 : 0x26d1bfd19ffe78 : 2 : ittapi_config_apply_per_lib :  ITTAPI function NOT instrumented (not matched by --itt-config option): __itt_sync_releasing

3504138 : 0x26d1bfd1a00377 : 2 : ittapi_config_apply_per_lib :  ITTAPI function NOT instrumented (not matched by --itt-config option): __itt_model_site_begin

3504138 : 0x26d1bfd1a008bc : 2 : ittapi_config_apply_per_lib :  ITTAPI function NOT instrumented (not matched by --itt-config option): __itt_model_site_end

3504138 : 0x26d1bfd1a00db0 : 2 : ittapi_config_apply_per_lib :  ITTAPI function NOT instrumented (not matched by --itt-config option): __itt_model_task_begin

3504138 : 0x26d1bfd1a01302 : 2 : ittapi_config_apply_per_lib :  ITTAPI function NOT instrumented (not matched by --itt-config option): __itt_model_task_end

3504138 : 0x26d1bfd1a03530 : 2 : ittapi_config_apply_per_lib :  ITTAPI function NOT instrumented (not matched by --itt-config option): __itt_model_lock_acquire

3504138 : 0x26d1bfd1a03a67 : 2 : ittapi_config_apply_per_lib :  ITTAPI function NOT instrumented (not matched by --itt-config option): __itt_model_lock_release

3504138 : 0x26d1bfd1a03f1f : 2 : ittapi_config_apply_per_lib :  ITTAPI function NOT instrumented (not matched by --itt-config option): __itt_model_record_allocation

3504138 : 0x26d1bfd1a044cd : 2 : ittapi_config_apply_per_lib :  ITTAPI function NOT instrumented (not matched by --itt-config option): __itt_model_record_deallocation

3504138 : 0x26d1bfd1a04a25 : 2 : ittapi_config_apply_per_lib :  ITTAPI function NOT instrumented (not matched by --itt-config option): __itt_model_induction_uses

3504138 : 0x26d1bfd1a04f69 : 2 : ittapi_config_apply_per_lib :  ITTAPI function NOT instrumented (not matched by --itt-config option): __itt_model_reduction_uses

3504138 : 0x26d1bfd1a0546b : 2 : ittapi_config_apply_per_lib :  ITTAPI function NOT instrumented (not matched by --itt-config option): __itt_model_observe_uses

3504138 : 0x26d1bfd1a059bf : 2 : ittapi_config_apply_per_lib :  ITTAPI function NOT instrumented (not matched by --itt-config option): __itt_model_clear_uses

3504138 : 0x26d1bfd1a05f12 : 2 : ittapi_config_apply_per_lib :  ITTAPI function NOT instrumented (not matched by --itt-config option): __itt_model_site_beginA

3504138 : 0x26d1bfd1a06401 : 2 : ittapi_config_apply_per_lib :  ITTAPI function NOT instrumented (not matched by --itt-config option): __itt_model_site_beginAL

3504138 : 0x26d1bfd1a0798a : 2 : ittapi_config_apply_per_lib :  ITTAPI function NOT instrumented (not matched by --itt-config option): __itt_model_task_beginA

3504138 : 0x26d1bfd1a07f0c : 2 : ittapi_config_apply_per_lib :  ITTAPI function NOT instrumented (not matched by --itt-config option): __itt_model_task_beginAL

3504138 : 0x26d1bfd1a08409 : 2 : ittapi_config_apply_per_lib :  ITTAPI function NOT instrumented (not matched by --itt-config option): __itt_model_iteration_taskA

3504138 : 0x26d1bfd1a0894b : 2 : ittapi_config_apply_per_lib :  ITTAPI function NOT instrumented (not matched by --itt-config option): __itt_model_iteration_taskAL

3504138 : 0x26d1bfd1a08e51 : 2 : ittapi_config_apply_per_lib :  ITTAPI function NOT instrumented (not matched by --itt-config option): __itt_model_site_end_2

3504138 : 0x26d1bfd1a09379 : 2 : ittapi_config_apply_per_lib :  ITTAPI function NOT instrumented (not matched by --itt-config option): __itt_model_task_end_2

3504138 : 0x26d1bfd1a0985b : 2 : ittapi_config_apply_per_lib :  ITTAPI function NOT instrumented (not matched by --itt-config option): __itt_model_lock_acquire_2

3504138 : 0x26d1bfd1a09dc9 : 2 : ittapi_config_apply_per_lib :  ITTAPI function NOT instrumented (not matched by --itt-config option): __itt_model_lock_release_2

3504138 : 0x26d1bfd1a0a2d2 : 2 : ittapi_config_apply_per_lib :  ITTAPI function NOT instrumented (not matched by --itt-config option): __itt_model_aggregate_task

3504138 : 0x26d1bfd1a0a7e8 : 2 : ittapi_config_apply_per_lib :  ITTAPI function NOT instrumented (not matched by --itt-config option): __itt_model_disable_push

3504138 : 0x26d1bfd1a0cc5e : 2 : ittapi_config_apply_per_lib :  ITTAPI function NOT instrumented (not matched by --itt-config option): __itt_model_disable_pop

3504138 : 0x26d1bfd1a0d87e : 2 : ittapi_config_apply_per_lib :  ITTAPI function instrumented: __itt_heap_function_create
3504138 : 0x26d1bfd1a0e3ff : 2 : ittapi_config_apply_per_lib :  ITTAPI function instrumented: __itt_heap_allocate_begin
3504138 : 0x26d1bfd1a0ee78 : 2 : ittapi_config_apply_per_lib :  ITTAPI function instrumented: __itt_heap_allocate_end
3504138 : 0x26d1bfd1a0f96a : 2 : ittapi_config_apply_per_lib :  ITTAPI function instrumented: __itt_heap_free_begin
3504138 : 0x26d1bfd1a10377 : 2 : ittapi_config_apply_per_lib :  ITTAPI function instrumented: __itt_heap_free_end
3504138 : 0x26d1bfd1a10e5f : 2 : ittapi_config_apply_per_lib :  ITTAPI function instrumented: __itt_heap_reallocate_begin
3504138 : 0x26d1bfd1a1184c : 2 : ittapi_config_apply_per_lib :  ITTAPI function instrumented: __itt_heap_reallocate_end
3504138 : 0x26d1bfd1a12435 : 2 : ittapi_config_apply_per_lib :  ITTAPI function not implemented: __itt_heap_internal_access_begin
3504138 : 0x26d1bfd1a12f7f : 2 : ittapi_config_apply_per_lib :  ITTAPI function not implemented: __itt_heap_internal_access_end
3504138 : 0x26d1bfd1a14d91 : 2 : ittapi_config_apply_per_lib :  ITTAPI function not implemented: __itt_heap_record_memory_growth_begin
3504138 : 0x26d1bfd1a159a1 : 2 : ittapi_config_apply_per_lib :  ITTAPI function not implemented: __itt_heap_record_memory_growth_end
3504138 : 0x26d1bfd1a164ab : 2 : ittapi_config_apply_per_lib :  ITTAPI function not implemented: __itt_heap_reset_detection
3504138 : 0x26d1bfd1a17092 : 2 : ittapi_config_apply_per_lib :  ITTAPI function not implemented: __itt_heap_record
3504138 : 0x26d1bfd1a17bdd : 2 : ittapi_config_apply_per_lib :  ITTAPI function not implemented: __itt_id_create
3504138 : 0x26d1bfd1a1872a : 2 : ittapi_config_apply_per_lib :  ITTAPI function not implemented: __itt_id_destroy
3504138 : 0x26d1bfd1a1917a : 2 : ittapi_config_apply_per_lib :  ITTAPI function instrumented: __itt_get_timestamp
3504138 : 0x26d1bfd1a19cdf : 2 : ittapi_config_apply_per_lib :  ITTAPI function not implemented: __itt_region_begin
3504138 : 0x26d1bfd1a1a7ad : 2 : ittapi_config_apply_per_lib :  ITTAPI function not implemented: __itt_region_end
3504138 : 0x26d1bfd1a1b2c5 : 2 : ittapi_config_apply_per_lib :  ITTAPI function instrumented: __itt_frame_begin_v3
3504138 : 0x26d1bfd1a1cf53 : 2 : ittapi_config_apply_per_lib :  ITTAPI function instrumented: __itt_frame_end_v3
3504138 : 0x26d1bfd1a1da8e : 2 : ittapi_config_apply_per_lib :  ITTAPI function instrumented: __itt_frame_submit_v3
3504138 : 0x26d1bfd1a1e72b : 2 : ittapi_config_apply_per_lib :  ITTAPI function not implemented: __itt_task_group
3504138 : 0x26d1bfd1a1f22c : 2 : ittapi_config_apply_per_lib :  ITTAPI function instrumented: __itt_task_begin
3504138 : 0x26d1bfd1a1fceb : 2 : ittapi_config_apply_per_lib :  ITTAPI function instrumented: __itt_task_begin_fn
3504138 : 0x26d1bfd1a20698 : 2 : ittapi_config_apply_per_lib :  ITTAPI function instrumented: __itt_task_end
3504138 : 0x26d1bfd1a21249 : 2 : ittapi_config_apply_per_lib :  ITTAPI function not implemented: __itt_counter_inc_v3
3504138 : 0x26d1bfd1a21d8a : 2 : ittapi_config_apply_per_lib :  ITTAPI function not implemented: __itt_counter_inc_delta_v3
3504138 : 0x26d1bfd1a2287c : 2 : ittapi_config_apply_per_lib :  ITTAPI function not implemented: __itt_counter_dec_v3
3504138 : 0x26d1bfd1a232df : 2 : ittapi_config_apply_per_lib :  ITTAPI function not implemented: __itt_counter_dec_delta_v3
3504138 : 0x26d1bfd1a24ff7 : 2 : ittapi_config_apply_per_lib :  ITTAPI function not implemented: __itt_marker
3504138 : 0x26d1bfd1a25b1a : 2 : ittapi_config_apply_per_lib :  ITTAPI function instrumented: __itt_metadata_add
3504138 : 0x26d1bfd1a26615 : 2 : ittapi_config_apply_per_lib :  ITTAPI function not implemented: __itt_metadata_str_add
3504138 : 0x26d1bfd1a27139 : 2 : ittapi_config_apply_per_lib :  ITTAPI function not implemented: __itt_relation_add_to_current
3504138 : 0x26d1bfd1a27c03 : 2 : ittapi_config_apply_per_lib :  ITTAPI function not implemented: __itt_relation_add
3504138 : 0x26d1bfd1a28707 : 2 : ittapi_config_apply_per_lib :  ITTAPI function instrumented: __itt_event_create
3504138 : 0x26d1bfd1a29134 : 2 : ittapi_config_apply_per_lib :  ITTAPI function instrumented: __itt_event_start
3504138 : 0x26d1bfd1a29b92 : 2 : ittapi_config_apply_per_lib :  ITTAPI function instrumented: __itt_event_end
3504138 : 0x26d1bfd1a2a0bc : 2 : ittapi_config_apply_per_lib :  ITTAPI function NOT instrumented (not matched by --itt-config option): __itt_sync_set_name

3504138 : 0x26d1bfd1a2a5e0 : 2 : ittapi_config_apply_per_lib :  ITTAPI function NOT instrumented (not matched by --itt-config option): __itt_notify_sync_name

3504138 : 0x26d1bfd1a2c3b6 : 2 : ittapi_config_apply_per_lib :  ITTAPI function NOT instrumented (not matched by --itt-config option): __itt_notify_sync_prepare

3504138 : 0x26d1bfd1a2c8ef : 2 : ittapi_config_apply_per_lib :  ITTAPI function NOT instrumented (not matched by --itt-config option): __itt_notify_sync_cancel

3504138 : 0x26d1bfd1a2ce20 : 2 : ittapi_config_apply_per_lib :  ITTAPI function NOT instrumented (not matched by --itt-config option): __itt_notify_sync_acquired

3504138 : 0x26d1bfd1a2d2ba : 2 : ittapi_config_apply_per_lib :  ITTAPI function NOT instrumented (not matched by --itt-config option): __itt_notify_sync_releasing

3504138 : 0x26d1bfd1a2de91 : 2 : ittapi_config_apply_per_lib :  ITTAPI function not implemented: __itt_memory_read
3504138 : 0x26d1bfd1a31917 : 2 : ittapi_config_apply_per_lib :  ITTAPI function not implemented: __itt_memory_write
3504138 : 0x26d1bfd1a3227a : 2 : ittapi_config_apply_per_lib :  ITTAPI function not implemented: __itt_memory_update
3504138 : 0x26d1bfd1a32c51 : 2 : ittapi_config_apply_per_lib :  ITTAPI function not implemented: __itt_state_get
3504138 : 0x26d1bfd1a335cf : 2 : ittapi_config_apply_per_lib :  ITTAPI function not implemented: __itt_state_set
3504138 : 0x26d1bfd1a33fed : 2 : ittapi_config_apply_per_lib :  ITTAPI function not implemented: __itt_obj_mode_set
3504138 : 0x26d1bfd1a35975 : 2 : ittapi_config_apply_per_lib :  ITTAPI function not implemented: __itt_thr_mode_set
3504138 : 0x26d1bfd1a362f2 : 2 : ittapi_config_apply_per_lib :  ITTAPI function instrumented: __itt_frame_create
3504138 : 0x26d1bfd1a36c54 : 2 : ittapi_config_apply_per_lib :  ITTAPI function instrumented: __itt_pt_region_create
3504138 : 0x26d1bfd1a37588 : 2 : ittapi_config_apply_per_lib :  ITTAPI function instrumented: __itt_frame_begin
3504138 : 0x26d1bfd1a37f49 : 2 : ittapi_config_apply_per_lib :  ITTAPI function instrumented: __itt_frame_end
3504138 : 0x26d1bfd1a38975 : 2 : ittapi_config_apply_per_lib :  ITTAPI function not implemented: __itt_counter_destroy
3504138 : 0x26d1bfd1a392d3 : 2 : ittapi_config_apply_per_lib :  ITTAPI function instrumented: __itt_counter_inc
3504138 : 0x26d1bfd1a39beb : 2 : ittapi_config_apply_per_lib :  ITTAPI function instrumented: __itt_counter_inc_delta
3504138 : 0x26d1bfd1a3a57d : 2 : ittapi_config_apply_per_lib :  ITTAPI function instrumented: __itt_counter_dec
3504138 : 0x26d1bfd1a3ae73 : 2 : ittapi_config_apply_per_lib :  ITTAPI function instrumented: __itt_counter_dec_delta
3504138 : 0x26d1bfd1a3c79c : 2 : ittapi_config_apply_per_lib :  ITTAPI function instrumented: __itt_counter_set_value
3504138 : 0x26d1bfd1a3d1a1 : 2 : ittapi_config_apply_per_lib :  ITTAPI function not implemented: __itt_counter_set_value_ex
3504138 : 0x26d1bfd1a3db0a : 2 : ittapi_config_apply_per_lib :  ITTAPI function not implemented: __itt_mark_create
3504138 : 0x26d1bfd1a3e500 : 2 : ittapi_config_apply_per_lib :  ITTAPI function not implemented: __itt_mark
3504138 : 0x26d1bfd1a3eefe : 2 : ittapi_config_apply_per_lib :  ITTAPI function not implemented: __itt_mark_off
3504138 : 0x26d1bfd1a3f90e : 2 : ittapi_config_apply_per_lib :  ITTAPI function not implemented: __itt_mark_global
3504138 : 0x26d1bfd1a40248 : 2 : ittapi_config_apply_per_lib :  ITTAPI function not implemented: __itt_mark_global_off
3504138 : 0x26d1bfd1a40c98 : 2 : ittapi_config_apply_per_lib :  ITTAPI function instrumented: __itt_stack_caller_create
3504138 : 0x26d1bfd1a415e5 : 2 : ittapi_config_apply_per_lib :  ITTAPI function instrumented: __itt_stack_caller_destroy
3504138 : 0x26d1bfd1a41fe7 : 2 : ittapi_config_apply_per_lib :  ITTAPI function instrumented: __itt_stack_callee_enter
3504138 : 0x26d1bfd1a440bf : 2 : ittapi_config_apply_per_lib :  ITTAPI function instrumented: __itt_stack_callee_leave
3504138 : 0x26d1bfd1a44b19 : 2 : ittapi_config_apply_per_lib :  ITTAPI function not implemented: __itt_clock_domain_create
3504138 : 0x26d1bfd1a455ad : 2 : ittapi_config_apply_per_lib :  ITTAPI function not implemented: __itt_clock_domain_reset
3504138 : 0x26d1bfd1a45f88 : 2 : ittapi_config_apply_per_lib :  ITTAPI function not implemented: __itt_id_create_ex
3504138 : 0x26d1bfd1a469b7 : 2 : ittapi_config_apply_per_lib :  ITTAPI function not implemented: __itt_id_destroy_ex
3504138 : 0x26d1bfd1a47375 : 2 : ittapi_config_apply_per_lib :  ITTAPI function not implemented: __itt_task_begin_ex
3504138 : 0x26d1bfd1a47da0 : 2 : ittapi_config_apply_per_lib :  ITTAPI function not implemented: __itt_task_begin_fn_ex
3504138 : 0x26d1bfd1a4875d : 2 : ittapi_config_apply_per_lib :  ITTAPI function not implemented: __itt_task_end_ex
3504138 : 0x26d1bfd1a4914c : 2 : ittapi_config_apply_per_lib :  ITTAPI function instrumented: __itt_task_begin_overlapped
3504138 : 0x26d1bfd1a49aba : 2 : ittapi_config_apply_per_lib :  ITTAPI function not implemented: __itt_task_begin_overlapped_ex
3504138 : 0x26d1bfd1a4b43b : 2 : ittapi_config_apply_per_lib :  ITTAPI function instrumented: __itt_task_end_overlapped
3504138 : 0x26d1bfd1a4be8a : 2 : ittapi_config_apply_per_lib :  ITTAPI function not implemented: __itt_task_end_overlapped_ex
3504138 : 0x26d1bfd1a4c7bc : 2 : ittapi_config_apply_per_lib :  ITTAPI function not implemented: __itt_marker_ex
3504138 : 0x26d1bfd1a4d28d : 2 : ittapi_config_apply_per_lib :  ITTAPI function not implemented: __itt_metadata_add_with_scope
3504138 : 0x26d1bfd1a4dc97 : 2 : ittapi_config_apply_per_lib :  ITTAPI function not implemented: __itt_metadata_str_add_with_scope
3504138 : 0x26d1bfd1a4e6c0 : 2 : ittapi_config_apply_per_lib :  ITTAPI function not implemented: __itt_relation_add_to_current_ex
3504138 : 0x26d1bfd1a4f06d : 2 : ittapi_config_apply_per_lib :  ITTAPI function not implemented: __itt_relation_add_ex
3504138 : 0x26d1bfd1a4fb0b : 2 : ittapi_config_apply_per_lib :  ITTAPI function not implemented: __itt_track_group_create
3504138 : 0x26d1bfd1a50438 : 2 : ittapi_config_apply_per_lib :  ITTAPI function not implemented: __itt_track_create
3504138 : 0x26d1bfd1a50e26 : 2 : ittapi_config_apply_per_lib :  ITTAPI function not implemented: __itt_set_track
3504138 : 0x26d1bfd1a52803 : 2 : ittapi_config_apply_per_lib :  ITTAPI function instrumented: __itt_api_version
3504138 : 0x26d1bfd1a531e0 : 2 : ittapi_config_apply_per_lib :  ITTAPI function not implemented: __itt_av_save
3504138 : 0x26d1bfd1a53ba4 : 2 : ittapi_config_apply_per_lib :  ITTAPI function instrumented: __itt_module_load
3504138 : 0x26d1bfd1a54570 : 2 : ittapi_config_apply_per_lib :  ITTAPI function not implemented: __itt_module_unload
3504138 : 0x26d1bfd1a54a9c : 2 : ittapi_config_apply_per_lib :  ITTAPI function NOT instrumented (not matched by --itt-config option): __itt_histogram_submit

3504138 : 0x26d1bfd1a5545d : 2 : ittapi_config_apply_per_lib :  ITTAPI function instrumented: __itt_counter_set_value_v3
3504138 : 0x26d1bfd37a9374 : 2 : ittapi_config_mask_get :  --itt-config mask to be applied: 55
3504138 : 0x26d1bfd37af02b : 2 : ittapi_config_apply_per_lib :  ITTAPI function instrumented: __itt_domain_create
3504138 : 0x26d1bfd37b4154 : 2 : ittapi_config_apply_per_lib :  ITTAPI function instrumented: __itt_module_load_with_sections
3504138 : 0x26d1bfd37b4d05 : 2 : ittapi_config_apply_per_lib :  ITTAPI function not implemented: __itt_module_unload_with_sections
3504138 : 0x26d1bfd37ba167 : 2 : ittapi_config_apply_per_lib :  ITTAPI function instrumented: __itt_string_handle_create
3504138 : 0x26d1bfd37baa21 : 2 : ittapi_config_apply_per_lib :  ITTAPI function instrumented: __itt_counter_create
3504138 : 0x26d1bfd37bb1f1 : 2 : ittapi_config_apply_per_lib :  ITTAPI function instrumented: __itt_counter_create_typed
3504138 : 0x26d1bfd37bb9df : 2 : ittapi_config_apply_per_lib :  ITTAPI function instrumented: __itt_pause
3504138 : 0x26d1bfd37bc1db : 2 : ittapi_config_apply_per_lib :  ITTAPI function instrumented: __itt_resume
3504138 : 0x26d1bfd37bcba5 : 2 : ittapi_config_apply_per_lib :  ITTAPI function not implemented: __itt_pause_scoped
3504138 : 0x26d1bfd37bd4f6 : 2 : ittapi_config_apply_per_lib :  ITTAPI function not implemented: __itt_resume_scoped
3504138 : 0x26d1bfd37bdd17 : 2 : ittapi_config_apply_per_lib :  ITTAPI function instrumented: __itt_thread_set_name
3504138 : 0x26d1bfd37c093a : 2 : ittapi_config_apply_per_lib :  ITTAPI function instrumented: __itt_thread_ignore
3504138 : 0x26d1bfd37c1197 : 2 : ittapi_config_apply_per_lib :  ITTAPI function instrumented: __itt_thr_name_set
3504138 : 0x26d1bfd37c29d1 : 2 : ittapi_config_apply_per_lib :  ITTAPI function instrumented: __itt_thr_ignore
3504138 : 0x26d1bfd37c3223 : 2 : ittapi_config_apply_per_lib :  ITTAPI function instrumented: __itt_histogram_create
3504138 : 0x26d1bfd37c3aa3 : 2 : ittapi_config_apply_per_lib :  ITTAPI function instrumented: __itt_counter_create_v3
3504138 : 0x26d1bfd37c43c7 : 2 : ittapi_config_apply_per_lib :  ITTAPI function instrumented: __itt_bind_context_metadata_to_counter
3504138 : 0x26d1bfd37c4d08 : 2 : ittapi_config_apply_per_lib :  ITTAPI function not implemented: __itt_enable_attach
3504138 : 0x26d1bfd37c5551 : 2 : ittapi_config_apply_per_lib :  ITTAPI function instrumented: __itt_detach
3504138 : 0x26d1bfd37c59ca : 2 : ittapi_config_apply_per_lib :  ITTAPI function NOT instrumented (not matched by --itt-config option): __itt_sync_create

3504138 : 0x26d1bfd37c5e2d : 2 : ittapi_config_apply_per_lib :  ITTAPI function NOT instrumented (not matched by --itt-config option): __itt_sync_rename

3504138 : 0x26d1bfd37c6244 : 2 : ittapi_config_apply_per_lib :  ITTAPI function NOT instrumented (not matched by --itt-config option): __itt_sync_destroy

3504138 : 0x26d1bfd37c6634 : 2 : ittapi_config_apply_per_lib :  ITTAPI function NOT instrumented (not matched by --itt-config option): __itt_sync_prepare

3504138 : 0x26d1bfd37c771f : 2 : ittapi_config_apply_per_lib :  ITTAPI function NOT instrumented (not matched by --itt-config option): __itt_sync_cancel

3504138 : 0x26d1bfd37c7bbf : 2 : ittapi_config_apply_per_lib :  ITTAPI function NOT instrumented (not matched by --itt-config option): __itt_sync_acquired

3504138 : 0x26d1bfd37c7fed : 2 : ittapi_config_apply_per_lib :  ITTAPI function NOT instrumented (not matched by --itt-config option): __itt_sync_releasing

3504138 : 0x26d1bfd37c88f6 : 2 : ittapi_config_apply_per_lib :  ITTAPI function not implemented: __itt_suppress_push
3504138 : 0x26d1bfd37c92f5 : 2 : ittapi_config_apply_per_lib :  ITTAPI function not implemented: __itt_suppress_pop
3504138 : 0x26d1bfd37c9bb6 : 2 : ittapi_config_apply_per_lib :  ITTAPI function not implemented: __itt_suppress_mark_range
3504138 : 0x26d1bfd37ca505 : 2 : ittapi_config_apply_per_lib :  ITTAPI function not implemented: __itt_suppress_clear_range
3504138 : 0x26d1bfd37ca8ff : 2 : ittapi_config_apply_per_lib :  ITTAPI function NOT instrumented (not matched by --itt-config option): __itt_sync_prepare

3504138 : 0x26d1bfd37cacd7 : 2 : ittapi_config_apply_per_lib :  ITTAPI function NOT instrumented (not matched by --itt-config option): __itt_sync_cancel

3504138 : 0x26d1bfd37cb0bd : 2 : ittapi_config_apply_per_lib :  ITTAPI function NOT instrumented (not matched by --itt-config option): __itt_sync_acquired

3504138 : 0x26d1bfd37cc138 : 2 : ittapi_config_apply_per_lib :  ITTAPI function NOT instrumented (not matched by --itt-config option): __itt_sync_releasing

3504138 : 0x26d1bfd37cc590 : 2 : ittapi_config_apply_per_lib :  ITTAPI function NOT instrumented (not matched by --itt-config option): __itt_model_site_begin

3504138 : 0x26d1bfd37cc9f4 : 2 : ittapi_config_apply_per_lib :  ITTAPI function NOT instrumented (not matched by --itt-config option): __itt_model_site_end

3504138 : 0x26d1bfd37ccdf9 : 2 : ittapi_config_apply_per_lib :  ITTAPI function NOT instrumented (not matched by --itt-config option): __itt_model_task_begin

3504138 : 0x26d1bfd37cd261 : 2 : ittapi_config_apply_per_lib :  ITTAPI function NOT instrumented (not matched by --itt-config option): __itt_model_task_end

3504138 : 0x26d1bfd384da93 : 2 : ittapi_config_apply_per_lib :  ITTAPI function NOT instrumented (not matched by --itt-config option): __itt_model_lock_acquire

3504138 : 0x26d1bfd384f521 : 2 : ittapi_config_apply_per_lib :  ITTAPI function NOT instrumented (not matched by --itt-config option): __itt_model_lock_release

3504138 : 0x26d1bfd385069d : 2 : ittapi_config_apply_per_lib :  ITTAPI function NOT instrumented (not matched by --itt-config option): __itt_model_record_allocation

3504138 : 0x26d1bfd38515bb : 2 : ittapi_config_apply_per_lib :  ITTAPI function NOT instrumented (not matched by --itt-config option): __itt_model_record_deallocation

3504138 : 0x26d1bfd3852588 : 2 : ittapi_config_apply_per_lib :  ITTAPI function NOT instrumented (not matched by --itt-config option): __itt_model_induction_uses

3504138 : 0x26d1bfd385974f : 2 : ittapi_config_apply_per_lib :  ITTAPI function NOT instrumented (not matched by --itt-config option): __itt_model_reduction_uses

3504138 : 0x26d1bfd385a83b : 2 : ittapi_config_apply_per_lib :  ITTAPI function NOT instrumented (not matched by --itt-config option): __itt_model_observe_uses

3504138 : 0x26d1bfd385b911 : 2 : ittapi_config_apply_per_lib :  ITTAPI function NOT instrumented (not matched by --itt-config option): __itt_model_clear_uses

3504138 : 0x26d1bfd385c83a : 2 : ittapi_config_apply_per_lib :  ITTAPI function NOT instrumented (not matched by --itt-config option): __itt_model_site_beginA

3504138 : 0x26d1bfd385d767 : 2 : ittapi_config_apply_per_lib :  ITTAPI function NOT instrumented (not matched by --itt-config option): __itt_model_site_beginAL

3504138 : 0x26d1bfd385e6ec : 2 : ittapi_config_apply_per_lib :  ITTAPI function NOT instrumented (not matched by --itt-config option): __itt_model_task_beginA

3504138 : 0x26d1bfd385f749 : 2 : ittapi_config_apply_per_lib :  ITTAPI function NOT instrumented (not matched by --itt-config option): __itt_model_task_beginAL

3504138 : 0x26d1bfd38606e4 : 2 : ittapi_config_apply_per_lib :  ITTAPI function NOT instrumented (not matched by --itt-config option): __itt_model_iteration_taskA

3504138 : 0x26d1bfd3861644 : 2 : ittapi_config_apply_per_lib :  ITTAPI function NOT instrumented (not matched by --itt-config option): __itt_model_iteration_taskAL

3504138 : 0x26d1bfd3862598 : 2 : ittapi_config_apply_per_lib :  ITTAPI function NOT instrumented (not matched by --itt-config option): __itt_model_site_end_2

3504138 : 0x26d1bfd38667c6 : 2 : ittapi_config_apply_per_lib :  ITTAPI function NOT instrumented (not matched by --itt-config option): __itt_model_task_end_2

3504138 : 0x26d1bfd38677e7 : 2 : ittapi_config_apply_per_lib :  ITTAPI function NOT instrumented (not matched by --itt-config option): __itt_model_lock_acquire_2

3504138 : 0x26d1bfd38688a7 : 2 : ittapi_config_apply_per_lib :  ITTAPI function NOT instrumented (not matched by --itt-config option): __itt_model_lock_release_2

3504138 : 0x26d1bfd386980a : 2 : ittapi_config_apply_per_lib :  ITTAPI function NOT instrumented (not matched by --itt-config option): __itt_model_aggregate_task

3504138 : 0x26d1bfd386a6e2 : 2 : ittapi_config_apply_per_lib :  ITTAPI function NOT instrumented (not matched by --itt-config option): __itt_model_disable_push

3504138 : 0x26d1bfd386b5ff : 2 : ittapi_config_apply_per_lib :  ITTAPI function NOT instrumented (not matched by --itt-config option): __itt_model_disable_pop

3504138 : 0x26d1bfd386e069 : 2 : ittapi_config_apply_per_lib :  ITTAPI function instrumented: __itt_heap_function_create
3504138 : 0x26d1bfd38702ca : 2 : ittapi_config_apply_per_lib :  ITTAPI function instrumented: __itt_heap_allocate_begin
3504138 : 0x26d1bfd38724af : 2 : ittapi_config_apply_per_lib :  ITTAPI function instrumented: __itt_heap_allocate_end
3504138 : 0x26d1bfd3874469 : 2 : ittapi_config_apply_per_lib :  ITTAPI function instrumented: __itt_heap_free_begin
3504138 : 0x26d1bfd38822df : 2 : ittapi_config_apply_per_lib :  ITTAPI function instrumented: __itt_heap_free_end
3504138 : 0x26d1bfd38847bd : 2 : ittapi_config_apply_per_lib :  ITTAPI function instrumented: __itt_heap_reallocate_begin
3504138 : 0x26d1bfd3886769 : 2 : ittapi_config_apply_per_lib :  ITTAPI function instrumented: __itt_heap_reallocate_end
3504138 : 0x26d1bfd3888df0 : 2 : ittapi_config_apply_per_lib :  ITTAPI function not implemented: __itt_heap_internal_access_begin
3504138 : 0x26d1bfd388b56f : 2 : ittapi_config_apply_per_lib :  ITTAPI function not implemented: __itt_heap_internal_access_end
3504138 : 0x26d1bfd388d9d5 : 2 : ittapi_config_apply_per_lib :  ITTAPI function not implemented: __itt_heap_record_memory_growth_begin
3504138 : 0x26d1bfd388fdef : 2 : ittapi_config_apply_per_lib :  ITTAPI function not implemented: __itt_heap_record_memory_growth_end
3504138 : 0x26d1bfd389213c : 2 : ittapi_config_apply_per_lib :  ITTAPI function not implemented: __itt_heap_reset_detection
3504138 : 0x26d1bfd389474f : 2 : ittapi_config_apply_per_lib :  ITTAPI function not implemented: __itt_heap_record
3504138 : 0x26d1bfd389849c : 2 : ittapi_config_apply_per_lib :  ITTAPI function not implemented: __itt_id_create
3504138 : 0x26d1bfd3899b93 : 2 : ittapi_config_apply_per_lib :  ITTAPI function not implemented: __itt_id_destroy
3504138 : 0x26d1bfd389a41f : 2 : ittapi_config_apply_per_lib :  ITTAPI function instrumented: __itt_get_timestamp
3504138 : 0x26d1bfd389ac7d : 2 : ittapi_config_apply_per_lib :  ITTAPI function not implemented: __itt_region_begin
3504138 : 0x26d1bfd389b50b : 2 : ittapi_config_apply_per_lib :  ITTAPI function not implemented: __itt_region_end
3504138 : 0x26d1bfd389bd76 : 2 : ittapi_config_apply_per_lib :  ITTAPI function instrumented: __itt_frame_begin_v3
3504138 : 0x26d1bfd389c605 : 2 : ittapi_config_apply_per_lib :  ITTAPI function instrumented: __itt_frame_end_v3
3504138 : 0x26d1bfd389ce20 : 2 : ittapi_config_apply_per_lib :  ITTAPI function instrumented: __itt_frame_submit_v3
3504138 : 0x26d1bfd389d74d : 2 : ittapi_config_apply_per_lib :  ITTAPI function not implemented: __itt_task_group
3504138 : 0x26d1bfd389df75 : 2 : ittapi_config_apply_per_lib :  ITTAPI function instrumented: __itt_task_begin
3504138 : 0x26d1bfd389e776 : 2 : ittapi_config_apply_per_lib :  ITTAPI function instrumented: __itt_task_begin_fn
3504138 : 0x26d1bfd389fcb0 : 2 : ittapi_config_apply_per_lib :  ITTAPI function instrumented: __itt_task_end
3504138 : 0x26d1bfd38a05ca : 2 : ittapi_config_apply_per_lib :  ITTAPI function not implemented: __itt_counter_inc_v3
3504138 : 0x26d1bfd38a0eba : 2 : ittapi_config_apply_per_lib :  ITTAPI function not implemented: __itt_counter_inc_delta_v3
3504138 : 0x26d1bfd38a1711 : 2 : ittapi_config_apply_per_lib :  ITTAPI function not implemented: __itt_counter_dec_v3
3504138 : 0x26d1bfd38a1fc0 : 2 : ittapi_config_apply_per_lib :  ITTAPI function not implemented: __itt_counter_dec_delta_v3
3504138 : 0x26d1bfd38a28c4 : 2 : ittapi_config_apply_per_lib :  ITTAPI function not implemented: __itt_marker
3504138 : 0x26d1bfd38a3111 : 2 : ittapi_config_apply_per_lib :  ITTAPI function instrumented: __itt_metadata_add
3504138 : 0x26d1bfd38a3999 : 2 : ittapi_config_apply_per_lib :  ITTAPI function not implemented: __itt_metadata_str_add
3504138 : 0x26d1bfd38a4250 : 2 : ittapi_config_apply_per_lib :  ITTAPI function not implemented: __itt_relation_add_to_current
3504138 : 0x26d1bfd38a4ab4 : 2 : ittapi_config_apply_per_lib :  ITTAPI function not implemented: __itt_relation_add
3504138 : 0x26d1bfd38a5fbb : 2 : ittapi_config_apply_per_lib :  ITTAPI function instrumented: __itt_event_create
3504138 : 0x26d1bfd38a685c : 2 : ittapi_config_apply_per_lib :  ITTAPI function instrumented: __itt_event_start
3504138 : 0x26d1bfd38a70ba : 2 : ittapi_config_apply_per_lib :  ITTAPI function instrumented: __itt_event_end
3504138 : 0x26d1bfd38a74ec : 2 : ittapi_config_apply_per_lib :  ITTAPI function NOT instrumented (not matched by --itt-config option): __itt_sync_set_name

3504138 : 0x26d1bfd38a7981 : 2 : ittapi_config_apply_per_lib :  ITTAPI function NOT instrumented (not matched by --itt-config option): __itt_notify_sync_name

3504138 : 0x26d1bfd38a7d81 : 2 : ittapi_config_apply_per_lib :  ITTAPI function NOT instrumented (not matched by --itt-config option): __itt_notify_sync_prepare

3504138 : 0x26d1bfd38a817e : 2 : ittapi_config_apply_per_lib :  ITTAPI function NOT instrumented (not matched by --itt-config option): __itt_notify_sync_cancel

3504138 : 0x26d1bfd38a8567 : 2 : ittapi_config_apply_per_lib :  ITTAPI function NOT instrumented (not matched by --itt-config option): __itt_notify_sync_acquired

3504138 : 0x26d1bfd38a8992 : 2 : ittapi_config_apply_per_lib :  ITTAPI function NOT instrumented (not matched by --itt-config option): __itt_notify_sync_releasing

3504138 : 0x26d1bfd38a9203 : 2 : ittapi_config_apply_per_lib :  ITTAPI function not implemented: __itt_memory_read
3504138 : 0x26d1bfd38ab129 : 2 : ittapi_config_apply_per_lib :  ITTAPI function not implemented: __itt_memory_write
3504138 : 0x26d1bfd38aba7e : 2 : ittapi_config_apply_per_lib :  ITTAPI function not implemented: __itt_memory_update
3504138 : 0x26d1bfd38ac2e6 : 2 : ittapi_config_apply_per_lib :  ITTAPI function not implemented: __itt_state_get
3504138 : 0x26d1bfd38acb45 : 2 : ittapi_config_apply_per_lib :  ITTAPI function not implemented: __itt_state_set
3504138 : 0x26d1bfd38ad3e6 : 2 : ittapi_config_apply_per_lib :  ITTAPI function not implemented: __itt_obj_mode_set
3504138 : 0x26d1bfd38adc59 : 2 : ittapi_config_apply_per_lib :  ITTAPI function not implemented: __itt_thr_mode_set
3504138 : 0x26d1bfd38ae4c0 : 2 : ittapi_config_apply_per_lib :  ITTAPI function instrumented: __itt_frame_create
3504138 : 0x26d1bfd38aed20 : 2 : ittapi_config_apply_per_lib :  ITTAPI function instrumented: __itt_pt_region_create
3504138 : 0x26d1bfd38af52b : 2 : ittapi_config_apply_per_lib :  ITTAPI function instrumented: __itt_frame_begin
3504138 : 0x26d1bfd38afd9c : 2 : ittapi_config_apply_per_lib :  ITTAPI function instrumented: __itt_frame_end
3504138 : 0x26d1bfd38b1421 : 2 : ittapi_config_apply_per_lib :  ITTAPI function not implemented: __itt_counter_destroy
3504138 : 0x26d1bfd38b1c75 : 2 : ittapi_config_apply_per_lib :  ITTAPI function instrumented: __itt_counter_inc
3504138 : 0x26d1bfd38b244a : 2 : ittapi_config_apply_per_lib :  ITTAPI function instrumented: __itt_counter_inc_delta
3504138 : 0x26d1bfd38b2c2b : 2 : ittapi_config_apply_per_lib :  ITTAPI function instrumented: __itt_counter_dec
3504138 : 0x26d1bfd38b346e : 2 : ittapi_config_apply_per_lib :  ITTAPI function instrumented: __itt_counter_dec_delta
3504138 : 0x26d1bfd38b3c5e : 2 : ittapi_config_apply_per_lib :  ITTAPI function instrumented: __itt_counter_set_value
3504138 : 0x26d1bfd38b448e : 2 : ittapi_config_apply_per_lib :  ITTAPI function not implemented: __itt_counter_set_value_ex
3504138 : 0x26d1bfd38b4d0b : 2 : ittapi_config_apply_per_lib :  ITTAPI function not implemented: __itt_mark_create
3504138 : 0x26d1bfd38b55fc : 2 : ittapi_config_apply_per_lib :  ITTAPI function not implemented: __itt_mark
3504138 : 0x26d1bfd38b5e7d : 2 : ittapi_config_apply_per_lib :  ITTAPI function not implemented: __itt_mark_off
3504138 : 0x26d1bfd38b740e : 2 : ittapi_config_apply_per_lib :  ITTAPI function not implemented: __itt_mark_global
3504138 : 0x26d1bfd38b7cda : 2 : ittapi_config_apply_per_lib :  ITTAPI function not implemented: __itt_mark_global_off
3504138 : 0x26d1bfd38b8577 : 2 : ittapi_config_apply_per_lib :  ITTAPI function instrumented: __itt_stack_caller_create
3504138 : 0x26d1bfd38b8dc9 : 2 : ittapi_config_apply_per_lib :  ITTAPI function instrumented: __itt_stack_caller_destroy
3504138 : 0x26d1bfd38b95c5 : 2 : ittapi_config_apply_per_lib :  ITTAPI function instrumented: __itt_stack_callee_enter
3504138 : 0x26d1bfd38b9d78 : 2 : ittapi_config_apply_per_lib :  ITTAPI function instrumented: __itt_stack_callee_leave
3504138 : 0x26d1bfd38ba5f6 : 2 : ittapi_config_apply_per_lib :  ITTAPI function not implemented: __itt_clock_domain_create
3504138 : 0x26d1bfd38baec0 : 2 : ittapi_config_apply_per_lib :  ITTAPI function not implemented: __itt_clock_domain_reset
3504138 : 0x26d1bfd38bb70b : 2 : ittapi_config_apply_per_lib :  ITTAPI function not implemented: __itt_id_create_ex
3504138 : 0x26d1bfd38bbf82 : 2 : ittapi_config_apply_per_lib :  ITTAPI function not implemented: __itt_id_destroy_ex
3504138 : 0x26d1bfd38bdc04 : 2 : ittapi_config_apply_per_lib :  ITTAPI function not implemented: __itt_task_begin_ex
3504138 : 0x26d1bfd38be4ab : 2 : ittapi_config_apply_per_lib :  ITTAPI function not implemented: __itt_task_begin_fn_ex
3504138 : 0x26d1bfd38becdb : 2 : ittapi_config_apply_per_lib :  ITTAPI function not implemented: __itt_task_end_ex
3504138 : 0x26d1bfd38bf50d : 2 : ittapi_config_apply_per_lib :  ITTAPI function instrumented: __itt_task_begin_overlapped
3504138 : 0x26d1bfd38bfd77 : 2 : ittapi_config_apply_per_lib :  ITTAPI function not implemented: __itt_task_begin_overlapped_ex
3504138 : 0x26d1bfd38c05ac : 2 : ittapi_config_apply_per_lib :  ITTAPI function instrumented: __itt_task_end_overlapped
3504138 : 0x26d1bfd38c0de8 : 2 : ittapi_config_apply_per_lib :  ITTAPI function not implemented: __itt_task_end_overlapped_ex
3504138 : 0x26d1bfd38c15d7 : 2 : ittapi_config_apply_per_lib :  ITTAPI function not implemented: __itt_marker_ex
3504138 : 0x26d1bfd38c1ea2 : 2 : ittapi_config_apply_per_lib :  ITTAPI function not implemented: __itt_metadata_add_with_scope
3504138 : 0x26d1bfd38c2726 : 2 : ittapi_config_apply_per_lib :  ITTAPI function not implemented: __itt_metadata_str_add_with_scope
3504138 : 0x26d1bfd38c3cc1 : 2 : ittapi_config_apply_per_lib :  ITTAPI function not implemented: __itt_relation_add_to_current_ex
3504138 : 0x26d1bfd38c4518 : 2 : ittapi_config_apply_per_lib :  ITTAPI function not implemented: __itt_relation_add_ex
3504138 : 0x26d1bfd38c4dd3 : 2 : ittapi_config_apply_per_lib :  ITTAPI function not implemented: __itt_track_group_create
3504138 : 0x26d1bfd38c564e : 2 : ittapi_config_apply_per_lib :  ITTAPI function not implemented: __itt_track_create
3504138 : 0x26d1bfd38c5e6a : 2 : ittapi_config_apply_per_lib :  ITTAPI function not implemented: __itt_set_track
3504138 : 0x26d1bfd38c66a6 : 2 : ittapi_config_apply_per_lib :  ITTAPI function instrumented: __itt_api_version
3504138 : 0x26d1bfd38c6ee9 : 2 : ittapi_config_apply_per_lib :  ITTAPI function not implemented: __itt_av_save
3504138 : 0x26d1bfd38c7740 : 2 : ittapi_config_apply_per_lib :  ITTAPI function instrumented: __itt_module_load
3504138 : 0x26d1bfd38c7f62 : 2 : ittapi_config_apply_per_lib :  ITTAPI function not implemented: __itt_module_unload
3504138 : 0x26d1bfd38c837f : 2 : ittapi_config_apply_per_lib :  ITTAPI function NOT instrumented (not matched by --itt-config option): __itt_histogram_submit

3504138 : 0x26d1bfd38c9992 : 2 : ittapi_config_apply_per_lib :  ITTAPI function instrumented: __itt_counter_set_value_v3
3504138 : 0x26d1bff19c1950 : 2 : ittapi_config_mask_get :  --itt-config mask to be applied: 55
3504138 : 0x26d1bff19c4178 : 2 : ittapi_config_apply_per_lib :  ITTAPI function instrumented: __itt_domain_create
3504138 : 0x26d1bff19c4cb3 : 2 : ittapi_config_apply_per_lib :  ITTAPI function instrumented: __itt_module_load_with_sections
3504138 : 0x26d1bff19c59d2 : 2 : ittapi_config_apply_per_lib :  ITTAPI function not implemented: __itt_module_unload_with_sections
3504138 : 0x26d1bff19c638d : 2 : ittapi_config_apply_per_lib :  ITTAPI function instrumented: __itt_string_handle_create
3504138 : 0x26d1bff19c6d09 : 2 : ittapi_config_apply_per_lib :  ITTAPI function instrumented: __itt_counter_create
3504138 : 0x26d1bff19c74ad : 2 : ittapi_config_apply_per_lib :  ITTAPI function instrumented: __itt_counter_create_typed
3504138 : 0x26d1bff19c7c41 : 2 : ittapi_config_apply_per_lib :  ITTAPI function instrumented: __itt_pause
3504138 : 0x26d1bff19c8519 : 2 : ittapi_config_apply_per_lib :  ITTAPI function instrumented: __itt_resume
3504138 : 0x26d1bff19d1bda : 2 : ittapi_config_apply_per_lib :  ITTAPI function instrumented: __itt_thread_set_name
3504138 : 0x26d1bff19d2534 : 2 : ittapi_config_apply_per_lib :  ITTAPI function instrumented: __itt_thread_ignore
3504138 : 0x26d1bff19d2cda : 2 : ittapi_config_apply_per_lib :  ITTAPI function instrumented: __itt_thr_name_set
3504138 : 0x26d1bff19d34c5 : 2 : ittapi_config_apply_per_lib :  ITTAPI function instrumented: __itt_thr_ignore
3504138 : 0x26d1bff19d3dde : 2 : ittapi_config_apply_per_lib :  ITTAPI function not implemented: __itt_enable_attach
3504138 : 0x26d1bff19d4637 : 2 : ittapi_config_apply_per_lib :  ITTAPI function instrumented: __itt_detach
3504138 : 0x26d1bff19d4a60 : 2 : ittapi_config_apply_per_lib :  ITTAPI function NOT instrumented (not matched by --itt-config option): __itt_sync_create

3504138 : 0x26d1bff19d4edc : 2 : ittapi_config_apply_per_lib :  ITTAPI function NOT instrumented (not matched by --itt-config option): __itt_sync_rename

3504138 : 0x26d1bff19d77c3 : 2 : ittapi_config_apply_per_lib :  ITTAPI function NOT instrumented (not matched by --itt-config option): __itt_sync_destroy

3504138 : 0x26d1bff19d7c27 : 2 : ittapi_config_apply_per_lib :  ITTAPI function NOT instrumented (not matched by --itt-config option): __itt_sync_prepare

3504138 : 0x26d1bff19d8f4e : 2 : ittapi_config_apply_per_lib :  ITTAPI function NOT instrumented (not matched by --itt-config option): __itt_sync_cancel

3504138 : 0x26d1bff19d93b5 : 2 : ittapi_config_apply_per_lib :  ITTAPI function NOT instrumented (not matched by --itt-config option): __itt_sync_acquired

3504138 : 0x26d1bff19d97a1 : 2 : ittapi_config_apply_per_lib :  ITTAPI function NOT instrumented (not matched by --itt-config option): __itt_sync_releasing

3504138 : 0x26d1bff19da0f2 : 2 : ittapi_config_apply_per_lib :  ITTAPI function not implemented: __itt_suppress_push
3504138 : 0x26d1bff19dab88 : 2 : ittapi_config_apply_per_lib :  ITTAPI function not implemented: __itt_suppress_pop
3504138 : 0x26d1bff19db3d5 : 2 : ittapi_config_apply_per_lib :  ITTAPI function not implemented: __itt_suppress_mark_range
3504138 : 0x26d1bff19dbc9d : 2 : ittapi_config_apply_per_lib :  ITTAPI function not implemented: __itt_suppress_clear_range
3504138 : 0x26d1bff19dc05f : 2 : ittapi_config_apply_per_lib :  ITTAPI function NOT instrumented (not matched by --itt-config option): __itt_sync_prepare

3504138 : 0x26d1bff19dc3e2 : 2 : ittapi_config_apply_per_lib :  ITTAPI function NOT instrumented (not matched by --itt-config option): __itt_sync_cancel

3504138 : 0x26d1bff19dc791 : 2 : ittapi_config_apply_per_lib :  ITTAPI function NOT instrumented (not matched by --itt-config option): __itt_sync_acquired

3504138 : 0x26d1bff19dd875 : 2 : ittapi_config_apply_per_lib :  ITTAPI function NOT instrumented (not matched by --itt-config option): __itt_sync_releasing

3504138 : 0x26d1bff19ddd02 : 2 : ittapi_config_apply_per_lib :  ITTAPI function NOT instrumented (not matched by --itt-config option): __itt_model_site_begin

3504138 : 0x26d1bff19de14c : 2 : ittapi_config_apply_per_lib :  ITTAPI function NOT instrumented (not matched by --itt-config option): __itt_model_site_end

3504138 : 0x26d1bff19de4e3 : 2 : ittapi_config_apply_per_lib :  ITTAPI function NOT instrumented (not matched by --itt-config option): __itt_model_task_begin

3504138 : 0x26d1bff19de949 : 2 : ittapi_config_apply_per_lib :  ITTAPI function NOT instrumented (not matched by --itt-config option): __itt_model_task_end

3504138 : 0x26d1bff19ded57 : 2 : ittapi_config_apply_per_lib :  ITTAPI function NOT instrumented (not matched by --itt-config option): __itt_model_lock_acquire

3504138 : 0x26d1bff19df0f3 : 2 : ittapi_config_apply_per_lib :  ITTAPI function NOT instrumented (not matched by --itt-config option): __itt_model_lock_release

3504138 : 0x26d1bff19df4be : 2 : ittapi_config_apply_per_lib :  ITTAPI function NOT instrumented (not matched by --itt-config option): __itt_model_record_allocation

3504138 : 0x26d1bff19df8b7 : 2 : ittapi_config_apply_per_lib :  ITTAPI function NOT instrumented (not matched by --itt-config option): __itt_model_record_deallocation

3504138 : 0x26d1bff19dfca7 : 2 : ittapi_config_apply_per_lib :  ITTAPI function NOT instrumented (not matched by --itt-config option): __itt_model_induction_uses

3504138 : 0x26d1bff19e17a3 : 2 : ittapi_config_apply_per_lib :  ITTAPI function NOT instrumented (not matched by --itt-config option): __itt_model_reduction_uses

3504138 : 0x26d1bff19e1bbd : 2 : ittapi_config_apply_per_lib :  ITTAPI function NOT instrumented (not matched by --itt-config option): __itt_model_observe_uses

3504138 : 0x26d1bff19e1f99 : 2 : ittapi_config_apply_per_lib :  ITTAPI function NOT instrumented (not matched by --itt-config option): __itt_model_clear_uses

3504138 : 0x26d1bff19e2359 : 2 : ittapi_config_apply_per_lib :  ITTAPI function NOT instrumented (not matched by --itt-config option): __itt_model_site_beginA

3504138 : 0x26d1bff19e26ba : 2 : ittapi_config_apply_per_lib :  ITTAPI function NOT instrumented (not matched by --itt-config option): __itt_model_site_beginAL

3504138 : 0x26d1bff19e2a86 : 2 : ittapi_config_apply_per_lib :  ITTAPI function NOT instrumented (not matched by --itt-config option): __itt_model_task_beginA

3504138 : 0x26d1bff19e2e90 : 2 : ittapi_config_apply_per_lib :  ITTAPI function NOT instrumented (not matched by --itt-config option): __itt_model_task_beginAL

3504138 : 0x26d1bff19e3286 : 2 : ittapi_config_apply_per_lib :  ITTAPI function NOT instrumented (not matched by --itt-config option): __itt_model_iteration_taskA

3504138 : 0x26d1bff19e35fa : 2 : ittapi_config_apply_per_lib :  ITTAPI function NOT instrumented (not matched by --itt-config option): __itt_model_iteration_taskAL

3504138 : 0x26d1bff19e39bc : 2 : ittapi_config_apply_per_lib :  ITTAPI function NOT instrumented (not matched by --itt-config option): __itt_model_site_end_2

3504138 : 0x26d1bff19e4995 : 2 : ittapi_config_apply_per_lib :  ITTAPI function NOT instrumented (not matched by --itt-config option): __itt_model_task_end_2

3504138 : 0x26d1bff1ab1545 : 2 : ittapi_config_apply_per_lib :  ITTAPI function NOT instrumented (not matched by --itt-config option): __itt_model_lock_acquire_2

3504138 : 0x26d1bff1ab5da0 : 2 : ittapi_config_apply_per_lib :  ITTAPI function NOT instrumented (not matched by --itt-config option): __itt_model_lock_release_2

3504138 : 0x26d1bff1ab72a9 : 2 : ittapi_config_apply_per_lib :  ITTAPI function NOT instrumented (not matched by --itt-config option): __itt_model_aggregate_task

3504138 : 0x26d1bff1ab8584 : 2 : ittapi_config_apply_per_lib :  ITTAPI function NOT instrumented (not matched by --itt-config option): __itt_model_disable_push

3504138 : 0x26d1bff1ab9686 : 2 : ittapi_config_apply_per_lib :  ITTAPI function NOT instrumented (not matched by --itt-config option): __itt_model_disable_pop

3504138 : 0x26d1bff1abe5e2 : 2 : ittapi_config_apply_per_lib :  ITTAPI function instrumented: __itt_heap_function_create
3504138 : 0x26d1bff1ac0f19 : 2 : ittapi_config_apply_per_lib :  ITTAPI function instrumented: __itt_heap_allocate_begin
3504138 : 0x26d1bff1ac319c : 2 : ittapi_config_apply_per_lib :  ITTAPI function instrumented: __itt_heap_allocate_end
3504138 : 0x26d1bff1ac53e4 : 2 : ittapi_config_apply_per_lib :  ITTAPI function instrumented: __itt_heap_free_begin
3504138 : 0x26d1bff1ad49b0 : 2 : ittapi_config_apply_per_lib :  ITTAPI function instrumented: __itt_heap_free_end
3504138 : 0x26d1bff1ad6f52 : 2 : ittapi_config_apply_per_lib :  ITTAPI function instrumented: __itt_heap_reallocate_begin
3504138 : 0x26d1bff1ad92e7 : 2 : ittapi_config_apply_per_lib :  ITTAPI function instrumented: __itt_heap_reallocate_end
3504138 : 0x26d1bff1adc30c : 2 : ittapi_config_apply_per_lib :  ITTAPI function not implemented: __itt_heap_internal_access_begin
3504138 : 0x26d1bff1adebb5 : 2 : ittapi_config_apply_per_lib :  ITTAPI function not implemented: __itt_heap_internal_access_end
3504138 : 0x26d1bff1ae1093 : 2 : ittapi_config_apply_per_lib :  ITTAPI function not implemented: __itt_heap_record_memory_growth_begin
3504138 : 0x26d1bff1ae348f : 2 : ittapi_config_apply_per_lib :  ITTAPI function not implemented: __itt_heap_record_memory_growth_end
3504138 : 0x26d1bff1ae5921 : 2 : ittapi_config_apply_per_lib :  ITTAPI function not implemented: __itt_heap_reset_detection
3504138 : 0x26d1bff1ae7e8f : 2 : ittapi_config_apply_per_lib :  ITTAPI function not implemented: __itt_heap_record
3504138 : 0x26d1bff1aea2df : 2 : ittapi_config_apply_per_lib :  ITTAPI function not implemented: __itt_id_create
3504138 : 0x26d1bff1af39e0 : 2 : ittapi_config_apply_per_lib :  ITTAPI function not implemented: __itt_id_destroy
3504138 : 0x26d1bff1af607b : 2 : ittapi_config_apply_per_lib :  ITTAPI function instrumented: __itt_get_timestamp
3504138 : 0x26d1bff1af83fe : 2 : ittapi_config_apply_per_lib :  ITTAPI function not implemented: __itt_region_begin
3504138 : 0x26d1bff1afefbc : 2 : ittapi_config_apply_per_lib :  ITTAPI function not implemented: __itt_region_end
3504138 : 0x26d1bff1b01358 : 2 : ittapi_config_apply_per_lib :  ITTAPI function instrumented: __itt_frame_begin_v3
3504138 : 0x26d1bff1b0394b : 2 : ittapi_config_apply_per_lib :  ITTAPI function instrumented: __itt_frame_end_v3
3504138 : 0x26d1bff1b059da : 2 : ittapi_config_apply_per_lib :  ITTAPI function instrumented: __itt_frame_submit_v3
3504138 : 0x26d1bff1b0808d : 2 : ittapi_config_apply_per_lib :  ITTAPI function not implemented: __itt_task_group
3504138 : 0x26d1bff1b0a3b0 : 2 : ittapi_config_apply_per_lib :  ITTAPI function instrumented: __itt_task_begin
3504138 : 0x26d1bff1b0c743 : 2 : ittapi_config_apply_per_lib :  ITTAPI function instrumented: __itt_task_begin_fn
3504138 : 0x26d1bff1b1369f : 2 : ittapi_config_apply_per_lib :  ITTAPI function instrumented: __itt_task_end
3504138 : 0x26d1bff1b15b73 : 2 : ittapi_config_apply_per_lib :  ITTAPI function not implemented: __itt_counter_inc_v3
3504138 : 0x26d1bff1b18190 : 2 : ittapi_config_apply_per_lib :  ITTAPI function not implemented: __itt_counter_inc_delta_v3
3504138 : 0x26d1bff1b1a559 : 2 : ittapi_config_apply_per_lib :  ITTAPI function not implemented: __itt_counter_dec_v3
3504138 : 0x26d1bff1b1c987 : 2 : ittapi_config_apply_per_lib :  ITTAPI function not implemented: __itt_counter_dec_delta_v3
3504138 : 0x26d1bff1b21ce3 : 2 : ittapi_config_apply_per_lib :  ITTAPI function not implemented: __itt_marker
3504138 : 0x26d1bff1b2263b : 2 : ittapi_config_apply_per_lib :  ITTAPI function instrumented: __itt_metadata_add
3504138 : 0x26d1bff1b22e8d : 2 : ittapi_config_apply_per_lib :  ITTAPI function not implemented: __itt_metadata_str_add
3504138 : 0x26d1bff1b236de : 2 : ittapi_config_apply_per_lib :  ITTAPI function not implemented: __itt_relation_add_to_current
3504138 : 0x26d1bff1b23edb : 2 : ittapi_config_apply_per_lib :  ITTAPI function not implemented: __itt_relation_add
3504138 : 0x26d1bff1b25401 : 2 : ittapi_config_apply_per_lib :  ITTAPI function instrumented: __itt_event_create
3504138 : 0x26d1bff1b25c4b : 2 : ittapi_config_apply_per_lib :  ITTAPI function instrumented: __itt_event_start
3504138 : 0x26d1bff1b2635c : 2 : ittapi_config_apply_per_lib :  ITTAPI function instrumented: __itt_event_end
3504138 : 0x26d1bff1b2672e : 2 : ittapi_config_apply_per_lib :  ITTAPI function NOT instrumented (not matched by --itt-config option): __itt_sync_set_name

3504138 : 0x26d1bff1b26b8a : 2 : ittapi_config_apply_per_lib :  ITTAPI function NOT instrumented (not matched by --itt-config option): __itt_notify_sync_name

3504138 : 0x26d1bff1b27055 : 2 : ittapi_config_apply_per_lib :  ITTAPI function NOT instrumented (not matched by --itt-config option): __itt_notify_sync_prepare

3504138 : 0x26d1bff1b27421 : 2 : ittapi_config_apply_per_lib :  ITTAPI function NOT instrumented (not matched by --itt-config option): __itt_notify_sync_cancel

3504138 : 0x26d1bff1b27815 : 2 : ittapi_config_apply_per_lib :  ITTAPI function NOT instrumented (not matched by --itt-config option): __itt_notify_sync_acquired

3504138 : 0x26d1bff1b27bfd : 2 : ittapi_config_apply_per_lib :  ITTAPI function NOT instrumented (not matched by --itt-config option): __itt_notify_sync_releasing

3504138 : 0x26d1bff1b28419 : 2 : ittapi_config_apply_per_lib :  ITTAPI function not implemented: __itt_memory_read
3504138 : 0x26d1bff1b2a205 : 2 : ittapi_config_apply_per_lib :  ITTAPI function not implemented: __itt_memory_write
3504138 : 0x26d1bff1b2aaa0 : 2 : ittapi_config_apply_per_lib :  ITTAPI function not implemented: __itt_memory_update
3504138 : 0x26d1bff1b2b28e : 2 : ittapi_config_apply_per_lib :  ITTAPI function not implemented: __itt_state_get
3504138 : 0x26d1bff1b2bae6 : 2 : ittapi_config_apply_per_lib :  ITTAPI function not implemented: __itt_state_set
3504138 : 0x26d1bff1b2c353 : 2 : ittapi_config_apply_per_lib :  ITTAPI function not implemented: __itt_obj_mode_set
3504138 : 0x26d1bff1b2cb71 : 2 : ittapi_config_apply_per_lib :  ITTAPI function not implemented: __itt_thr_mode_set
3504138 : 0x26d1bff1b2d2ff : 2 : ittapi_config_apply_per_lib :  ITTAPI function instrumented: __itt_frame_create
3504138 : 0x26d1bff1b2db47 : 2 : ittapi_config_apply_per_lib :  ITTAPI function instrumented: __itt_pt_region_create
3504138 : 0x26d1bff1b2e357 : 2 : ittapi_config_apply_per_lib :  ITTAPI function instrumented: __itt_frame_begin
3504138 : 0x26d1bff1b2eb5d : 2 : ittapi_config_apply_per_lib :  ITTAPI function instrumented: __itt_frame_end
3504138 : 0x26d1bff1b30179 : 2 : ittapi_config_apply_per_lib :  ITTAPI function not implemented: __itt_counter_destroy
3504138 : 0x26d1bff1b30939 : 2 : ittapi_config_apply_per_lib :  ITTAPI function instrumented: __itt_counter_inc
3504138 : 0x26d1bff1b310c5 : 2 : ittapi_config_apply_per_lib :  ITTAPI function instrumented: __itt_counter_inc_delta
3504138 : 0x26d1bff1b3187d : 2 : ittapi_config_apply_per_lib :  ITTAPI function instrumented: __itt_counter_dec
3504138 : 0x26d1bff1b3201a : 2 : ittapi_config_apply_per_lib :  ITTAPI function instrumented: __itt_counter_dec_delta
3504138 : 0x26d1bff1b328f1 : 2 : ittapi_config_apply_per_lib :  ITTAPI function instrumented: __itt_counter_set_value
3504138 : 0x26d1bff1b33107 : 2 : ittapi_config_apply_per_lib :  ITTAPI function not implemented: __itt_counter_set_value_ex
3504138 : 0x26d1bff1b33894 : 2 : ittapi_config_apply_per_lib :  ITTAPI function not implemented: __itt_mark_create
3504138 : 0x26d1bff1b3413c : 2 : ittapi_config_apply_per_lib :  ITTAPI function not implemented: __itt_mark
3504138 : 0x26d1bff1b34902 : 2 : ittapi_config_apply_per_lib :  ITTAPI function not implemented: __itt_mark_off
3504138 : 0x26d1bff1b35db6 : 2 : ittapi_config_apply_per_lib :  ITTAPI function not implemented: __itt_mark_global
3504138 : 0x26d1bff1b36602 : 2 : ittapi_config_apply_per_lib :  ITTAPI function not implemented: __itt_mark_global_off
3504138 : 0x26d1bff1b36dff : 2 : ittapi_config_apply_per_lib :  ITTAPI function instrumented: __itt_stack_caller_create
3504138 : 0x26d1bff1b375e4 : 2 : ittapi_config_apply_per_lib :  ITTAPI function instrumented: __itt_stack_caller_destroy
3504138 : 0x26d1bff1b37d62 : 2 : ittapi_config_apply_per_lib :  ITTAPI function instrumented: __itt_stack_callee_enter
3504138 : 0x26d1bff1b38504 : 2 : ittapi_config_apply_per_lib :  ITTAPI function instrumented: __itt_stack_callee_leave
3504138 : 0x26d1bff1b38d06 : 2 : ittapi_config_apply_per_lib :  ITTAPI function not implemented: __itt_clock_domain_create
3504138 : 0x26d1bff1b3952d : 2 : ittapi_config_apply_per_lib :  ITTAPI function not implemented: __itt_clock_domain_reset
3504138 : 0x26d1bff1b39ce3 : 2 : ittapi_config_apply_per_lib :  ITTAPI function not implemented: __itt_id_create_ex
3504138 : 0x26d1bff1b3a4c6 : 2 : ittapi_config_apply_per_lib :  ITTAPI function not implemented: __itt_id_destroy_ex
3504138 : 0x26d1bff1b3b8e6 : 2 : ittapi_config_apply_per_lib :  ITTAPI function not implemented: __itt_task_begin_ex
3504138 : 0x26d1bff1b3c09f : 2 : ittapi_config_apply_per_lib :  ITTAPI function not implemented: __itt_task_begin_fn_ex
3504138 : 0x26d1bff1b3c903 : 2 : ittapi_config_apply_per_lib :  ITTAPI function not implemented: __itt_task_end_ex
3504138 : 0x26d1bff1b3d0d3 : 2 : ittapi_config_apply_per_lib :  ITTAPI function instrumented: __itt_task_begin_overlapped
3504138 : 0x26d1bff1b3d9b6 : 2 : ittapi_config_apply_per_lib :  ITTAPI function not implemented: __itt_task_begin_overlapped_ex
3504138 : 0x26d1bff1b3e12c : 2 : ittapi_config_apply_per_lib :  ITTAPI function instrumented: __itt_task_end_overlapped
3504138 : 0x26d1bff1b3e91c : 2 : ittapi_config_apply_per_lib :  ITTAPI function not implemented: __itt_task_end_overlapped_ex
3504138 : 0x26d1bff1b3f14c : 2 : ittapi_config_apply_per_lib :  ITTAPI function not implemented: __itt_marker_ex
3504138 : 0x26d1bff1b3f9fb : 2 : ittapi_config_apply_per_lib :  ITTAPI function not implemented: __itt_metadata_add_with_scope
3504138 : 0x26d1bff1b40212 : 2 : ittapi_config_apply_per_lib :  ITTAPI function not implemented: __itt_metadata_str_add_with_scope
3504138 : 0x26d1bff1b41fb7 : 2 : ittapi_config_apply_per_lib :  ITTAPI function not implemented: __itt_relation_add_to_current_ex
3504138 : 0x26d1bff1b4286b : 2 : ittapi_config_apply_per_lib :  ITTAPI function not implemented: __itt_relation_add_ex
3504138 : 0x26d1bff1b430d2 : 2 : ittapi_config_apply_per_lib :  ITTAPI function not implemented: __itt_track_group_create
3504138 : 0x26d1bff1b43895 : 2 : ittapi_config_apply_per_lib :  ITTAPI function not implemented: __itt_track_create
3504138 : 0x26d1bff1b4400e : 2 : ittapi_config_apply_per_lib :  ITTAPI function not implemented: __itt_set_track
3504138 : 0x26d1bff1b447e4 : 2 : ittapi_config_apply_per_lib :  ITTAPI function instrumented: __itt_api_version
3504138 : 0x26d1bff1b44f9a : 2 : ittapi_config_apply_per_lib :  ITTAPI function not implemented: __itt_av_save
3504138 : 0x26d1bff1b4577d : 2 : ittapi_config_apply_per_lib :  ITTAPI function instrumented: __itt_module_load
3504138 : 0x26d1bff1b45f55 : 2 : ittapi_config_apply_per_lib :  ITTAPI function not implemented: __itt_module_unload