2 [688835136] INFO perfrun.launcher <> - Launcher main begin
13 [688835136] INFO perfrun.launcher <> - MessageCatalogInit finished
13 [688835136] INFO perfrun.launcher <> - Launcher instance created
13 [688835136] INFO perfrun.launcher <> - argc = 6; cmdline = /lustre/home/br-gkim/intel/oneapi/vtune/2024.1/bin32/amplxe-runss -dump-vdso -r /var/tmp/pbs.86109.gw4head/amplxe-tmp-br-gkim/amplxe-res-3486929-160001338165190920 --tmp-dir /var/tmp/pbs.86109.gw4head/amplxe-tmp-br-gkim 
59 [688835136] INFO perfrun.launcher <> - create msngr2::ICliToolContext
59 [688835136] INFO perfrun.launcher <> - create file finder object
67 [688220992] INFO perfrun.launcher <> - plugin [remoteplug] was disabled because it doesn't support the given collection type.
67 [688220992] INFO perfrun.launcher <> - plugin [] was disabled because it doesn't support the given collection type.
67 [688220992] INFO perfrun.vdso <> - dumping [vdso] pseudomodule
67 [688220992] INFO perfrun.launcher <> - plugin [] was disabled because it doesn't support the given collection type.
67 [688220992] INFO perfrun.launcher <> - plugin [] was disabled because it doesn't support the given collection type.
67 [688220992] INFO perfrun.launcher <> - plugin [] was disabled because it doesn't support the given collection type.
67 [688220992] INFO perfrun.launcher <> - plugin [] was disabled because it doesn't support the given collection type.
67 [688220992] INFO perfrun.launcher <> - plugin [] was disabled because it doesn't support the given collection type.
67 [688220992] INFO perfrun.launcher <> - plugin [] was disabled because it doesn't support the given collection type.
67 [688220992] INFO perfrun.launcher <> - plugin [] was disabled because it doesn't support the given collection type.
67 [688220992] INFO perfrun.launcher <> - plugin [] was disabled because it doesn't support the given collection type.
67 [688220992] INFO perfrun.launcher <> - plugin [] was disabled because it doesn't support the given collection type.
67 [688220992] INFO perfrun.launcher <> - plugin [] was disabled because it doesn't support the given collection type.
67 [688220992] INFO perfrun.launcher <> - plugin [] was disabled because it doesn't support the given collection type.
67 [688220992] INFO perfrun.launcher <> - plugin [] was disabled because it doesn't support the given collection type.
67 [688220992] INFO perfrun.launcher <> - plugin [] was disabled because it doesn't support the given collection type.
67 [688220992] INFO perfrun.launcher <> - plugin [] was disabled because it doesn't support the given collection type.
67 [688220992] INFO perfrun.launcher <> - plugin [] was disabled because it doesn't support the given collection type.
67 [688220992] INFO perfrun.launcher <> - plugin [] was disabled because it doesn't support the given collection type.
67 [688220992] INFO perfrun.launcher <> - plugin [] was disabled because it doesn't support the given collection type.
67 [688220992] INFO perfrun.launcher <> - plugin [] was disabled because it doesn't support the given collection type.
67 [688220992] INFO perfrun.launcher <> - plugin [] was disabled because it doesn't support the given collection type.
67 [688220992] INFO perfrun.launcher <> - plugin [] was disabled because it doesn't support the given collection type.
67 [688220992] INFO perfrun.launcher <> - plugin [] was disabled because it doesn't support the given collection type.
67 [688220992] INFO perfrun.launcher <> - plugin [] was disabled because it doesn't support the given collection type.
67 [688220992] INFO perfrun.launcher <> - plugin [] was disabled because it doesn't support the given collection type.
67 [688220992] INFO perfrun.launcher <> - plugin [] was disabled because it doesn't support the given collection type.
67 [688835136] INFO perfrun.launcher <> - Application exit code: 0
67 [688835136] INFO perfrun.launcher <> - Exit code: 0
