
1709770 : 0x26f68a9cc9309b : 1 : spill_jit_data :  Jit agent is not initialized
1709752 : 0x26f68a9cc970fa : 2 : ittapi_config_mask_get :  --itt-config mask to be applied: 55
1709752 : 0x26f68a9cc99454 : 2 : ittapi_config_apply_per_lib :  ITTAPI function instrumented: __itt_domain_create
1709752 : 0x26f68a9cc9a397 : 2 : ittapi_config_apply_per_lib :  ITTAPI function instrumented: __itt_module_load_with_sections
1709752 : 0x26f68a9cc9b53b : 2 : ittapi_config_apply_per_lib :  ITTAPI function not implemented: __itt_module_unload_with_sections
1709752 : 0x26f68a9cc9c259 : 2 : ittapi_config_apply_per_lib :  ITTAPI function instrumented: __itt_string_handle_create
1709752 : 0x26f68a9cc9ccf6 : 2 : ittapi_config_apply_per_lib :  ITTAPI function instrumented: __itt_counter_create
1709752 : 0x26f68a9cc9fe1b : 2 : ittapi_config_apply_per_lib :  ITTAPI function instrumented: __itt_counter_create_typed
1709752 : 0x26f68a9cca0837 : 2 : ittapi_config_apply_per_lib :  ITTAPI function instrumented: __itt_pause
1709752 : 0x26f68a9cca1337 : 2 : ittapi_config_apply_per_lib :  ITTAPI function instrumented: __itt_resume
1709752 : 0x26f68a9cca84c1 : 2 : ittapi_config_apply_per_lib :  ITTAPI function instrumented: __itt_thread_set_name
1709752 : 0x26f68a9cca8f64 : 2 : ittapi_config_apply_per_lib :  ITTAPI function instrumented: __itt_thread_ignore
1709752 : 0x26f68a9cca98aa : 2 : ittapi_config_apply_per_lib :  ITTAPI function instrumented: __itt_thr_name_set
1709752 : 0x26f68a9ccaa1d1 : 2 : ittapi_config_apply_per_lib :  ITTAPI function instrumented: __itt_thr_ignore
1709752 : 0x26f68a9ccad070 : 2 : ittapi_config_apply_per_lib :  ITTAPI function instrumented: __itt_histogram_create
1709752 : 0x26f68a9ccadd65 : 2 : ittapi_config_apply_per_lib :  ITTAPI function not implemented: __itt_enable_attach
1709752 : 0x26f68a9ccae8a5 : 2 : ittapi_config_apply_per_lib :  ITTAPI function instrumented: __itt_detach
1709752 : 0x26f68a9ccaee35 : 2 : ittapi_config_apply_per_lib :  ITTAPI function NOT instrumented (not matched by --itt-config option): __itt_sync_create

1709752 : 0x26f68a9ccaf40a : 2 : ittapi_config_apply_per_lib :  ITTAPI function NOT instrumented (not matched by --itt-config option): __itt_sync_rename

1709752 : 0x26f68a9ccafa3e : 2 : ittapi_config_apply_per_lib :  ITTAPI function NOT instrumented (not matched by --itt-config option): __itt_sync_destroy

1709752 : 0x26f68a9ccb17e1 : 2 : ittapi_config_apply_per_lib :  ITTAPI function NOT instrumented (not matched by --itt-config option): __itt_sync_prepare

1709752 : 0x26f68a9ccb1e72 : 2 : ittapi_config_apply_per_lib :  ITTAPI function NOT instrumented (not matched by --itt-config option): __itt_sync_cancel

1709752 : 0x26f68a9ccb23d8 : 2 : ittapi_config_apply_per_lib :  ITTAPI function NOT instrumented (not matched by --itt-config option): __itt_sync_acquired

1709752 : 0x26f68a9ccb28e5 : 2 : ittapi_config_apply_per_lib :  ITTAPI function NOT instrumented (not matched by --itt-config option): __itt_sync_releasing

1709752 : 0x26f68a9ccb3641 : 2 : ittapi_config_apply_per_lib :  ITTAPI function not implemented: __itt_suppress_push
1709752 : 0x26f68a9ccb430a : 2 : ittapi_config_apply_per_lib :  ITTAPI function not implemented: __itt_suppress_pop
1709752 : 0x26f68a9ccb4f0d : 2 : ittapi_config_apply_per_lib :  ITTAPI function not implemented: __itt_suppress_mark_range
1709752 : 0x26f68a9ccb5afd : 2 : ittapi_config_apply_per_lib :  ITTAPI function not implemented: __itt_suppress_clear_range
1709752 : 0x26f68a9ccb6065 : 2 : ittapi_config_apply_per_lib :  ITTAPI function NOT instrumented (not matched by --itt-config option): __itt_sync_prepare

1709752 : 0x26f68a9ccb6625 : 2 : ittapi_config_apply_per_lib :  ITTAPI function NOT instrumented (not matched by --itt-config option): __itt_sync_cancel

1709752 : 0x26f68a9ccb7da7 : 2 : ittapi_config_apply_per_lib :  ITTAPI function NOT instrumented (not matched by --itt-config option): __itt_sync_acquired

1709752 : 0x26f68a9ccb8402 : 2 : ittapi_config_apply_per_lib :  ITTAPI function NOT instrumented (not matched by --itt-config option): __itt_sync_releasing

1709752 : 0x26f68a9ccb89ac : 2 : ittapi_config_apply_per_lib :  ITTAPI function NOT instrumented (not matched by --itt-config option): __itt_model_site_begin

1709752 : 0x26f68a9ccb8fdd : 2 : ittapi_config_apply_per_lib :  ITTAPI function NOT instrumented (not matched by --itt-config option): __itt_model_site_end

1709752 : 0x26f68a9ccb959a : 2 : ittapi_config_apply_per_lib :  ITTAPI function NOT instrumented (not matched by --itt-config option): __itt_model_task_begin

1709752 : 0x26f68a9ccb9d33 : 2 : ittapi_config_apply_per_lib :  ITTAPI function NOT instrumented (not matched by --itt-config option): __itt_model_task_end

1709752 : 0x26f68a9ccba419 : 2 : ittapi_config_apply_per_lib :  ITTAPI function NOT instrumented (not matched by --itt-config option): __itt_model_lock_acquire

1709752 : 0x26f68a9ccbaa6d : 2 : ittapi_config_apply_per_lib :  ITTAPI function NOT instrumented (not matched by --itt-config option): __itt_model_lock_release

1709752 : 0x26f68a9ccbafc5 : 2 : ittapi_config_apply_per_lib :  ITTAPI function NOT instrumented (not matched by --itt-config option): __itt_model_record_allocation

1709752 : 0x26f68a9ccbb537 : 2 : ittapi_config_apply_per_lib :  ITTAPI function NOT instrumented (not matched by --itt-config option): __itt_model_record_deallocation

1709752 : 0x26f68a9ccbdeaf : 2 : ittapi_config_apply_per_lib :  ITTAPI function NOT instrumented (not matched by --itt-config option): __itt_model_induction_uses

1709752 : 0x26f68a9ccbe4e9 : 2 : ittapi_config_apply_per_lib :  ITTAPI function NOT instrumented (not matched by --itt-config option): __itt_model_reduction_uses

1709752 : 0x26f68a9ccbe9c6 : 2 : ittapi_config_apply_per_lib :  ITTAPI function NOT instrumented (not matched by --itt-config option): __itt_model_observe_uses

1709752 : 0x26f68a9ccbee93 : 2 : ittapi_config_apply_per_lib :  ITTAPI function NOT instrumented (not matched by --itt-config option): __itt_model_clear_uses

1709752 : 0x26f68a9ccbf354 : 2 : ittapi_config_apply_per_lib :  ITTAPI function NOT instrumented (not matched by --itt-config option): __itt_model_site_beginA

1709752 : 0x26f68a9ccbf8a7 : 2 : ittapi_config_apply_per_lib :  ITTAPI function NOT instrumented (not matched by --itt-config option): __itt_model_site_beginAL

1709752 : 0x26f68a9ccbfd9d : 2 : ittapi_config_apply_per_lib :  ITTAPI function NOT instrumented (not matched by --itt-config option): __itt_model_task_beginA

1709752 : 0x26f68a9ccc02c5 : 2 : ittapi_config_apply_per_lib :  ITTAPI function NOT instrumented (not matched by --itt-config option): __itt_model_task_beginAL

1709752 : 0x26f68a9ccc07af : 2 : ittapi_config_apply_per_lib :  ITTAPI function NOT instrumented (not matched by --itt-config option): __itt_model_iteration_taskA

1709752 : 0x26f68a9ccc0cfc : 2 : ittapi_config_apply_per_lib :  ITTAPI function NOT instrumented (not matched by --itt-config option): __itt_model_iteration_taskAL

1709752 : 0x26f68a9ccc2351 : 2 : ittapi_config_apply_per_lib :  ITTAPI function NOT instrumented (not matched by --itt-config option): __itt_model_site_end_2

1709752 : 0x26f68a9ccc2986 : 2 : ittapi_config_apply_per_lib :  ITTAPI function NOT instrumented (not matched by --itt-config option): __itt_model_task_end_2

1709752 : 0x26f68a9ccc2e7a : 2 : ittapi_config_apply_per_lib :  ITTAPI function NOT instrumented (not matched by --itt-config option): __itt_model_lock_acquire_2

1709752 : 0x26f68a9ccc334d : 2 : ittapi_config_apply_per_lib :  ITTAPI function NOT instrumented (not matched by --itt-config option): __itt_model_lock_release_2

1709752 : 0x26f68a9ccc3824 : 2 : ittapi_config_apply_per_lib :  ITTAPI function NOT instrumented (not matched by --itt-config option): __itt_model_aggregate_task

1709752 : 0x26f68a9ccc3d78 : 2 : ittapi_config_apply_per_lib :  ITTAPI function NOT instrumented (not matched by --itt-config option): __itt_model_disable_push

1709752 : 0x26f68a9ccc4288 : 2 : ittapi_config_apply_per_lib :  ITTAPI function NOT instrumented (not matched by --itt-config option): __itt_model_disable_pop

1709752 : 0x26f68a9ccc4e35 : 2 : ittapi_config_apply_per_lib :  ITTAPI function instrumented: __itt_heap_function_create
1709752 : 0x26f68a9ccc59a1 : 2 : ittapi_config_apply_per_lib :  ITTAPI function instrumented: __itt_heap_allocate_begin
1709752 : 0x26f68a9ccc633f : 2 : ittapi_config_apply_per_lib :  ITTAPI function instrumented: __itt_heap_allocate_end
1709752 : 0x26f68a9ccc893a : 2 : ittapi_config_apply_per_lib :  ITTAPI function instrumented: __itt_heap_free_begin
1709752 : 0x26f68a9ccc9453 : 2 : ittapi_config_apply_per_lib :  ITTAPI function instrumented: __itt_heap_free_end
1709752 : 0x26f68a9ccc9dfa : 2 : ittapi_config_apply_per_lib :  ITTAPI function instrumented: __itt_heap_reallocate_begin
1709752 : 0x26f68a9ccca866 : 2 : ittapi_config_apply_per_lib :  ITTAPI function instrumented: __itt_heap_reallocate_end
1709752 : 0x26f68a9cccb46e : 2 : ittapi_config_apply_per_lib :  ITTAPI function not implemented: __itt_heap_internal_access_begin
1709752 : 0x26f68a9cccc0b3 : 2 : ittapi_config_apply_per_lib :  ITTAPI function not implemented: __itt_heap_internal_access_end
1709752 : 0x26f68a9ccccc55 : 2 : ittapi_config_apply_per_lib :  ITTAPI function not implemented: __itt_heap_record_memory_growth_begin
1709752 : 0x26f68a9cccd7c8 : 2 : ittapi_config_apply_per_lib :  ITTAPI function not implemented: __itt_heap_record_memory_growth_end
1709752 : 0x26f68a9ccce2ec : 2 : ittapi_config_apply_per_lib :  ITTAPI function not implemented: __itt_heap_reset_detection
1709752 : 0x26f68a9ccceed1 : 2 : ittapi_config_apply_per_lib :  ITTAPI function not implemented: __itt_heap_record
1709752 : 0x26f68a9ccd0d1a : 2 : ittapi_config_apply_per_lib :  ITTAPI function not implemented: __itt_id_create
1709752 : 0x26f68a9ccd188b : 2 : ittapi_config_apply_per_lib :  ITTAPI function not implemented: __itt_id_destroy
1709752 : 0x26f68a9ccd23cc : 2 : ittapi_config_apply_per_lib :  ITTAPI function instrumented: __itt_get_timestamp
1709752 : 0x26f68a9ccd2e96 : 2 : ittapi_config_apply_per_lib :  ITTAPI function not implemented: __itt_region_begin
1709752 : 0x26f68a9ccd39bd : 2 : ittapi_config_apply_per_lib :  ITTAPI function not implemented: __itt_region_end
1709752 : 0x26f68a9ccd4408 : 2 : ittapi_config_apply_per_lib :  ITTAPI function instrumented: __itt_frame_begin_v3
1709752 : 0x26f68a9ccd4f30 : 2 : ittapi_config_apply_per_lib :  ITTAPI function instrumented: __itt_frame_end_v3
1709752 : 0x26f68a9ccd594d : 2 : ittapi_config_apply_per_lib :  ITTAPI function instrumented: __itt_frame_submit_v3
1709752 : 0x26f68a9ccd6576 : 2 : ittapi_config_apply_per_lib :  ITTAPI function not implemented: __itt_task_group
1709752 : 0x26f68a9ccd7030 : 2 : ittapi_config_apply_per_lib :  ITTAPI function instrumented: __itt_task_begin
1709752 : 0x26f68a9ccd8d0e : 2 : ittapi_config_apply_per_lib :  ITTAPI function instrumented: __itt_task_begin_fn
1709752 : 0x26f68a9ccd984d : 2 : ittapi_config_apply_per_lib :  ITTAPI function instrumented: __itt_task_end
1709752 : 0x26f68a9ccda3c8 : 2 : ittapi_config_apply_per_lib :  ITTAPI function not implemented: __itt_counter_inc_v3
1709752 : 0x26f68a9ccdafc2 : 2 : ittapi_config_apply_per_lib :  ITTAPI function not implemented: __itt_counter_inc_delta_v3
1709752 : 0x26f68a9ccdbad0 : 2 : ittapi_config_apply_per_lib :  ITTAPI function not implemented: __itt_counter_dec_v3
1709752 : 0x26f68a9ccdc625 : 2 : ittapi_config_apply_per_lib :  ITTAPI function not implemented: __itt_counter_dec_delta_v3
1709752 : 0x26f68a9ccdd1de : 2 : ittapi_config_apply_per_lib :  ITTAPI function not implemented: __itt_marker
1709752 : 0x26f68a9ccddd2f : 2 : ittapi_config_apply_per_lib :  ITTAPI function instrumented: __itt_metadata_add
1709752 : 0x26f68a9ccde8c0 : 2 : ittapi_config_apply_per_lib :  ITTAPI function not implemented: __itt_metadata_str_add
1709752 : 0x26f68a9ccdf449 : 2 : ittapi_config_apply_per_lib :  ITTAPI function not implemented: __itt_relation_add_to_current
1709752 : 0x26f68a9cce125c : 2 : ittapi_config_apply_per_lib :  ITTAPI function not implemented: __itt_relation_add
1709752 : 0x26f68a9cce1cec : 2 : ittapi_config_apply_per_lib :  ITTAPI function instrumented: __itt_event_create
1709752 : 0x26f68a9cce27ca : 2 : ittapi_config_apply_per_lib :  ITTAPI function instrumented: __itt_event_start
1709752 : 0x26f68a9cce3214 : 2 : ittapi_config_apply_per_lib :  ITTAPI function instrumented: __itt_event_end
1709752 : 0x26f68a9cce3814 : 2 : ittapi_config_apply_per_lib :  ITTAPI function NOT instrumented (not matched by --itt-config option): __itt_sync_set_name

1709752 : 0x26f68a9cce3db5 : 2 : ittapi_config_apply_per_lib :  ITTAPI function NOT instrumented (not matched by --itt-config option): __itt_notify_sync_name

1709752 : 0x26f68a9cce432e : 2 : ittapi_config_apply_per_lib :  ITTAPI function NOT instrumented (not matched by --itt-config option): __itt_notify_sync_prepare

1709752 : 0x26f68a9cce4860 : 2 : ittapi_config_apply_per_lib :  ITTAPI function NOT instrumented (not matched by --itt-config option): __itt_notify_sync_cancel

1709752 : 0x26f68a9cce4e3e : 2 : ittapi_config_apply_per_lib :  ITTAPI function NOT instrumented (not matched by --itt-config option): __itt_notify_sync_acquired

1709752 : 0x26f68a9cce53b7 : 2 : ittapi_config_apply_per_lib :  ITTAPI function NOT instrumented (not matched by --itt-config option): __itt_notify_sync_releasing

1709752 : 0x26f68a9cce7ac6 : 2 : ittapi_config_apply_per_lib :  ITTAPI function not implemented: __itt_memory_read
1709752 : 0x26f68a9cce862c : 2 : ittapi_config_apply_per_lib :  ITTAPI function not implemented: __itt_memory_write
1709752 : 0x26f68a9cce9204 : 2 : ittapi_config_apply_per_lib :  ITTAPI function not implemented: __itt_memory_update
1709752 : 0x26f68a9cce9d52 : 2 : ittapi_config_apply_per_lib :  ITTAPI function not implemented: __itt_state_get
1709752 : 0x26f68a9ccea8fb : 2 : ittapi_config_apply_per_lib :  ITTAPI function not implemented: __itt_state_set
1709752 : 0x26f68a9cceb3f4 : 2 : ittapi_config_apply_per_lib :  ITTAPI function not implemented: __itt_obj_mode_set
1709752 : 0x26f68a9ccebfc3 : 2 : ittapi_config_apply_per_lib :  ITTAPI function not implemented: __itt_thr_mode_set
1709752 : 0x26f68a9cceca6e : 2 : ittapi_config_apply_per_lib :  ITTAPI function instrumented: __itt_frame_create
1709752 : 0x26f68a9cced533 : 2 : ittapi_config_apply_per_lib :  ITTAPI function instrumented: __itt_pt_region_create
1709752 : 0x26f68a9ccedf85 : 2 : ittapi_config_apply_per_lib :  ITTAPI function instrumented: __itt_frame_begin
1709752 : 0x26f68a9ccefcae : 2 : ittapi_config_apply_per_lib :  ITTAPI function instrumented: __itt_frame_end
1709752 : 0x26f68a9ccf093b : 2 : ittapi_config_apply_per_lib :  ITTAPI function not implemented: __itt_counter_destroy
1709752 : 0x26f68a9ccf134f : 2 : ittapi_config_apply_per_lib :  ITTAPI function instrumented: __itt_counter_inc
1709752 : 0x26f68a9ccf1dfe : 2 : ittapi_config_apply_per_lib :  ITTAPI function instrumented: __itt_counter_inc_delta
1709752 : 0x26f68a9ccf2812 : 2 : ittapi_config_apply_per_lib :  ITTAPI function instrumented: __itt_counter_dec
1709752 : 0x26f68a9ccf32ed : 2 : ittapi_config_apply_per_lib :  ITTAPI function instrumented: __itt_counter_dec_delta
1709752 : 0x26f68a9ccf3cd8 : 2 : ittapi_config_apply_per_lib :  ITTAPI function instrumented: __itt_counter_set_value
1709752 : 0x26f68a9ccf481a : 2 : ittapi_config_apply_per_lib :  ITTAPI function not implemented: __itt_counter_set_value_ex
1709752 : 0x26f68a9ccf52db : 2 : ittapi_config_apply_per_lib :  ITTAPI function not implemented: __itt_mark_create
1709752 : 0x26f68a9ccf5e87 : 2 : ittapi_config_apply_per_lib :  ITTAPI function not implemented: __itt_mark
1709752 : 0x26f68a9ccf7c63 : 2 : ittapi_config_apply_per_lib :  ITTAPI function not implemented: __itt_mark_off
1709752 : 0x26f68a9ccf879b : 2 : ittapi_config_apply_per_lib :  ITTAPI function not implemented: __itt_mark_global
1709752 : 0x26f68a9ccf932d : 2 : ittapi_config_apply_per_lib :  ITTAPI function not implemented: __itt_mark_global_off
1709752 : 0x26f68a9ccf9e68 : 2 : ittapi_config_apply_per_lib :  ITTAPI function instrumented: __itt_stack_caller_create
1709752 : 0x26f68a9ccfa9b6 : 2 : ittapi_config_apply_per_lib :  ITTAPI function instrumented: __itt_stack_caller_destroy
1709752 : 0x26f68a9ccfb3f3 : 2 : ittapi_config_apply_per_lib :  ITTAPI function instrumented: __itt_stack_callee_enter
1709752 : 0x26f68a9ccfbeb3 : 2 : ittapi_config_apply_per_lib :  ITTAPI function instrumented: __itt_stack_callee_leave
1709752 : 0x26f68a9ccfc9f3 : 2 : ittapi_config_apply_per_lib :  ITTAPI function not implemented: __itt_clock_domain_create
1709752 : 0x26f68a9ccfd57b : 2 : ittapi_config_apply_per_lib :  ITTAPI function not implemented: __itt_clock_domain_reset
1709752 : 0x26f68a9ccfe03f : 2 : ittapi_config_apply_per_lib :  ITTAPI function not implemented: __itt_id_create_ex
1709752 : 0x26f68a9cd0068f : 2 : ittapi_config_apply_per_lib :  ITTAPI function not implemented: __itt_id_destroy_ex
1709752 : 0x26f68a9cd0129c : 2 : ittapi_config_apply_per_lib :  ITTAPI function not implemented: __itt_task_begin_ex
1709752 : 0x26f68a9cd01d4a : 2 : ittapi_config_apply_per_lib :  ITTAPI function not implemented: __itt_task_begin_fn_ex
1709752 : 0x26f68a9cd02889 : 2 : ittapi_config_apply_per_lib :  ITTAPI function not implemented: __itt_task_end_ex
1709752 : 0x26f68a9cd032d3 : 2 : ittapi_config_apply_per_lib :  ITTAPI function instrumented: __itt_task_begin_overlapped
1709752 : 0x26f68a9cd03df4 : 2 : ittapi_config_apply_per_lib :  ITTAPI function not implemented: __itt_task_begin_overlapped_ex
1709752 : 0x26f68a9cd04865 : 2 : ittapi_config_apply_per_lib :  ITTAPI function instrumented: __itt_task_end_overlapped
1709752 : 0x26f68a9cd0537d : 2 : ittapi_config_apply_per_lib :  ITTAPI function not implemented: __itt_task_end_overlapped_ex
1709752 : 0x26f68a9cd05df7 : 2 : ittapi_config_apply_per_lib :  ITTAPI function not implemented: __itt_marker_ex
1709752 : 0x26f68a9cd069da : 2 : ittapi_config_apply_per_lib :  ITTAPI function not implemented: __itt_metadata_add_with_scope
1709752 : 0x26f68a9cd087fc : 2 : ittapi_config_apply_per_lib :  ITTAPI function not implemented: __itt_metadata_str_add_with_scope
1709752 : 0x26f68a9cd09345 : 2 : ittapi_config_apply_per_lib :  ITTAPI function not implemented: __itt_relation_add_to_current_ex
1709752 : 0x26f68a9cd09e73 : 2 : ittapi_config_apply_per_lib :  ITTAPI function not implemented: __itt_relation_add_ex
1709752 : 0x26f68a9cd0a9bc : 2 : ittapi_config_apply_per_lib :  ITTAPI function not implemented: __itt_track_group_create
1709752 : 0x26f68a9cd0b4d5 : 2 : ittapi_config_apply_per_lib :  ITTAPI function not implemented: __itt_track_create
1709752 : 0x26f68a9cd0bf28 : 2 : ittapi_config_apply_per_lib :  ITTAPI function not implemented: __itt_set_track
1709752 : 0x26f68a9cd0c9c7 : 2 : ittapi_config_apply_per_lib :  ITTAPI function instrumented: __itt_api_version
1709752 : 0x26f68a9cd0d49c : 2 : ittapi_config_apply_per_lib :  ITTAPI function not implemented: __itt_av_save
1709752 : 0x26f68a9cd0df6a : 2 : ittapi_config_apply_per_lib :  ITTAPI function instrumented: __itt_module_load
1709752 : 0x26f68a9cd0ea49 : 2 : ittapi_config_apply_per_lib :  ITTAPI function not implemented: __itt_module_unload
1709752 : 0x26f68a9cd1029a : 2 : ittapi_config_apply_per_lib :  ITTAPI function NOT instrumented (not matched by --itt-config option): __itt_histogram_submit

1709752 : 0x26f68a9cd6d5e1 : 2 : ittapi_config_mask_get :  --itt-config mask to be applied: 55
1709752 : 0x26f68a9cd6e48c : 2 : ittapi_config_apply_per_lib :  ITTAPI function instrumented: __itt_domain_create
1709752 : 0x26f68a9cd6f06b : 2 : ittapi_config_apply_per_lib :  ITTAPI function instrumented: __itt_module_load_with_sections
1709752 : 0x26f68a9cd6fd1f : 2 : ittapi_config_apply_per_lib :  ITTAPI function not implemented: __itt_module_unload_with_sections
1709752 : 0x26f68a9cd708d5 : 2 : ittapi_config_apply_per_lib :  ITTAPI function instrumented: __itt_string_handle_create
1709752 : 0x26f68a9cd712cd : 2 : ittapi_config_apply_per_lib :  ITTAPI function instrumented: __itt_counter_create
1709752 : 0x26f68a9cd71d82 : 2 : ittapi_config_apply_per_lib :  ITTAPI function instrumented: __itt_counter_create_typed
1709752 : 0x26f68a9cd72754 : 2 : ittapi_config_apply_per_lib :  ITTAPI function instrumented: __itt_pause
1709752 : 0x26f68a9cd731f8 : 2 : ittapi_config_apply_per_lib :  ITTAPI function instrumented: __itt_resume
1709752 : 0x26f68a9cd76634 : 2 : ittapi_config_apply_per_lib :  ITTAPI function not implemented: __itt_pause_scoped
1709752 : 0x26f68a9cd7722f : 2 : ittapi_config_apply_per_lib :  ITTAPI function not implemented: __itt_resume_scoped
1709752 : 0x26f68a9cd77d32 : 2 : ittapi_config_apply_per_lib :  ITTAPI function instrumented: __itt_thread_set_name
1709752 : 0x26f68a9cd7879a : 2 : ittapi_config_apply_per_lib :  ITTAPI function instrumented: __itt_thread_ignore
1709752 : 0x26f68a9cd79250 : 2 : ittapi_config_apply_per_lib :  ITTAPI function instrumented: __itt_thr_name_set
1709752 : 0x26f68a9cd79c70 : 2 : ittapi_config_apply_per_lib :  ITTAPI function instrumented: __itt_thr_ignore
1709752 : 0x26f68a9cd7a6ef : 2 : ittapi_config_apply_per_lib :  ITTAPI function instrumented: __itt_histogram_create
1709752 : 0x26f68a9cd7b0b3 : 2 : ittapi_config_apply_per_lib :  ITTAPI function instrumented: __itt_counter_create_v3
1709752 : 0x26f68a9cd7bbb0 : 2 : ittapi_config_apply_per_lib :  ITTAPI function instrumented: __itt_bind_context_metadata_to_counter
1709752 : 0x26f68a9cd7c6e8 : 2 : ittapi_config_apply_per_lib :  ITTAPI function not implemented: __itt_enable_attach
1709752 : 0x26f68a9cd7e5d5 : 2 : ittapi_config_apply_per_lib :  ITTAPI function instrumented: __itt_detach
1709752 : 0x26f68a9cd7ec98 : 2 : ittapi_config_apply_per_lib :  ITTAPI function NOT instrumented (not matched by --itt-config option): __itt_sync_create

1709752 : 0x26f68a9cd7f23e : 2 : ittapi_config_apply_per_lib :  ITTAPI function NOT instrumented (not matched by --itt-config option): __itt_sync_rename

1709752 : 0x26f68a9cd7f7d6 : 2 : ittapi_config_apply_per_lib :  ITTAPI function NOT instrumented (not matched by --itt-config option): __itt_sync_destroy

1709752 : 0x26f68a9cd7fd34 : 2 : ittapi_config_apply_per_lib :  ITTAPI function NOT instrumented (not matched by --itt-config option): __itt_sync_prepare

1709752 : 0x26f68a9cd802e6 : 2 : ittapi_config_apply_per_lib :  ITTAPI function NOT instrumented (not matched by --itt-config option): __itt_sync_cancel

1709752 : 0x26f68a9cd8082e : 2 : ittapi_config_apply_per_lib :  ITTAPI function NOT instrumented (not matched by --itt-config option): __itt_sync_acquired

1709752 : 0x26f68a9cd80d79 : 2 : ittapi_config_apply_per_lib :  ITTAPI function NOT instrumented (not matched by --itt-config option): __itt_sync_releasing

1709752 : 0x26f68a9cd81945 : 2 : ittapi_config_apply_per_lib :  ITTAPI function not implemented: __itt_suppress_push
1709752 : 0x26f68a9cd8253d : 2 : ittapi_config_apply_per_lib :  ITTAPI function not implemented: __itt_suppress_pop
1709752 : 0x26f68a9cd846c6 : 2 : ittapi_config_apply_per_lib :  ITTAPI function not implemented: __itt_suppress_mark_range
1709752 : 0x26f68a9cd8536c : 2 : ittapi_config_apply_per_lib :  ITTAPI function not implemented: __itt_suppress_clear_range
1709752 : 0x26f68a9cd858d1 : 2 : ittapi_config_apply_per_lib :  ITTAPI function NOT instrumented (not matched by --itt-config option): __itt_sync_prepare

1709752 : 0x26f68a9cd85dfd : 2 : ittapi_config_apply_per_lib :  ITTAPI function NOT instrumented (not matched by --itt-config option): __itt_sync_cancel

1709752 : 0x26f68a9cd862f9 : 2 : ittapi_config_apply_per_lib :  ITTAPI function NOT instrumented (not matched by --itt-config option): __itt_sync_acquired

1709752 : 0x26f68a9cd86861 : 2 : ittapi_config_apply_per_lib :  ITTAPI function NOT instrumented (not matched by --itt-config option): __itt_sync_releasing

1709752 : 0x26f68a9cd86dd4 : 2 : ittapi_config_apply_per_lib :  ITTAPI function NOT instrumented (not matched by --itt-config option): __itt_model_site_begin

1709752 : 0x26f68a9cd87343 : 2 : ittapi_config_apply_per_lib :  ITTAPI function NOT instrumented (not matched by --itt-config option): __itt_model_site_end

1709752 : 0x26f68a9cd8787a : 2 : ittapi_config_apply_per_lib :  ITTAPI function NOT instrumented (not matched by --itt-config option): __itt_model_task_begin

1709752 : 0x26f68a9cd87e7b : 2 : ittapi_config_apply_per_lib :  ITTAPI function NOT instrumented (not matched by --itt-config option): __itt_model_task_end

1709752 : 0x26f68a9cd89ec3 : 2 : ittapi_config_apply_per_lib :  ITTAPI function NOT instrumented (not matched by --itt-config option): __itt_model_lock_acquire

1709752 : 0x26f68a9cd8a622 : 2 : ittapi_config_apply_per_lib :  ITTAPI function NOT instrumented (not matched by --itt-config option): __itt_model_lock_release

1709752 : 0x26f68a9cd8ab83 : 2 : ittapi_config_apply_per_lib :  ITTAPI function NOT instrumented (not matched by --itt-config option): __itt_model_record_allocation

1709752 : 0x26f68a9cd8b066 : 2 : ittapi_config_apply_per_lib :  ITTAPI function NOT instrumented (not matched by --itt-config option): __itt_model_record_deallocation

1709752 : 0x26f68a9cd8b551 : 2 : ittapi_config_apply_per_lib :  ITTAPI function NOT instrumented (not matched by --itt-config option): __itt_model_induction_uses

1709752 : 0x26f68a9cd8bb2a : 2 : ittapi_config_apply_per_lib :  ITTAPI function NOT instrumented (not matched by --itt-config option): __itt_model_reduction_uses

1709752 : 0x26f68a9cd8c041 : 2 : ittapi_config_apply_per_lib :  ITTAPI function NOT instrumented (not matched by --itt-config option): __itt_model_observe_uses

1709752 : 0x26f68a9cd8c562 : 2 : ittapi_config_apply_per_lib :  ITTAPI function NOT instrumented (not matched by --itt-config option): __itt_model_clear_uses

1709752 : 0x26f68a9cd8ca66 : 2 : ittapi_config_apply_per_lib :  ITTAPI function NOT instrumented (not matched by --itt-config option): __itt_model_site_beginA

1709752 : 0x26f68a9cd8cfd0 : 2 : ittapi_config_apply_per_lib :  ITTAPI function NOT instrumented (not matched by --itt-config option): __itt_model_site_beginAL

1709752 : 0x26f68a9cd8e735 : 2 : ittapi_config_apply_per_lib :  ITTAPI function NOT instrumented (not matched by --itt-config option): __itt_model_task_beginA

1709752 : 0x26f68a9cd8ed84 : 2 : ittapi_config_apply_per_lib :  ITTAPI function NOT instrumented (not matched by --itt-config option): __itt_model_task_beginAL

1709752 : 0x26f68a9cd8f268 : 2 : ittapi_config_apply_per_lib :  ITTAPI function NOT instrumented (not matched by --itt-config option): __itt_model_iteration_taskA

1709752 : 0x26f68a9cd8f73f : 2 : ittapi_config_apply_per_lib :  ITTAPI function NOT instrumented (not matched by --itt-config option): __itt_model_iteration_taskAL

1709752 : 0x26f68a9cd8fc05 : 2 : ittapi_config_apply_per_lib :  ITTAPI function NOT instrumented (not matched by --itt-config option): __itt_model_site_end_2

1709752 : 0x26f68a9cd90147 : 2 : ittapi_config_apply_per_lib :  ITTAPI function NOT instrumented (not matched by --itt-config option): __itt_model_task_end_2

1709752 : 0x26f68a9cd90641 : 2 : ittapi_config_apply_per_lib :  ITTAPI function NOT instrumented (not matched by --itt-config option): __itt_model_lock_acquire_2

1709752 : 0x26f68a9cd90b2d : 2 : ittapi_config_apply_per_lib :  ITTAPI function NOT instrumented (not matched by --itt-config option): __itt_model_lock_release_2

1709752 : 0x26f68a9cd91023 : 2 : ittapi_config_apply_per_lib :  ITTAPI function NOT instrumented (not matched by --itt-config option): __itt_model_aggregate_task

1709752 : 0x26f68a9cd9154b : 2 : ittapi_config_apply_per_lib :  ITTAPI function NOT instrumented (not matched by --itt-config option): __itt_model_disable_push

1709752 : 0x26f68a9cd92b8c : 2 : ittapi_config_apply_per_lib :  ITTAPI function NOT instrumented (not matched by --itt-config option): __itt_model_disable_pop

1709752 : 0x26f68a9cd93782 : 2 : ittapi_config_apply_per_lib :  ITTAPI function instrumented: __itt_heap_function_create
1709752 : 0x26f68a9cd941a9 : 2 : ittapi_config_apply_per_lib :  ITTAPI function instrumented: __itt_heap_allocate_begin
1709752 : 0x26f68a9cd94c0a : 2 : ittapi_config_apply_per_lib :  ITTAPI function instrumented: __itt_heap_allocate_end
1709752 : 0x26f68a9cd95626 : 2 : ittapi_config_apply_per_lib :  ITTAPI function instrumented: __itt_heap_free_begin
1709752 : 0x26f68a9cd9606d : 2 : ittapi_config_apply_per_lib :  ITTAPI function instrumented: __itt_heap_free_end
1709752 : 0x26f68a9cd96a4a : 2 : ittapi_config_apply_per_lib :  ITTAPI function instrumented: __itt_heap_reallocate_begin
1709752 : 0x26f68a9cd9748c : 2 : ittapi_config_apply_per_lib :  ITTAPI function instrumented: __itt_heap_reallocate_end
1709752 : 0x26f68a9cd98001 : 2 : ittapi_config_apply_per_lib :  ITTAPI function not implemented: __itt_heap_internal_access_begin
1709752 : 0x26f68a9cd98ba2 : 2 : ittapi_config_apply_per_lib :  ITTAPI function not implemented: __itt_heap_internal_access_end
1709752 : 0x26f68a9cd9cbc4 : 2 : ittapi_config_apply_per_lib :  ITTAPI function not implemented: __itt_heap_record_memory_growth_begin
1709752 : 0x26f68a9cd9d7a2 : 2 : ittapi_config_apply_per_lib :  ITTAPI function not implemented: __itt_heap_record_memory_growth_end
1709752 : 0x26f68a9cd9e347 : 2 : ittapi_config_apply_per_lib :  ITTAPI function not implemented: __itt_heap_reset_detection
1709752 : 0x26f68a9cd9eec7 : 2 : ittapi_config_apply_per_lib :  ITTAPI function not implemented: __itt_heap_record
1709752 : 0x26f68a9cd9fa2a : 2 : ittapi_config_apply_per_lib :  ITTAPI function not implemented: __itt_id_create
1709752 : 0x26f68a9cda052f : 2 : ittapi_config_apply_per_lib :  ITTAPI function not implemented: __itt_id_destroy
1709752 : 0x26f68a9cda1098 : 2 : ittapi_config_apply_per_lib :  ITTAPI function instrumented: __itt_get_timestamp
1709752 : 0x26f68a9cda1b82 : 2 : ittapi_config_apply_per_lib :  ITTAPI function not implemented: __itt_region_begin
1709752 : 0x26f68a9cda26dd : 2 : ittapi_config_apply_per_lib :  ITTAPI function not implemented: __itt_region_end
1709752 : 0x26f68a9cda3141 : 2 : ittapi_config_apply_per_lib :  ITTAPI function instrumented: __itt_frame_begin_v3
1709752 : 0x26f68a9cda4fda : 2 : ittapi_config_apply_per_lib :  ITTAPI function instrumented: __itt_frame_end_v3
1709752 : 0x26f68a9cda5b5e : 2 : ittapi_config_apply_per_lib :  ITTAPI function instrumented: __itt_frame_submit_v3
1709752 : 0x26f68a9cda670e : 2 : ittapi_config_apply_per_lib :  ITTAPI function not implemented: __itt_task_group
1709752 : 0x26f68a9cda7209 : 2 : ittapi_config_apply_per_lib :  ITTAPI function instrumented: __itt_task_begin
1709752 : 0x26f68a9cda7ca2 : 2 : ittapi_config_apply_per_lib :  ITTAPI function instrumented: __itt_task_begin_fn
1709752 : 0x26f68a9cda876a : 2 : ittapi_config_apply_per_lib :  ITTAPI function instrumented: __itt_task_end
1709752 : 0x26f68a9cda925d : 2 : ittapi_config_apply_per_lib :  ITTAPI function not implemented: __itt_counter_inc_v3
1709752 : 0x26f68a9cda9ea5 : 2 : ittapi_config_apply_per_lib :  ITTAPI function not implemented: __itt_counter_inc_delta_v3
1709752 : 0x26f68a9cdab056 : 2 : ittapi_config_apply_per_lib :  ITTAPI function not implemented: __itt_counter_dec_v3
1709752 : 0x26f68a9cdabc0a : 2 : ittapi_config_apply_per_lib :  ITTAPI function not implemented: __itt_counter_dec_delta_v3
1709752 : 0x26f68a9cdae1ca : 2 : ittapi_config_apply_per_lib :  ITTAPI function not implemented: __itt_marker
1709752 : 0x26f68a9cdaed32 : 2 : ittapi_config_apply_per_lib :  ITTAPI function instrumented: __itt_metadata_add
1709752 : 0x26f68a9cdaf945 : 2 : ittapi_config_apply_per_lib :  ITTAPI function not implemented: __itt_metadata_str_add
1709752 : 0x26f68a9cdb0459 : 2 : ittapi_config_apply_per_lib :  ITTAPI function not implemented: __itt_relation_add_to_current
1709752 : 0x26f68a9cdb102e : 2 : ittapi_config_apply_per_lib :  ITTAPI function not implemented: __itt_relation_add
1709752 : 0x26f68a9cdb1a3b : 2 : ittapi_config_apply_per_lib :  ITTAPI function instrumented: __itt_event_create
1709752 : 0x26f68a9cdb24f2 : 2 : ittapi_config_apply_per_lib :  ITTAPI function instrumented: __itt_event_start
1709752 : 0x26f68a9cdb2f2f : 2 : ittapi_config_apply_per_lib :  ITTAPI function instrumented: __itt_event_end
1709752 : 0x26f68a9cdb354d : 2 : ittapi_config_apply_per_lib :  ITTAPI function NOT instrumented (not matched by --itt-config option): __itt_sync_set_name

1709752 : 0x26f68a9cdb3b0f : 2 : ittapi_config_apply_per_lib :  ITTAPI function NOT instrumented (not matched by --itt-config option): __itt_notify_sync_name

1709752 : 0x26f68a9cdb527f : 2 : ittapi_config_apply_per_lib :  ITTAPI function NOT instrumented (not matched by --itt-config option): __itt_notify_sync_prepare

1709752 : 0x26f68a9cdb589d : 2 : ittapi_config_apply_per_lib :  ITTAPI function NOT instrumented (not matched by --itt-config option): __itt_notify_sync_cancel

1709752 : 0x26f68a9cdb5e05 : 2 : ittapi_config_apply_per_lib :  ITTAPI function NOT instrumented (not matched by --itt-config option): __itt_notify_sync_acquired

1709752 : 0x26f68a9cdb6327 : 2 : ittapi_config_apply_per_lib :  ITTAPI function NOT instrumented (not matched by --itt-config option): __itt_notify_sync_releasing

1709752 : 0x26f68a9cdb6f2a : 2 : ittapi_config_apply_per_lib :  ITTAPI function not implemented: __itt_memory_read
1709752 : 0x26f68a9cdb7a22 : 2 : ittapi_config_apply_per_lib :  ITTAPI function not implemented: __itt_memory_write
1709752 : 0x26f68a9cdb861a : 2 : ittapi_config_apply_per_lib :  ITTAPI function not implemented: __itt_memory_update
1709752 : 0x26f68a9cdb910d : 2 : ittapi_config_apply_per_lib :  ITTAPI function not implemented: __itt_state_get
1709752 : 0x26f68a9cdb9cb3 : 2 : ittapi_config_apply_per_lib :  ITTAPI function not implemented: __itt_state_set
1709752 : 0x26f68a9cdba7b1 : 2 : ittapi_config_apply_per_lib :  ITTAPI function not implemented: __itt_obj_mode_set
1709752 : 0x26f68a9cdbcfbd : 2 : ittapi_config_apply_per_lib :  ITTAPI function not implemented: __itt_thr_mode_set
1709752 : 0x26f68a9cdbdb6d : 2 : ittapi_config_apply_per_lib :  ITTAPI function instrumented: __itt_frame_create
1709752 : 0x26f68a9cdbe592 : 2 : ittapi_config_apply_per_lib :  ITTAPI function instrumented: __itt_pt_region_create
1709752 : 0x26f68a9cdbf0ce : 2 : ittapi_config_apply_per_lib :  ITTAPI function instrumented: __itt_frame_begin
1709752 : 0x26f68a9cdbfb5c : 2 : ittapi_config_apply_per_lib :  ITTAPI function instrumented: __itt_frame_end
1709752 : 0x26f68a9cdc0722 : 2 : ittapi_config_apply_per_lib :  ITTAPI function not implemented: __itt_counter_destroy
1709752 : 0x26f68a9cdc117b : 2 : ittapi_config_apply_per_lib :  ITTAPI function instrumented: __itt_counter_inc
1709752 : 0x26f68a9cdc1be7 : 2 : ittapi_config_apply_per_lib :  ITTAPI function instrumented: __itt_counter_inc_delta
1709752 : 0x26f68a9cdc25e5 : 2 : ittapi_config_apply_per_lib :  ITTAPI function instrumented: __itt_counter_dec
1709752 : 0x26f68a9cdc30a7 : 2 : ittapi_config_apply_per_lib :  ITTAPI function instrumented: __itt_counter_dec_delta
1709752 : 0x26f68a9cdc4dee : 2 : ittapi_config_apply_per_lib :  ITTAPI function instrumented: __itt_counter_set_value
1709752 : 0x26f68a9cdc59b8 : 2 : ittapi_config_apply_per_lib :  ITTAPI function not implemented: __itt_counter_set_value_ex
1709752 : 0x26f68a9cdc650d : 2 : ittapi_config_apply_per_lib :  ITTAPI function not implemented: __itt_mark_create
1709752 : 0x26f68a9cdc7034 : 2 : ittapi_config_apply_per_lib :  ITTAPI function not implemented: __itt_mark
1709752 : 0x26f68a9cdc7bf7 : 2 : ittapi_config_apply_per_lib :  ITTAPI function not implemented: __itt_mark_off
1709752 : 0x26f68a9cdc8707 : 2 : ittapi_config_apply_per_lib :  ITTAPI function not implemented: __itt_mark_global
1709752 : 0x26f68a9cdc92a3 : 2 : ittapi_config_apply_per_lib :  ITTAPI function not implemented: __itt_mark_global_off
1709752 : 0x26f68a9cdc9ddc : 2 : ittapi_config_apply_per_lib :  ITTAPI function instrumented: __itt_stack_caller_create
1709752 : 0x26f68a9cdca8d5 : 2 : ittapi_config_apply_per_lib :  ITTAPI function instrumented: __itt_stack_caller_destroy
1709752 : 0x26f68a9cdcb322 : 2 : ittapi_config_apply_per_lib :  ITTAPI function instrumented: __itt_stack_callee_enter
1709752 : 0x26f68a9cdcd088 : 2 : ittapi_config_apply_per_lib :  ITTAPI function instrumented: __itt_stack_callee_leave
1709752 : 0x26f68a9cdcdcb7 : 2 : ittapi_config_apply_per_lib :  ITTAPI function not implemented: __itt_clock_domain_create
1709752 : 0x26f68a9cdce77f : 2 : ittapi_config_apply_per_lib :  ITTAPI function not implemented: __itt_clock_domain_reset
1709752 : 0x26f68a9cdcf316 : 2 : ittapi_config_apply_per_lib :  ITTAPI function not implemented: __itt_id_create_ex
1709752 : 0x26f68a9cdcfe3d : 2 : ittapi_config_apply_per_lib :  ITTAPI function not implemented: __itt_id_destroy_ex
1709752 : 0x26f68a9cdd0998 : 2 : ittapi_config_apply_per_lib :  ITTAPI function not implemented: __itt_task_begin_ex
1709752 : 0x26f68a9cdd1435 : 2 : ittapi_config_apply_per_lib :  ITTAPI function not implemented: __itt_task_begin_fn_ex
1709752 : 0x26f68a9cdd1f5d : 2 : ittapi_config_apply_per_lib :  ITTAPI function not implemented: __itt_task_end_ex
1709752 : 0x26f68a9cdd2a11 : 2 : ittapi_config_apply_per_lib :  ITTAPI function instrumented: __itt_task_begin_overlapped
1709752 : 0x26f68a9cdd3571 : 2 : ittapi_config_apply_per_lib :  ITTAPI function not implemented: __itt_task_begin_overlapped_ex
1709752 : 0x26f68a9cdd5a52 : 2 : ittapi_config_apply_per_lib :  ITTAPI function instrumented: __itt_task_end_overlapped
1709752 : 0x26f68a9cdd65b1 : 2 : ittapi_config_apply_per_lib :  ITTAPI function not implemented: __itt_task_end_overlapped_ex
1709752 : 0x26f68a9cdd715f : 2 : ittapi_config_apply_per_lib :  ITTAPI function not implemented: __itt_marker_ex
1709752 : 0x26f68a9cdd7c96 : 2 : ittapi_config_apply_per_lib :  ITTAPI function not implemented: __itt_metadata_add_with_scope
1709752 : 0x26f68a9cdd8854 : 2 : ittapi_config_apply_per_lib :  ITTAPI function not implemented: __itt_metadata_str_add_with_scope
1709752 : 0x26f68a9cdd932d : 2 : ittapi_config_apply_per_lib :  ITTAPI function not implemented: __itt_relation_add_to_current_ex
1709752 : 0x26f68a9cdd9e81 : 2 : ittapi_config_apply_per_lib :  ITTAPI function not implemented: __itt_relation_add_ex
1709752 : 0x26f68a9cdda968 : 2 : ittapi_config_apply_per_lib :  ITTAPI function not implemented: __itt_track_group_create
1709752 : 0x26f68a9cddb493 : 2 : ittapi_config_apply_per_lib :  ITTAPI function not implemented: __itt_track_create
1709752 : 0x26f68a9cddbf28 : 2 : ittapi_config_apply_per_lib :  ITTAPI function not implemented: __itt_set_track
1709752 : 0x26f68a9cdddc9e : 2 : ittapi_config_apply_per_lib :  ITTAPI function instrumented: __itt_api_version
1709752 : 0x26f68a9cdde8d6 : 2 : ittapi_config_apply_per_lib :  ITTAPI function not implemented: __itt_av_save
1709752 : 0x26f68a9cddf2f5 : 2 : ittapi_config_apply_per_lib :  ITTAPI function instrumented: __itt_module_load
1709752 : 0x26f68a9cddfe60 : 2 : ittapi_config_apply_per_lib :  ITTAPI function not implemented: __itt_module_unload
1709752 : 0x26f68a9cde03b1 : 2 : ittapi_config_apply_per_lib :  ITTAPI function NOT instrumented (not matched by --itt-config option): __itt_histogram_submit

1709752 : 0x26f68a9cde0e5a : 2 : ittapi_config_apply_per_lib :  ITTAPI function instrumented: __itt_counter_set_value_v3